#
# There is insufficient memory for the Java Runtime Environment to continue.
# Native memory allocation (mmap) failed to map 154140672 bytes for committing reserved memory.
# Possible reasons:
#   The system is out of physical RAM or swap space
#   The process is running with CompressedOops enabled, and the Java Heap may be blocking the growth of the native heap
# Possible solutions:
#   Reduce memory load on the system
#   Increase physical memory or swap space
#   Check if swap backing store is full
#   Decrease Java heap size (-Xmx/-Xms)
#   Decrease number of Java threads
#   Decrease Java thread stack sizes (-Xss)
#   Set larger code cache with -XX:ReservedCodeCacheSize=
#   JVM is running with Unscaled Compressed Oops mode in which the Java heap is
#     placed in the first 4GB address space. The Java Heap base address is the
#     maximum limit for the native heap growth. Please use -XX:HeapBaseMinAddress
#     to set the Java Heap base and to place the Java Heap above 4GB virtual address.
# This output file may be truncated or incomplete.
#
#  Out of Memory Error (os_linux.cpp:2647), pid=21913, tid=21942
#
# JRE version: Java(TM) SE Runtime Environment (9.0+11) (build 9.0.1+11)
# Java VM: Java HotSpot(TM) 64-Bit Server VM (9.0.1+11, mixed mode, tiered, compressed oops, g1 gc, linux-amd64)
# Core dump will be written. Default location: Core dumps may be processed with "/usr/share/apport/apport %p %s %c %d %P" (or dumping to /home/rsi-psd-vm/eclipse-workspace/PythonSparkStreamingMQTTWordCountProject/src/core.21913)
#

---------------  S U M M A R Y ------------

Command Line: -Xmx1g org.apache.spark.deploy.SparkSubmit --master local[4] --queue PyDevSpark2.2.0 --packages org.apache.bahir:spark-streaming-mqtt_2.11:2.2.0 pyspark-shell

Host: Intel(R) Core(TM) i5-4308U CPU @ 2.80GHz, 2 cores, 1G, Ubuntu 17.10
Time: Sat Jun  2 00:29:42 2018 +00 elapsed time: 391 seconds (0d 0h 6m 31s)

---------------  T H R E A D  ---------------

Current thread (0x00007fd9ac0cf800):  VMThread "VM Thread" [stack: 0x00007fd9901c7000,0x00007fd9902c7000] [id=21942]

Stack: [0x00007fd9901c7000,0x00007fd9902c7000],  sp=0x00007fd9902c5020,  free space=1016k
Native frames: (J=compiled Java code, A=aot compiled Java code, j=interpreted, Vv=VM code, C=native code)
V  [libjvm.so+0xd4c1e2]  VMError::report_and_die(int, char const*, char const*, __va_list_tag*, Thread*, unsigned char*, void*, void*, char const*, int, unsigned long)+0x162
V  [libjvm.so+0xd4ce4b]  VMError::report_and_die(Thread*, char const*, int, unsigned long, VMErrorType, char const*, __va_list_tag*)+0x2b
V  [libjvm.so+0x6548f8]  report_vm_out_of_memory(char const*, int, unsigned long, VMErrorType, char const*, ...)+0xd8
V  [libjvm.so+0xb67f21]  os::pd_commit_memory_or_exit(char*, unsigned long, unsigned long, bool, char const*)+0x101
V  [libjvm.so+0xb625ad]  os::commit_memory_or_exit(char*, unsigned long, unsigned long, bool, char const*)+0x1d
V  [libjvm.so+0x7632a2]  G1PageBasedVirtualSpace::commit_preferred_pages(unsigned long, unsigned long)+0x62
V  [libjvm.so+0x7635be]  G1PageBasedVirtualSpace::commit(unsigned long, unsigned long)+0x11e
V  [libjvm.so+0x766523]  G1RegionsLargerThanCommitSizeMapper::commit_regions(unsigned int, unsigned long, WorkGang*)+0x43
V  [libjvm.so+0x7f741c]  HeapRegionManager::commit_regions(unsigned int, unsigned long, WorkGang*)+0x7c
V  [libjvm.so+0x7f7fe4]  HeapRegionManager::make_regions_available(unsigned int, unsigned int, WorkGang*)+0x34
V  [libjvm.so+0x7f8501]  HeapRegionManager::expand_by(unsigned int, WorkGang*)+0x71
V  [libjvm.so+0x729897]  G1CollectedHeap::expand(unsigned long, WorkGang*, double*)+0xd7
V  [libjvm.so+0x7307da]  G1CollectedHeap::do_collection_pause_at_safepoint(double)+0x104a
V  [libjvm.so+0xd5dfe2]  VM_G1IncCollectionPause::doit()+0x82
V  [libjvm.so+0xd5d019]  VM_Operation::evaluate()+0x59
V  [libjvm.so+0xd5ad63]  VMThread::evaluate_operation(VM_Operation*)+0xc3
V  [libjvm.so+0xd5b2d0]  VMThread::loop()+0x210
V  [libjvm.so+0xd5b7e2]  VMThread::run()+0x72
V  [libjvm.so+0xb6de12]  thread_native_entry(Thread*)+0xf2

VM_Operation (0x00007fd950529ce0): G1IncCollectionPause, mode: safepoint, requested by thread 0x00007fd96c93b000


---------------  P R O C E S S  ---------------

Java Threads: ( => current thread )
  0x00007fd97803f800 JavaThread "Worker Monitor for python" daemon [_thread_blocked, id=29880, stack(0x00007fd94b801000,0x00007fd94b902000)]
  0x00007fd97800b800 JavaThread "stdout writer for python" daemon [_thread_blocked, id=29879, stack(0x00007fd94a6f2000,0x00007fd94a7f3000)]
  0x00007fd97803e800 JavaThread "Worker Monitor for python" daemon [_thread_blocked, id=29878, stack(0x00007fd94a5f1000,0x00007fd94a6f2000)]
  0x00007fd954444800 JavaThread "Worker Monitor for python" daemon [_thread_blocked, id=29877, stack(0x00007fd94c40b000,0x00007fd94c50c000)]
  0x00007fd9543ed800 JavaThread "Worker Monitor for python" daemon [_thread_blocked, id=29874, stack(0x00007fd94aefa000,0x00007fd94affb000)]
  0x00007fd95475e800 JavaThread "Worker Monitor for python" daemon [_thread_blocked, id=29872, stack(0x00007fd94b700000,0x00007fd94b801000)]
  0x00007fd978023000 JavaThread "Worker Monitor for python" daemon [_thread_blocked, id=29867, stack(0x00007fd94c80f000,0x00007fd94c910000)]
  0x00007fd97802c800 JavaThread "Worker Monitor for python" daemon [_thread_blocked, id=29862, stack(0x00007fd94a9f5000,0x00007fd94aaf6000)]
  0x00007fd96045f800 JavaThread "block-manager-slave-async-thread-pool-8" daemon [_thread_blocked, id=28813, stack(0x00007fd94a1ef000,0x00007fd94a2f0000)]
  0x00007fd96c5c8000 JavaThread "block-manager-ask-thread-pool-2" daemon [_thread_blocked, id=27073, stack(0x00007fd94abf7000,0x00007fd94acf8000)]
  0x00007fd9600b2000 JavaThread "block-manager-slave-async-thread-pool-5" daemon [_thread_blocked, id=24218, stack(0x00007fd94b1fd000,0x00007fd94b2fe000)]
  0x00007fd968018800 JavaThread "block-manager-slave-async-thread-pool-4" daemon [_thread_blocked, id=22309, stack(0x00007fd94acf8000,0x00007fd94adf9000)]
  0x00007fd97c094000 JavaThread "Executor task launch worker for task 1023" daemon [_thread_blocked, id=22139, stack(0x00007fd94b3ff000,0x00007fd94b500000)]
  0x00007fd97c093000 JavaThread "Executor task launch worker for task 996" daemon [_thread_blocked, id=22138, stack(0x00007fd94c50c000,0x00007fd94c60d000)]
  0x00007fd95426a000 JavaThread "stderr reader for python" daemon [_thread_in_native, id=22120, stack(0x00007fd94c108000,0x00007fd94c209000)]
  0x00007fd954064800 JavaThread "stdout reader for python" daemon [_thread_in_native, id=22119, stack(0x00007fd94b902000,0x00007fd94ba03000)]
  0x00007fd954055800 JavaThread "Idle Worker Monitor for python" daemon [_thread_blocked, id=22100, stack(0x00007fd94bc03000,0x00007fd94bd04000)]
  0x00007fd97c0c7800 JavaThread "Executor task launch worker for task 1022" daemon [_thread_blocked, id=22091, stack(0x00007fd94bd04000,0x00007fd94be05000)]
  0x00007fd9ac10c000 JavaThread "streaming-job-executor-0" daemon [_thread_in_native, id=22090, stack(0x00007fd94be05000,0x00007fd94bf06000)]
  0x00007fd964092800 JavaThread "Thread-40" [_thread_blocked, id=22089, stack(0x00007fd94c60d000,0x00007fd94c70e000)]
  0x00007fd97c0c3800 JavaThread "task-result-getter-3" daemon [_thread_blocked, id=22071, stack(0x00007fd94bf06000,0x00007fd94c007000)]
  0x00007fd97c0c3000 JavaThread "task-result-getter-2" daemon [_thread_blocked, id=22062, stack(0x00007fd94c007000,0x00007fd94c108000)]
  0x00007fd958008800 JavaThread "block-manager-slave-async-thread-pool-1" daemon [_thread_blocked, id=22055, stack(0x00007fd94c209000,0x00007fd94c30a000)]
  0x00007fd980021800 JavaThread "block-manager-ask-thread-pool-0" daemon [_thread_blocked, id=22050, stack(0x00007fd9538aa000,0x00007fd9539ab000)]
  0x00007fd97c0c0000 JavaThread "task-result-getter-1" daemon [_thread_blocked, id=22049, stack(0x00007fd94c30a000,0x00007fd94c40b000)]
  0x00007fd97c080800 JavaThread "task-result-getter-0" daemon [_thread_blocked, id=22040, stack(0x00007fd94c70e000,0x00007fd94c80f000)]
  0x00007fd978008000 JavaThread "threadDeathWatcher-7-1" daemon [_thread_blocked, id=22023, stack(0x00007fd94d911000,0x00007fd94da12000)]
  0x00007fd988003800 JavaThread "rpc-server-3-2" daemon [_thread_in_native, id=22022, stack(0x00007fd94ec13000,0x00007fd94ed14000)]
  0x00007fd9544ef800 JavaThread "files-client-6-1" daemon [_thread_in_native, id=22021, stack(0x00007fd94ed14000,0x00007fd94ee15000)]
  0x00007fd97c07d000 JavaThread "Executor task launch worker for task 1021" daemon [_thread_blocked, id=22012, stack(0x00007fd9533a9000,0x00007fd9534aa000)]
  0x00007fd9840c8800 JavaThread "RecurringTimer - JobGenerator" daemon [_thread_blocked, id=22011, stack(0x00007fd94f422000,0x00007fd94f523000)]
  0x00007fd9840c7800 JavaThread "ForkJoinPool-1-worker-1" daemon [_thread_blocked, id=22010, stack(0x00007fd94f523000,0x00007fd94f624000)]
  0x00007fd984080000 JavaThread "JobGenerator" daemon [_thread_blocked, id=22009, stack(0x00007fd94f624000,0x00007fd94f725000)]
  0x00007fd98406c000 JavaThread "JobScheduler" daemon [_thread_blocked, id=22008, stack(0x00007fd94f725000,0x00007fd94f826000)]
  0x00007fd96caea800 JavaThread "pool-17-thread-1" [_thread_blocked, id=22006, stack(0x00007fd94fc26000,0x00007fd94fd27000)]
  0x00007fd96cace000 JavaThread "SparkListenerBus" daemon [_thread_blocked, id=22003, stack(0x00007fd94fd27000,0x00007fd94fe28000)]
  0x00007fd96cacb800 JavaThread "context-cleaner-periodic-gc" daemon [_thread_blocked, id=22002, stack(0x00007fd94fe28000,0x00007fd94ff29000)]
  0x00007fd96caca000 JavaThread "Spark Context Cleaner" daemon [_thread_blocked, id=22001, stack(0x00007fd94ff29000,0x00007fd95002a000)]
  0x00007fd96ca1a800 JavaThread "shuffle-server-5-1" daemon [_thread_in_native, id=22000, stack(0x00007fd95022a000,0x00007fd95032b000)]
  0x00007fd96c94e000 JavaThread "driver-heartbeater" daemon [_thread_blocked, id=21999, stack(0x00007fd95032b000,0x00007fd95042c000)]
  0x00007fd96c93b000 JavaThread "dag-scheduler-event-loop" daemon [_thread_blocked, id=21998, stack(0x00007fd95042c000,0x00007fd95052d000)]
  0x00007fd96014b000 JavaThread "netty-rpc-env-timeout" daemon [_thread_blocked, id=21995, stack(0x00007fd95052d000,0x00007fd95062e000)]
  0x00007fd96c909000 JavaThread "Timer-0" daemon [_thread_blocked, id=21994, stack(0x00007fd95062e000,0x00007fd95072f000)]
  0x00007fd97c004800 JavaThread "heartbeat-receiver-event-loop-thread" daemon [_thread_blocked, id=21993, stack(0x00007fd95072f000,0x00007fd950830000)]
  0x00007fd96c8d5800 JavaThread "org.apache.hadoop.fs.FileSystem$Statistics$StatisticsDataReferenceCleaner" daemon [_thread_blocked, id=21984, stack(0x00007fd950830000,0x00007fd950931000)]
  0x00007fd96c7f9000 JavaThread "SparkUI-42" daemon [_thread_blocked, id=21982, stack(0x00007fd950d31000,0x00007fd950e32000)]
  0x00007fd96c7f7000 JavaThread "SparkUI-41" daemon [_thread_blocked, id=21981, stack(0x00007fd950e32000,0x00007fd950f33000)]
  0x00007fd96c7f5000 JavaThread "SparkUI-40" daemon [_thread_blocked, id=21980, stack(0x00007fd950f33000,0x00007fd951034000)]
  0x00007fd96c7f3000 JavaThread "SparkUI-39" daemon [_thread_blocked, id=21979, stack(0x00007fd951034000,0x00007fd951135000)]
  0x00007fd96c7f1000 JavaThread "SparkUI-38" daemon [_thread_blocked, id=21978, stack(0x00007fd951135000,0x00007fd951236000)]
  0x00007fd96c7ef000 JavaThread "SparkUI-37" daemon [_thread_blocked, id=21977, stack(0x00007fd95148e000,0x00007fd95158f000)]
  0x00007fd96c7e3000 JavaThread "SparkUI-36-acceptor-0@37ffddf-Spark@db803c0{HTTP/1.1,[http/1.1]}{192.168.25.105:4040}" daemon [_thread_in_native, id=21976, stack(0x00007fd95158f000,0x00007fd951690000)]
  0x00007fd96c6e8800 JavaThread "SparkUI-35" daemon [_thread_in_native, id=21975, stack(0x00007fd951690000,0x00007fd951791000)]
  0x00007fd96c201800 JavaThread "refresh progress" daemon [_thread_blocked, id=21974, stack(0x00007fd951791000,0x00007fd951892000)]
  0x00007fd96c3b0000 JavaThread "map-output-dispatcher-7" daemon [_thread_blocked, id=21973, stack(0x00007fd951892000,0x00007fd951993000)]
  0x00007fd96c3ae000 JavaThread "map-output-dispatcher-6" daemon [_thread_blocked, id=21972, stack(0x00007fd951993000,0x00007fd951a94000)]
  0x00007fd96c3ac000 JavaThread "map-output-dispatcher-5" daemon [_thread_blocked, id=21971, stack(0x00007fd951a94000,0x00007fd951b95000)]
  0x00007fd96c3aa800 JavaThread "map-output-dispatcher-4" daemon [_thread_blocked, id=21970, stack(0x00007fd951b95000,0x00007fd951c96000)]
  0x00007fd96c3a8800 JavaThread "map-output-dispatcher-3" daemon [_thread_blocked, id=21969, stack(0x00007fd951c96000,0x00007fd951d97000)]
  0x00007fd96c3a7000 JavaThread "map-output-dispatcher-2" daemon [_thread_blocked, id=21968, stack(0x00007fd951d97000,0x00007fd951e98000)]
  0x00007fd96c3a5000 JavaThread "map-output-dispatcher-1" daemon [_thread_blocked, id=21967, stack(0x00007fd951e98000,0x00007fd951f99000)]
  0x00007fd96c39c800 JavaThread "map-output-dispatcher-0" daemon [_thread_blocked, id=21966, stack(0x00007fd951f99000,0x00007fd95209a000)]
  0x00007fd96c251000 JavaThread "rpc-server-3-1" daemon [_thread_in_native, id=21965, stack(0x00007fd95209a000,0x00007fd95219b000)]
  0x00007fd96c247000 JavaThread "dispatcher-event-loop-1" daemon [_thread_blocked, id=21964, stack(0x00007fd95239b000,0x00007fd95249c000)]
  0x00007fd96c246000 JavaThread "dispatcher-event-loop-0" daemon [_thread_blocked, id=21963, stack(0x00007fd952a9d000,0x00007fd952b9e000)]
  0x00007fd96c12e800 JavaThread "process reaper" daemon [_thread_in_native, id=21961, stack(0x00007fd9b0007000,0x00007fd9b0029000)]
  0x00007fd964004000 JavaThread "Thread-1" [_thread_blocked, id=21959, stack(0x00007fd9531a7000,0x00007fd9532a8000)]
  0x00007fd9acdcc000 JavaThread "Thread-0" [_thread_in_native, id=21958, stack(0x00007fd9532a8000,0x00007fd9533a9000)]
  0x00007fd9ac1bd800 JavaThread "Service Thread" daemon [_thread_blocked, id=21950, stack(0x00007fd9711f5000,0x00007fd9712f6000)]
  0x00007fd9ac139800 JavaThread "Common-Cleaner" daemon [_thread_blocked, id=21949, stack(0x00007fd9712f6000,0x00007fd9713f7000)]
  0x00007fd9ac102800 JavaThread "Sweeper thread" daemon [_thread_blocked, id=21948, stack(0x00007fd97181f000,0x00007fd971920000)]
  0x00007fd9ac100800 JavaThread "C1 CompilerThread1" daemon [_thread_blocked, id=21947, stack(0x00007fd971920000,0x00007fd971a21000)]
  0x00007fd9ac0fc800 JavaThread "C2 CompilerThread0" daemon [_thread_blocked, id=21946, stack(0x00007fd971a21000,0x00007fd971b22000)]
  0x00007fd9ac0fe800 JavaThread "Signal Dispatcher" daemon [_thread_blocked, id=21945, stack(0x00007fd971b22000,0x00007fd971c23000)]
  0x00007fd9ac0e1800 JavaThread "Finalizer" daemon [_thread_blocked, id=21944, stack(0x00007fd971eff000,0x00007fd972000000)]
  0x00007fd9ac0d9800 JavaThread "Reference Handler" daemon [_thread_blocked, id=21943, stack(0x00007fd9900c5000,0x00007fd9901c6000)]
  0x00007fd9ac016800 JavaThread "main" [_thread_in_native, id=21934, stack(0x00007fd9b5c35000,0x00007fd9b5d35000)]

Other Threads:
=>0x00007fd9ac0cf800 VMThread "VM Thread" [stack: 0x00007fd9901c7000,0x00007fd9902c7000] [id=21942]
  0x00007fd9ac163000 WatcherThread [stack: 0x00007fd9710f5000,0x00007fd9711f5000] [id=21951]
  0x00007fd9ac02e000 GCTaskThread "GC Thread#0" [stack: 0x00007fd9b228f000,0x00007fd9b238f000] [id=21935]
  0x00007fd9ac02f800 GCTaskThread "GC Thread#1" [stack: 0x00007fd9b218e000,0x00007fd9b228e000] [id=21936]
  0x00007fd9ac04a800 ConcurrentGCThread "G1 Main Marker" [stack: 0x00007fd9b0388000,0x00007fd9b0488000] [id=21940]
  0x00007fd9ac04c000 ConcurrentGCThread "G1 Marker#0" [stack: 0x00007fd9b0287000,0x00007fd9b0387000] [id=21941]
  0x00007fd9ac033000 ConcurrentGCThread "G1 Refine#0" [stack: 0x00007fd9b1d8a000,0x00007fd9b1e8a000] [id=21938]
  0x00007fd9ac031800 ConcurrentGCThread "G1 Refine#1" [stack: 0x00007fd9b1e8b000,0x00007fd9b1f8b000] [id=21937]
  0x00007fd9ac035000 ConcurrentGCThread "G1 Young RemSet Sampling" [stack: 0x00007fd9b1c89000,0x00007fd9b1d89000] [id=21939]

Threads with active compile tasks:
C1 CompilerThread111946       3       org.apache.spark.ui.jobs.JobProgressListener$$anonfun$onTaskStart$1$$anonfun$apply$3::apply (12 bytes)
C2 CompilerThread011945       4       com.esotericsoftware.kryo.util.ObjectMap::push (354 bytes)

VM state:at safepoint (normal execution)

VM Mutex/Monitor currently owned by a thread:  ([mutex/lock_event])
[0x00007fd9ac012c60] Threads_lock - owner thread: 0x00007fd9ac0cf800
[0x00007fd9ac013200] Heap_lock - owner thread: 0x00007fd96c93b000

Heap address: 0x00000000c0000000, size: 1024 MB, Compressed Oops mode: 32-bit
Narrow klass base: 0x0000000000000000, Narrow klass shift: 3
Compressed class space size: 1073741824 Address: 0x0000000100000000

Heap:
 garbage-first heap   total 396288K, used 96372K [0x00000000c0000000, 0x00000000c0100c18, 0x0000000100000000)
  region size 1024K, 3 young (3072K), 3 survivors (3072K)
 Metaspace       used 64759K, capacity 66426K, committed 66520K, reserved 1107968K
  class space    used 7977K, capacity 8330K, committed 8408K, reserved 1048576K
Heap Regions: E=young(eden), S=young(survivor), O=old, HS=humongous(starts), HC=humongous(continues), CS=collection set, F=free, A=archive, TS=gc time stamp, AC=allocation context, TAMS=top-at-mark-start (previous, next)
|   0|0x00000000c0000000, 0x00000000c0100000, 0x00000000c0100000|100%|HS|  |TS  0|AC  0|TAMS 0x00000000c0100000, 0x00000000c0100000|
|   1|0x00000000c0100000, 0x00000000c0200000, 0x00000000c0200000|100%|HS|  |TS  0|AC  0|TAMS 0x00000000c0200000, 0x00000000c0200000|
|   2|0x00000000c0200000, 0x00000000c0300000, 0x00000000c0300000|100%| O|  |TS  0|AC  0|TAMS 0x00000000c0300000, 0x00000000c0300000|
|   3|0x00000000c0300000, 0x00000000c0400000, 0x00000000c0400000|100%|HS|  |TS  0|AC  0|TAMS 0x00000000c0400000, 0x00000000c0400000|
|   4|0x00000000c0400000, 0x00000000c0500000, 0x00000000c0500000|100%|HC|  |TS  0|AC  0|TAMS 0x00000000c0500000, 0x00000000c0500000|
|   5|0x00000000c0500000, 0x00000000c0600000, 0x00000000c0600000|100%| O|  |TS  0|AC  0|TAMS 0x00000000c0600000, 0x00000000c0600000|
|   6|0x00000000c0600000, 0x00000000c0700000, 0x00000000c0700000|100%| O|  |TS  0|AC  0|TAMS 0x00000000c0700000, 0x00000000c0700000|
|   7|0x00000000c0700000, 0x00000000c0800000, 0x00000000c0800000|100%| O|  |TS  0|AC  0|TAMS 0x00000000c0800000, 0x00000000c0800000|
|   8|0x00000000c0800000, 0x00000000c0900000, 0x00000000c0900000|100%| O|  |TS  0|AC  0|TAMS 0x00000000c0900000, 0x00000000c0900000|
|   9|0x00000000c0900000, 0x00000000c0a00000, 0x00000000c0a00000|100%| O|  |TS  0|AC  0|TAMS 0x00000000c0a00000, 0x00000000c0a00000|
|  10|0x00000000c0a00000, 0x00000000c0b00000, 0x00000000c0b00000|100%| O|  |TS  0|AC  0|TAMS 0x00000000c0b00000, 0x00000000c0b00000|
|  11|0x00000000c0b00000, 0x00000000c0c00000, 0x00000000c0c00000|100%| O|  |TS  0|AC  0|TAMS 0x00000000c0c00000, 0x00000000c0c00000|
|  12|0x00000000c0c00000, 0x00000000c0d00000, 0x00000000c0d00000|100%| O|  |TS  0|AC  0|TAMS 0x00000000c0d00000, 0x00000000c0d00000|
|  13|0x00000000c0d00000, 0x00000000c0e00000, 0x00000000c0e00000|100%|HS|  |TS  0|AC  0|TAMS 0x00000000c0e00000, 0x00000000c0e00000|
|  14|0x00000000c0e00000, 0x00000000c0f00000, 0x00000000c0f00000|100%| O|  |TS  0|AC  0|TAMS 0x00000000c0f00000, 0x00000000c0f00000|
|  15|0x00000000c0f00000, 0x00000000c1000000, 0x00000000c1000000|100%| O|  |TS  0|AC  0|TAMS 0x00000000c1000000, 0x00000000c1000000|
|  16|0x00000000c1000000, 0x00000000c1100000, 0x00000000c1100000|100%| O|  |TS  0|AC  0|TAMS 0x00000000c1100000, 0x00000000c1100000|
|  17|0x00000000c1100000, 0x00000000c1200000, 0x00000000c1200000|100%| O|  |TS  0|AC  0|TAMS 0x00000000c1200000, 0x00000000c1200000|
|  18|0x00000000c1200000, 0x00000000c1300000, 0x00000000c1300000|100%|HS|  |TS  0|AC  0|TAMS 0x00000000c1300000, 0x00000000c1300000|
|  19|0x00000000c1300000, 0x00000000c1400000, 0x00000000c1400000|100%|HS|  |TS  0|AC  0|TAMS 0x00000000c1400000, 0x00000000c1400000|
|  20|0x00000000c1400000, 0x00000000c1500000, 0x00000000c1500000|100%| O|  |TS  0|AC  0|TAMS 0x00000000c1500000, 0x00000000c1500000|
|  21|0x00000000c1500000, 0x00000000c1600000, 0x00000000c1600000|100%| O|  |TS  0|AC  0|TAMS 0x00000000c1600000, 0x00000000c1600000|
|  22|0x00000000c1600000, 0x00000000c1700000, 0x00000000c1700000|100%| O|  |TS  0|AC  0|TAMS 0x00000000c1700000, 0x00000000c1700000|
|  23|0x00000000c1700000, 0x00000000c1800000, 0x00000000c1800000|100%| O|  |TS  0|AC  0|TAMS 0x00000000c1800000, 0x00000000c1800000|
|  24|0x00000000c1800000, 0x00000000c1900000, 0x00000000c1900000|100%| O|  |TS  0|AC  0|TAMS 0x00000000c1900000, 0x00000000c1900000|
|  25|0x00000000c1900000, 0x00000000c1a00000, 0x00000000c1a00000|100%| O|  |TS  0|AC  0|TAMS 0x00000000c1a00000, 0x00000000c1a00000|
|  26|0x00000000c1a00000, 0x00000000c1b00000, 0x00000000c1b00000|100%| O|  |TS  0|AC  0|TAMS 0x00000000c1b00000, 0x00000000c1b00000|
|  27|0x00000000c1b00000, 0x00000000c1c00000, 0x00000000c1c00000|100%| O|  |TS  0|AC  0|TAMS 0x00000000c1c00000, 0x00000000c1c00000|
|  28|0x00000000c1c00000, 0x00000000c1d00000, 0x00000000c1d00000|100%| O|  |TS  0|AC  0|TAMS 0x00000000c1d00000, 0x00000000c1d00000|
|  29|0x00000000c1d00000, 0x00000000c1e00000, 0x00000000c1e00000|100%| O|  |TS  0|AC  0|TAMS 0x00000000c1e00000, 0x00000000c1e00000|
|  30|0x00000000c1e00000, 0x00000000c1f00000, 0x00000000c1f00000|100%| O|  |TS  0|AC  0|TAMS 0x00000000c1f00000, 0x00000000c1f00000|
|  31|0x00000000c1f00000, 0x00000000c2000000, 0x00000000c2000000|100%| O|  |TS  0|AC  0|TAMS 0x00000000c2000000, 0x00000000c2000000|
|  32|0x00000000c2000000, 0x00000000c2100000, 0x00000000c2100000|100%| O|  |TS  0|AC  0|TAMS 0x00000000c2100000, 0x00000000c2100000|
|  33|0x00000000c2100000, 0x00000000c2200000, 0x00000000c2200000|100%| O|  |TS  0|AC  0|TAMS 0x00000000c2200000, 0x00000000c2200000|
|  34|0x00000000c2200000, 0x00000000c2300000, 0x00000000c2300000|100%|HS|  |TS  0|AC  0|TAMS 0x00000000c2300000, 0x00000000c2300000|
|  35|0x00000000c2300000, 0x00000000c2400000, 0x00000000c2400000|100%|HC|  |TS  0|AC  0|TAMS 0x00000000c2400000, 0x00000000c2400000|
|  36|0x00000000c2400000, 0x00000000c2500000, 0x00000000c2500000|100%|HC|  |TS  0|AC  0|TAMS 0x00000000c2500000, 0x00000000c2500000|
|  37|0x00000000c2500000, 0x00000000c2600000, 0x00000000c2600000|100%|HC|  |TS  0|AC  0|TAMS 0x00000000c2600000, 0x00000000c2600000|
|  38|0x00000000c2600000, 0x00000000c2700000, 0x00000000c2700000|100%|HC|  |TS  0|AC  0|TAMS 0x00000000c2700000, 0x00000000c2700000|
|  39|0x00000000c2700000, 0x00000000c2800000, 0x00000000c2800000|100%|HC|  |TS  0|AC  0|TAMS 0x00000000c2800000, 0x00000000c2800000|
|  40|0x00000000c2800000, 0x00000000c2900000, 0x00000000c2900000|100%|HC|  |TS  0|AC  0|TAMS 0x00000000c2900000, 0x00000000c2900000|
|  41|0x00000000c2900000, 0x00000000c2a00000, 0x00000000c2a00000|100%|HC|  |TS  0|AC  0|TAMS 0x00000000c2a00000, 0x00000000c2a00000|
|  42|0x00000000c2a00000, 0x00000000c2b00000, 0x00000000c2b00000|100%|HC|  |TS  0|AC  0|TAMS 0x00000000c2b00000, 0x00000000c2b00000|
|  43|0x00000000c2b00000, 0x00000000c2c00000, 0x00000000c2c00000|100%|HC|  |TS  0|AC  0|TAMS 0x00000000c2c00000, 0x00000000c2c00000|
|  44|0x00000000c2c00000, 0x00000000c2d00000, 0x00000000c2d00000|100%|HC|  |TS  0|AC  0|TAMS 0x00000000c2d00000, 0x00000000c2d00000|
|  45|0x00000000c2d00000, 0x00000000c2e00000, 0x00000000c2e00000|100%|HC|  |TS  0|AC  0|TAMS 0x00000000c2e00000, 0x00000000c2e00000|
|  46|0x00000000c2e00000, 0x00000000c2f00000, 0x00000000c2f00000|100%|HC|  |TS  0|AC  0|TAMS 0x00000000c2f00000, 0x00000000c2f00000|
|  47|0x00000000c2f00000, 0x00000000c3000000, 0x00000000c3000000|100%|HC|  |TS  0|AC  0|TAMS 0x00000000c3000000, 0x00000000c3000000|
|  48|0x00000000c3000000, 0x00000000c3100000, 0x00000000c3100000|100%|HC|  |TS  0|AC  0|TAMS 0x00000000c3100000, 0x00000000c3100000|
|  49|0x00000000c3100000, 0x00000000c3200000, 0x00000000c3200000|100%|HC|  |TS  0|AC  0|TAMS 0x00000000c3200000, 0x00000000c3200000|
|  50|0x00000000c3200000, 0x00000000c3300000, 0x00000000c3300000|100%|HC|  |TS  0|AC  0|TAMS 0x00000000c3300000, 0x00000000c3300000|
|  51|0x00000000c3300000, 0x00000000c3400000, 0x00000000c3400000|100%|HS|  |TS  0|AC  0|TAMS 0x00000000c3400000, 0x00000000c3400000|
|  52|0x00000000c3400000, 0x00000000c3500000, 0x00000000c3500000|100%|HC|  |TS  0|AC  0|TAMS 0x00000000c3500000, 0x00000000c3500000|
|  53|0x00000000c3500000, 0x00000000c3600000, 0x00000000c3600000|100%|HC|  |TS  0|AC  0|TAMS 0x00000000c3600000, 0x00000000c3600000|
|  54|0x00000000c3600000, 0x00000000c3700000, 0x00000000c3700000|100%|HC|  |TS  0|AC  0|TAMS 0x00000000c3700000, 0x00000000c3700000|
|  55|0x00000000c3700000, 0x00000000c3800000, 0x00000000c3800000|100%|HC|  |TS  0|AC  0|TAMS 0x00000000c3800000, 0x00000000c3800000|
|  56|0x00000000c3800000, 0x00000000c3900000, 0x00000000c3900000|100%|HC|  |TS  0|AC  0|TAMS 0x00000000c3900000, 0x00000000c3900000|
|  57|0x00000000c3900000, 0x00000000c3a00000, 0x00000000c3a00000|100%|HC|  |TS  0|AC  0|TAMS 0x00000000c3a00000, 0x00000000c3a00000|
|  58|0x00000000c3a00000, 0x00000000c3b00000, 0x00000000c3b00000|100%|HC|  |TS  0|AC  0|TAMS 0x00000000c3b00000, 0x00000000c3b00000|
|  59|0x00000000c3b00000, 0x00000000c3c00000, 0x00000000c3c00000|100%|HC|  |TS  0|AC  0|TAMS 0x00000000c3c00000, 0x00000000c3c00000|
|  60|0x00000000c3c00000, 0x00000000c3d00000, 0x00000000c3d00000|100%|HC|  |TS  0|AC  0|TAMS 0x00000000c3d00000, 0x00000000c3d00000|
|  61|0x00000000c3d00000, 0x00000000c3e00000, 0x00000000c3e00000|100%|HC|  |TS  0|AC  0|TAMS 0x00000000c3e00000, 0x00000000c3e00000|
|  62|0x00000000c3e00000, 0x00000000c3f00000, 0x00000000c3f00000|100%|HC|  |TS  0|AC  0|TAMS 0x00000000c3f00000, 0x00000000c3f00000|
|  63|0x00000000c3f00000, 0x00000000c4000000, 0x00000000c4000000|100%|HC|  |TS  0|AC  0|TAMS 0x00000000c4000000, 0x00000000c4000000|
|  64|0x00000000c4000000, 0x00000000c4100000, 0x00000000c4100000|100%|HC|  |TS  0|AC  0|TAMS 0x00000000c4100000, 0x00000000c4100000|
|  65|0x00000000c4100000, 0x00000000c4200000, 0x00000000c4200000|100%|HC|  |TS  0|AC  0|TAMS 0x00000000c4200000, 0x00000000c4200000|
|  66|0x00000000c4200000, 0x00000000c4300000, 0x00000000c4300000|100%|HC|  |TS  0|AC  0|TAMS 0x00000000c4300000, 0x00000000c4300000|
|  67|0x00000000c4300000, 0x00000000c4400000, 0x00000000c4400000|100%|HC|  |TS  0|AC  0|TAMS 0x00000000c4400000, 0x00000000c4400000|
|  68|0x00000000c4400000, 0x00000000c4500000, 0x00000000c4500000|100%| O|  |TS  0|AC  0|TAMS 0x00000000c4500000, 0x00000000c4500000|
|  69|0x00000000c4500000, 0x00000000c4600000, 0x00000000c4600000|100%| O|  |TS  0|AC  0|TAMS 0x00000000c4600000, 0x00000000c4600000|
|  70|0x00000000c4600000, 0x00000000c4700000, 0x00000000c4700000|100%| O|  |TS  0|AC  0|TAMS 0x00000000c4700000, 0x00000000c4700000|
|  71|0x00000000c4700000, 0x00000000c4800000, 0x00000000c4800000|100%| O|  |TS  0|AC  0|TAMS 0x00000000c4800000, 0x00000000c4800000|
|  72|0x00000000c4800000, 0x00000000c4800000, 0x00000000c4900000|  0%| F|  |TS  1|AC  0|TAMS 0x00000000c4800000, 0x00000000c4800000|
|  73|0x00000000c4900000, 0x00000000c4900000, 0x00000000c4a00000|  0%| F|  |TS  1|AC  0|TAMS 0x00000000c4900000, 0x00000000c4900000|
|  74|0x00000000c4a00000, 0x00000000c4a00000, 0x00000000c4b00000|  0%| F|  |TS  1|AC  0|TAMS 0x00000000c4a00000, 0x00000000c4a00000|
|  75|0x00000000c4b00000, 0x00000000c4b00000, 0x00000000c4c00000|  0%| F|  |TS  1|AC  0|TAMS 0x00000000c4b00000, 0x00000000c4b00000|
|  76|0x00000000c4c00000, 0x00000000c4c00000, 0x00000000c4d00000|  0%| F|  |TS  1|AC  0|TAMS 0x00000000c4c00000, 0x00000000c4c00000|
|  77|0x00000000c4d00000, 0x00000000c4e00000, 0x00000000c4e00000|100%| O|  |TS  0|AC  0|TAMS 0x00000000c4e00000, 0x00000000c4e00000|
|  78|0x00000000c4e00000, 0x00000000c4f00000, 0x00000000c4f00000|100%| O|  |TS  0|AC  0|TAMS 0x00000000c4f00000, 0x00000000c4f00000|
|  79|0x00000000c4f00000, 0x00000000c5000000, 0x00000000c5000000|100%| O|  |TS  0|AC  0|TAMS 0x00000000c5000000, 0x00000000c5000000|
|  80|0x00000000c5000000, 0x00000000c5100000, 0x00000000c5100000|100%| O|  |TS  0|AC  0|TAMS 0x00000000c5100000, 0x00000000c5100000|
|  81|0x00000000c5100000, 0x00000000c5200000, 0x00000000c5200000|100%| O|  |TS  0|AC  0|TAMS 0x00000000c5200000, 0x00000000c5200000|
|  82|0x00000000c5200000, 0x00000000c5300000, 0x00000000c5300000|100%| O|  |TS  0|AC  0|TAMS 0x00000000c5300000, 0x00000000c5300000|
|  83|0x00000000c5300000, 0x00000000c5400000, 0x00000000c5400000|100%| O|  |TS  0|AC  0|TAMS 0x00000000c5400000, 0x00000000c5400000|
|  84|0x00000000c5400000, 0x00000000c5500000, 0x00000000c5500000|100%| O|  |TS  0|AC  0|TAMS 0x00000000c5500000, 0x00000000c5500000|
|  85|0x00000000c5500000, 0x00000000c5600000, 0x00000000c5600000|100%| O|  |TS  0|AC  0|TAMS 0x00000000c5600000, 0x00000000c5600000|
|  86|0x00000000c5600000, 0x00000000c5700000, 0x00000000c5700000|100%| O|  |TS  0|AC  0|TAMS 0x00000000c5700000, 0x00000000c5700000|
|  87|0x00000000c5700000, 0x00000000c5700000, 0x00000000c5800000|  0%| F|  |TS  1|AC  0|TAMS 0x00000000c5700000, 0x00000000c5700000|
|  88|0x00000000c5800000, 0x00000000c5800000, 0x00000000c5900000|  0%| F|  |TS  1|AC  0|TAMS 0x00000000c5800000, 0x00000000c5800000|
|  89|0x00000000c5900000, 0x00000000c5900000, 0x00000000c5a00000|  0%| F|  |TS  1|AC  0|TAMS 0x00000000c5900000, 0x00000000c5900000|
|  90|0x00000000c5a00000, 0x00000000c5a00000, 0x00000000c5b00000|  0%| F|  |TS  1|AC  0|TAMS 0x00000000c5a00000, 0x00000000c5a00000|
|  91|0x00000000c5b00000, 0x00000000c5b00000, 0x00000000c5c00000|  0%| F|  |TS  1|AC  0|TAMS 0x00000000c5b00000, 0x00000000c5b00000|
|  92|0x00000000c5c00000, 0x00000000c5d00000, 0x00000000c5d00000|100%| O|  |TS  0|AC  0|TAMS 0x00000000c5d00000, 0x00000000c5d00000|
|  93|0x00000000c5d00000, 0x00000000c5e00000, 0x00000000c5e00000|100%| O|  |TS  0|AC  0|TAMS 0x00000000c5e00000, 0x00000000c5e00000|
|  94|0x00000000c5e00000, 0x00000000c5e00000, 0x00000000c5f00000|  0%| F|  |TS  1|AC  0|TAMS 0x00000000c5e00000, 0x00000000c5e00000|
|  95|0x00000000c5f00000, 0x00000000c5f00000, 0x00000000c6000000|  0%| F|  |TS  1|AC  0|TAMS 0x00000000c5f00000, 0x00000000c5f00000|
|  96|0x00000000c6000000, 0x00000000c6000000, 0x00000000c6100000|  0%| F|  |TS  1|AC  0|TAMS 0x00000000c6000000, 0x00000000c6000000|
|  97|0x00000000c6100000, 0x00000000c6100000, 0x00000000c6200000|  0%| F|  |TS  1|AC  0|TAMS 0x00000000c6100000, 0x00000000c6100000|
|  98|0x00000000c6200000, 0x00000000c6200000, 0x00000000c6300000|  0%| F|  |TS  1|AC  0|TAMS 0x00000000c6200000, 0x00000000c6200000|
|  99|0x00000000c6300000, 0x00000000c6400000, 0x00000000c6400000|100%| O|  |TS  0|AC  0|TAMS 0x00000000c6400000, 0x00000000c6400000|
| 100|0x00000000c6400000, 0x00000000c6500000, 0x00000000c6500000|100%| O|  |TS  0|AC  0|TAMS 0x00000000c6500000, 0x00000000c6500000|
| 101|0x00000000c6500000, 0x00000000c6600000, 0x00000000c6600000|100%| O|  |TS  0|AC  0|TAMS 0x00000000c6600000, 0x00000000c6600000|
| 102|0x00000000c6600000, 0x00000000c6700000, 0x00000000c6700000|100%| O|  |TS  0|AC  0|TAMS 0x00000000c6700000, 0x00000000c6700000|
| 103|0x00000000c6700000, 0x00000000c6800000, 0x00000000c6800000|100%| O|  |TS  0|AC  0|TAMS 0x00000000c6800000, 0x00000000c6800000|
| 104|0x00000000c6800000, 0x00000000c6900000, 0x00000000c6900000|100%| O|  |TS  0|AC  0|TAMS 0x00000000c6900000, 0x00000000c6900000|
| 105|0x00000000c6900000, 0x00000000c6a00000, 0x00000000c6a00000|100%| O|  |TS  0|AC  0|TAMS 0x00000000c6a00000, 0x00000000c6a00000|
| 106|0x00000000c6a00000, 0x00000000c6aca600, 0x00000000c6b00000| 79%| O|  |TS  1|AC  0|TAMS 0x00000000c6abf800, 0x00000000c6aca600|
| 107|0x00000000c6b00000, 0x00000000c6b00000, 0x00000000c6c00000|  0%| F|  |TS  0|AC  0|TAMS 0x00000000c6b00000, 0x00000000c6b00000|
| 108|0x00000000c6c00000, 0x00000000c6c00000, 0x00000000c6d00000|  0%| F|  |TS  0|AC  0|TAMS 0x00000000c6c00000, 0x00000000c6c00000|
| 109|0x00000000c6d00000, 0x00000000c6d00000, 0x00000000c6e00000|  0%| F|  |TS  0|AC  0|TAMS 0x00000000c6d00000, 0x00000000c6d00000|
| 110|0x00000000c6e00000, 0x00000000c6e00000, 0x00000000c6f00000|  0%| F|  |TS  0|AC  0|TAMS 0x00000000c6e00000, 0x00000000c6e00000|
| 111|0x00000000c6f00000, 0x00000000c6f00000, 0x00000000c7000000|  0%| F|  |TS  0|AC  0|TAMS 0x00000000c6f00000, 0x00000000c6f00000|
| 112|0x00000000c7000000, 0x00000000c7000000, 0x00000000c7100000|  0%| F|  |TS  0|AC  0|TAMS 0x00000000c7000000, 0x00000000c7000000|
| 113|0x00000000c7100000, 0x00000000c7100000, 0x00000000c7200000|  0%| F|  |TS  0|AC  0|TAMS 0x00000000c7100000, 0x00000000c7100000|
| 114|0x00000000c7200000, 0x00000000c7200000, 0x00000000c7300000|  0%| F|  |TS  0|AC  0|TAMS 0x00000000c7200000, 0x00000000c7200000|
| 115|0x00000000c7300000, 0x00000000c7300000, 0x00000000c7400000|  0%| F|  |TS  0|AC  0|TAMS 0x00000000c7300000, 0x00000000c7300000|
| 116|0x00000000c7400000, 0x00000000c7400000, 0x00000000c7500000|  0%| F|  |TS  0|AC  0|TAMS 0x00000000c7400000, 0x00000000c7400000|
| 117|0x00000000c7500000, 0x00000000c7500000, 0x00000000c7600000|  0%| F|  |TS  0|AC  0|TAMS 0x00000000c7500000, 0x00000000c7500000|
| 118|0x00000000c7600000, 0x00000000c7600000, 0x00000000c7700000|  0%| F|  |TS  0|AC  0|TAMS 0x00000000c7600000, 0x00000000c7600000|
| 119|0x00000000c7700000, 0x00000000c7700000, 0x00000000c7800000|  0%| F|  |TS  0|AC  0|TAMS 0x00000000c7700000, 0x00000000c7700000|
| 120|0x00000000c7800000, 0x00000000c7800000, 0x00000000c7900000|  0%| F|  |TS  0|AC  0|TAMS 0x00000000c7800000, 0x00000000c7800000|
| 121|0x00000000c7900000, 0x00000000c7900000, 0x00000000c7a00000|  0%| F|  |TS  0|AC  0|TAMS 0x00000000c7900000, 0x00000000c7900000|
| 122|0x00000000c7a00000, 0x00000000c7a00000, 0x00000000c7b00000|  0%| F|  |TS  0|AC  0|TAMS 0x00000000c7a00000, 0x00000000c7a00000|
| 123|0x00000000c7b00000, 0x00000000c7b00000, 0x00000000c7c00000|  0%| F|  |TS  0|AC  0|TAMS 0x00000000c7b00000, 0x00000000c7b00000|
| 124|0x00000000c7c00000, 0x00000000c7c00000, 0x00000000c7d00000|  0%| F|  |TS  0|AC  0|TAMS 0x00000000c7c00000, 0x00000000c7c00000|
| 125|0x00000000c7d00000, 0x00000000c7d00000, 0x00000000c7e00000|  0%| F|  |TS  0|AC  0|TAMS 0x00000000c7d00000, 0x00000000c7d00000|
| 126|0x00000000c7e00000, 0x00000000c7e00000, 0x00000000c7f00000|  0%| F|  |TS  0|AC  0|TAMS 0x00000000c7e00000, 0x00000000c7e00000|
| 127|0x00000000c7f00000, 0x00000000c7f00000, 0x00000000c8000000|  0%| F|  |TS  0|AC  0|TAMS 0x00000000c7f00000, 0x00000000c7f00000|
| 128|0x00000000c8000000, 0x00000000c8000000, 0x00000000c8100000|  0%| F|  |TS  0|AC  0|TAMS 0x00000000c8000000, 0x00000000c8000000|
| 129|0x00000000c8100000, 0x00000000c8100000, 0x00000000c8200000|  0%| F|  |TS  0|AC  0|TAMS 0x00000000c8100000, 0x00000000c8100000|
| 130|0x00000000c8200000, 0x00000000c8200000, 0x00000000c8300000|  0%| F|  |TS  0|AC  0|TAMS 0x00000000c8200000, 0x00000000c8200000|
| 131|0x00000000c8300000, 0x00000000c8300000, 0x00000000c8400000|  0%| F|  |TS  0|AC  0|TAMS 0x00000000c8300000, 0x00000000c8300000|
| 132|0x00000000c8400000, 0x00000000c8400000, 0x00000000c8500000|  0%| F|  |TS  0|AC  0|TAMS 0x00000000c8400000, 0x00000000c8400000|
| 133|0x00000000c8500000, 0x00000000c8500000, 0x00000000c8600000|  0%| F|  |TS  0|AC  0|TAMS 0x00000000c8500000, 0x00000000c8500000|
| 134|0x00000000c8600000, 0x00000000c8600000, 0x00000000c8700000|  0%| F|  |TS  0|AC  0|TAMS 0x00000000c8600000, 0x00000000c8600000|
| 135|0x00000000c8700000, 0x00000000c8700000, 0x00000000c8800000|  0%| F|  |TS  0|AC  0|TAMS 0x00000000c8700000, 0x00000000c8700000|
| 136|0x00000000c8800000, 0x00000000c8800000, 0x00000000c8900000|  0%| F|  |TS  0|AC  0|TAMS 0x00000000c8800000, 0x00000000c8800000|
| 137|0x00000000c8900000, 0x00000000c8900000, 0x00000000c8a00000|  0%| F|  |TS  0|AC  0|TAMS 0x00000000c8900000, 0x00000000c8900000|
| 138|0x00000000c8a00000, 0x00000000c8a00000, 0x00000000c8b00000|  0%| F|  |TS  0|AC  0|TAMS 0x00000000c8a00000, 0x00000000c8a00000|
| 139|0x00000000c8b00000, 0x00000000c8b00000, 0x00000000c8c00000|  0%| F|  |TS  0|AC  0|TAMS 0x00000000c8b00000, 0x00000000c8b00000|
| 140|0x00000000c8c00000, 0x00000000c8c00000, 0x00000000c8d00000|  0%| F|  |TS  0|AC  0|TAMS 0x00000000c8c00000, 0x00000000c8c00000|
| 141|0x00000000c8d00000, 0x00000000c8d00000, 0x00000000c8e00000|  0%| F|  |TS  0|AC  0|TAMS 0x00000000c8d00000, 0x00000000c8d00000|
| 142|0x00000000c8e00000, 0x00000000c8e00000, 0x00000000c8f00000|  0%| F|  |TS  0|AC  0|TAMS 0x00000000c8e00000, 0x00000000c8e00000|
| 143|0x00000000c8f00000, 0x00000000c8f00000, 0x00000000c9000000|  0%| F|  |TS  0|AC  0|TAMS 0x00000000c8f00000, 0x00000000c8f00000|
| 144|0x00000000c9000000, 0x00000000c9000000, 0x00000000c9100000|  0%| F|  |TS  0|AC  0|TAMS 0x00000000c9000000, 0x00000000c9000000|
| 145|0x00000000c9100000, 0x00000000c9100000, 0x00000000c9200000|  0%| F|  |TS  0|AC  0|TAMS 0x00000000c9100000, 0x00000000c9100000|
| 146|0x00000000c9200000, 0x00000000c9200000, 0x00000000c9300000|  0%| F|  |TS  0|AC  0|TAMS 0x00000000c9200000, 0x00000000c9200000|
| 147|0x00000000c9300000, 0x00000000c9300000, 0x00000000c9400000|  0%| F|  |TS  0|AC  0|TAMS 0x00000000c9300000, 0x00000000c9300000|
| 148|0x00000000c9400000, 0x00000000c9400000, 0x00000000c9500000|  0%| F|  |TS  0|AC  0|TAMS 0x00000000c9400000, 0x00000000c9400000|
| 149|0x00000000c9500000, 0x00000000c9500000, 0x00000000c9600000|  0%| F|  |TS  0|AC  0|TAMS 0x00000000c9500000, 0x00000000c9500000|
| 150|0x00000000c9600000, 0x00000000c9600000, 0x00000000c9700000|  0%| F|  |TS  0|AC  0|TAMS 0x00000000c9600000, 0x00000000c9600000|
| 151|0x00000000c9700000, 0x00000000c9700000, 0x00000000c9800000|  0%| F|  |TS  0|AC  0|TAMS 0x00000000c9700000, 0x00000000c9700000|
| 152|0x00000000c9800000, 0x00000000c9800000, 0x00000000c9900000|  0%| F|  |TS  0|AC  0|TAMS 0x00000000c9800000, 0x00000000c9800000|
| 153|0x00000000c9900000, 0x00000000c9900000, 0x00000000c9a00000|  0%| F|  |TS  0|AC  0|TAMS 0x00000000c9900000, 0x00000000c9900000|
| 154|0x00000000c9a00000, 0x00000000c9a00000, 0x00000000c9b00000|  0%| F|  |TS  0|AC  0|TAMS 0x00000000c9a00000, 0x00000000c9a00000|
| 155|0x00000000c9b00000, 0x00000000c9b00000, 0x00000000c9c00000|  0%| F|  |TS  0|AC  0|TAMS 0x00000000c9b00000, 0x00000000c9b00000|
| 156|0x00000000c9c00000, 0x00000000c9c00000, 0x00000000c9d00000|  0%| F|  |TS  0|AC  0|TAMS 0x00000000c9c00000, 0x00000000c9c00000|
| 157|0x00000000c9d00000, 0x00000000c9d00000, 0x00000000c9e00000|  0%| F|  |TS  0|AC  0|TAMS 0x00000000c9d00000, 0x00000000c9d00000|
| 158|0x00000000c9e00000, 0x00000000c9e00000, 0x00000000c9f00000|  0%| F|  |TS  0|AC  0|TAMS 0x00000000c9e00000, 0x00000000c9e00000|
| 159|0x00000000c9f00000, 0x00000000c9f00000, 0x00000000ca000000|  0%| F|  |TS  0|AC  0|TAMS 0x00000000c9f00000, 0x00000000c9f00000|
| 160|0x00000000ca000000, 0x00000000ca000000, 0x00000000ca100000|  0%| F|  |TS  0|AC  0|TAMS 0x00000000ca000000, 0x00000000ca000000|
| 161|0x00000000ca100000, 0x00000000ca100000, 0x00000000ca200000|  0%| F|  |TS  0|AC  0|TAMS 0x00000000ca100000, 0x00000000ca100000|
| 162|0x00000000ca200000, 0x00000000ca200000, 0x00000000ca300000|  0%| F|  |TS  0|AC  0|TAMS 0x00000000ca200000, 0x00000000ca200000|
| 163|0x00000000ca300000, 0x00000000ca300000, 0x00000000ca400000|  0%| F|  |TS  0|AC  0|TAMS 0x00000000ca300000, 0x00000000ca300000|
| 164|0x00000000ca400000, 0x00000000ca400000, 0x00000000ca500000|  0%| F|  |TS  0|AC  0|TAMS 0x00000000ca400000, 0x00000000ca400000|
| 165|0x00000000ca500000, 0x00000000ca500000, 0x00000000ca600000|  0%| F|  |TS  0|AC  0|TAMS 0x00000000ca500000, 0x00000000ca500000|
| 166|0x00000000ca600000, 0x00000000ca600000, 0x00000000ca700000|  0%| F|  |TS  0|AC  0|TAMS 0x00000000ca600000, 0x00000000ca600000|
| 167|0x00000000ca700000, 0x00000000ca700000, 0x00000000ca800000|  0%| F|  |TS  0|AC  0|TAMS 0x00000000ca700000, 0x00000000ca700000|
| 168|0x00000000ca800000, 0x00000000ca800000, 0x00000000ca900000|  0%| F|  |TS  0|AC  0|TAMS 0x00000000ca800000, 0x00000000ca800000|
| 169|0x00000000ca900000, 0x00000000ca900000, 0x00000000caa00000|  0%| F|  |TS  0|AC  0|TAMS 0x00000000ca900000, 0x00000000ca900000|
| 170|0x00000000caa00000, 0x00000000caa00000, 0x00000000cab00000|  0%| F|  |TS  0|AC  0|TAMS 0x00000000caa00000, 0x00000000caa00000|
| 171|0x00000000cab00000, 0x00000000cab00000, 0x00000000cac00000|  0%| F|  |TS  0|AC  0|TAMS 0x00000000cab00000, 0x00000000cab00000|
| 172|0x00000000cac00000, 0x00000000cac00000, 0x00000000cad00000|  0%| F|  |TS  0|AC  0|TAMS 0x00000000cac00000, 0x00000000cac00000|
| 173|0x00000000cad00000, 0x00000000cad00000, 0x00000000cae00000|  0%| F|  |TS  0|AC  0|TAMS 0x00000000cad00000, 0x00000000cad00000|
| 174|0x00000000cae00000, 0x00000000cae00000, 0x00000000caf00000|  0%| F|  |TS  0|AC  0|TAMS 0x00000000cae00000, 0x00000000cae00000|
| 175|0x00000000caf00000, 0x00000000caf00000, 0x00000000cb000000|  0%| F|  |TS  0|AC  0|TAMS 0x00000000caf00000, 0x00000000caf00000|
| 176|0x00000000cb000000, 0x00000000cb000000, 0x00000000cb100000|  0%| F|  |TS  0|AC  0|TAMS 0x00000000cb000000, 0x00000000cb000000|
| 177|0x00000000cb100000, 0x00000000cb100000, 0x00000000cb200000|  0%| F|  |TS  0|AC  0|TAMS 0x00000000cb100000, 0x00000000cb100000|
| 178|0x00000000cb200000, 0x00000000cb200000, 0x00000000cb300000|  0%| F|  |TS  0|AC  0|TAMS 0x00000000cb200000, 0x00000000cb200000|
| 179|0x00000000cb300000, 0x00000000cb300000, 0x00000000cb400000|  0%| F|  |TS  0|AC  0|TAMS 0x00000000cb300000, 0x00000000cb300000|
| 180|0x00000000cb400000, 0x00000000cb400000, 0x00000000cb500000|  0%| F|  |TS  0|AC  0|TAMS 0x00000000cb400000, 0x00000000cb400000|
| 181|0x00000000cb500000, 0x00000000cb500000, 0x00000000cb600000|  0%| F|  |TS  0|AC  0|TAMS 0x00000000cb500000, 0x00000000cb500000|
| 182|0x00000000cb600000, 0x00000000cb600000, 0x00000000cb700000|  0%| F|  |TS  0|AC  0|TAMS 0x00000000cb600000, 0x00000000cb600000|
| 183|0x00000000cb700000, 0x00000000cb700000, 0x00000000cb800000|  0%| F|  |TS  0|AC  0|TAMS 0x00000000cb700000, 0x00000000cb700000|
| 184|0x00000000cb800000, 0x00000000cb800000, 0x00000000cb900000|  0%| F|  |TS  0|AC  0|TAMS 0x00000000cb800000, 0x00000000cb800000|
| 185|0x00000000cb900000, 0x00000000cb900000, 0x00000000cba00000|  0%| F|  |TS  0|AC  0|TAMS 0x00000000cb900000, 0x00000000cb900000|
| 186|0x00000000cba00000, 0x00000000cba00000, 0x00000000cbb00000|  0%| F|  |TS  0|AC  0|TAMS 0x00000000cba00000, 0x00000000cba00000|
| 187|0x00000000cbb00000, 0x00000000cbb00000, 0x00000000cbc00000|  0%| F|  |TS  0|AC  0|TAMS 0x00000000cbb00000, 0x00000000cbb00000|
| 188|0x00000000cbc00000, 0x00000000cbc00000, 0x00000000cbd00000|  0%| F|  |TS  0|AC  0|TAMS 0x00000000cbc00000, 0x00000000cbc00000|
| 189|0x00000000cbd00000, 0x00000000cbd00000, 0x00000000cbe00000|  0%| F|  |TS  0|AC  0|TAMS 0x00000000cbd00000, 0x00000000cbd00000|
| 190|0x00000000cbe00000, 0x00000000cbe00000, 0x00000000cbf00000|  0%| F|  |TS  0|AC  0|TAMS 0x00000000cbe00000, 0x00000000cbe00000|
| 191|0x00000000cbf00000, 0x00000000cbf00000, 0x00000000cc000000|  0%| F|  |TS  0|AC  0|TAMS 0x00000000cbf00000, 0x00000000cbf00000|
| 192|0x00000000cc000000, 0x00000000cc000000, 0x00000000cc100000|  0%| F|  |TS  0|AC  0|TAMS 0x00000000cc000000, 0x00000000cc000000|
| 193|0x00000000cc100000, 0x00000000cc100000, 0x00000000cc200000|  0%| F|  |TS  0|AC  0|TAMS 0x00000000cc100000, 0x00000000cc100000|
| 194|0x00000000cc200000, 0x00000000cc200000, 0x00000000cc300000|  0%| F|  |TS  0|AC  0|TAMS 0x00000000cc200000, 0x00000000cc200000|
| 195|0x00000000cc300000, 0x00000000cc300000, 0x00000000cc400000|  0%| F|  |TS  0|AC  0|TAMS 0x00000000cc300000, 0x00000000cc300000|
| 196|0x00000000cc400000, 0x00000000cc400000, 0x00000000cc500000|  0%| F|  |TS  0|AC  0|TAMS 0x00000000cc400000, 0x00000000cc400000|
| 197|0x00000000cc500000, 0x00000000cc500000, 0x00000000cc600000|  0%| F|  |TS  0|AC  0|TAMS 0x00000000cc500000, 0x00000000cc500000|
| 198|0x00000000cc600000, 0x00000000cc600000, 0x00000000cc700000|  0%| F|  |TS  0|AC  0|TAMS 0x00000000cc600000, 0x00000000cc600000|
| 199|0x00000000cc700000, 0x00000000cc700000, 0x00000000cc800000|  0%| F|  |TS  0|AC  0|TAMS 0x00000000cc700000, 0x00000000cc700000|
| 200|0x00000000cc800000, 0x00000000cc800000, 0x00000000cc900000|  0%| F|  |TS  0|AC  0|TAMS 0x00000000cc800000, 0x00000000cc800000|
| 201|0x00000000cc900000, 0x00000000cc900000, 0x00000000cca00000|  0%| F|  |TS  0|AC  0|TAMS 0x00000000cc900000, 0x00000000cc900000|
| 202|0x00000000cca00000, 0x00000000cca00000, 0x00000000ccb00000|  0%| F|  |TS  0|AC  0|TAMS 0x00000000cca00000, 0x00000000cca00000|
| 203|0x00000000ccb00000, 0x00000000ccb00000, 0x00000000ccc00000|  0%| F|  |TS  0|AC  0|TAMS 0x00000000ccb00000, 0x00000000ccb00000|
| 204|0x00000000ccc00000, 0x00000000ccc00000, 0x00000000ccd00000|  0%| F|  |TS  0|AC  0|TAMS 0x00000000ccc00000, 0x00000000ccc00000|
| 205|0x00000000ccd00000, 0x00000000ccd00000, 0x00000000cce00000|  0%| F|  |TS  0|AC  0|TAMS 0x00000000ccd00000, 0x00000000ccd00000|
| 206|0x00000000cce00000, 0x00000000cce00000, 0x00000000ccf00000|  0%| F|  |TS  0|AC  0|TAMS 0x00000000cce00000, 0x00000000cce00000|
| 207|0x00000000ccf00000, 0x00000000ccf00000, 0x00000000cd000000|  0%| F|  |TS  0|AC  0|TAMS 0x00000000ccf00000, 0x00000000ccf00000|
| 208|0x00000000cd000000, 0x00000000cd000000, 0x00000000cd100000|  0%| F|  |TS  0|AC  0|TAMS 0x00000000cd000000, 0x00000000cd000000|
| 209|0x00000000cd100000, 0x00000000cd100000, 0x00000000cd200000|  0%| F|  |TS  0|AC  0|TAMS 0x00000000cd100000, 0x00000000cd100000|
| 210|0x00000000cd200000, 0x00000000cd200000, 0x00000000cd300000|  0%| F|  |TS  0|AC  0|TAMS 0x00000000cd200000, 0x00000000cd200000|
| 211|0x00000000cd300000, 0x00000000cd300000, 0x00000000cd400000|  0%| F|  |TS  0|AC  0|TAMS 0x00000000cd300000, 0x00000000cd300000|
| 212|0x00000000cd400000, 0x00000000cd400000, 0x00000000cd500000|  0%| F|  |TS  0|AC  0|TAMS 0x00000000cd400000, 0x00000000cd400000|
| 213|0x00000000cd500000, 0x00000000cd500000, 0x00000000cd600000|  0%| F|  |TS  0|AC  0|TAMS 0x00000000cd500000, 0x00000000cd500000|
| 214|0x00000000cd600000, 0x00000000cd600000, 0x00000000cd700000|  0%| F|  |TS  0|AC  0|TAMS 0x00000000cd600000, 0x00000000cd600000|
| 215|0x00000000cd700000, 0x00000000cd700000, 0x00000000cd800000|  0%| F|  |TS  0|AC  0|TAMS 0x00000000cd700000, 0x00000000cd700000|
| 216|0x00000000cd800000, 0x00000000cd800000, 0x00000000cd900000|  0%| F|  |TS  0|AC  0|TAMS 0x00000000cd800000, 0x00000000cd800000|
| 217|0x00000000cd900000, 0x00000000cd900000, 0x00000000cda00000|  0%| F|  |TS  0|AC  0|TAMS 0x00000000cd900000, 0x00000000cd900000|
| 218|0x00000000cda00000, 0x00000000cda00000, 0x00000000cdb00000|  0%| F|  |TS  0|AC  0|TAMS 0x00000000cda00000, 0x00000000cda00000|
| 219|0x00000000cdb00000, 0x00000000cdb00000, 0x00000000cdc00000|  0%| F|  |TS  1|AC  0|TAMS 0x00000000cdb00000, 0x00000000cdb00000|
| 220|0x00000000cdc00000, 0x00000000cdc00000, 0x00000000cdd00000|  0%| F|  |TS  1|AC  0|TAMS 0x00000000cdc00000, 0x00000000cdc00000|
| 221|0x00000000cdd00000, 0x00000000cdd52c50, 0x00000000cde00000| 32%| S|CS|TS  1|AC  0|TAMS 0x00000000cdd00000, 0x00000000cdd00000|
| 222|0x00000000cde00000, 0x00000000cdf00000, 0x00000000cdf00000|100%| S|CS|TS  1|AC  0|TAMS 0x00000000cde00000, 0x00000000cde00000|
| 223|0x00000000cdf00000, 0x00000000ce000000, 0x00000000ce000000|100%| S|CS|TS  1|AC  0|TAMS 0x00000000cdf00000, 0x00000000cdf00000|
| 224|0x00000000ce000000, 0x00000000ce000000, 0x00000000ce100000|  0%| F|  |TS  1|AC  0|TAMS 0x00000000ce000000, 0x00000000ce000000|
| 225|0x00000000ce100000, 0x00000000ce100000, 0x00000000ce200000|  0%| F|  |TS  1|AC  0|TAMS 0x00000000ce100000, 0x00000000ce100000|
| 226|0x00000000ce200000, 0x00000000ce200000, 0x00000000ce300000|  0%| F|  |TS  1|AC  0|TAMS 0x00000000ce200000, 0x00000000ce200000|
| 227|0x00000000ce300000, 0x00000000ce300000, 0x00000000ce400000|  0%| F|  |TS  1|AC  0|TAMS 0x00000000ce300000, 0x00000000ce300000|
| 228|0x00000000ce400000, 0x00000000ce400000, 0x00000000ce500000|  0%| F|  |TS  1|AC  0|TAMS 0x00000000ce400000, 0x00000000ce400000|
| 229|0x00000000ce500000, 0x00000000ce500000, 0x00000000ce600000|  0%| F|  |TS  1|AC  0|TAMS 0x00000000ce500000, 0x00000000ce500000|
| 230|0x00000000ce600000, 0x00000000ce600000, 0x00000000ce700000|  0%| F|  |TS  1|AC  0|TAMS 0x00000000ce600000, 0x00000000ce600000|
| 231|0x00000000ce700000, 0x00000000ce700000, 0x00000000ce800000|  0%| F|  |TS  1|AC  0|TAMS 0x00000000ce700000, 0x00000000ce700000|
| 232|0x00000000ce800000, 0x00000000ce800000, 0x00000000ce900000|  0%| F|  |TS  1|AC  0|TAMS 0x00000000ce800000, 0x00000000ce800000|
| 233|0x00000000ce900000, 0x00000000ce900000, 0x00000000cea00000|  0%| F|  |TS  1|AC  0|TAMS 0x00000000ce900000, 0x00000000ce900000|
| 234|0x00000000cea00000, 0x00000000cea00000, 0x00000000ceb00000|  0%| F|  |TS  1|AC  0|TAMS 0x00000000cea00000, 0x00000000cea00000|
| 235|0x00000000ceb00000, 0x00000000ceb00000, 0x00000000cec00000|  0%| F|  |TS  1|AC  0|TAMS 0x00000000ceb00000, 0x00000000ceb00000|
| 236|0x00000000cec00000, 0x00000000cec00000, 0x00000000ced00000|  0%| F|  |TS  1|AC  0|TAMS 0x00000000cec00000, 0x00000000cec00000|
| 237|0x00000000ced00000, 0x00000000ced00000, 0x00000000cee00000|  0%| F|  |TS  1|AC  0|TAMS 0x00000000ced00000, 0x00000000ced00000|
| 238|0x00000000cee00000, 0x00000000cee00000, 0x00000000cef00000|  0%| F|  |TS  1|AC  0|TAMS 0x00000000cee00000, 0x00000000cee00000|
| 239|0x00000000cef00000, 0x00000000cef00000, 0x00000000cf000000|  0%| F|  |TS  1|AC  0|TAMS 0x00000000cef00000, 0x00000000cef00000|

Card table byte_map: [0x00007fd9b1688000,0x00007fd9b1888000] byte_map_base: 0x00007fd9b1088000

Marking Bits (Prev, Next): (CMBitMap*) 0x00007fd9ac049a18, (CMBitMap*) 0x00007fd9ac0499e0
 Prev Bits: [0x00007fd990b3d000, 0x00007fd991b3d000)
 Next Bits: [0x00007fd9b0488000, 0x00007fd9b1488000)

Polling page: 0x00007fd9b5d4c000

CodeHeap 'non-profiled nmethods': size=120036Kb used=7576Kb max_used=7576Kb free=112459Kb
 bounds [0x00007fd999604000, 0x00007fd999d74000, 0x00007fd9a0b3d000]
CodeHeap 'profiled nmethods': size=120032Kb used=24325Kb max_used=24325Kb free=95706Kb
 bounds [0x00007fd9920cc000, 0x00007fd9938ac000, 0x00007fd999604000]
CodeHeap 'non-nmethods': size=5692Kb used=1402Kb max_used=1453Kb free=4289Kb
 bounds [0x00007fd991b3d000, 0x00007fd991dad000, 0x00007fd9920cc000]
 total_blobs=15964 nmethods=10886 adapters=592
 compilation: enabled

Compilation events (10 events):
Event: 390.826 Thread 0x00007fd9ac100800 nmethod 11937 0x00007fd99389cd10 code [0x00007fd99389cee0, 0x00007fd99389d298]
Event: 390.827 Thread 0x00007fd9ac100800 11938       3       org.apache.spark.storage.memory.MemoryStore$$anonfun$getValues$1::apply (13 bytes)
Event: 390.830 Thread 0x00007fd9ac100800 nmethod 11938 0x00007fd99389d390 code [0x00007fd99389d560, 0x00007fd99389d838]
Event: 390.830 Thread 0x00007fd9ac100800 11941       3       org.apache.spark.broadcast.TorrentBroadcast$$anonfun$org$apache$spark$broadcast$TorrentBroadcast$$releaseLock$1::<init> (15 bytes)
Event: 390.832 Thread 0x00007fd9ac100800 nmethod 11941 0x00007fd99389d910 code [0x00007fd99389dae0, 0x00007fd99389de10]
Event: 390.832 Thread 0x00007fd9ac100800 11942   !   3       jdk.internal.reflect.GeneratedSerializationConstructorAccessor8::newInstance (49 bytes)
Event: 390.835 Thread 0x00007fd9ac100800 nmethod 11942 0x00007fd99389df10 code [0x00007fd99389e100, 0x00007fd99389e548]
Event: 390.835 Thread 0x00007fd9ac100800 11943   !   3       jdk.internal.reflect.GeneratedSerializationConstructorAccessor14::newInstance (49 bytes)
Event: 390.837 Thread 0x00007fd9ac100800 nmethod 11943 0x00007fd99389e790 code [0x00007fd99389e980, 0x00007fd99389edc8]
Event: 390.837 Thread 0x00007fd9ac100800 11946       3       org.apache.spark.ui.jobs.JobProgressListener$$anonfun$onTaskStart$1$$anonfun$apply$3::apply (12 bytes)

GC Heap History (10 events):
Event: 382.769 GC heap after
{Heap after GC invocations=1008 (full 0):
 garbage-first heap   total 245760K, used 95784K [0x00000000c0000000, 0x00000000c0100780, 0x0000000100000000)
  region size 1024K, 2 young (2048K), 2 survivors (2048K)
 Metaspace       used 64758K, capacity 66426K, committed 66520K, reserved 1107968K
  class space    used 7977K, capacity 8330K, committed 8408K, reserved 1048576K
}
Event: 384.077 GC heap before
{Heap before GC invocations=1009 (full 0):
 garbage-first heap   total 245760K, used 129576K [0x00000000c0000000, 0x00000000c0100780, 0x0000000100000000)
  region size 1024K, 21 young (21504K), 2 survivors (2048K)
 Metaspace       used 64758K, capacity 66426K, committed 66520K, reserved 1107968K
  class space    used 7977K, capacity 8330K, committed 8408K, reserved 1048576K
}
Event: 384.106 GC heap after
{Heap after GC invocations=1010 (full 0):
 garbage-first heap   total 245760K, used 95870K [0x00000000c0000000, 0x00000000c0100780, 0x0000000100000000)
  region size 1024K, 2 young (2048K), 2 survivors (2048K)
 Metaspace       used 64758K, capacity 66426K, committed 66520K, reserved 1107968K
  class space    used 7977K, capacity 8330K, committed 8408K, reserved 1048576K
}
Event: 385.473 GC heap before
{Heap before GC invocations=1011 (full 0):
 garbage-first heap   total 245760K, used 129662K [0x00000000c0000000, 0x00000000c0100780, 0x0000000100000000)
  region size 1024K, 21 young (21504K), 2 survivors (2048K)
 Metaspace       used 64758K, capacity 66426K, committed 66520K, reserved 1107968K
  class space    used 7977K, capacity 8330K, committed 8408K, reserved 1048576K
}
Event: 385.691 GC heap after
{Heap after GC invocations=1012 (full 0):
 garbage-first heap   total 245760K, used 95911K [0x00000000c0000000, 0x00000000c0100780, 0x0000000100000000)
  region size 1024K, 2 young (2048K), 2 survivors (2048K)
 Metaspace       used 64758K, capacity 66426K, committed 66520K, reserved 1107968K
  class space    used 7977K, capacity 8330K, committed 8408K, reserved 1048576K
}
Event: 387.181 GC heap before
{Heap before GC invocations=1013 (full 0):
 garbage-first heap   total 245760K, used 129703K [0x00000000c0000000, 0x00000000c0100780, 0x0000000100000000)
  region size 1024K, 21 young (21504K), 2 survivors (2048K)
 Metaspace       used 64758K, capacity 66426K, committed 66520K, reserved 1107968K
  class space    used 7977K, capacity 8330K, committed 8408K, reserved 1048576K
}
Event: 387.241 GC heap after
{Heap after GC invocations=1014 (full 0):
 garbage-first heap   total 245760K, used 96131K [0x00000000c0000000, 0x00000000c0100780, 0x0000000100000000)
  region size 1024K, 3 young (3072K), 3 survivors (3072K)
 Metaspace       used 64758K, capacity 66426K, committed 66520K, reserved 1107968K
  class space    used 7977K, capacity 8330K, committed 8408K, reserved 1048576K
}
Event: 389.151 GC heap before
{Heap before GC invocations=1015 (full 0):
 garbage-first heap   total 245760K, used 129923K [0x00000000c0000000, 0x00000000c0100780, 0x0000000100000000)
  region size 1024K, 22 young (22528K), 3 survivors (3072K)
 Metaspace       used 64758K, capacity 66426K, committed 66520K, reserved 1107968K
  class space    used 7977K, capacity 8330K, committed 8408K, reserved 1048576K
}
Event: 389.456 GC heap after
{Heap after GC invocations=1016 (full 0):
 garbage-first heap   total 245760K, used 95835K [0x00000000c0000000, 0x00000000c0100780, 0x0000000100000000)
  region size 1024K, 2 young (2048K), 2 survivors (2048K)
 Metaspace       used 64758K, capacity 66426K, committed 66520K, reserved 1107968K
  class space    used 7977K, capacity 8330K, committed 8408K, reserved 1048576K
}
Event: 390.848 GC heap before
{Heap before GC invocations=1017 (full 0):
 garbage-first heap   total 245760K, used 126555K [0x00000000c0000000, 0x00000000c0100780, 0x0000000100000000)
  region size 1024K, 18 young (18432K), 2 survivors (2048K)
 Metaspace       used 64759K, capacity 66426K, committed 66520K, reserved 1107968K
  class space    used 7977K, capacity 8330K, committed 8408K, reserved 1048576K
}

Deoptimization events (10 events):
Event: 298.974 Thread 0x00007fd96c93b000 Uncommon trap: reason=bimorphic_or_optimized_type_check action=maybe_recompile pc=0x00007fd999ccce24 method=scala.Tuple2.equals(Ljava/lang/Object;)Z @ 100 c2
Event: 309.027 Thread 0x00007fd97c094000 Uncommon trap: reason=unstable_if action=reinterpret pc=0x00007fd999d065e0 method=scala.concurrent.impl.Promise$DefaultPromise.scala$concurrent$impl$Promise$DefaultPromise$$dispatchOrAddCallback(Lscala/concurrent/impl/CallbackRunnable;)V @ 72 c2
Event: 352.516 Thread 0x00007fd96803b000 Uncommon trap: reason=unstable_if action=reinterpret pc=0x00007fd999b38cdc method=java.net.AbstractPlainSocketImpl.releaseFD()V @ 22 c2
Event: 376.257 Thread 0x00007fd97c004800 Uncommon trap: reason=unstable_if action=reinterpret pc=0x00007fd999a599d4 method=scala.LowPriorityImplicits.wrapRefArray([Ljava/lang/Object;)Lscala/collection/mutable/WrappedArray; @ 11 c2
Event: 379.485 Thread 0x00007fd96cace000 Uncommon trap: reason=bimorphic_or_optimized_type_check action=maybe_recompile pc=0x00007fd999cce3a8 method=scala.collection.mutable.FlatHashTable$class.removeElem(Lscala/collection/mutable/FlatHashTable;Ljava/lang/Object;)Z @ 202 c2
Event: 379.499 Thread 0x00007fd96cace000 Uncommon trap: reason=null_check action=make_not_entrant pc=0x00007fd999b08c48 method=scala.collection.mutable.HashTable$class.removeEntry(Lscala/collection/mutable/HashTable;Ljava/lang/Object;)Lscala/collection/mutable/HashEntry; @ 170 c2
Event: 379.499 Thread 0x00007fd96cace000 Uncommon trap: reason=bimorphic_or_optimized_type_check action=maybe_recompile pc=0x00007fd999cce3a8 method=scala.collection.mutable.FlatHashTable$class.removeElem(Lscala/collection/mutable/FlatHashTable;Ljava/lang/Object;)Z @ 202 c2
Event: 379.499 Thread 0x00007fd96cace000 Uncommon trap: reason=bimorphic_or_optimized_type_check action=maybe_recompile pc=0x00007fd999cce3a8 method=scala.collection.mutable.FlatHashTable$class.removeElem(Lscala/collection/mutable/FlatHashTable;Ljava/lang/Object;)Z @ 202 c2
Event: 379.508 Thread 0x00007fd96cace000 Uncommon trap: reason=bimorphic_or_optimized_type_check action=maybe_recompile pc=0x00007fd999cce3a8 method=scala.collection.mutable.FlatHashTable$class.removeElem(Lscala/collection/mutable/FlatHashTable;Ljava/lang/Object;)Z @ 202 c2
Event: 381.642 Thread 0x00007fd97c07d000 Uncommon trap: reason=unstable_if action=reinterpret pc=0x00007fd999c71d50 method=scala.concurrent.impl.Promise$DefaultPromise.scala$concurrent$impl$Promise$DefaultPromise$$dispatchOrAddCallback(Lscala/concurrent/impl/CallbackRunnable;)V @ 72 c2

Classes redefined (0 events):
No events

Internal exceptions (10 events):
Event: 384.552 Thread 0x00007fd95c002800 Exception <a 'java/lang/InterruptedException'{0x00000000ceb07820}: sleep interrupted> (0x00000000ceb07820) thrown at [/scratch/opt/mach5/mesos/work_dir/slaves/e72b529e-af37-4c00-b29e-141f3b57348c-S1075/frameworks/1735e8a2-a1db-478c-8104-60c8b0af87dd-0196/
Event: 384.952 Thread 0x00007fd988015800 Exception <a 'java/lang/InterruptedException'{0x00000000ce67acd0}: sleep interrupted> (0x00000000ce67acd0) thrown at [/scratch/opt/mach5/mesos/work_dir/slaves/e72b529e-af37-4c00-b29e-141f3b57348c-S1075/frameworks/1735e8a2-a1db-478c-8104-60c8b0af87dd-0196/
Event: 385.354 Thread 0x00007fd95c002800 Exception <a 'java/lang/InterruptedException'{0x00000000cdf07820}: sleep interrupted> (0x00000000cdf07820) thrown at [/scratch/opt/mach5/mesos/work_dir/slaves/e72b529e-af37-4c00-b29e-141f3b57348c-S1075/frameworks/1735e8a2-a1db-478c-8104-60c8b0af87dd-0196/
Event: 386.150 Thread 0x00007fd988015800 Exception <a 'java/lang/InterruptedException'{0x00000000ceb07dd0}: sleep interrupted> (0x00000000ceb07dd0) thrown at [/scratch/opt/mach5/mesos/work_dir/slaves/e72b529e-af37-4c00-b29e-141f3b57348c-S1075/frameworks/1735e8a2-a1db-478c-8104-60c8b0af87dd-0196/
Event: 386.749 Thread 0x00007fd95c002800 Exception <a 'java/lang/InterruptedException'{0x00000000ce688898}: sleep interrupted> (0x00000000ce688898) thrown at [/scratch/opt/mach5/mesos/work_dir/slaves/e72b529e-af37-4c00-b29e-141f3b57348c-S1075/frameworks/1735e8a2-a1db-478c-8104-60c8b0af87dd-0196/
Event: 387.154 Thread 0x00007fd988012800 Exception <a 'java/lang/InterruptedException'{0x00000000ce06e4e0}: sleep interrupted> (0x00000000ce06e4e0) thrown at [/scratch/opt/mach5/mesos/work_dir/slaves/e72b529e-af37-4c00-b29e-141f3b57348c-S1075/frameworks/1735e8a2-a1db-478c-8104-60c8b0af87dd-0196/
Event: 387.750 Thread 0x00007fd95c002800 Exception <a 'java/lang/InterruptedException'{0x00000000ceb07820}: sleep interrupted> (0x00000000ceb07820) thrown at [/scratch/opt/mach5/mesos/work_dir/slaves/e72b529e-af37-4c00-b29e-141f3b57348c-S1075/frameworks/1735e8a2-a1db-478c-8104-60c8b0af87dd-0196/
Event: 388.351 Thread 0x00007fd988012800 Exception <a 'java/lang/InterruptedException'{0x00000000ce69eb70}: sleep interrupted> (0x00000000ce69eb70) thrown at [/scratch/opt/mach5/mesos/work_dir/slaves/e72b529e-af37-4c00-b29e-141f3b57348c-S1075/frameworks/1735e8a2-a1db-478c-8104-60c8b0af87dd-0196/
Event: 389.479 Thread 0x00007fd95c002800 Exception <a 'java/lang/InterruptedException'{0x00000000ceeb8308}: sleep interrupted> (0x00000000ceeb8308) thrown at [/scratch/opt/mach5/mesos/work_dir/slaves/e72b529e-af37-4c00-b29e-141f3b57348c-S1075/frameworks/1735e8a2-a1db-478c-8104-60c8b0af87dd-0196/
Event: 390.639 Thread 0x00007fd98c0b7000 Exception <a 'java/lang/InterruptedException'{0x00000000ce761670}: sleep interrupted> (0x00000000ce761670) thrown at [/scratch/opt/mach5/mesos/work_dir/slaves/e72b529e-af37-4c00-b29e-141f3b57348c-S1075/frameworks/1735e8a2-a1db-478c-8104-60c8b0af87dd-0196/

Events (10 events):
Event: 390.756 Thread 0x00007fd9541dd800 Thread added: 0x00007fd9541dd800
Event: 390.772 Thread 0x00007fd954444800 Thread added: 0x00007fd954444800
Event: 390.775 Thread 0x00007fd9541dd800 Thread exited: 0x00007fd9541dd800
Event: 390.778 Thread 0x00007fd97803e800 Thread added: 0x00007fd97803e800
Event: 390.778 Thread 0x00007fd97800b800 Thread exited: 0x00007fd97800b800
Event: 390.781 Executing VM operation: RevokeBias
Event: 390.797 Executing VM operation: RevokeBias done
Event: 390.825 Thread 0x00007fd97800b800 Thread added: 0x00007fd97800b800
Event: 390.836 Executing VM operation: G1IncCollectionPause
Event: 390.838 Thread 0x00007fd97803f800 Thread added: 0x00007fd97803f800


Dynamic libraries:
00400000-00401000 r-xp 00000000 08:01 2105579                            /usr/lib/jvm/java-9-oracle/bin/java
00600000-00601000 rw-p 00000000 08:01 2105579                            /usr/lib/jvm/java-9-oracle/bin/java
020e3000-02104000 rw-p 00000000 00:00 0                                  [heap]
c0000000-cf000000 rw-p 00000000 00:00 0 
d8300000-100000000 ---p 00000000 00:00 0 
100000000-100836000 rw-p 00000000 00:00 0 
100836000-140000000 ---p 00000000 00:00 0 
7fd949fef000-7fd94a0af000 rw-p 00000000 00:00 0 
7fd94a0af000-7fd94a1ef000 ---p 00000000 00:00 0 
7fd94a1ef000-7fd94a1f3000 ---p 00000000 00:00 0 
7fd94a1f3000-7fd94a2f0000 rw-p 00000000 00:00 0 
7fd94a2f0000-7fd94a2f4000 ---p 00000000 00:00 0 
7fd94a2f4000-7fd94a5f1000 rw-p 00000000 00:00 0 
7fd94a5f1000-7fd94a5f5000 ---p 00000000 00:00 0 
7fd94a5f5000-7fd94a6f2000 rw-p 00000000 00:00 0 
7fd94a6f2000-7fd94a6f6000 ---p 00000000 00:00 0 
7fd94a6f6000-7fd94a7f3000 rw-p 00000000 00:00 0 
7fd94a7f3000-7fd94a7f7000 ---p 00000000 00:00 0 
7fd94a7f7000-7fd94a8f4000 rw-p 00000000 00:00 0 
7fd94a8f4000-7fd94a8f8000 ---p 00000000 00:00 0 
7fd94a8f8000-7fd94a9f5000 rw-p 00000000 00:00 0 
7fd94a9f5000-7fd94a9f9000 ---p 00000000 00:00 0 
7fd94a9f9000-7fd94aaf6000 rw-p 00000000 00:00 0 
7fd94aaf6000-7fd94aafa000 ---p 00000000 00:00 0 
7fd94aafa000-7fd94abf7000 rw-p 00000000 00:00 0 
7fd94abf7000-7fd94abfb000 ---p 00000000 00:00 0 
7fd94abfb000-7fd94acf8000 rw-p 00000000 00:00 0 
7fd94acf8000-7fd94acfc000 ---p 00000000 00:00 0 
7fd94acfc000-7fd94adf9000 rw-p 00000000 00:00 0 
7fd94adf9000-7fd94adfd000 ---p 00000000 00:00 0 
7fd94adfd000-7fd94aefa000 rw-p 00000000 00:00 0 
7fd94aefa000-7fd94aefe000 ---p 00000000 00:00 0 
7fd94aefe000-7fd94affb000 rw-p 00000000 00:00 0 
7fd94affb000-7fd94afff000 ---p 00000000 00:00 0 
7fd94afff000-7fd94b0fc000 rw-p 00000000 00:00 0 
7fd94b0fc000-7fd94b100000 ---p 00000000 00:00 0 
7fd94b100000-7fd94b1fd000 rw-p 00000000 00:00 0 
7fd94b1fd000-7fd94b201000 ---p 00000000 00:00 0 
7fd94b201000-7fd94b2fe000 rw-p 00000000 00:00 0 
7fd94b2fe000-7fd94b302000 ---p 00000000 00:00 0 
7fd94b302000-7fd94b3ff000 rw-p 00000000 00:00 0 
7fd94b3ff000-7fd94b403000 ---p 00000000 00:00 0 
7fd94b403000-7fd94b700000 rw-p 00000000 00:00 0 
7fd94b700000-7fd94b704000 ---p 00000000 00:00 0 
7fd94b704000-7fd94b801000 rw-p 00000000 00:00 0 
7fd94b801000-7fd94b805000 ---p 00000000 00:00 0 
7fd94b805000-7fd94b902000 rw-p 00000000 00:00 0 
7fd94b902000-7fd94b906000 ---p 00000000 00:00 0 
7fd94b906000-7fd94bc03000 rw-p 00000000 00:00 0 
7fd94bc03000-7fd94bc07000 ---p 00000000 00:00 0 
7fd94bc07000-7fd94bd04000 rw-p 00000000 00:00 0 
7fd94bd04000-7fd94bd08000 ---p 00000000 00:00 0 
7fd94bd08000-7fd94be05000 rw-p 00000000 00:00 0 
7fd94be05000-7fd94be09000 ---p 00000000 00:00 0 
7fd94be09000-7fd94bf06000 rw-p 00000000 00:00 0 
7fd94bf06000-7fd94bf0a000 ---p 00000000 00:00 0 
7fd94bf0a000-7fd94c007000 rw-p 00000000 00:00 0 
7fd94c007000-7fd94c00b000 ---p 00000000 00:00 0 
7fd94c00b000-7fd94c108000 rw-p 00000000 00:00 0 
7fd94c108000-7fd94c10c000 ---p 00000000 00:00 0 
7fd94c10c000-7fd94c209000 rw-p 00000000 00:00 0 
7fd94c209000-7fd94c20d000 ---p 00000000 00:00 0 
7fd94c20d000-7fd94c30a000 rw-p 00000000 00:00 0 
7fd94c30a000-7fd94c30e000 ---p 00000000 00:00 0 
7fd94c30e000-7fd94c40b000 rw-p 00000000 00:00 0 
7fd94c40b000-7fd94c40f000 ---p 00000000 00:00 0 
7fd94c40f000-7fd94c50c000 rw-p 00000000 00:00 0 
7fd94c50c000-7fd94c510000 ---p 00000000 00:00 0 
7fd94c510000-7fd94c60d000 rw-p 00000000 00:00 0 
7fd94c60d000-7fd94c611000 ---p 00000000 00:00 0 
7fd94c611000-7fd94c70e000 rw-p 00000000 00:00 0 
7fd94c70e000-7fd94c712000 ---p 00000000 00:00 0 
7fd94c712000-7fd94c80f000 rw-p 00000000 00:00 0 
7fd94c80f000-7fd94c813000 ---p 00000000 00:00 0 
7fd94c813000-7fd94d911000 rw-p 00000000 00:00 0 
7fd94d911000-7fd94d915000 ---p 00000000 00:00 0 
7fd94d915000-7fd94dc12000 rw-p 00000000 00:00 0 
7fd94dc12000-7fd94ec13000 rw-p 00000000 00:00 0 
7fd94ec13000-7fd94ec17000 ---p 00000000 00:00 0 
7fd94ec17000-7fd94ed14000 rw-p 00000000 00:00 0 
7fd94ed14000-7fd94ed18000 ---p 00000000 00:00 0 
7fd94ed18000-7fd94ee15000 rw-p 00000000 00:00 0 
7fd94ee15000-7fd94ee22000 r-xp 00000000 08:01 2759874                    /tmp/liblz4-java4540535441075363806.so
7fd94ee22000-7fd94f021000 ---p 0000d000 08:01 2759874                    /tmp/liblz4-java4540535441075363806.so
7fd94f021000-7fd94f022000 rw-p 0000c000 08:01 2759874                    /tmp/liblz4-java4540535441075363806.so
7fd94f022000-7fd94f222000 rw-p 00000000 00:00 0 
7fd94f222000-7fd94f422000 rw-p 00000000 00:00 0 
7fd94f422000-7fd94f426000 ---p 00000000 00:00 0 
7fd94f426000-7fd94f523000 rw-p 00000000 00:00 0 
7fd94f523000-7fd94f527000 ---p 00000000 00:00 0 
7fd94f527000-7fd94f624000 rw-p 00000000 00:00 0 
7fd94f624000-7fd94f628000 ---p 00000000 00:00 0 
7fd94f628000-7fd94f725000 rw-p 00000000 00:00 0 
7fd94f725000-7fd94f729000 ---p 00000000 00:00 0 
7fd94f729000-7fd94fa26000 rw-p 00000000 00:00 0 
7fd94fa26000-7fd94fc26000 rw-p 00000000 00:00 0 
7fd94fc26000-7fd94fc2a000 ---p 00000000 00:00 0 
7fd94fc2a000-7fd94fd27000 rw-p 00000000 00:00 0 
7fd94fd27000-7fd94fd2b000 ---p 00000000 00:00 0 
7fd94fd2b000-7fd94fe28000 rw-p 00000000 00:00 0 
7fd94fe28000-7fd94fe2c000 ---p 00000000 00:00 0 
7fd94fe2c000-7fd94ff29000 rw-p 00000000 00:00 0 
7fd94ff29000-7fd94ff2d000 ---p 00000000 00:00 0 
7fd94ff2d000-7fd95022a000 rw-p 00000000 00:00 0 
7fd95022a000-7fd95022e000 ---p 00000000 00:00 0 
7fd95022e000-7fd95032b000 rw-p 00000000 00:00 0 
7fd95032b000-7fd95032f000 ---p 00000000 00:00 0 
7fd95032f000-7fd95042c000 rw-p 00000000 00:00 0 
7fd95042c000-7fd950430000 ---p 00000000 00:00 0 
7fd950430000-7fd95052d000 rw-p 00000000 00:00 0 
7fd95052d000-7fd950531000 ---p 00000000 00:00 0 
7fd950531000-7fd95062e000 rw-p 00000000 00:00 0 
7fd95062e000-7fd950632000 ---p 00000000 00:00 0 
7fd950632000-7fd95072f000 rw-p 00000000 00:00 0 
7fd95072f000-7fd950733000 ---p 00000000 00:00 0 
7fd950733000-7fd950830000 rw-p 00000000 00:00 0 
7fd950830000-7fd950834000 ---p 00000000 00:00 0 
7fd950834000-7fd950b31000 rw-p 00000000 00:00 0 
7fd950b31000-7fd950d31000 rw-p 00000000 00:00 0 
7fd950d31000-7fd950d35000 ---p 00000000 00:00 0 
7fd950d35000-7fd950e32000 rw-p 00000000 00:00 0 
7fd950e32000-7fd950e36000 ---p 00000000 00:00 0 
7fd950e36000-7fd950f33000 rw-p 00000000 00:00 0 
7fd950f33000-7fd950f37000 ---p 00000000 00:00 0 
7fd950f37000-7fd951034000 rw-p 00000000 00:00 0 
7fd951034000-7fd951038000 ---p 00000000 00:00 0 
7fd951038000-7fd951135000 rw-p 00000000 00:00 0 
7fd951135000-7fd951139000 ---p 00000000 00:00 0 
7fd951139000-7fd951436000 rw-p 00000000 00:00 0 
7fd95148e000-7fd951492000 ---p 00000000 00:00 0 
7fd951492000-7fd95158f000 rw-p 00000000 00:00 0 
7fd95158f000-7fd951593000 ---p 00000000 00:00 0 
7fd951593000-7fd951690000 rw-p 00000000 00:00 0 
7fd951690000-7fd951694000 ---p 00000000 00:00 0 
7fd951694000-7fd951791000 rw-p 00000000 00:00 0 
7fd951791000-7fd951795000 ---p 00000000 00:00 0 
7fd951795000-7fd951892000 rw-p 00000000 00:00 0 
7fd951892000-7fd951896000 ---p 00000000 00:00 0 
7fd951896000-7fd951993000 rw-p 00000000 00:00 0 
7fd951993000-7fd951997000 ---p 00000000 00:00 0 
7fd951997000-7fd951a94000 rw-p 00000000 00:00 0 
7fd951a94000-7fd951a98000 ---p 00000000 00:00 0 
7fd951a98000-7fd951b95000 rw-p 00000000 00:00 0 
7fd951b95000-7fd951b99000 ---p 00000000 00:00 0 
7fd951b99000-7fd951c96000 rw-p 00000000 00:00 0 
7fd951c96000-7fd951c9a000 ---p 00000000 00:00 0 
7fd951c9a000-7fd951d97000 rw-p 00000000 00:00 0 
7fd951d97000-7fd951d9b000 ---p 00000000 00:00 0 
7fd951d9b000-7fd951e98000 rw-p 00000000 00:00 0 
7fd951e98000-7fd951e9c000 ---p 00000000 00:00 0 
7fd951e9c000-7fd951f99000 rw-p 00000000 00:00 0 
7fd951f99000-7fd951f9d000 ---p 00000000 00:00 0 
7fd951f9d000-7fd95209a000 rw-p 00000000 00:00 0 
7fd95209a000-7fd95209e000 ---p 00000000 00:00 0 
7fd95209e000-7fd95239b000 rw-p 00000000 00:00 0 
7fd95239b000-7fd95239f000 ---p 00000000 00:00 0 
7fd95239f000-7fd95269c000 rw-p 00000000 00:00 0 
7fd95269c000-7fd95269d000 r-xp 00000000 08:01 2105907                    /usr/lib/jvm/java-9-oracle/lib/libjaas_unix.so
7fd95269d000-7fd95289c000 ---p 00001000 08:01 2105907                    /usr/lib/jvm/java-9-oracle/lib/libjaas_unix.so
7fd95289c000-7fd95289d000 rw-p 00000000 08:01 2105907                    /usr/lib/jvm/java-9-oracle/lib/libjaas_unix.so
7fd95289d000-7fd952a9d000 rw-p 00000000 00:00 0 
7fd952a9d000-7fd952aa1000 ---p 00000000 00:00 0 
7fd952aa1000-7fd952b9e000 rw-p 00000000 00:00 0 
7fd952b9e000-7fd952ba3000 r-xp 00000000 08:01 2105944                    /usr/lib/jvm/java-9-oracle/lib/libmanagement_ext.so
7fd952ba3000-7fd952da2000 ---p 00005000 08:01 2105944                    /usr/lib/jvm/java-9-oracle/lib/libmanagement_ext.so
7fd952da2000-7fd952da3000 rw-p 00004000 08:01 2105944                    /usr/lib/jvm/java-9-oracle/lib/libmanagement_ext.so
7fd952da3000-7fd952da7000 r-xp 00000000 08:01 2105945                    /usr/lib/jvm/java-9-oracle/lib/libmanagement.so
7fd952da7000-7fd952fa6000 ---p 00004000 08:01 2105945                    /usr/lib/jvm/java-9-oracle/lib/libmanagement.so
7fd952fa6000-7fd952fa7000 rw-p 00003000 08:01 2105945                    /usr/lib/jvm/java-9-oracle/lib/libmanagement.so
7fd952fa7000-7fd9531a7000 rw-p 00000000 00:00 0 
7fd9531a7000-7fd9531ab000 ---p 00000000 00:00 0 
7fd9531ab000-7fd9532a8000 rw-p 00000000 00:00 0 
7fd9532a8000-7fd9532ac000 ---p 00000000 00:00 0 
7fd9532ac000-7fd9533a9000 rw-p 00000000 00:00 0 
7fd9533a9000-7fd9533ad000 ---p 00000000 00:00 0 
7fd9533ad000-7fd9536aa000 rw-p 00000000 00:00 0 
7fd9536aa000-7fd9538aa000 rw-p 00000000 00:00 0 
7fd9538aa000-7fd9538ae000 ---p 00000000 00:00 0 
7fd9538ae000-7fd953bab000 rw-p 00000000 00:00 0 
7fd953bab000-7fd953dab000 rw-p 00000000 00:00 0 
7fd953dab000-7fd953de8000 r-xp 00000000 08:01 2105889                    /usr/lib/jvm/java-9-oracle/lib/libsunec.so
7fd953de8000-7fd953fe8000 ---p 0003d000 08:01 2105889                    /usr/lib/jvm/java-9-oracle/lib/libsunec.so
7fd953fe8000-7fd953fef000 rw-p 0003d000 08:01 2105889                    /usr/lib/jvm/java-9-oracle/lib/libsunec.so
7fd953fef000-7fd954000000 rw-p 00000000 00:00 0 
7fd954000000-7fd954ce2000 rw-p 00000000 00:00 0 
7fd954ce2000-7fd958000000 ---p 00000000 00:00 0 
7fd958000000-7fd958065000 rw-p 00000000 00:00 0 
7fd958065000-7fd95c000000 ---p 00000000 00:00 0 
7fd95c000000-7fd95c021000 rw-p 00000000 00:00 0 
7fd95c021000-7fd960000000 ---p 00000000 00:00 0 
7fd960000000-7fd962204000 rw-p 00000000 00:00 0 
7fd962204000-7fd964000000 ---p 00000000 00:00 0 
7fd964000000-7fd9641a5000 rw-p 00000000 00:00 0 
7fd9641a5000-7fd968000000 ---p 00000000 00:00 0 
7fd968000000-7fd96803d000 rw-p 00000000 00:00 0 
7fd96803d000-7fd96c000000 ---p 00000000 00:00 0 
7fd96c000000-7fd96cfbd000 rw-p 00000000 00:00 0 
7fd96cfbd000-7fd970000000 ---p 00000000 00:00 0 
7fd970017000-7fd970217000 rw-p 00000000 00:00 0 
7fd970217000-7fd970417000 rw-p 00000000 00:00 0 
7fd970417000-7fd970487000 r-xp 00000000 08:01 2888116                    /lib/x86_64-linux-gnu/libpcre.so.3.13.3
7fd970487000-7fd970687000 ---p 00070000 08:01 2888116                    /lib/x86_64-linux-gnu/libpcre.so.3.13.3
7fd970687000-7fd970688000 r--p 00070000 08:01 2888116                    /lib/x86_64-linux-gnu/libpcre.so.3.13.3
7fd970688000-7fd970689000 rw-p 00071000 08:01 2888116                    /lib/x86_64-linux-gnu/libpcre.so.3.13.3
7fd970689000-7fd9706ae000 r-xp 00000000 08:01 2888312                    /lib/x86_64-linux-gnu/libselinux.so.1
7fd9706ae000-7fd9708ad000 ---p 00025000 08:01 2888312                    /lib/x86_64-linux-gnu/libselinux.so.1
7fd9708ad000-7fd9708ae000 r--p 00024000 08:01 2888312                    /lib/x86_64-linux-gnu/libselinux.so.1
7fd9708ae000-7fd9708af000 rw-p 00025000 08:01 2888312                    /lib/x86_64-linux-gnu/libselinux.so.1
7fd9708af000-7fd9708b1000 rw-p 00000000 00:00 0 
7fd9708b1000-7fd9708ee000 r-xp 00000000 08:01 2888180                    /lib/x86_64-linux-gnu/libnss_resolve.so.2
7fd9708ee000-7fd970aed000 ---p 0003d000 08:01 2888180                    /lib/x86_64-linux-gnu/libnss_resolve.so.2
7fd970aed000-7fd970af0000 r--p 0003c000 08:01 2888180                    /lib/x86_64-linux-gnu/libnss_resolve.so.2
7fd970af0000-7fd970af1000 rw-p 0003f000 08:01 2888180                    /lib/x86_64-linux-gnu/libnss_resolve.so.2
7fd970af1000-7fd970af3000 r-xp 00000000 08:01 2888288                    /lib/x86_64-linux-gnu/libnss_mdns4_minimal.so.2
7fd970af3000-7fd970cf2000 ---p 00002000 08:01 2888288                    /lib/x86_64-linux-gnu/libnss_mdns4_minimal.so.2
7fd970cf2000-7fd970cf3000 r--p 00001000 08:01 2888288                    /lib/x86_64-linux-gnu/libnss_mdns4_minimal.so.2
7fd970cf3000-7fd970cf4000 rw-p 00002000 08:01 2888288                    /lib/x86_64-linux-gnu/libnss_mdns4_minimal.so.2
7fd970cf4000-7fd970ef4000 rw-p 00000000 00:00 0 
7fd970ef4000-7fd9710f4000 rw-p 00000000 00:00 0 
7fd9710f4000-7fd9710f5000 ---p 00000000 00:00 0 
7fd9710f5000-7fd9711f5000 rw-p 00000000 00:00 0 
7fd9711f5000-7fd9711f9000 ---p 00000000 00:00 0 
7fd9711f9000-7fd9712f6000 rw-p 00000000 00:00 0 
7fd9712f6000-7fd9712fa000 ---p 00000000 00:00 0 
7fd9712fa000-7fd9713f7000 rw-p 00000000 00:00 0 
7fd9713f7000-7fd97140d000 r-xp 00000000 08:01 2105909                    /usr/lib/jvm/java-9-oracle/lib/libnet.so
7fd97140d000-7fd97160d000 ---p 00016000 08:01 2105909                    /usr/lib/jvm/java-9-oracle/lib/libnet.so
7fd97160d000-7fd97160e000 rw-p 00016000 08:01 2105909                    /usr/lib/jvm/java-9-oracle/lib/libnet.so
7fd97160e000-7fd97161e000 r-xp 00000000 08:01 2105906                    /usr/lib/jvm/java-9-oracle/lib/libnio.so
7fd97161e000-7fd97181e000 ---p 00010000 08:01 2105906                    /usr/lib/jvm/java-9-oracle/lib/libnio.so
7fd97181e000-7fd97181f000 rw-p 00010000 08:01 2105906                    /usr/lib/jvm/java-9-oracle/lib/libnio.so
7fd97181f000-7fd971823000 ---p 00000000 00:00 0 
7fd971823000-7fd971920000 rw-p 00000000 00:00 0 
7fd971920000-7fd971924000 ---p 00000000 00:00 0 
7fd971924000-7fd971a21000 rw-p 00000000 00:00 0 
7fd971a21000-7fd971a25000 ---p 00000000 00:00 0 
7fd971a25000-7fd971b22000 rw-p 00000000 00:00 0 
7fd971b22000-7fd971b26000 ---p 00000000 00:00 0 
7fd971b26000-7fd971c23000 rw-p 00000000 00:00 0 
7fd971c23000-7fd971eff000 r--p 00000000 08:01 2098528                    /usr/lib/locale/locale-archive
7fd971eff000-7fd971f03000 ---p 00000000 00:00 0 
7fd971f03000-7fd972000000 rw-p 00000000 00:00 0 
7fd972000000-7fd974000000 rwxp 00000000 00:00 0 
7fd974000000-7fd974021000 rw-p 00000000 00:00 0 
7fd974021000-7fd978000000 ---p 00000000 00:00 0 
7fd978000000-7fd978350000 rw-p 00000000 00:00 0 
7fd978350000-7fd97c000000 ---p 00000000 00:00 0 
7fd97c000000-7fd97c111000 rw-p 00000000 00:00 0 
7fd97c111000-7fd980000000 ---p 00000000 00:00 0 
7fd980000000-7fd98007a000 rw-p 00000000 00:00 0 
7fd98007a000-7fd984000000 ---p 00000000 00:00 0 
7fd984000000-7fd984162000 rw-p 00000000 00:00 0 
7fd984162000-7fd988000000 ---p 00000000 00:00 0 
7fd988000000-7fd988021000 rw-p 00000000 00:00 0 
7fd988021000-7fd98c000000 ---p 00000000 00:00 0 
7fd98c000000-7fd98c0e1000 rw-p 00000000 00:00 0 
7fd98c0e1000-7fd990000000 ---p 00000000 00:00 0 
7fd9900c5000-7fd9900c9000 ---p 00000000 00:00 0 
7fd9900c9000-7fd9901c6000 rw-p 00000000 00:00 0 
7fd9901c6000-7fd9901c7000 ---p 00000000 00:00 0 
7fd9901c7000-7fd990b3d000 rw-p 00000000 00:00 0 
7fd990b3d000-7fd990efd000 rw-p 00000000 00:00 0 
7fd990efd000-7fd991b3d000 ---p 00000000 00:00 0 
7fd991b3d000-7fd991dad000 rwxp 00000000 00:00 0 
7fd991dad000-7fd9920cc000 ---p 00000000 00:00 0 
7fd9920cc000-7fd9938ac000 rwxp 00000000 00:00 0 
7fd9938ac000-7fd999604000 ---p 00000000 00:00 0 
7fd999604000-7fd999d74000 rwxp 00000000 00:00 0 
7fd999d74000-7fd9a0b3d000 ---p 00000000 00:00 0 
7fd9a0b3d000-7fd9ac000000 r--s 00000000 08:01 2105808                    /usr/lib/jvm/java-9-oracle/lib/modules
7fd9ac000000-7fd9ad121000 rw-p 00000000 00:00 0 
7fd9ad121000-7fd9b0000000 ---p 00000000 00:00 0 
7fd9b0007000-7fd9b000b000 ---p 00000000 00:00 0 
7fd9b000b000-7fd9b0286000 rw-p 00000000 00:00 0 
7fd9b0286000-7fd9b0287000 ---p 00000000 00:00 0 
7fd9b0287000-7fd9b0387000 rw-p 00000000 00:00 0 
7fd9b0387000-7fd9b0388000 ---p 00000000 00:00 0 
7fd9b0388000-7fd9b0848000 rw-p 00000000 00:00 0 
7fd9b0848000-7fd9b1488000 ---p 00000000 00:00 0 
7fd9b1488000-7fd9b1500000 rw-p 00000000 00:00 0 
7fd9b1500000-7fd9b1688000 ---p 00000000 00:00 0 
7fd9b1688000-7fd9b1700000 rw-p 00000000 00:00 0 
7fd9b1700000-7fd9b1a88000 ---p 00000000 00:00 0 
7fd9b1a88000-7fd9b1b00000 rw-p 00000000 00:00 0 
7fd9b1b00000-7fd9b1c88000 ---p 00000000 00:00 0 
7fd9b1c88000-7fd9b1c89000 ---p 00000000 00:00 0 
7fd9b1c89000-7fd9b1d89000 rw-p 00000000 00:00 0 
7fd9b1d89000-7fd9b1d8a000 ---p 00000000 00:00 0 
7fd9b1d8a000-7fd9b1e8a000 rw-p 00000000 00:00 0 
7fd9b1e8a000-7fd9b1e8b000 ---p 00000000 00:00 0 
7fd9b1e8b000-7fd9b218d000 rw-p 00000000 00:00 0 
7fd9b218d000-7fd9b218e000 ---p 00000000 00:00 0 
7fd9b218e000-7fd9b228e000 rw-p 00000000 00:00 0 
7fd9b228e000-7fd9b228f000 ---p 00000000 00:00 0 
7fd9b228f000-7fd9b239e000 rw-p 00000000 00:00 0 
7fd9b239e000-7fd9b247a000 ---p 00000000 00:00 0 
7fd9b247a000-7fd9b24aa000 rw-p 00000000 00:00 0 
7fd9b24aa000-7fd9b2565000 ---p 00000000 00:00 0 
7fd9b2565000-7fd9b257f000 r-xp 00000000 08:01 2105911                    /usr/lib/jvm/java-9-oracle/lib/libjimage.so
7fd9b257f000-7fd9b277e000 ---p 0001a000 08:01 2105911                    /usr/lib/jvm/java-9-oracle/lib/libjimage.so
7fd9b277e000-7fd9b2780000 rw-p 00019000 08:01 2105911                    /usr/lib/jvm/java-9-oracle/lib/libjimage.so
7fd9b2780000-7fd9b2792000 rw-p 00000000 00:00 0 
7fd9b2792000-7fd9b2799000 r-xp 00000000 08:01 2105952                    /usr/lib/jvm/java-9-oracle/lib/libzip.so
7fd9b2799000-7fd9b2998000 ---p 00007000 08:01 2105952                    /usr/lib/jvm/java-9-oracle/lib/libzip.so
7fd9b2998000-7fd9b2999000 rw-p 00006000 08:01 2105952                    /usr/lib/jvm/java-9-oracle/lib/libzip.so
7fd9b2999000-7fd9b29a4000 r-xp 00000000 08:01 2891351                    /lib/x86_64-linux-gnu/libnss_files-2.26.so
7fd9b29a4000-7fd9b2ba3000 ---p 0000b000 08:01 2891351                    /lib/x86_64-linux-gnu/libnss_files-2.26.so
7fd9b2ba3000-7fd9b2ba4000 r--p 0000a000 08:01 2891351                    /lib/x86_64-linux-gnu/libnss_files-2.26.so
7fd9b2ba4000-7fd9b2ba5000 rw-p 0000b000 08:01 2891351                    /lib/x86_64-linux-gnu/libnss_files-2.26.so
7fd9b2ba5000-7fd9b2bab000 rw-p 00000000 00:00 0 
7fd9b2bab000-7fd9b2bb6000 r-xp 00000000 08:01 2891353                    /lib/x86_64-linux-gnu/libnss_nis-2.26.so
7fd9b2bb6000-7fd9b2db5000 ---p 0000b000 08:01 2891353                    /lib/x86_64-linux-gnu/libnss_nis-2.26.so
7fd9b2db5000-7fd9b2db6000 r--p 0000a000 08:01 2891353                    /lib/x86_64-linux-gnu/libnss_nis-2.26.so
7fd9b2db6000-7fd9b2db7000 rw-p 0000b000 08:01 2891353                    /lib/x86_64-linux-gnu/libnss_nis-2.26.so
7fd9b2db7000-7fd9b2dce000 r-xp 00000000 08:01 2891348                    /lib/x86_64-linux-gnu/libnsl-2.26.so
7fd9b2dce000-7fd9b2fcd000 ---p 00017000 08:01 2891348                    /lib/x86_64-linux-gnu/libnsl-2.26.so
7fd9b2fcd000-7fd9b2fce000 r--p 00016000 08:01 2891348                    /lib/x86_64-linux-gnu/libnsl-2.26.so
7fd9b2fce000-7fd9b2fcf000 rw-p 00017000 08:01 2891348                    /lib/x86_64-linux-gnu/libnsl-2.26.so
7fd9b2fcf000-7fd9b2fd1000 rw-p 00000000 00:00 0 
7fd9b2fd1000-7fd9b2fd9000 r-xp 00000000 08:01 2891349                    /lib/x86_64-linux-gnu/libnss_compat-2.26.so
7fd9b2fd9000-7fd9b31d8000 ---p 00008000 08:01 2891349                    /lib/x86_64-linux-gnu/libnss_compat-2.26.so
7fd9b31d8000-7fd9b31d9000 r--p 00007000 08:01 2891349                    /lib/x86_64-linux-gnu/libnss_compat-2.26.so
7fd9b31d9000-7fd9b31da000 rw-p 00008000 08:01 2891349                    /lib/x86_64-linux-gnu/libnss_compat-2.26.so
7fd9b31da000-7fd9b3205000 r-xp 00000000 08:01 2105877                    /usr/lib/jvm/java-9-oracle/lib/libjava.so
7fd9b3205000-7fd9b3404000 ---p 0002b000 08:01 2105877                    /usr/lib/jvm/java-9-oracle/lib/libjava.so
7fd9b3404000-7fd9b3406000 rw-p 0002a000 08:01 2105877                    /usr/lib/jvm/java-9-oracle/lib/libjava.so
7fd9b3406000-7fd9b3413000 r-xp 00000000 08:01 2105822                    /usr/lib/jvm/java-9-oracle/lib/libverify.so
7fd9b3413000-7fd9b3612000 ---p 0000d000 08:01 2105822                    /usr/lib/jvm/java-9-oracle/lib/libverify.so
7fd9b3612000-7fd9b3614000 rw-p 0000c000 08:01 2105822                    /usr/lib/jvm/java-9-oracle/lib/libverify.so
7fd9b3614000-7fd9b361b000 r-xp 00000000 08:01 2891358                    /lib/x86_64-linux-gnu/librt-2.26.so
7fd9b361b000-7fd9b381a000 ---p 00007000 08:01 2891358                    /lib/x86_64-linux-gnu/librt-2.26.so
7fd9b381a000-7fd9b381b000 r--p 00006000 08:01 2891358                    /lib/x86_64-linux-gnu/librt-2.26.so
7fd9b381b000-7fd9b381c000 rw-p 00007000 08:01 2891358                    /lib/x86_64-linux-gnu/librt-2.26.so
7fd9b381c000-7fd9b3971000 r-xp 00000000 08:01 2891345                    /lib/x86_64-linux-gnu/libm-2.26.so
7fd9b3971000-7fd9b3b70000 ---p 00155000 08:01 2891345                    /lib/x86_64-linux-gnu/libm-2.26.so
7fd9b3b70000-7fd9b3b71000 r--p 00154000 08:01 2891345                    /lib/x86_64-linux-gnu/libm-2.26.so
7fd9b3b71000-7fd9b3b72000 rw-p 00155000 08:01 2891345                    /lib/x86_64-linux-gnu/libm-2.26.so
7fd9b3b72000-7fd9b4b86000 r-xp 00000000 08:01 2233367                    /usr/lib/jvm/java-9-oracle/lib/server/libjvm.so
7fd9b4b86000-7fd9b4d86000 ---p 01014000 08:01 2233367                    /usr/lib/jvm/java-9-oracle/lib/server/libjvm.so
7fd9b4d86000-7fd9b4e57000 r--p 01014000 08:01 2233367                    /usr/lib/jvm/java-9-oracle/lib/server/libjvm.so
7fd9b4e57000-7fd9b4e8e000 rw-p 010e5000 08:01 2233367                    /usr/lib/jvm/java-9-oracle/lib/server/libjvm.so
7fd9b4e8e000-7fd9b4ef7000 rw-p 00000000 00:00 0 
7fd9b4ef7000-7fd9b50cd000 r-xp 00000000 08:01 2891341                    /lib/x86_64-linux-gnu/libc-2.26.so
7fd9b50cd000-7fd9b52cd000 ---p 001d6000 08:01 2891341                    /lib/x86_64-linux-gnu/libc-2.26.so
7fd9b52cd000-7fd9b52d1000 r--p 001d6000 08:01 2891341                    /lib/x86_64-linux-gnu/libc-2.26.so
7fd9b52d1000-7fd9b52d3000 rw-p 001da000 08:01 2891341                    /lib/x86_64-linux-gnu/libc-2.26.so
7fd9b52d3000-7fd9b52d7000 rw-p 00000000 00:00 0 
7fd9b52d7000-7fd9b52da000 r-xp 00000000 08:01 2891344                    /lib/x86_64-linux-gnu/libdl-2.26.so
7fd9b52da000-7fd9b54d9000 ---p 00003000 08:01 2891344                    /lib/x86_64-linux-gnu/libdl-2.26.so
7fd9b54d9000-7fd9b54da000 r--p 00002000 08:01 2891344                    /lib/x86_64-linux-gnu/libdl-2.26.so
7fd9b54da000-7fd9b54db000 rw-p 00003000 08:01 2891344                    /lib/x86_64-linux-gnu/libdl-2.26.so
7fd9b54db000-7fd9b54e9000 r-xp 00000000 08:01 2105806                    /usr/lib/jvm/java-9-oracle/lib/jli/libjli.so
7fd9b54e9000-7fd9b56e9000 ---p 0000e000 08:01 2105806                    /usr/lib/jvm/java-9-oracle/lib/jli/libjli.so
7fd9b56e9000-7fd9b56ea000 rw-p 0000e000 08:01 2105806                    /usr/lib/jvm/java-9-oracle/lib/jli/libjli.so
7fd9b56ea000-7fd9b5704000 r-xp 00000000 08:01 2891356                    /lib/x86_64-linux-gnu/libpthread-2.26.so
7fd9b5704000-7fd9b5903000 ---p 0001a000 08:01 2891356                    /lib/x86_64-linux-gnu/libpthread-2.26.so
7fd9b5903000-7fd9b5904000 r--p 00019000 08:01 2891356                    /lib/x86_64-linux-gnu/libpthread-2.26.so
7fd9b5904000-7fd9b5905000 rw-p 0001a000 08:01 2891356                    /lib/x86_64-linux-gnu/libpthread-2.26.so
7fd9b5905000-7fd9b5909000 rw-p 00000000 00:00 0 
7fd9b5909000-7fd9b5925000 r-xp 00000000 08:01 2884517                    /lib/x86_64-linux-gnu/libz.so.1.2.11
7fd9b5925000-7fd9b5b24000 ---p 0001c000 08:01 2884517                    /lib/x86_64-linux-gnu/libz.so.1.2.11
7fd9b5b24000-7fd9b5b25000 r--p 0001b000 08:01 2884517                    /lib/x86_64-linux-gnu/libz.so.1.2.11
7fd9b5b25000-7fd9b5b26000 rw-p 0001c000 08:01 2884517                    /lib/x86_64-linux-gnu/libz.so.1.2.11
7fd9b5b26000-7fd9b5b4d000 r-xp 00000000 08:01 2884509                    /lib/x86_64-linux-gnu/ld-2.26.so
7fd9b5b6c000-7fd9b5c2d000 rw-p 00000000 00:00 0 
7fd9b5c2d000-7fd9b5c34000 ---p 00000000 00:00 0 
7fd9b5c34000-7fd9b5c35000 ---p 00000000 00:00 0 
7fd9b5c35000-7fd9b5c39000 ---p 00000000 00:00 0 
7fd9b5c39000-7fd9b5d39000 rw-p 00000000 00:00 0 
7fd9b5d42000-7fd9b5d43000 rw-p 00000000 00:00 0 
7fd9b5d43000-7fd9b5d4b000 rw-s 00000000 08:01 2753933                    /tmp/hsperfdata_rsi-psd-vm/21913
7fd9b5d4b000-7fd9b5d4c000 rw-p 00000000 00:00 0 
7fd9b5d4c000-7fd9b5d4d000 ---p 00000000 00:00 0 
7fd9b5d4d000-7fd9b5d4e000 r--p 00027000 08:01 2884509                    /lib/x86_64-linux-gnu/ld-2.26.so
7fd9b5d4e000-7fd9b5d4f000 rw-p 00028000 08:01 2884509                    /lib/x86_64-linux-gnu/ld-2.26.so
7fd9b5d4f000-7fd9b5d50000 rw-p 00000000 00:00 0 
7ffcab984000-7ffcab9a5000 rw-p 00000000 00:00 0                          [stack]
7ffcab9c5000-7ffcab9c8000 r--p 00000000 00:00 0                          [vvar]
7ffcab9c8000-7ffcab9ca000 r-xp 00000000 00:00 0                          [vdso]
ffffffffff600000-ffffffffff601000 r-xp 00000000 00:00 0                  [vsyscall]

VM Arguments:
jvm_args: -Xmx1g 
java_command: org.apache.spark.deploy.SparkSubmit --master local[4] --queue PyDevSpark2.2.0 --packages org.apache.bahir:spark-streaming-mqtt_2.11:2.2.0 pyspark-shell
java_class_path (initial): $SPARK_HOME/conf:/home/rsi-psd-vm/spark-2.2.0-bin-hadoop2.7/jars/scala-xml_2.11-1.0.2.jar:/home/rsi-psd-vm/spark-2.2.0-bin-hadoop2.7/jars/jersey-common-2.22.2.jar:/home/rsi-psd-vm/spark-2.2.0-bin-hadoop2.7/jars/hadoop-yarn-server-web-proxy-2.7.3.jar:/home/rsi-psd-vm/spark-2.2.0-bin-hadoop2.7/jars/JavaEWAH-0.3.2.jar:/home/rsi-psd-vm/spark-2.2.0-bin-hadoop2.7/jars/parquet-common-1.8.2.jar:/home/rsi-psd-vm/spark-2.2.0-bin-hadoop2.7/jars/hadoop-yarn-server-common-2.7.3.jar:/home/rsi-psd-vm/spark-2.2.0-bin-hadoop2.7/jars/xbean-asm5-shaded-4.4.jar:/home/rsi-psd-vm/spark-2.2.0-bin-hadoop2.7/jars/jackson-mapper-asl-1.9.13.jar:/home/rsi-psd-vm/spark-2.2.0-bin-hadoop2.7/jars/mx4j-3.0.2.jar:/home/rsi-psd-vm/spark-2.2.0-bin-hadoop2.7/jars/commons-cli-1.2.jar:/home/rsi-psd-vm/spark-2.2.0-bin-hadoop2.7/jars/commons-beanutils-1.7.0.jar:/home/rsi-psd-vm/spark-2.2.0-bin-hadoop2.7/jars/curator-client-2.6.0.jar:/home/rsi-psd-vm/spark-2.2.0-bin-hadoop2.7/jars/curator-recipes-2.6.0.jar:/home/rsi-psd-vm/spark-2.2.0-bin-hadoop2.7/jars/hadoop-mapreduce-client-jobclient-2.7.3.jar:/home/rsi-psd-vm/spark-2.2.0-bin-hadoop2.7/jars/osgi-resource-locator-1.0.1.jar:/home/rsi-psd-vm/spark-2.2.0-bin-hadoop2.7/jars/hadoop-yarn-common-2.7.3.jar:/home/rsi-psd-vm/spark-2.2.0-bin-hadoop2.7/jars/ST4-4.0.4.jar:/home/rsi-psd-vm/spark-2.2.0-bin-hadoop2.7/jars/json4s-core_2.11-3.2.11.jar:/home/rsi-psd-vm/spark-2.2.0-bin-hadoop2.7/jars/libfb303-0.9.3.jar:/home/rsi-psd-vm/spark-2.2.0-bin-hadoop2.7/jars/guice-servlet-3.0.jar:/home/rsi-psd-vm/spark-2.2.0-bin-hadoop2.7/jars/hadoop-annotations-2.7.3.jar:/home/rsi-psd-vm/spark-2.2.0-bin-hadoop2.7/jars/commons-io-2.4.jar:/home/rsi-psd-vm/spark-2.2.0-bin-hadoop2.7/jars/ivy-2.4.0.jar:/home/rsi-psd-vm/spark-2.2.0-bin-hadoop2.7/jars/chill_2.11-0.8.0.jar:/home/rsi-psd-vm/spark-2.2.0-bin-hadoop2.7/jars/commons-compress-1.4.1.jar:/home/rsi-psd-vm/spark-2.2.0-bin-hadoop2.7/jars/parquet-jackson-1.8.2.jar:/home/rsi-psd-vm/spark-2.2.0-bin-hadoop2.7/
Launcher Type: SUN_STANDARD

Logging:
Log output configuration:
#0: stdout all=warning uptime,level,tags
#1: stderr all=off uptime,level,tags

Environment Variables:
JAVA_HOME=/usr/lib/jvm/java-9-oracle
PATH=/usr/local/sbin:/usr/local/bin:/usr/sbin:/usr/bin:/sbin:/bin:/usr/games:/usr/local/games:/snap/bin:/usr/lib/jvm/java-9-oracle/bin:/usr/lib/jvm/java-9-oracle/db/bin
SHELL=/bin/bash
DISPLAY=:0

Signal Handlers:
SIGSEGV: [libjvm.so+0xd4ce90], sa_mask[0]=11111111011111111101111111111110, sa_flags=SA_RESTART|SA_SIGINFO
SIGBUS: [libjvm.so+0xd4ce90], sa_mask[0]=11111111011111111101111111111110, sa_flags=SA_RESTART|SA_SIGINFO
SIGFPE: [libjvm.so+0xd4ce90], sa_mask[0]=11111111011111111101111111111110, sa_flags=SA_RESTART|SA_SIGINFO
SIGPIPE: [libjvm.so+0xb64460], sa_mask[0]=11111111011111111101111111111110, sa_flags=SA_RESTART|SA_SIGINFO
SIGXFSZ: [libjvm.so+0xb64460], sa_mask[0]=11111111011111111101111111111110, sa_flags=SA_RESTART|SA_SIGINFO
SIGILL: [libjvm.so+0xd4ce90], sa_mask[0]=11111111011111111101111111111110, sa_flags=SA_RESTART|SA_SIGINFO
SIGUSR2: [libjvm.so+0xb64320], sa_mask[0]=00100000000000000000000000000000, sa_flags=SA_RESTART|SA_SIGINFO
SIGHUP: [libjvm.so+0xb64530], sa_mask[0]=11111111011111111101111111111110, sa_flags=SA_RESTART|SA_SIGINFO
SIGINT: SIG_IGN, sa_mask[0]=00000000000000000000000000000000, sa_flags=none
SIGTERM: [libjvm.so+0xb64530], sa_mask[0]=11111111011111111101111111111110, sa_flags=SA_RESTART|SA_SIGINFO
SIGQUIT: [libjvm.so+0xb64530], sa_mask[0]=11111111011111111101111111111110, sa_flags=SA_RESTART|SA_SIGINFO


---------------  S Y S T E M  ---------------

OS:DISTRIB_ID=Ubuntu
DISTRIB_RELEASE=17.10
DISTRIB_CODENAME=artful
DISTRIB_DESCRIPTION="Ubuntu 17.10"
uname:Linux 4.13.0-43-generic #48-Ubuntu SMP Wed May 16 12:18:48 UTC 2018 x86_64
libc:glibc 2.26 NPTL 2.26 
rlimit: STACK 8192k, CORE 0k, NPROC 7761, NOFILE 1048576, AS infinity
load average:3.06 1.67 1.30

/proc/meminfo:
MemTotal:        2041392 kB
MemFree:           76416 kB
MemAvailable:      47096 kB
Buffers:             744 kB
Cached:           125200 kB
SwapCached:         1344 kB
Active:          1232792 kB
Inactive:         582684 kB
Active(anon):    1206144 kB
Inactive(anon):   547092 kB
Active(file):      26648 kB
Inactive(file):    35592 kB
Unevictable:          16 kB
Mlocked:              16 kB
SwapTotal:       2097148 kB
SwapFree:            260 kB
Dirty:               256 kB
Writeback:             0 kB
AnonPages:       1688268 kB
Mapped:           119212 kB
Shmem:             63744 kB
Slab:              76728 kB
SReclaimable:      29652 kB
SUnreclaim:        47076 kB
KernelStack:       13392 kB
PageTables:        33272 kB
NFS_Unstable:          0 kB
Bounce:                0 kB
WritebackTmp:          0 kB
CommitLimit:     3117844 kB
Committed_AS:    7624560 kB
VmallocTotal:   34359738367 kB
VmallocUsed:           0 kB
VmallocChunk:          0 kB
HardwareCorrupted:     0 kB
AnonHugePages:         0 kB
ShmemHugePages:        0 kB
ShmemPmdMapped:        0 kB
CmaTotal:              0 kB
CmaFree:               0 kB
HugePages_Total:       0
HugePages_Free:        0
HugePages_Rsvd:        0
HugePages_Surp:        0
Hugepagesize:       2048 kB
DirectMap4k:      122816 kB
DirectMap2M:     1974272 kB


CPU:total 2 (initial active 2) (2 cores per cpu, 1 threads per core) family 6 model 69 stepping 1, cmov, cx8, fxsr, mmx, sse, sse2, sse3, ssse3, sse4.1, sse4.2, popcnt, avx, aes, clmul, lzcnt, tsc, tscinvbit
CPU Model and flags from /proc/cpuinfo:
model name	: Intel(R) Core(TM) i5-4308U CPU @ 2.80GHz
flags		: fpu vme de pse tsc msr pae mce cx8 apic sep mtrr pge mca cmov pat pse36 clflush mmx fxsr sse sse2 ht syscall nx rdtscp lm constant_tsc rep_good nopl xtopology nonstop_tsc cpuid pni pclmulqdq ssse3 cx16 sse4_1 sse4_2 x2apic movbe popcnt aes xsave avx rdrand hypervisor lahf_lm abm pti retpoline

Memory: 4k page, physical 2041392k(76416k free), swap 2097148k(260k free)

vm_info: Java HotSpot(TM) 64-Bit Server VM (9.0.1+11) for linux-amd64 JRE (9.0.1+11), built on Sep 27 2017 20:48:27 by "mach5one" with gcc 4.9.2

END.
