#
# There is insufficient memory for the Java Runtime Environment to continue.
# Native memory allocation (mmap) failed to map 162529280 bytes for committing reserved memory.
# Possible reasons:
#   The system is out of physical RAM or swap space
#   The process is running with CompressedOops enabled, and the Java Heap may be blocking the growth of the native heap
# Possible solutions:
#   Reduce memory load on the system
#   Increase physical memory or swap space
#   Check if swap backing store is full
#   Decrease Java heap size (-Xmx/-Xms)
#   Decrease number of Java threads
#   Decrease Java thread stack sizes (-Xss)
#   Set larger code cache with -XX:ReservedCodeCacheSize=
#   JVM is running with Unscaled Compressed Oops mode in which the Java heap is
#     placed in the first 4GB address space. The Java Heap base address is the
#     maximum limit for the native heap growth. Please use -XX:HeapBaseMinAddress
#     to set the Java Heap base and to place the Java Heap above 4GB virtual address.
# This output file may be truncated or incomplete.
#
#  Out of Memory Error (os_linux.cpp:2647), pid=32707, tid=32736
#
# JRE version: Java(TM) SE Runtime Environment (9.0+11) (build 9.0.1+11)
# Java VM: Java HotSpot(TM) 64-Bit Server VM (9.0.1+11, mixed mode, tiered, compressed oops, g1 gc, linux-amd64)
# Core dump will be written. Default location: Core dumps may be processed with "/usr/share/apport/apport %p %s %c %d %P" (or dumping to /home/rsi-psd-vm/eclipse-workspace/PythonSparkStreamingMQTTWordCountProject/src/core.32707)
#

---------------  S U M M A R Y ------------

Command Line: -Xmx1g org.apache.spark.deploy.SparkSubmit --master local[4] --queue PyDevSpark2.2.0 --packages org.apache.bahir:spark-streaming-mqtt_2.11:2.2.0 pyspark-shell

Host: Intel(R) Core(TM) i7-7500U CPU @ 2.70GHz, 2 cores, 3G, Ubuntu 17.10
Time: Fri Aug  3 19:48:51 2018 +00 elapsed time: 198 seconds (0d 0h 3m 18s)

---------------  T H R E A D  ---------------

Current thread (0x00007fd73c0e7800):  VMThread "VM Thread" [stack: 0x00007fd72019d000,0x00007fd72029d000] [id=32736]

Stack: [0x00007fd72019d000,0x00007fd72029d000],  sp=0x00007fd72029b020,  free space=1016k
Native frames: (J=compiled Java code, A=aot compiled Java code, j=interpreted, Vv=VM code, C=native code)
V  [libjvm.so+0xd4c1e2]  VMError::report_and_die(int, char const*, char const*, __va_list_tag*, Thread*, unsigned char*, void*, void*, char const*, int, unsigned long)+0x162
V  [libjvm.so+0xd4ce4b]  VMError::report_and_die(Thread*, char const*, int, unsigned long, VMErrorType, char const*, __va_list_tag*)+0x2b
V  [libjvm.so+0x6548f8]  report_vm_out_of_memory(char const*, int, unsigned long, VMErrorType, char const*, ...)+0xd8
V  [libjvm.so+0xb67f21]  os::pd_commit_memory_or_exit(char*, unsigned long, unsigned long, bool, char const*)+0x101
V  [libjvm.so+0xb625ad]  os::commit_memory_or_exit(char*, unsigned long, unsigned long, bool, char const*)+0x1d
V  [libjvm.so+0x7632a2]  G1PageBasedVirtualSpace::commit_preferred_pages(unsigned long, unsigned long)+0x62
V  [libjvm.so+0x7635be]  G1PageBasedVirtualSpace::commit(unsigned long, unsigned long)+0x11e
V  [libjvm.so+0x766523]  G1RegionsLargerThanCommitSizeMapper::commit_regions(unsigned int, unsigned long, WorkGang*)+0x43
V  [libjvm.so+0x7f741c]  HeapRegionManager::commit_regions(unsigned int, unsigned long, WorkGang*)+0x7c
V  [libjvm.so+0x7f7fe4]  HeapRegionManager::make_regions_available(unsigned int, unsigned int, WorkGang*)+0x34
V  [libjvm.so+0x7f8501]  HeapRegionManager::expand_by(unsigned int, WorkGang*)+0x71
V  [libjvm.so+0x729897]  G1CollectedHeap::expand(unsigned long, WorkGang*, double*)+0xd7
V  [libjvm.so+0x7307da]  G1CollectedHeap::do_collection_pause_at_safepoint(double)+0x104a
V  [libjvm.so+0xd5dfe2]  VM_G1IncCollectionPause::doit()+0x82
V  [libjvm.so+0xd5d019]  VM_Operation::evaluate()+0x59
V  [libjvm.so+0xd5ad63]  VMThread::evaluate_operation(VM_Operation*)+0xc3
V  [libjvm.so+0xd5b2d0]  VMThread::loop()+0x210
V  [libjvm.so+0xd5b7e2]  VMThread::run()+0x72
V  [libjvm.so+0xb6de12]  thread_native_entry(Thread*)+0xf2

VM_Operation (0x00007fd6d96c0570): G1IncCollectionPause, mode: safepoint, requested by thread 0x00007fd6f0077000


---------------  P R O C E S S  ---------------

Java Threads: ( => current thread )
  0x00007fd71005c800 JavaThread "Worker Monitor for python" daemon [_thread_blocked, id=1383, stack(0x00007fd6d80b1000,0x00007fd6d81b2000)]
  0x00007fd70c0d9000 JavaThread "Worker Monitor for python" daemon [_thread_blocked, id=1382, stack(0x00007fd6d8cb9000,0x00007fd6d8dba000)]
  0x00007fd70400b800 JavaThread "Worker Monitor for python" daemon [_thread_blocked, id=1381, stack(0x00007fd6d85b6000,0x00007fd6d86b7000)]
  0x00007fd6e03b7800 JavaThread "Worker Monitor for python" daemon [_thread_blocked, id=1375, stack(0x00007fd6d8ebb000,0x00007fd6d8fbc000)]
  0x00007fd70c0d6000 JavaThread "block-manager-slave-async-thread-pool-0" daemon [_thread_blocked, id=1356, stack(0x00007fd6d84b5000,0x00007fd6d85b6000)]
  0x00007fd71005e000 JavaThread "block-manager-ask-thread-pool-0" daemon [_thread_blocked, id=1355, stack(0x00007fd7010c1000,0x00007fd7011c2000)]
  0x00007fd71001e000 JavaThread "Executor task launch worker for task 40" daemon [_thread_blocked, id=1101, stack(0x00007fd6d90bd000,0x00007fd6d91be000)]
  0x00007fd710057800 JavaThread "task-result-getter-3" daemon [_thread_blocked, id=1075, stack(0x00007fd6d9ec9000,0x00007fd6d9fca000)]
  0x00007fd710051000 JavaThread "task-result-getter-2" daemon [_thread_blocked, id=1074, stack(0x00007fd6d9dc8000,0x00007fd6d9ec9000)]
  0x00007fd710050000 JavaThread "task-result-getter-1" daemon [_thread_blocked, id=1073, stack(0x00007fd6d9ac5000,0x00007fd6d9bc6000)]
  0x00007fd70c09f800 JavaThread "task-result-getter-0" daemon [_thread_blocked, id=1018, stack(0x00007fd6d8fbc000,0x00007fd6d90bd000)]
  0x00007fd710024800 JavaThread "stderr reader for python" daemon [_thread_in_native, id=973, stack(0x00007fd6d9bc6000,0x00007fd6d9cc7000)]
  0x00007fd710024000 JavaThread "stdout reader for python" daemon [_thread_in_native, id=972, stack(0x00007fd6d9cc7000,0x00007fd6d9dc8000)]
  0x00007fd710022000 JavaThread "process reaper" daemon [_thread_in_native, id=853, stack(0x00007fd74003c000,0x00007fd74005e000)]
  0x00007fd71001c000 JavaThread "Idle Worker Monitor for python" daemon [_thread_blocked, id=835, stack(0x00007fd6d91be000,0x00007fd6d92bf000)]
  0x00007fd70c072800 JavaThread "Executor task launch worker for task 44" daemon [_thread_blocked, id=819, stack(0x00007fd6d92bf000,0x00007fd6d93c0000)]
  0x00007fd70c079000 JavaThread "Executor task launch worker for task 46" daemon [_thread_blocked, id=818, stack(0x00007fd6d93c0000,0x00007fd6d94c1000)]
  0x00007fd70c078000 JavaThread "Executor task launch worker for task 47" daemon [_thread_blocked, id=817, stack(0x00007fd6d94c1000,0x00007fd6d95c2000)]
  0x00007fd6f0077000 JavaThread "Thread-31" [_thread_blocked, id=816, stack(0x00007fd6d95c2000,0x00007fd6d96c3000)]
  0x00007fd73cd99000 JavaThread "streaming-job-executor-0" daemon [_thread_in_native, id=772, stack(0x00007fd6d96c3000,0x00007fd6d97c4000)]
  0x00007fd6f014d000 JavaThread "Thread-30" [_thread_blocked, id=733, stack(0x00007fd6d97c4000,0x00007fd6d98c5000)]
  0x00007fd6fc005800 JavaThread "threadDeathWatcher-7-1" daemon [_thread_blocked, id=351, stack(0x00007fd6db0cc000,0x00007fd6db1cd000)]
  0x00007fd718003800 JavaThread "rpc-server-3-2" daemon [_thread_blocked, id=350, stack(0x00007fd6dc3ce000,0x00007fd6dc4cf000)]
  0x00007fd6e0687800 JavaThread "files-client-6-1" daemon [_thread_blocked, id=349, stack(0x00007fd6dc4cf000,0x00007fd6dc5d0000)]
  0x00007fd70c06a800 JavaThread "Executor task launch worker for task 45" daemon [_thread_blocked, id=340, stack(0x00007fd700bc0000,0x00007fd700cc1000)]
  0x00007fd7140a9800 JavaThread "RecurringTimer - JobGenerator" daemon [_thread_blocked, id=339, stack(0x00007fd6dcbdd000,0x00007fd6dccde000)]
  0x00007fd7140aa800 JavaThread "ForkJoinPool-1-worker-1" daemon [_thread_blocked, id=338, stack(0x00007fd6dccde000,0x00007fd6dcddf000)]
  0x00007fd71405b000 JavaThread "JobGenerator" daemon [_thread_in_native, id=337, stack(0x00007fd6dcddf000,0x00007fd6dcee0000)]
  0x00007fd714049000 JavaThread "JobScheduler" daemon [_thread_blocked, id=336, stack(0x00007fd6dcee0000,0x00007fd6dcfe1000)]
  0x00007fd6f8878000 JavaThread "pool-17-thread-1" [_thread_blocked, id=334, stack(0x00007fd6dd1e1000,0x00007fd6dd2e2000)]
  0x00007fd6f884c000 JavaThread "SparkListenerBus" daemon [_thread_blocked, id=331, stack(0x00007fd6dd4e2000,0x00007fd6dd5e3000)]
  0x00007fd6f8849000 JavaThread "context-cleaner-periodic-gc" daemon [_thread_blocked, id=330, stack(0x00007fd6dd5e3000,0x00007fd6dd6e4000)]
  0x00007fd6f8848000 JavaThread "Spark Context Cleaner" daemon [_thread_blocked, id=329, stack(0x00007fd6dd6e4000,0x00007fd6dd7e5000)]
  0x00007fd6f872b800 JavaThread "shuffle-server-5-1" daemon [_thread_blocked, id=328, stack(0x00007fd6dd9e5000,0x00007fd6ddae6000)]
  0x00007fd6f8647000 JavaThread "driver-heartbeater" daemon [_thread_blocked, id=327, stack(0x00007fd6ddae6000,0x00007fd6ddbe7000)]
  0x00007fd6f8635000 JavaThread "dag-scheduler-event-loop" daemon [_thread_blocked, id=326, stack(0x00007fd6ddbe7000,0x00007fd6ddce8000)]
  0x00007fd6ec214000 JavaThread "netty-rpc-env-timeout" daemon [_thread_blocked, id=325, stack(0x00007fd6ddce8000,0x00007fd6ddde9000)]
  0x00007fd6f8617800 JavaThread "Timer-0" daemon [_thread_blocked, id=324, stack(0x00007fd6ddde9000,0x00007fd6ddeea000)]
  0x00007fd70c009800 JavaThread "heartbeat-receiver-event-loop-thread" daemon [_thread_blocked, id=321, stack(0x00007fd6ddeea000,0x00007fd6ddfeb000)]
  0x00007fd6f85dc000 JavaThread "org.apache.hadoop.fs.FileSystem$Statistics$StatisticsDataReferenceCleaner" daemon [_thread_blocked, id=312, stack(0x00007fd6ddfeb000,0x00007fd6de0ec000)]
  0x00007fd6f8536000 JavaThread "SparkUI-42" daemon [_thread_blocked, id=311, stack(0x00007fd6de4ec000,0x00007fd6de5ed000)]
  0x00007fd6f8534000 JavaThread "SparkUI-41" daemon [_thread_blocked, id=310, stack(0x00007fd6de5ed000,0x00007fd6de6ee000)]
  0x00007fd6f8532800 JavaThread "SparkUI-40" daemon [_thread_blocked, id=309, stack(0x00007fd6de6ee000,0x00007fd6de7ef000)]
  0x00007fd6f8530800 JavaThread "SparkUI-39" daemon [_thread_blocked, id=307, stack(0x00007fd6de7ef000,0x00007fd6de8f0000)]
  0x00007fd6f852f000 JavaThread "SparkUI-38" daemon [_thread_blocked, id=306, stack(0x00007fd6de8f0000,0x00007fd6de9f1000)]
  0x00007fd6f852d000 JavaThread "SparkUI-37" daemon [_thread_blocked, id=305, stack(0x00007fd6de9f1000,0x00007fd6deaf2000)]
  0x00007fd6f852b000 JavaThread "SparkUI-36-acceptor-0@206367ca-ServerConnector@2ea48db6{HTTP/1.1,[http/1.1]}{172.16.185.64:4041}" daemon [_thread_in_native, id=304, stack(0x00007fd6deaf2000,0x00007fd6debf3000)]
  0x00007fd6f8522800 JavaThread "SparkUI-35" daemon [_thread_in_native, id=303, stack(0x00007fd6debf3000,0x00007fd6decf4000)]
  0x00007fd6f8497000 JavaThread "refresh progress" daemon [_thread_blocked, id=302, stack(0x00007fd6decf4000,0x00007fd6dedf5000)]
  0x00007fd6f8446000 JavaThread "map-output-dispatcher-7" daemon [_thread_blocked, id=301, stack(0x00007fd6deff5000,0x00007fd6df0f6000)]
  0x00007fd6f8444000 JavaThread "map-output-dispatcher-6" daemon [_thread_blocked, id=300, stack(0x00007fd6df0f6000,0x00007fd6df1f7000)]
  0x00007fd6f8442800 JavaThread "map-output-dispatcher-5" daemon [_thread_blocked, id=32767, stack(0x00007fd6df1f7000,0x00007fd6df2f8000)]
  0x00007fd6f8441000 JavaThread "map-output-dispatcher-4" daemon [_thread_blocked, id=32766, stack(0x00007fd6df2f8000,0x00007fd6df3f9000)]
  0x00007fd6f843f000 JavaThread "map-output-dispatcher-3" daemon [_thread_blocked, id=32765, stack(0x00007fd6df3f9000,0x00007fd6df4fa000)]
  0x00007fd6f843d800 JavaThread "map-output-dispatcher-2" daemon [_thread_blocked, id=32764, stack(0x00007fd6df4fa000,0x00007fd6df5fb000)]
  0x00007fd6f843b800 JavaThread "map-output-dispatcher-1" daemon [_thread_blocked, id=32763, stack(0x00007fd6df5fb000,0x00007fd6df6fc000)]
  0x00007fd6f8437000 JavaThread "map-output-dispatcher-0" daemon [_thread_blocked, id=32762, stack(0x00007fd6df6fc000,0x00007fd6df7fd000)]
  0x00007fd6f8424800 JavaThread "rpc-server-3-1" daemon [_thread_blocked, id=32761, stack(0x00007fd6df7fd000,0x00007fd6df8fe000)]
  0x00007fd6f82e9800 JavaThread "dispatcher-event-loop-1" daemon [_thread_blocked, id=32760, stack(0x00007fd6dfafe000,0x00007fd6dfbff000)]
  0x00007fd6f82e9000 JavaThread "dispatcher-event-loop-0" daemon [_thread_blocked, id=32759, stack(0x00007fd7002b4000,0x00007fd7003b5000)]
  0x00007fd6f000c000 JavaThread "Thread-1" [_thread_blocked, id=32755, stack(0x00007fd7009be000,0x00007fd700abf000)]
  0x00007fd73cf3a000 JavaThread "Thread-0" [_thread_in_native, id=32754, stack(0x00007fd700abf000,0x00007fd700bc0000)]
  0x00007fd73c1bc000 JavaThread "Service Thread" daemon [_thread_blocked, id=32744, stack(0x00007fd7029f5000,0x00007fd702af6000)]
  0x00007fd73c129000 JavaThread "Common-Cleaner" daemon [_thread_blocked, id=32743, stack(0x00007fd702af6000,0x00007fd702bf7000)]
  0x00007fd73c11a800 JavaThread "Sweeper thread" daemon [_thread_blocked, id=32742, stack(0x00007fd70301f000,0x00007fd703120000)]
  0x00007fd73c118800 JavaThread "C1 CompilerThread1" daemon [_thread_blocked, id=32741, stack(0x00007fd703120000,0x00007fd703221000)]
  0x00007fd73c114800 JavaThread "C2 CompilerThread0" daemon [_thread_blocked, id=32740, stack(0x00007fd703221000,0x00007fd703322000)]
  0x00007fd73c116800 JavaThread "Signal Dispatcher" daemon [_thread_blocked, id=32739, stack(0x00007fd703322000,0x00007fd703423000)]
  0x00007fd73c0f9800 JavaThread "Finalizer" daemon [_thread_blocked, id=32738, stack(0x00007fd7036ff000,0x00007fd703800000)]
  0x00007fd73c0f1000 JavaThread "Reference Handler" daemon [_thread_blocked, id=32737, stack(0x00007fd72009b000,0x00007fd72019c000)]
  0x00007fd73c016800 JavaThread "main" [_thread_in_native, id=32728, stack(0x00007fd743440000,0x00007fd743540000)]

Other Threads:
=>0x00007fd73c0e7800 VMThread "VM Thread" [stack: 0x00007fd72019d000,0x00007fd72029d000] [id=32736]
  0x00007fd73c1be800 WatcherThread [stack: 0x00007fd7028f5000,0x00007fd7029f5000] [id=32745]
  0x00007fd73c02e000 GCTaskThread "GC Thread#0" [stack: 0x00007fd72151e000,0x00007fd72161e000] [id=32729]
  0x00007fd73c02f800 GCTaskThread "GC Thread#1" [stack: 0x00007fd72141d000,0x00007fd72151d000] [id=32730]
  0x00007fd73c04a800 ConcurrentGCThread "G1 Main Marker" [stack: 0x00007fd720617000,0x00007fd720717000] [id=32734]
  0x00007fd73c04c800 ConcurrentGCThread "G1 Marker#0" [stack: 0x00007fd720516000,0x00007fd720616000] [id=32735]
  0x00007fd73c033000 ConcurrentGCThread "G1 Refine#0" [stack: 0x00007fd721019000,0x00007fd721119000] [id=32732]
  0x00007fd73c031800 ConcurrentGCThread "G1 Refine#1" [stack: 0x00007fd72111a000,0x00007fd72121a000] [id=32731]
  0x00007fd73c035000 ConcurrentGCThread "G1 Young RemSet Sampling" [stack: 0x00007fd720f18000,0x00007fd721018000] [id=32733]

Threads with active compile tasks:
C1 CompilerThread17545       3       com.esotericsoftware.kryo.serializers.FieldSerializerAnnotationsUtil::processAnnotatedFields (743 bytes)
C2 CompilerThread07156       4       com.esotericsoftware.kryo.Kryo::getDefaultSerializer (97 bytes)

VM state:at safepoint (normal execution)

VM Mutex/Monitor currently owned by a thread:  ([mutex/lock_event])
[0x00007fd73c012c60] Threads_lock - owner thread: 0x00007fd73c0e7800
[0x00007fd73c013200] Heap_lock - owner thread: 0x00007fd6f0077000

Heap address: 0x00000000c0000000, size: 1024 MB, Compressed Oops mode: 32-bit
Narrow klass base: 0x0000000000000000, Narrow klass shift: 3
Compressed class space size: 1073741824 Address: 0x0000000100000000

Heap:
 garbage-first heap   total 417792K, used 75671K [0x00000000c0000000, 0x00000000c0100cc0, 0x0000000100000000)
  region size 1024K, 2 young (2048K), 2 survivors (2048K)
 Metaspace       used 62472K, capacity 64158K, committed 64460K, reserved 1105920K
  class space    used 8046K, capacity 8392K, committed 8448K, reserved 1048576K
Heap Regions: E=young(eden), S=young(survivor), O=old, HS=humongous(starts), HC=humongous(continues), CS=collection set, F=free, A=archive, TS=gc time stamp, AC=allocation context, TAMS=top-at-mark-start (previous, next)
|   0|0x00000000c0000000, 0x00000000c0100000, 0x00000000c0100000|100%|HS|  |TS  0|AC  0|TAMS 0x00000000c0100000, 0x00000000c0100000|
|   1|0x00000000c0100000, 0x00000000c0200000, 0x00000000c0200000|100%|HS|  |TS  0|AC  0|TAMS 0x00000000c0200000, 0x00000000c0200000|
|   2|0x00000000c0200000, 0x00000000c0300000, 0x00000000c0300000|100%| O|  |TS  0|AC  0|TAMS 0x00000000c0300000, 0x00000000c0300000|
|   3|0x00000000c0300000, 0x00000000c0400000, 0x00000000c0400000|100%|HS|  |TS  0|AC  0|TAMS 0x00000000c0400000, 0x00000000c0400000|
|   4|0x00000000c0400000, 0x00000000c0500000, 0x00000000c0500000|100%|HC|  |TS  0|AC  0|TAMS 0x00000000c0500000, 0x00000000c0500000|
|   5|0x00000000c0500000, 0x00000000c0600000, 0x00000000c0600000|100%| O|  |TS  0|AC  0|TAMS 0x00000000c0600000, 0x00000000c0600000|
|   6|0x00000000c0600000, 0x00000000c0700000, 0x00000000c0700000|100%| O|  |TS  0|AC  0|TAMS 0x00000000c0700000, 0x00000000c0700000|
|   7|0x00000000c0700000, 0x00000000c0800000, 0x00000000c0800000|100%| O|  |TS  0|AC  0|TAMS 0x00000000c0800000, 0x00000000c0800000|
|   8|0x00000000c0800000, 0x00000000c0900000, 0x00000000c0900000|100%| O|  |TS  0|AC  0|TAMS 0x00000000c0900000, 0x00000000c0900000|
|   9|0x00000000c0900000, 0x00000000c0a00000, 0x00000000c0a00000|100%| O|  |TS  0|AC  0|TAMS 0x00000000c0a00000, 0x00000000c0a00000|
|  10|0x00000000c0a00000, 0x00000000c0b00000, 0x00000000c0b00000|100%| O|  |TS  0|AC  0|TAMS 0x00000000c0b00000, 0x00000000c0b00000|
|  11|0x00000000c0b00000, 0x00000000c0c00000, 0x00000000c0c00000|100%| O|  |TS  0|AC  0|TAMS 0x00000000c0c00000, 0x00000000c0c00000|
|  12|0x00000000c0c00000, 0x00000000c0d00000, 0x00000000c0d00000|100%|HS|  |TS  0|AC  0|TAMS 0x00000000c0d00000, 0x00000000c0d00000|
|  13|0x00000000c0d00000, 0x00000000c0e00000, 0x00000000c0e00000|100%|HS|  |TS  0|AC  0|TAMS 0x00000000c0e00000, 0x00000000c0e00000|
|  14|0x00000000c0e00000, 0x00000000c0f00000, 0x00000000c0f00000|100%|HS|  |TS  0|AC  0|TAMS 0x00000000c0f00000, 0x00000000c0f00000|
|  15|0x00000000c0f00000, 0x00000000c1000000, 0x00000000c1000000|100%| O|  |TS  0|AC  0|TAMS 0x00000000c1000000, 0x00000000c1000000|
|  16|0x00000000c1000000, 0x00000000c1100000, 0x00000000c1100000|100%| O|  |TS  0|AC  0|TAMS 0x00000000c1100000, 0x00000000c1100000|
|  17|0x00000000c1100000, 0x00000000c1200000, 0x00000000c1200000|100%| O|  |TS  0|AC  0|TAMS 0x00000000c1200000, 0x00000000c1200000|
|  18|0x00000000c1200000, 0x00000000c1300000, 0x00000000c1300000|100%| O|  |TS  0|AC  0|TAMS 0x00000000c1300000, 0x00000000c1300000|
|  19|0x00000000c1300000, 0x00000000c1400000, 0x00000000c1400000|100%| O|  |TS  0|AC  0|TAMS 0x00000000c1400000, 0x00000000c1400000|
|  20|0x00000000c1400000, 0x00000000c1500000, 0x00000000c1500000|100%| O|  |TS  0|AC  0|TAMS 0x00000000c1500000, 0x00000000c1500000|
|  21|0x00000000c1500000, 0x00000000c1600000, 0x00000000c1600000|100%| O|  |TS  0|AC  0|TAMS 0x00000000c1600000, 0x00000000c1600000|
|  22|0x00000000c1600000, 0x00000000c1700000, 0x00000000c1700000|100%| O|  |TS  0|AC  0|TAMS 0x00000000c1700000, 0x00000000c1700000|
|  23|0x00000000c1700000, 0x00000000c1800000, 0x00000000c1800000|100%| O|  |TS  0|AC  0|TAMS 0x00000000c1800000, 0x00000000c1800000|
|  24|0x00000000c1800000, 0x00000000c1900000, 0x00000000c1900000|100%| O|  |TS  0|AC  0|TAMS 0x00000000c1900000, 0x00000000c1900000|
|  25|0x00000000c1900000, 0x00000000c1a00000, 0x00000000c1a00000|100%| O|  |TS  0|AC  0|TAMS 0x00000000c1a00000, 0x00000000c1a00000|
|  26|0x00000000c1a00000, 0x00000000c1b00000, 0x00000000c1b00000|100%| O|  |TS  0|AC  0|TAMS 0x00000000c1b00000, 0x00000000c1b00000|
|  27|0x00000000c1b00000, 0x00000000c1c00000, 0x00000000c1c00000|100%| O|  |TS  0|AC  0|TAMS 0x00000000c1c00000, 0x00000000c1c00000|
|  28|0x00000000c1c00000, 0x00000000c1d00000, 0x00000000c1d00000|100%| O|  |TS  0|AC  0|TAMS 0x00000000c1d00000, 0x00000000c1d00000|
|  29|0x00000000c1d00000, 0x00000000c1e00000, 0x00000000c1e00000|100%| O|  |TS  5|AC  0|TAMS 0x00000000c1d00000, 0x00000000c1d00000|
|  30|0x00000000c1e00000, 0x00000000c1f00000, 0x00000000c1f00000|100%| O|  |TS  5|AC  0|TAMS 0x00000000c1e00000, 0x00000000c1e00000|
|  31|0x00000000c1f00000, 0x00000000c2000000, 0x00000000c2000000|100%| O|  |TS  5|AC  0|TAMS 0x00000000c1f00000, 0x00000000c1f00000|
|  32|0x00000000c2000000, 0x00000000c2084a00, 0x00000000c2100000| 51%| O|  |TS  9|AC  0|TAMS 0x00000000c2000000, 0x00000000c2000000|
|  33|0x00000000c2100000, 0x00000000c2200000, 0x00000000c2200000|100%| O|  |TS  0|AC  0|TAMS 0x00000000c2200000, 0x00000000c2200000|
|  34|0x00000000c2200000, 0x00000000c2300000, 0x00000000c2300000|100%|HS|  |TS  0|AC  0|TAMS 0x00000000c2300000, 0x00000000c2300000|
|  35|0x00000000c2300000, 0x00000000c2400000, 0x00000000c2400000|100%|HC|  |TS  0|AC  0|TAMS 0x00000000c2400000, 0x00000000c2400000|
|  36|0x00000000c2400000, 0x00000000c2500000, 0x00000000c2500000|100%|HC|  |TS  0|AC  0|TAMS 0x00000000c2500000, 0x00000000c2500000|
|  37|0x00000000c2500000, 0x00000000c2600000, 0x00000000c2600000|100%|HC|  |TS  0|AC  0|TAMS 0x00000000c2600000, 0x00000000c2600000|
|  38|0x00000000c2600000, 0x00000000c2700000, 0x00000000c2700000|100%|HC|  |TS  0|AC  0|TAMS 0x00000000c2700000, 0x00000000c2700000|
|  39|0x00000000c2700000, 0x00000000c2800000, 0x00000000c2800000|100%|HC|  |TS  0|AC  0|TAMS 0x00000000c2800000, 0x00000000c2800000|
|  40|0x00000000c2800000, 0x00000000c2900000, 0x00000000c2900000|100%|HC|  |TS  0|AC  0|TAMS 0x00000000c2900000, 0x00000000c2900000|
|  41|0x00000000c2900000, 0x00000000c2a00000, 0x00000000c2a00000|100%|HC|  |TS  0|AC  0|TAMS 0x00000000c2a00000, 0x00000000c2a00000|
|  42|0x00000000c2a00000, 0x00000000c2b00000, 0x00000000c2b00000|100%|HC|  |TS  0|AC  0|TAMS 0x00000000c2b00000, 0x00000000c2b00000|
|  43|0x00000000c2b00000, 0x00000000c2c00000, 0x00000000c2c00000|100%|HC|  |TS  0|AC  0|TAMS 0x00000000c2c00000, 0x00000000c2c00000|
|  44|0x00000000c2c00000, 0x00000000c2d00000, 0x00000000c2d00000|100%|HC|  |TS  0|AC  0|TAMS 0x00000000c2d00000, 0x00000000c2d00000|
|  45|0x00000000c2d00000, 0x00000000c2e00000, 0x00000000c2e00000|100%|HC|  |TS  0|AC  0|TAMS 0x00000000c2e00000, 0x00000000c2e00000|
|  46|0x00000000c2e00000, 0x00000000c2f00000, 0x00000000c2f00000|100%|HC|  |TS  0|AC  0|TAMS 0x00000000c2f00000, 0x00000000c2f00000|
|  47|0x00000000c2f00000, 0x00000000c3000000, 0x00000000c3000000|100%|HC|  |TS  0|AC  0|TAMS 0x00000000c3000000, 0x00000000c3000000|
|  48|0x00000000c3000000, 0x00000000c3100000, 0x00000000c3100000|100%|HC|  |TS  0|AC  0|TAMS 0x00000000c3100000, 0x00000000c3100000|
|  49|0x00000000c3100000, 0x00000000c3200000, 0x00000000c3200000|100%|HC|  |TS  0|AC  0|TAMS 0x00000000c3200000, 0x00000000c3200000|
|  50|0x00000000c3200000, 0x00000000c3300000, 0x00000000c3300000|100%|HC|  |TS  0|AC  0|TAMS 0x00000000c3300000, 0x00000000c3300000|
|  51|0x00000000c3300000, 0x00000000c3400000, 0x00000000c3400000|100%| O|  |TS  0|AC  0|TAMS 0x00000000c3400000, 0x00000000c3400000|
|  52|0x00000000c3400000, 0x00000000c3500000, 0x00000000c3500000|100%| O|  |TS  0|AC  0|TAMS 0x00000000c3500000, 0x00000000c3500000|
|  53|0x00000000c3500000, 0x00000000c3500000, 0x00000000c3600000|  0%| F|  |TS  3|AC  0|TAMS 0x00000000c3500000, 0x00000000c3500000|
|  54|0x00000000c3600000, 0x00000000c3600000, 0x00000000c3700000|  0%| F|  |TS  3|AC  0|TAMS 0x00000000c3600000, 0x00000000c3600000|
|  55|0x00000000c3700000, 0x00000000c3700000, 0x00000000c3800000|  0%| F|  |TS  3|AC  0|TAMS 0x00000000c3700000, 0x00000000c3700000|
|  56|0x00000000c3800000, 0x00000000c3800000, 0x00000000c3900000|  0%| F|  |TS  3|AC  0|TAMS 0x00000000c3800000, 0x00000000c3800000|
|  57|0x00000000c3900000, 0x00000000c3900000, 0x00000000c3a00000|  0%| F|  |TS  3|AC  0|TAMS 0x00000000c3900000, 0x00000000c3900000|
|  58|0x00000000c3a00000, 0x00000000c3a00000, 0x00000000c3b00000|  0%| F|  |TS  1|AC  0|TAMS 0x00000000c3a00000, 0x00000000c3a00000|
|  59|0x00000000c3b00000, 0x00000000c3b00000, 0x00000000c3c00000|  0%| F|  |TS  1|AC  0|TAMS 0x00000000c3b00000, 0x00000000c3b00000|
|  60|0x00000000c3c00000, 0x00000000c3c00000, 0x00000000c3d00000|  0%| F|  |TS  1|AC  0|TAMS 0x00000000c3c00000, 0x00000000c3c00000|
|  61|0x00000000c3d00000, 0x00000000c3d00000, 0x00000000c3e00000|  0%| F|  |TS  1|AC  0|TAMS 0x00000000c3d00000, 0x00000000c3d00000|
|  62|0x00000000c3e00000, 0x00000000c3e00000, 0x00000000c3f00000|  0%| F|  |TS  1|AC  0|TAMS 0x00000000c3e00000, 0x00000000c3e00000|
|  63|0x00000000c3f00000, 0x00000000c3f00000, 0x00000000c4000000|  0%| F|  |TS  1|AC  0|TAMS 0x00000000c3f00000, 0x00000000c3f00000|
|  64|0x00000000c4000000, 0x00000000c4000000, 0x00000000c4100000|  0%| F|  |TS  1|AC  0|TAMS 0x00000000c4000000, 0x00000000c4000000|
|  65|0x00000000c4100000, 0x00000000c4200000, 0x00000000c4200000|100%| O|  |TS  0|AC  0|TAMS 0x00000000c4200000, 0x00000000c4200000|
|  66|0x00000000c4200000, 0x00000000c4300000, 0x00000000c4300000|100%| O|  |TS  5|AC  0|TAMS 0x00000000c4242600, 0x00000000c4242600|
|  67|0x00000000c4300000, 0x00000000c4400000, 0x00000000c4400000|100%| O|  |TS  0|AC  0|TAMS 0x00000000c4400000, 0x00000000c4400000|
|  68|0x00000000c4400000, 0x00000000c4400000, 0x00000000c4500000|  0%| F|  |TS  1|AC  0|TAMS 0x00000000c4400000, 0x00000000c4400000|
|  69|0x00000000c4500000, 0x00000000c4500000, 0x00000000c4600000|  0%| F|  |TS  1|AC  0|TAMS 0x00000000c4500000, 0x00000000c4500000|
|  70|0x00000000c4600000, 0x00000000c4600000, 0x00000000c4700000|  0%| F|  |TS  1|AC  0|TAMS 0x00000000c4600000, 0x00000000c4600000|
|  71|0x00000000c4700000, 0x00000000c4700000, 0x00000000c4800000|  0%| F|  |TS  1|AC  0|TAMS 0x00000000c4700000, 0x00000000c4700000|
|  72|0x00000000c4800000, 0x00000000c4800000, 0x00000000c4900000|  0%| F|  |TS  1|AC  0|TAMS 0x00000000c4800000, 0x00000000c4800000|
|  73|0x00000000c4900000, 0x00000000c4900000, 0x00000000c4a00000|  0%| F|  |TS  1|AC  0|TAMS 0x00000000c4900000, 0x00000000c4900000|
|  74|0x00000000c4a00000, 0x00000000c4a00000, 0x00000000c4b00000|  0%| F|  |TS  0|AC  0|TAMS 0x00000000c4a00000, 0x00000000c4a00000|
|  75|0x00000000c4b00000, 0x00000000c4c00000, 0x00000000c4c00000|100%|HS|  |TS  0|AC  0|TAMS 0x00000000c4c00000, 0x00000000c4c00000|
|  76|0x00000000c4c00000, 0x00000000c4d00000, 0x00000000c4d00000|100%|HC|  |TS  0|AC  0|TAMS 0x00000000c4d00000, 0x00000000c4d00000|
|  77|0x00000000c4d00000, 0x00000000c4e00000, 0x00000000c4e00000|100%|HC|  |TS  0|AC  0|TAMS 0x00000000c4e00000, 0x00000000c4e00000|
|  78|0x00000000c4e00000, 0x00000000c4f00000, 0x00000000c4f00000|100%|HC|  |TS  0|AC  0|TAMS 0x00000000c4f00000, 0x00000000c4f00000|
|  79|0x00000000c4f00000, 0x00000000c5000000, 0x00000000c5000000|100%|HC|  |TS  0|AC  0|TAMS 0x00000000c5000000, 0x00000000c5000000|
|  80|0x00000000c5000000, 0x00000000c5100000, 0x00000000c5100000|100%|HC|  |TS  0|AC  0|TAMS 0x00000000c5100000, 0x00000000c5100000|
|  81|0x00000000c5100000, 0x00000000c5200000, 0x00000000c5200000|100%|HC|  |TS  0|AC  0|TAMS 0x00000000c5200000, 0x00000000c5200000|
|  82|0x00000000c5200000, 0x00000000c5300000, 0x00000000c5300000|100%|HC|  |TS  0|AC  0|TAMS 0x00000000c5300000, 0x00000000c5300000|
|  83|0x00000000c5300000, 0x00000000c5400000, 0x00000000c5400000|100%|HC|  |TS  0|AC  0|TAMS 0x00000000c5400000, 0x00000000c5400000|
|  84|0x00000000c5400000, 0x00000000c5500000, 0x00000000c5500000|100%|HC|  |TS  0|AC  0|TAMS 0x00000000c5500000, 0x00000000c5500000|
|  85|0x00000000c5500000, 0x00000000c5600000, 0x00000000c5600000|100%|HC|  |TS  0|AC  0|TAMS 0x00000000c5600000, 0x00000000c5600000|
|  86|0x00000000c5600000, 0x00000000c5700000, 0x00000000c5700000|100%|HC|  |TS  0|AC  0|TAMS 0x00000000c5700000, 0x00000000c5700000|
|  87|0x00000000c5700000, 0x00000000c5800000, 0x00000000c5800000|100%|HC|  |TS  0|AC  0|TAMS 0x00000000c5800000, 0x00000000c5800000|
|  88|0x00000000c5800000, 0x00000000c5900000, 0x00000000c5900000|100%|HC|  |TS  0|AC  0|TAMS 0x00000000c5900000, 0x00000000c5900000|
|  89|0x00000000c5900000, 0x00000000c5a00000, 0x00000000c5a00000|100%|HC|  |TS  0|AC  0|TAMS 0x00000000c5a00000, 0x00000000c5a00000|
|  90|0x00000000c5a00000, 0x00000000c5b00000, 0x00000000c5b00000|100%|HC|  |TS  0|AC  0|TAMS 0x00000000c5b00000, 0x00000000c5b00000|
|  91|0x00000000c5b00000, 0x00000000c5c00000, 0x00000000c5c00000|100%|HC|  |TS  0|AC  0|TAMS 0x00000000c5c00000, 0x00000000c5c00000|
|  92|0x00000000c5c00000, 0x00000000c5c00000, 0x00000000c5d00000|  0%| F|  |TS  1|AC  0|TAMS 0x00000000c5c00000, 0x00000000c5c00000|
|  93|0x00000000c5d00000, 0x00000000c5d00000, 0x00000000c5e00000|  0%| F|  |TS  1|AC  0|TAMS 0x00000000c5d00000, 0x00000000c5d00000|
|  94|0x00000000c5e00000, 0x00000000c5e00000, 0x00000000c5f00000|  0%| F|  |TS  1|AC  0|TAMS 0x00000000c5e00000, 0x00000000c5e00000|
|  95|0x00000000c5f00000, 0x00000000c5f00000, 0x00000000c6000000|  0%| F|  |TS  1|AC  0|TAMS 0x00000000c5f00000, 0x00000000c5f00000|
|  96|0x00000000c6000000, 0x00000000c6000000, 0x00000000c6100000|  0%| F|  |TS  1|AC  0|TAMS 0x00000000c6000000, 0x00000000c6000000|
|  97|0x00000000c6100000, 0x00000000c6100000, 0x00000000c6200000|  0%| F|  |TS  1|AC  0|TAMS 0x00000000c6100000, 0x00000000c6100000|
|  98|0x00000000c6200000, 0x00000000c6200000, 0x00000000c6300000|  0%| F|  |TS  1|AC  0|TAMS 0x00000000c6200000, 0x00000000c6200000|
|  99|0x00000000c6300000, 0x00000000c6300000, 0x00000000c6400000|  0%| F|  |TS  1|AC  0|TAMS 0x00000000c6300000, 0x00000000c6300000|
| 100|0x00000000c6400000, 0x00000000c6400000, 0x00000000c6500000|  0%| F|  |TS  1|AC  0|TAMS 0x00000000c6400000, 0x00000000c6400000|
| 101|0x00000000c6500000, 0x00000000c6500000, 0x00000000c6600000|  0%| F|  |TS  1|AC  0|TAMS 0x00000000c6500000, 0x00000000c6500000|
| 102|0x00000000c6600000, 0x00000000c6600000, 0x00000000c6700000|  0%| F|  |TS  1|AC  0|TAMS 0x00000000c6600000, 0x00000000c6600000|
| 103|0x00000000c6700000, 0x00000000c6700000, 0x00000000c6800000|  0%| F|  |TS  1|AC  0|TAMS 0x00000000c6700000, 0x00000000c6700000|
| 104|0x00000000c6800000, 0x00000000c6800000, 0x00000000c6900000|  0%| F|  |TS  1|AC  0|TAMS 0x00000000c6800000, 0x00000000c6800000|
| 105|0x00000000c6900000, 0x00000000c6900000, 0x00000000c6a00000|  0%| F|  |TS  1|AC  0|TAMS 0x00000000c6900000, 0x00000000c6900000|
| 106|0x00000000c6a00000, 0x00000000c6a00000, 0x00000000c6b00000|  0%| F|  |TS  1|AC  0|TAMS 0x00000000c6a00000, 0x00000000c6a00000|
| 107|0x00000000c6b00000, 0x00000000c6b00000, 0x00000000c6c00000|  0%| F|  |TS  1|AC  0|TAMS 0x00000000c6b00000, 0x00000000c6b00000|
| 108|0x00000000c6c00000, 0x00000000c6c00000, 0x00000000c6d00000|  0%| F|  |TS  0|AC  0|TAMS 0x00000000c6c00000, 0x00000000c6c00000|
| 109|0x00000000c6d00000, 0x00000000c6d00000, 0x00000000c6e00000|  0%| F|  |TS  0|AC  0|TAMS 0x00000000c6d00000, 0x00000000c6d00000|
| 110|0x00000000c6e00000, 0x00000000c6e00000, 0x00000000c6f00000|  0%| F|  |TS  0|AC  0|TAMS 0x00000000c6e00000, 0x00000000c6e00000|
| 111|0x00000000c6f00000, 0x00000000c6f00000, 0x00000000c7000000|  0%| F|  |TS  0|AC  0|TAMS 0x00000000c6f00000, 0x00000000c6f00000|
| 112|0x00000000c7000000, 0x00000000c7000000, 0x00000000c7100000|  0%| F|  |TS  0|AC  0|TAMS 0x00000000c7000000, 0x00000000c7000000|
| 113|0x00000000c7100000, 0x00000000c7100000, 0x00000000c7200000|  0%| F|  |TS  0|AC  0|TAMS 0x00000000c7100000, 0x00000000c7100000|
| 114|0x00000000c7200000, 0x00000000c7200000, 0x00000000c7300000|  0%| F|  |TS  0|AC  0|TAMS 0x00000000c7200000, 0x00000000c7200000|
| 115|0x00000000c7300000, 0x00000000c7300000, 0x00000000c7400000|  0%| F|  |TS  0|AC  0|TAMS 0x00000000c7300000, 0x00000000c7300000|
| 116|0x00000000c7400000, 0x00000000c7400000, 0x00000000c7500000|  0%| F|  |TS  0|AC  0|TAMS 0x00000000c7400000, 0x00000000c7400000|
| 117|0x00000000c7500000, 0x00000000c7500000, 0x00000000c7600000|  0%| F|  |TS  0|AC  0|TAMS 0x00000000c7500000, 0x00000000c7500000|
| 118|0x00000000c7600000, 0x00000000c7600000, 0x00000000c7700000|  0%| F|  |TS  0|AC  0|TAMS 0x00000000c7600000, 0x00000000c7600000|
| 119|0x00000000c7700000, 0x00000000c7700000, 0x00000000c7800000|  0%| F|  |TS  0|AC  0|TAMS 0x00000000c7700000, 0x00000000c7700000|
| 120|0x00000000c7800000, 0x00000000c7800000, 0x00000000c7900000|  0%| F|  |TS  0|AC  0|TAMS 0x00000000c7800000, 0x00000000c7800000|
| 121|0x00000000c7900000, 0x00000000c7900000, 0x00000000c7a00000|  0%| F|  |TS  0|AC  0|TAMS 0x00000000c7900000, 0x00000000c7900000|
| 122|0x00000000c7a00000, 0x00000000c7a00000, 0x00000000c7b00000|  0%| F|  |TS  0|AC  0|TAMS 0x00000000c7a00000, 0x00000000c7a00000|
| 123|0x00000000c7b00000, 0x00000000c7b00000, 0x00000000c7c00000|  0%| F|  |TS  0|AC  0|TAMS 0x00000000c7b00000, 0x00000000c7b00000|
| 124|0x00000000c7c00000, 0x00000000c7c00000, 0x00000000c7d00000|  0%| F|  |TS  0|AC  0|TAMS 0x00000000c7c00000, 0x00000000c7c00000|
| 125|0x00000000c7d00000, 0x00000000c7d00000, 0x00000000c7e00000|  0%| F|  |TS  0|AC  0|TAMS 0x00000000c7d00000, 0x00000000c7d00000|
| 126|0x00000000c7e00000, 0x00000000c7e00000, 0x00000000c7f00000|  0%| F|  |TS  0|AC  0|TAMS 0x00000000c7e00000, 0x00000000c7e00000|
| 127|0x00000000c7f00000, 0x00000000c7f00000, 0x00000000c8000000|  0%| F|  |TS  0|AC  0|TAMS 0x00000000c7f00000, 0x00000000c7f00000|
| 128|0x00000000c8000000, 0x00000000c8000000, 0x00000000c8100000|  0%| F|  |TS  0|AC  0|TAMS 0x00000000c8000000, 0x00000000c8000000|
| 129|0x00000000c8100000, 0x00000000c8100000, 0x00000000c8200000|  0%| F|  |TS  0|AC  0|TAMS 0x00000000c8100000, 0x00000000c8100000|
| 130|0x00000000c8200000, 0x00000000c8200000, 0x00000000c8300000|  0%| F|  |TS  0|AC  0|TAMS 0x00000000c8200000, 0x00000000c8200000|
| 131|0x00000000c8300000, 0x00000000c8300000, 0x00000000c8400000|  0%| F|  |TS  0|AC  0|TAMS 0x00000000c8300000, 0x00000000c8300000|
| 132|0x00000000c8400000, 0x00000000c8400000, 0x00000000c8500000|  0%| F|  |TS  0|AC  0|TAMS 0x00000000c8400000, 0x00000000c8400000|
| 133|0x00000000c8500000, 0x00000000c8500000, 0x00000000c8600000|  0%| F|  |TS  0|AC  0|TAMS 0x00000000c8500000, 0x00000000c8500000|
| 134|0x00000000c8600000, 0x00000000c8600000, 0x00000000c8700000|  0%| F|  |TS  0|AC  0|TAMS 0x00000000c8600000, 0x00000000c8600000|
| 135|0x00000000c8700000, 0x00000000c8700000, 0x00000000c8800000|  0%| F|  |TS  0|AC  0|TAMS 0x00000000c8700000, 0x00000000c8700000|
| 136|0x00000000c8800000, 0x00000000c8800000, 0x00000000c8900000|  0%| F|  |TS  0|AC  0|TAMS 0x00000000c8800000, 0x00000000c8800000|
| 137|0x00000000c8900000, 0x00000000c8900000, 0x00000000c8a00000|  0%| F|  |TS  0|AC  0|TAMS 0x00000000c8900000, 0x00000000c8900000|
| 138|0x00000000c8a00000, 0x00000000c8a00000, 0x00000000c8b00000|  0%| F|  |TS  0|AC  0|TAMS 0x00000000c8a00000, 0x00000000c8a00000|
| 139|0x00000000c8b00000, 0x00000000c8b00000, 0x00000000c8c00000|  0%| F|  |TS  0|AC  0|TAMS 0x00000000c8b00000, 0x00000000c8b00000|
| 140|0x00000000c8c00000, 0x00000000c8c00000, 0x00000000c8d00000|  0%| F|  |TS  0|AC  0|TAMS 0x00000000c8c00000, 0x00000000c8c00000|
| 141|0x00000000c8d00000, 0x00000000c8d00000, 0x00000000c8e00000|  0%| F|  |TS  0|AC  0|TAMS 0x00000000c8d00000, 0x00000000c8d00000|
| 142|0x00000000c8e00000, 0x00000000c8e00000, 0x00000000c8f00000|  0%| F|  |TS  0|AC  0|TAMS 0x00000000c8e00000, 0x00000000c8e00000|
| 143|0x00000000c8f00000, 0x00000000c8f00000, 0x00000000c9000000|  0%| F|  |TS  0|AC  0|TAMS 0x00000000c8f00000, 0x00000000c8f00000|
| 144|0x00000000c9000000, 0x00000000c9000000, 0x00000000c9100000|  0%| F|  |TS  0|AC  0|TAMS 0x00000000c9000000, 0x00000000c9000000|
| 145|0x00000000c9100000, 0x00000000c9100000, 0x00000000c9200000|  0%| F|  |TS  5|AC  0|TAMS 0x00000000c9100000, 0x00000000c9100000|
| 146|0x00000000c9200000, 0x00000000c9200000, 0x00000000c9300000|  0%| F|  |TS  5|AC  0|TAMS 0x00000000c9200000, 0x00000000c9200000|
| 147|0x00000000c9300000, 0x00000000c9300000, 0x00000000c9400000|  0%| F|  |TS  5|AC  0|TAMS 0x00000000c9300000, 0x00000000c9300000|
| 148|0x00000000c9400000, 0x00000000c9400000, 0x00000000c9500000|  0%| F|  |TS  5|AC  0|TAMS 0x00000000c9400000, 0x00000000c9400000|
| 149|0x00000000c9500000, 0x00000000c9500000, 0x00000000c9600000|  0%| F|  |TS  5|AC  0|TAMS 0x00000000c9500000, 0x00000000c9500000|
| 150|0x00000000c9600000, 0x00000000c9600000, 0x00000000c9700000|  0%| F|  |TS  5|AC  0|TAMS 0x00000000c9600000, 0x00000000c9600000|
| 151|0x00000000c9700000, 0x00000000c9700000, 0x00000000c9800000|  0%| F|  |TS  5|AC  0|TAMS 0x00000000c9700000, 0x00000000c9700000|
| 152|0x00000000c9800000, 0x00000000c9800000, 0x00000000c9900000|  0%| F|  |TS  3|AC  0|TAMS 0x00000000c9800000, 0x00000000c9800000|
| 153|0x00000000c9900000, 0x00000000c9900000, 0x00000000c9a00000|  0%| F|  |TS  3|AC  0|TAMS 0x00000000c9900000, 0x00000000c9900000|
| 154|0x00000000c9a00000, 0x00000000c9a00000, 0x00000000c9b00000|  0%| F|  |TS  3|AC  0|TAMS 0x00000000c9a00000, 0x00000000c9a00000|
| 155|0x00000000c9b00000, 0x00000000c9b00000, 0x00000000c9c00000|  0%| F|  |TS  3|AC  0|TAMS 0x00000000c9b00000, 0x00000000c9b00000|
| 156|0x00000000c9c00000, 0x00000000c9c00000, 0x00000000c9d00000|  0%| F|  |TS  3|AC  0|TAMS 0x00000000c9c00000, 0x00000000c9c00000|
| 157|0x00000000c9d00000, 0x00000000c9d00000, 0x00000000c9e00000|  0%| F|  |TS  3|AC  0|TAMS 0x00000000c9d00000, 0x00000000c9d00000|
| 158|0x00000000c9e00000, 0x00000000c9e00000, 0x00000000c9f00000|  0%| F|  |TS  3|AC  0|TAMS 0x00000000c9e00000, 0x00000000c9e00000|
| 159|0x00000000c9f00000, 0x00000000c9f00000, 0x00000000ca000000|  0%| F|  |TS  3|AC  0|TAMS 0x00000000c9f00000, 0x00000000c9f00000|
| 160|0x00000000ca000000, 0x00000000ca000000, 0x00000000ca100000|  0%| F|  |TS  3|AC  0|TAMS 0x00000000ca000000, 0x00000000ca000000|
| 161|0x00000000ca100000, 0x00000000ca100000, 0x00000000ca200000|  0%| F|  |TS  3|AC  0|TAMS 0x00000000ca100000, 0x00000000ca100000|
| 162|0x00000000ca200000, 0x00000000ca200000, 0x00000000ca300000|  0%| F|  |TS  3|AC  0|TAMS 0x00000000ca200000, 0x00000000ca200000|
| 163|0x00000000ca300000, 0x00000000ca300000, 0x00000000ca400000|  0%| F|  |TS  3|AC  0|TAMS 0x00000000ca300000, 0x00000000ca300000|
| 164|0x00000000ca400000, 0x00000000ca400000, 0x00000000ca500000|  0%| F|  |TS  3|AC  0|TAMS 0x00000000ca400000, 0x00000000ca400000|
| 165|0x00000000ca500000, 0x00000000ca500000, 0x00000000ca600000|  0%| F|  |TS  3|AC  0|TAMS 0x00000000ca500000, 0x00000000ca500000|
| 166|0x00000000ca600000, 0x00000000ca600000, 0x00000000ca700000|  0%| F|  |TS  3|AC  0|TAMS 0x00000000ca600000, 0x00000000ca600000|
| 167|0x00000000ca700000, 0x00000000ca700000, 0x00000000ca800000|  0%| F|  |TS  3|AC  0|TAMS 0x00000000ca700000, 0x00000000ca700000|
| 168|0x00000000ca800000, 0x00000000ca800000, 0x00000000ca900000|  0%| F|  |TS  3|AC  0|TAMS 0x00000000ca800000, 0x00000000ca800000|
| 169|0x00000000ca900000, 0x00000000ca900000, 0x00000000caa00000|  0%| F|  |TS  3|AC  0|TAMS 0x00000000ca900000, 0x00000000ca900000|
| 170|0x00000000caa00000, 0x00000000caa00000, 0x00000000cab00000|  0%| F|  |TS  3|AC  0|TAMS 0x00000000caa00000, 0x00000000caa00000|
| 171|0x00000000cab00000, 0x00000000cab00000, 0x00000000cac00000|  0%| F|  |TS  3|AC  0|TAMS 0x00000000cab00000, 0x00000000cab00000|
| 172|0x00000000cac00000, 0x00000000cac00000, 0x00000000cad00000|  0%| F|  |TS  3|AC  0|TAMS 0x00000000cac00000, 0x00000000cac00000|
| 173|0x00000000cad00000, 0x00000000cad00000, 0x00000000cae00000|  0%| F|  |TS  3|AC  0|TAMS 0x00000000cad00000, 0x00000000cad00000|
| 174|0x00000000cae00000, 0x00000000cae00000, 0x00000000caf00000|  0%| F|  |TS  3|AC  0|TAMS 0x00000000cae00000, 0x00000000cae00000|
| 175|0x00000000caf00000, 0x00000000caf00000, 0x00000000cb000000|  0%| F|  |TS  3|AC  0|TAMS 0x00000000caf00000, 0x00000000caf00000|
| 176|0x00000000cb000000, 0x00000000cb000000, 0x00000000cb100000|  0%| F|  |TS  3|AC  0|TAMS 0x00000000cb000000, 0x00000000cb000000|
| 177|0x00000000cb100000, 0x00000000cb100000, 0x00000000cb200000|  0%| F|  |TS  3|AC  0|TAMS 0x00000000cb100000, 0x00000000cb100000|
| 178|0x00000000cb200000, 0x00000000cb200000, 0x00000000cb300000|  0%| F|  |TS  3|AC  0|TAMS 0x00000000cb200000, 0x00000000cb200000|
| 179|0x00000000cb300000, 0x00000000cb300000, 0x00000000cb400000|  0%| F|  |TS  3|AC  0|TAMS 0x00000000cb300000, 0x00000000cb300000|
| 180|0x00000000cb400000, 0x00000000cb400000, 0x00000000cb500000|  0%| F|  |TS  3|AC  0|TAMS 0x00000000cb400000, 0x00000000cb400000|
| 181|0x00000000cb500000, 0x00000000cb500000, 0x00000000cb600000|  0%| F|  |TS  3|AC  0|TAMS 0x00000000cb500000, 0x00000000cb500000|
| 182|0x00000000cb600000, 0x00000000cb600000, 0x00000000cb700000|  0%| F|  |TS  3|AC  0|TAMS 0x00000000cb600000, 0x00000000cb600000|
| 183|0x00000000cb700000, 0x00000000cb700000, 0x00000000cb800000|  0%| F|  |TS  3|AC  0|TAMS 0x00000000cb700000, 0x00000000cb700000|
| 184|0x00000000cb800000, 0x00000000cb800000, 0x00000000cb900000|  0%| F|  |TS  3|AC  0|TAMS 0x00000000cb800000, 0x00000000cb800000|
| 185|0x00000000cb900000, 0x00000000cb900000, 0x00000000cba00000|  0%| F|  |TS  3|AC  0|TAMS 0x00000000cb900000, 0x00000000cb900000|
| 186|0x00000000cba00000, 0x00000000cba00000, 0x00000000cbb00000|  0%| F|  |TS  3|AC  0|TAMS 0x00000000cba00000, 0x00000000cba00000|
| 187|0x00000000cbb00000, 0x00000000cbb00000, 0x00000000cbc00000|  0%| F|  |TS  3|AC  0|TAMS 0x00000000cbb00000, 0x00000000cbb00000|
| 188|0x00000000cbc00000, 0x00000000cbc00000, 0x00000000cbd00000|  0%| F|  |TS  3|AC  0|TAMS 0x00000000cbc00000, 0x00000000cbc00000|
| 189|0x00000000cbd00000, 0x00000000cbd00000, 0x00000000cbe00000|  0%| F|  |TS  3|AC  0|TAMS 0x00000000cbd00000, 0x00000000cbd00000|
| 190|0x00000000cbe00000, 0x00000000cbe00000, 0x00000000cbf00000|  0%| F|  |TS  3|AC  0|TAMS 0x00000000cbe00000, 0x00000000cbe00000|
| 191|0x00000000cbf00000, 0x00000000cbf00000, 0x00000000cc000000|  0%| F|  |TS  3|AC  0|TAMS 0x00000000cbf00000, 0x00000000cbf00000|
| 192|0x00000000cc000000, 0x00000000cc000000, 0x00000000cc100000|  0%| F|  |TS  3|AC  0|TAMS 0x00000000cc000000, 0x00000000cc000000|
| 193|0x00000000cc100000, 0x00000000cc100000, 0x00000000cc200000|  0%| F|  |TS  3|AC  0|TAMS 0x00000000cc100000, 0x00000000cc100000|
| 194|0x00000000cc200000, 0x00000000cc200000, 0x00000000cc300000|  0%| F|  |TS  3|AC  0|TAMS 0x00000000cc200000, 0x00000000cc200000|
| 195|0x00000000cc300000, 0x00000000cc300000, 0x00000000cc400000|  0%| F|  |TS  3|AC  0|TAMS 0x00000000cc300000, 0x00000000cc300000|
| 196|0x00000000cc400000, 0x00000000cc400000, 0x00000000cc500000|  0%| F|  |TS  3|AC  0|TAMS 0x00000000cc400000, 0x00000000cc400000|
| 197|0x00000000cc500000, 0x00000000cc500000, 0x00000000cc600000|  0%| F|  |TS  3|AC  0|TAMS 0x00000000cc500000, 0x00000000cc500000|
| 198|0x00000000cc600000, 0x00000000cc600000, 0x00000000cc700000|  0%| F|  |TS  3|AC  0|TAMS 0x00000000cc600000, 0x00000000cc600000|
| 199|0x00000000cc700000, 0x00000000cc700000, 0x00000000cc800000|  0%| F|  |TS  3|AC  0|TAMS 0x00000000cc700000, 0x00000000cc700000|
| 200|0x00000000cc800000, 0x00000000cc800000, 0x00000000cc900000|  0%| F|  |TS  3|AC  0|TAMS 0x00000000cc800000, 0x00000000cc800000|
| 201|0x00000000cc900000, 0x00000000cc900000, 0x00000000cca00000|  0%| F|  |TS  3|AC  0|TAMS 0x00000000cc900000, 0x00000000cc900000|
| 202|0x00000000cca00000, 0x00000000cca00000, 0x00000000ccb00000|  0%| F|  |TS  3|AC  0|TAMS 0x00000000cca00000, 0x00000000cca00000|
| 203|0x00000000ccb00000, 0x00000000ccb00000, 0x00000000ccc00000|  0%| F|  |TS  3|AC  0|TAMS 0x00000000ccb00000, 0x00000000ccb00000|
| 204|0x00000000ccc00000, 0x00000000ccc00000, 0x00000000ccd00000|  0%| F|  |TS  3|AC  0|TAMS 0x00000000ccc00000, 0x00000000ccc00000|
| 205|0x00000000ccd00000, 0x00000000ccd00000, 0x00000000cce00000|  0%| F|  |TS  3|AC  0|TAMS 0x00000000ccd00000, 0x00000000ccd00000|
| 206|0x00000000cce00000, 0x00000000cce00000, 0x00000000ccf00000|  0%| F|  |TS  3|AC  0|TAMS 0x00000000cce00000, 0x00000000cce00000|
| 207|0x00000000ccf00000, 0x00000000ccf00000, 0x00000000cd000000|  0%| F|  |TS  3|AC  0|TAMS 0x00000000ccf00000, 0x00000000ccf00000|
| 208|0x00000000cd000000, 0x00000000cd000000, 0x00000000cd100000|  0%| F|  |TS  3|AC  0|TAMS 0x00000000cd000000, 0x00000000cd000000|
| 209|0x00000000cd100000, 0x00000000cd100000, 0x00000000cd200000|  0%| F|  |TS  3|AC  0|TAMS 0x00000000cd100000, 0x00000000cd100000|
| 210|0x00000000cd200000, 0x00000000cd200000, 0x00000000cd300000|  0%| F|  |TS  3|AC  0|TAMS 0x00000000cd200000, 0x00000000cd200000|
| 211|0x00000000cd300000, 0x00000000cd300000, 0x00000000cd400000|  0%| F|  |TS  3|AC  0|TAMS 0x00000000cd300000, 0x00000000cd300000|
| 212|0x00000000cd400000, 0x00000000cd400000, 0x00000000cd500000|  0%| F|  |TS  3|AC  0|TAMS 0x00000000cd400000, 0x00000000cd400000|
| 213|0x00000000cd500000, 0x00000000cd500000, 0x00000000cd600000|  0%| F|  |TS  3|AC  0|TAMS 0x00000000cd500000, 0x00000000cd500000|
| 214|0x00000000cd600000, 0x00000000cd600000, 0x00000000cd700000|  0%| F|  |TS  3|AC  0|TAMS 0x00000000cd600000, 0x00000000cd600000|
| 215|0x00000000cd700000, 0x00000000cd700000, 0x00000000cd800000|  0%| F|  |TS  3|AC  0|TAMS 0x00000000cd700000, 0x00000000cd700000|
| 216|0x00000000cd800000, 0x00000000cd800000, 0x00000000cd900000|  0%| F|  |TS  3|AC  0|TAMS 0x00000000cd800000, 0x00000000cd800000|
| 217|0x00000000cd900000, 0x00000000cd900000, 0x00000000cda00000|  0%| F|  |TS  3|AC  0|TAMS 0x00000000cd900000, 0x00000000cd900000|
| 218|0x00000000cda00000, 0x00000000cda00000, 0x00000000cdb00000|  0%| F|  |TS  3|AC  0|TAMS 0x00000000cda00000, 0x00000000cda00000|
| 219|0x00000000cdb00000, 0x00000000cdb00000, 0x00000000cdc00000|  0%| F|  |TS  3|AC  0|TAMS 0x00000000cdb00000, 0x00000000cdb00000|
| 220|0x00000000cdc00000, 0x00000000cdc00000, 0x00000000cdd00000|  0%| F|  |TS  3|AC  0|TAMS 0x00000000cdc00000, 0x00000000cdc00000|
| 221|0x00000000cdd00000, 0x00000000cdd00000, 0x00000000cde00000|  0%| F|  |TS  3|AC  0|TAMS 0x00000000cdd00000, 0x00000000cdd00000|
| 222|0x00000000cde00000, 0x00000000cde00000, 0x00000000cdf00000|  0%| F|  |TS  3|AC  0|TAMS 0x00000000cde00000, 0x00000000cde00000|
| 223|0x00000000cdf00000, 0x00000000cdf00000, 0x00000000ce000000|  0%| F|  |TS  3|AC  0|TAMS 0x00000000cdf00000, 0x00000000cdf00000|
| 224|0x00000000ce000000, 0x00000000ce000000, 0x00000000ce100000|  0%| F|  |TS  3|AC  0|TAMS 0x00000000ce000000, 0x00000000ce000000|
| 225|0x00000000ce100000, 0x00000000ce100000, 0x00000000ce200000|  0%| F|  |TS  3|AC  0|TAMS 0x00000000ce100000, 0x00000000ce100000|
| 226|0x00000000ce200000, 0x00000000ce200000, 0x00000000ce300000|  0%| F|  |TS  3|AC  0|TAMS 0x00000000ce200000, 0x00000000ce200000|
| 227|0x00000000ce300000, 0x00000000ce300000, 0x00000000ce400000|  0%| F|  |TS  3|AC  0|TAMS 0x00000000ce300000, 0x00000000ce300000|
| 228|0x00000000ce400000, 0x00000000ce400000, 0x00000000ce500000|  0%| F|  |TS  3|AC  0|TAMS 0x00000000ce400000, 0x00000000ce400000|
| 229|0x00000000ce500000, 0x00000000ce500000, 0x00000000ce600000|  0%| F|  |TS  3|AC  0|TAMS 0x00000000ce500000, 0x00000000ce500000|
| 230|0x00000000ce600000, 0x00000000ce600000, 0x00000000ce700000|  0%| F|  |TS  3|AC  0|TAMS 0x00000000ce600000, 0x00000000ce600000|
| 231|0x00000000ce700000, 0x00000000ce700000, 0x00000000ce800000|  0%| F|  |TS  3|AC  0|TAMS 0x00000000ce700000, 0x00000000ce700000|
| 232|0x00000000ce800000, 0x00000000ce800000, 0x00000000ce900000|  0%| F|  |TS  3|AC  0|TAMS 0x00000000ce800000, 0x00000000ce800000|
| 233|0x00000000ce900000, 0x00000000ce900000, 0x00000000cea00000|  0%| F|  |TS  3|AC  0|TAMS 0x00000000ce900000, 0x00000000ce900000|
| 234|0x00000000cea00000, 0x00000000cea00000, 0x00000000ceb00000|  0%| F|  |TS  3|AC  0|TAMS 0x00000000cea00000, 0x00000000cea00000|
| 235|0x00000000ceb00000, 0x00000000ceb00000, 0x00000000cec00000|  0%| F|  |TS  3|AC  0|TAMS 0x00000000ceb00000, 0x00000000ceb00000|
| 236|0x00000000cec00000, 0x00000000cec00000, 0x00000000ced00000|  0%| F|  |TS  3|AC  0|TAMS 0x00000000cec00000, 0x00000000cec00000|
| 237|0x00000000ced00000, 0x00000000ced00000, 0x00000000cee00000|  0%| F|  |TS  3|AC  0|TAMS 0x00000000ced00000, 0x00000000ced00000|
| 238|0x00000000cee00000, 0x00000000cee00000, 0x00000000cef00000|  0%| F|  |TS  3|AC  0|TAMS 0x00000000cee00000, 0x00000000cee00000|
| 239|0x00000000cef00000, 0x00000000cef00000, 0x00000000cf000000|  0%| F|  |TS  9|AC  0|TAMS 0x00000000cef00000, 0x00000000cef00000|
| 240|0x00000000cf000000, 0x00000000cf000000, 0x00000000cf100000|  0%| F|  |TS  9|AC  0|TAMS 0x00000000cf000000, 0x00000000cf000000|
| 241|0x00000000cf100000, 0x00000000cf161400, 0x00000000cf200000| 37%| S|CS|TS  9|AC  0|TAMS 0x00000000cf100000, 0x00000000cf100000|
| 242|0x00000000cf200000, 0x00000000cf300000, 0x00000000cf300000|100%| S|CS|TS  9|AC  0|TAMS 0x00000000cf200000, 0x00000000cf200000|
| 243|0x00000000cf300000, 0x00000000cf300000, 0x00000000cf400000|  0%| F|  |TS  9|AC  0|TAMS 0x00000000cf300000, 0x00000000cf300000|
| 244|0x00000000cf400000, 0x00000000cf400000, 0x00000000cf500000|  0%| F|  |TS  9|AC  0|TAMS 0x00000000cf400000, 0x00000000cf400000|
| 245|0x00000000cf500000, 0x00000000cf500000, 0x00000000cf600000|  0%| F|  |TS  9|AC  0|TAMS 0x00000000cf500000, 0x00000000cf500000|
| 246|0x00000000cf600000, 0x00000000cf600000, 0x00000000cf700000|  0%| F|  |TS  9|AC  0|TAMS 0x00000000cf600000, 0x00000000cf600000|
| 247|0x00000000cf700000, 0x00000000cf700000, 0x00000000cf800000|  0%| F|  |TS  9|AC  0|TAMS 0x00000000cf700000, 0x00000000cf700000|
| 248|0x00000000cf800000, 0x00000000cf800000, 0x00000000cf900000|  0%| F|  |TS  9|AC  0|TAMS 0x00000000cf800000, 0x00000000cf800000|
| 249|0x00000000cf900000, 0x00000000cf900000, 0x00000000cfa00000|  0%| F|  |TS  9|AC  0|TAMS 0x00000000cf900000, 0x00000000cf900000|
| 250|0x00000000cfa00000, 0x00000000cfa00000, 0x00000000cfb00000|  0%| F|  |TS  9|AC  0|TAMS 0x00000000cfa00000, 0x00000000cfa00000|
| 251|0x00000000cfb00000, 0x00000000cfb00000, 0x00000000cfc00000|  0%| F|  |TS  9|AC  0|TAMS 0x00000000cfb00000, 0x00000000cfb00000|
| 252|0x00000000cfc00000, 0x00000000cfc00000, 0x00000000cfd00000|  0%| F|  |TS  9|AC  0|TAMS 0x00000000cfc00000, 0x00000000cfc00000|

Card table byte_map: [0x00007fd720917000,0x00007fd720b17000] byte_map_base: 0x00007fd720317000

Marking Bits (Prev, Next): (CMBitMap*) 0x00007fd73c049a00, (CMBitMap*) 0x00007fd73c049a38
 Prev Bits: [0x00007fd70b000000, 0x00007fd70c000000)
 Next Bits: [0x00007fd70a000000, 0x00007fd70b000000)

Polling page: 0x00007fd743557000

CodeHeap 'non-profiled nmethods': size=120036Kb used=3096Kb max_used=3096Kb free=116939Kb
 bounds [0x00007fd7291d0000, 0x00007fd7294e0000, 0x00007fd730709000]
CodeHeap 'profiled nmethods': size=120032Kb used=12969Kb max_used=12969Kb free=107062Kb
 bounds [0x00007fd721c98000, 0x00007fd722958000, 0x00007fd7291d0000]
CodeHeap 'non-nmethods': size=5692Kb used=1404Kb max_used=1437Kb free=4287Kb
 bounds [0x00007fd721709000, 0x00007fd721979000, 0x00007fd721c98000]
 total_blobs=9063 nmethods=6424 adapters=597
 compilation: enabled

Compilation events (10 events):
Event: 172.846 Thread 0x00007fd73c118800 nmethod 7532 0x00007fd72294b290 code [0x00007fd72294b440, 0x00007fd72294b648]
Event: 172.846 Thread 0x00007fd73c118800 7530       2       java.util.regex.Pattern$BranchConn::study (5 bytes)
Event: 172.846 Thread 0x00007fd73c118800 nmethod 7530 0x00007fd72294b710 code [0x00007fd72294b8c0, 0x00007fd72294ba10]
Event: 172.847 Thread 0x00007fd73c118800 7529       2       com.esotericsoftware.kryo.io.Output::writeVarInt (433 bytes)
Event: 172.861 Thread 0x00007fd73c118800 nmethod 7529 0x00007fd72294bb10 code [0x00007fd72294bd20, 0x00007fd72294c2c8]
Event: 172.861 Thread 0x00007fd73c118800 7533       2       java.io.FileDescriptor::valid (14 bytes)
Event: 172.861 Thread 0x00007fd73c118800 nmethod 7533 0x00007fd72294c610 code [0x00007fd72294c7c0, 0x00007fd72294c930]
Event: 173.335 Thread 0x00007fd73c118800 7538       2       java.security.MessageDigest$Delegate::engineDigest (8 bytes)
Event: 182.306 Thread 0x00007fd73c118800 nmethod 7538 0x00007fd72294c990 code [0x00007fd72294cb40, 0x00007fd72294ccc8]
Event: 182.522 Thread 0x00007fd73c118800 7545       3       com.esotericsoftware.kryo.serializers.FieldSerializerAnnotationsUtil::processAnnotatedFields (743 bytes)

GC Heap History (10 events):
Event: 79.798 GC heap after
{Heap after GC invocations=56 (full 0):
 garbage-first heap   total 259072K, used 73264K [0x00000000c0000000, 0x00000000c01007e8, 0x0000000100000000)
  region size 1024K, 4 young (4096K), 4 survivors (4096K)
 Metaspace       used 59002K, capacity 60676K, committed 60876K, reserved 1101824K
  class space    used 7502K, capacity 7833K, committed 7936K, reserved 1048576K
}
Event: 91.055 GC heap before
{Heap before GC invocations=57 (full 0):
 garbage-first heap   total 259072K, used 202288K [0x00000000c0000000, 0x00000000c01007e8, 0x0000000100000000)
  region size 1024K, 92 young (94208K), 4 survivors (4096K)
 Metaspace       used 60533K, capacity 62174K, committed 62284K, reserved 1103872K
  class space    used 7715K, capacity 8040K, committed 8064K, reserved 1048576K
}
Event: 91.144 GC heap after
{Heap after GC invocations=58 (full 0):
 garbage-first heap   total 259072K, used 75984K [0x00000000c0000000, 0x00000000c01007e8, 0x0000000100000000)
  region size 1024K, 6 young (6144K), 6 survivors (6144K)
 Metaspace       used 60533K, capacity 62174K, committed 62284K, reserved 1103872K
  class space    used 7715K, capacity 8040K, committed 8064K, reserved 1048576K
}
Event: 139.286 GC heap before
{Heap before GC invocations=58 (full 0):
 garbage-first heap   total 259072K, used 178384K [0x00000000c0000000, 0x00000000c01007e8, 0x0000000100000000)
  region size 1024K, 101 young (103424K), 6 survivors (6144K)
 Metaspace       used 62329K, capacity 64062K, committed 64204K, reserved 1105920K
  class space    used 8012K, capacity 8360K, committed 8448K, reserved 1048576K
}
Event: 141.690 GC heap after
{Heap after GC invocations=59 (full 0):
 garbage-first heap   total 259072K, used 77113K [0x00000000c0000000, 0x00000000c01007e8, 0x0000000100000000)
  region size 1024K, 7 young (7168K), 7 survivors (7168K)
 Metaspace       used 62329K, capacity 64062K, committed 64204K, reserved 1105920K
  class space    used 8012K, capacity 8360K, committed 8448K, reserved 1048576K
}
Event: 153.335 GC heap before
{Heap before GC invocations=59 (full 0):
 garbage-first heap   total 259072K, used 82233K [0x00000000c0000000, 0x00000000c01007e8, 0x0000000100000000)
  region size 1024K, 12 young (12288K), 7 survivors (7168K)
 Metaspace       used 62348K, capacity 64062K, committed 64204K, reserved 1105920K
  class space    used 8016K, capacity 8360K, committed 8448K, reserved 1048576K
}
Event: 155.037 GC heap after
{Heap after GC invocations=60 (full 0):
 garbage-first heap   total 259072K, used 75794K [0x00000000c0000000, 0x00000000c01007e8, 0x0000000100000000)
  region size 1024K, 2 young (2048K), 2 survivors (2048K)
 Metaspace       used 62348K, capacity 64062K, committed 64204K, reserved 1105920K
  class space    used 8016K, capacity 8360K, committed 8448K, reserved 1048576K
}
Event: 170.185 GC heap before
{Heap before GC invocations=60 (full 0):
 garbage-first heap   total 259072K, used 86034K [0x00000000c0000000, 0x00000000c01007e8, 0x0000000100000000)
  region size 1024K, 12 young (12288K), 2 survivors (2048K)
 Metaspace       used 62390K, capacity 64126K, committed 64460K, reserved 1105920K
  class space    used 8024K, capacity 8360K, committed 8448K, reserved 1048576K
}
Event: 172.727 GC heap after
{Heap after GC invocations=61 (full 0):
 garbage-first heap   total 259072K, used 75599K [0x00000000c0000000, 0x00000000c01007e8, 0x0000000100000000)
  region size 1024K, 2 young (2048K), 2 survivors (2048K)
 Metaspace       used 62390K, capacity 64126K, committed 64460K, reserved 1105920K
  class space    used 8024K, capacity 8360K, committed 8448K, reserved 1048576K
}
Event: 192.803 GC heap before
{Heap before GC invocations=61 (full 0):
 garbage-first heap   total 259072K, used 85839K [0x00000000c0000000, 0x00000000c01007e8, 0x0000000100000000)
  region size 1024K, 12 young (12288K), 2 survivors (2048K)
 Metaspace       used 62472K, capacity 64158K, committed 64460K, reserved 1105920K
  class space    used 8046K, capacity 8392K, committed 8448K, reserved 1048576K
}

Deoptimization events (10 events):
Event: 74.098 Thread 0x00007fd6f8635000 Uncommon trap: reason=class_check action=maybe_recompile pc=0x00007fd7293f9fd8 method=org.apache.spark.util.io.ChunkedByteBufferOutputStream.allocateNewChunkIfNeeded()V @ 26 c2
Event: 84.648 Thread 0x00000000024f2800 Uncommon trap: reason=unloaded action=reinterpret pc=0x00007fd7293b19d4 method=java.net.SocketInputStream.read([BIII)I @ 151 c2
Event: 84.656 Thread 0x00000000024f4000 Uncommon trap: reason=unstable_if action=reinterpret pc=0x00007fd7293f48b4 method=org.eclipse.paho.client.mqttv3.internal.ClientState.get()Lorg/eclipse/paho/client/mqttv3/internal/wire/MqttWireMessage; @ 102 c2
Event: 85.091 Thread 0x00007fd6f0077000 Uncommon trap: reason=array_check action=maybe_recompile pc=0x00007fd72948bbfc method=scala.collection.mutable.ArrayBuilder$ofRef.$plus$eq(Ljava/lang/Object;)Lscala/collection/mutable/ArrayBuilder$ofRef; @ 19 c2
Event: 85.091 Thread 0x00007fd6f0077000 Uncommon trap: reason=array_check action=maybe_recompile pc=0x00007fd72948bbfc method=scala.collection.mutable.ArrayBuilder$ofRef.$plus$eq(Ljava/lang/Object;)Lscala/collection/mutable/ArrayBuilder$ofRef; @ 19 c2
Event: 85.092 Thread 0x00007fd6f0077000 Uncommon trap: reason=array_check action=maybe_recompile pc=0x00007fd72948bbfc method=scala.collection.mutable.ArrayBuilder$ofRef.$plus$eq(Ljava/lang/Object;)Lscala/collection/mutable/ArrayBuilder$ofRef; @ 19 c2
Event: 85.092 Thread 0x00007fd6f0077000 Uncommon trap: reason=array_check action=maybe_recompile pc=0x00007fd72948bbfc method=scala.collection.mutable.ArrayBuilder$ofRef.$plus$eq(Ljava/lang/Object;)Lscala/collection/mutable/ArrayBuilder$ofRef; @ 19 c2
Event: 85.122 Thread 0x00007fd6e4005800 Uncommon trap: reason=unstable_if action=reinterpret pc=0x00007fd7293dd764 method=java.io.BufferedOutputStream.write([BII)V @ 6 c2
Event: 91.252 Thread 0x00007fd6f8635000 Uncommon trap: reason=unstable_if action=reinterpret pc=0x00007fd72948df98 method=java.util.Objects.equals(Ljava/lang/Object;Ljava/lang/Object;)Z @ 6 c2
Event: 91.252 Thread 0x00007fd6f8635000 Uncommon trap: reason=unstable_if action=reinterpret pc=0x00007fd7292c8ad8 method=sun.nio.cs.StreamEncoder.write([CII)V @ 49 c2

Classes redefined (0 events):
No events

Internal exceptions (10 events):
Event: 87.790 Thread 0x00007fd6e400e000 Exception <a 'java/net/ConnectException'{0x00000000cbbdb710}> (0x00000000cbbdb710) thrown at [/scratch/opt/mach5/mesos/work_dir/slaves/e72b529e-af37-4c00-b29e-141f3b57348c-S1075/frameworks/1735e8a2-a1db-478c-8104-60c8b0af87dd-0196/executors/7e8c6d98-485e-
Event: 89.651 Thread 0x00007fd70c06a800 Exception <a 'java/lang/NoSuchMethodError'{0x00000000cb3cc620}: <clinit>> (0x00000000cb3cc620) thrown at [/scratch/opt/mach5/mesos/work_dir/slaves/e72b529e-af37-4c00-b29e-141f3b57348c-S1075/frameworks/1735e8a2-a1db-478c-8104-60c8b0af87dd-0196/executors/7e
Event: 89.903 Thread 0x00007fd70c06a800 Exception <a 'java/lang/NoSuchMethodError'{0x00000000cb25f820}: <clinit>> (0x00000000cb25f820) thrown at [/scratch/opt/mach5/mesos/work_dir/slaves/e72b529e-af37-4c00-b29e-141f3b57348c-S1075/frameworks/1735e8a2-a1db-478c-8104-60c8b0af87dd-0196/executors/7e
Event: 89.908 Thread 0x00007fd70c06a800 Exception <a 'java/lang/NoSuchMethodError'{0x00000000cb292e08}: <clinit>> (0x00000000cb292e08) thrown at [/scratch/opt/mach5/mesos/work_dir/slaves/e72b529e-af37-4c00-b29e-141f3b57348c-S1075/frameworks/1735e8a2-a1db-478c-8104-60c8b0af87dd-0196/executors/7e
Event: 89.910 Thread 0x00007fd70c06a800 Exception <a 'java/lang/NoSuchMethodError'{0x00000000cb2a9120}: <clinit>> (0x00000000cb2a9120) thrown at [/scratch/opt/mach5/mesos/work_dir/slaves/e72b529e-af37-4c00-b29e-141f3b57348c-S1075/frameworks/1735e8a2-a1db-478c-8104-60c8b0af87dd-0196/executors/7e
Event: 89.933 Thread 0x00007fd70c06a800 Exception <a 'java/lang/NoSuchMethodError'{0x00000000cb2c2540}: <clinit>> (0x00000000cb2c2540) thrown at [/scratch/opt/mach5/mesos/work_dir/slaves/e72b529e-af37-4c00-b29e-141f3b57348c-S1075/frameworks/1735e8a2-a1db-478c-8104-60c8b0af87dd-0196/executors/7e
Event: 91.252 Thread 0x00007fd6f8635000 Implicit null exception at 0x00007fd72948dde2 to 0x00007fd72948df85
Event: 93.837 Thread 0x00007fd70c06a800 Exception <a 'java/lang/NoSuchMethodError'{0x00000000ce1bc4c8}: <clinit>> (0x00000000ce1bc4c8) thrown at [/scratch/opt/mach5/mesos/work_dir/slaves/e72b529e-af37-4c00-b29e-141f3b57348c-S1075/frameworks/1735e8a2-a1db-478c-8104-60c8b0af87dd-0196/executors/7e
Event: 93.847 Thread 0x00007fd70c079000 Exception <a 'java/lang/NoSuchMethodError'{0x00000000ce16f8c8}: <clinit>> (0x00000000ce16f8c8) thrown at [/scratch/opt/mach5/mesos/work_dir/slaves/e72b529e-af37-4c00-b29e-141f3b57348c-S1075/frameworks/1735e8a2-a1db-478c-8104-60c8b0af87dd-0196/executors/7e
Event: 93.890 Thread 0x00007fd70c06a800 Exception <a 'java/lang/NoSuchMethodError'{0x00000000ce069b88}: <clinit>> (0x00000000ce069b88) thrown at [/scratch/opt/mach5/mesos/work_dir/slaves/e72b529e-af37-4c00-b29e-141f3b57348c-S1075/frameworks/1735e8a2-a1db-478c-8104-60c8b0af87dd-0196/executors/7e

Events (10 events):
Event: 186.190 Thread 0x00007fd710012000 Thread exited: 0x00007fd710012000
Event: 187.599 Executing VM operation: RevokeBias
Event: 188.976 Executing VM operation: RevokeBias done
Event: 189.184 Executing VM operation: RevokeBias
Event: 190.297 Executing VM operation: RevokeBias done
Event: 190.315 Thread 0x00007fd70c0d8000 Thread exited: 0x00007fd70c0d8000
Event: 190.315 Thread 0x00007fd704052000 Thread exited: 0x00007fd704052000
Event: 191.043 loading class org/apache/spark/storage/BlockManager$$anonfun$removeBlock$1
Event: 191.043 loading class org/apache/spark/storage/BlockManager$$anonfun$removeBlock$1 done
Event: 191.250 Executing VM operation: G1IncCollectionPause


Dynamic libraries:
00400000-00401000 r-xp 00000000 08:01 2105579                            /usr/lib/jvm/java-9-oracle/bin/java
00600000-00601000 rw-p 00000000 08:01 2105579                            /usr/lib/jvm/java-9-oracle/bin/java
024ee000-0250f000 rw-p 00000000 00:00 0                                  [heap]
c0000000-cfd00000 rw-p 00000000 00:00 0 
d9800000-100000000 ---p 00000000 00:00 0 
100000000-100840000 rw-p 00000000 00:00 0 
100840000-140000000 ---p 00000000 00:00 0 
7fd6d80b1000-7fd6d80b5000 ---p 00000000 00:00 0 
7fd6d80b5000-7fd6d81b2000 rw-p 00000000 00:00 0 
7fd6d81b2000-7fd6d81b6000 ---p 00000000 00:00 0 
7fd6d81b6000-7fd6d82b3000 rw-p 00000000 00:00 0 
7fd6d82b3000-7fd6d82b7000 ---p 00000000 00:00 0 
7fd6d82b7000-7fd6d83b4000 rw-p 00000000 00:00 0 
7fd6d83b4000-7fd6d83b8000 ---p 00000000 00:00 0 
7fd6d83b8000-7fd6d84b5000 rw-p 00000000 00:00 0 
7fd6d84b5000-7fd6d84b9000 ---p 00000000 00:00 0 
7fd6d84b9000-7fd6d85b6000 rw-p 00000000 00:00 0 
7fd6d85b6000-7fd6d85ba000 ---p 00000000 00:00 0 
7fd6d85ba000-7fd6d86b7000 rw-p 00000000 00:00 0 
7fd6d86b7000-7fd6d86bb000 ---p 00000000 00:00 0 
7fd6d86bb000-7fd6d87b8000 rw-p 00000000 00:00 0 
7fd6d87b8000-7fd6d87bc000 ---p 00000000 00:00 0 
7fd6d87bc000-7fd6d8979000 rw-p 00000000 00:00 0 
7fd6d8979000-7fd6d8ab9000 ---p 00000000 00:00 0 
7fd6d8ab9000-7fd6d8cb9000 rw-p 00000000 00:00 0 
7fd6d8cb9000-7fd6d8cbd000 ---p 00000000 00:00 0 
7fd6d8cbd000-7fd6d8dba000 rw-p 00000000 00:00 0 
7fd6d8dba000-7fd6d8dbe000 ---p 00000000 00:00 0 
7fd6d8dbe000-7fd6d8ebb000 rw-p 00000000 00:00 0 
7fd6d8ebb000-7fd6d8ebf000 ---p 00000000 00:00 0 
7fd6d8ebf000-7fd6d8fbc000 rw-p 00000000 00:00 0 
7fd6d8fbc000-7fd6d8fc0000 ---p 00000000 00:00 0 
7fd6d8fc0000-7fd6d90bd000 rw-p 00000000 00:00 0 
7fd6d90bd000-7fd6d90c1000 ---p 00000000 00:00 0 
7fd6d90c1000-7fd6d91be000 rw-p 00000000 00:00 0 
7fd6d91be000-7fd6d91c2000 ---p 00000000 00:00 0 
7fd6d91c2000-7fd6d92bf000 rw-p 00000000 00:00 0 
7fd6d92bf000-7fd6d92c3000 ---p 00000000 00:00 0 
7fd6d92c3000-7fd6d93c0000 rw-p 00000000 00:00 0 
7fd6d93c0000-7fd6d93c4000 ---p 00000000 00:00 0 
7fd6d93c4000-7fd6d94c1000 rw-p 00000000 00:00 0 
7fd6d94c1000-7fd6d94c5000 ---p 00000000 00:00 0 
7fd6d94c5000-7fd6d95c2000 rw-p 00000000 00:00 0 
7fd6d95c2000-7fd6d95c6000 ---p 00000000 00:00 0 
7fd6d95c6000-7fd6d96c3000 rw-p 00000000 00:00 0 
7fd6d96c3000-7fd6d96c7000 ---p 00000000 00:00 0 
7fd6d96c7000-7fd6d97c4000 rw-p 00000000 00:00 0 
7fd6d97c4000-7fd6d97c8000 ---p 00000000 00:00 0 
7fd6d97c8000-7fd6d9ac5000 rw-p 00000000 00:00 0 
7fd6d9ac5000-7fd6d9ac9000 ---p 00000000 00:00 0 
7fd6d9ac9000-7fd6d9bc6000 rw-p 00000000 00:00 0 
7fd6d9bc6000-7fd6d9bca000 ---p 00000000 00:00 0 
7fd6d9bca000-7fd6d9cc7000 rw-p 00000000 00:00 0 
7fd6d9cc7000-7fd6d9ccb000 ---p 00000000 00:00 0 
7fd6d9ccb000-7fd6d9dc8000 rw-p 00000000 00:00 0 
7fd6d9dc8000-7fd6d9dcc000 ---p 00000000 00:00 0 
7fd6d9dcc000-7fd6d9ec9000 rw-p 00000000 00:00 0 
7fd6d9ec9000-7fd6d9ecd000 ---p 00000000 00:00 0 
7fd6d9ecd000-7fd6d9fca000 rw-p 00000000 00:00 0 
7fd6d9fca000-7fd6d9fce000 ---p 00000000 00:00 0 
7fd6d9fce000-7fd6db0cc000 rw-p 00000000 00:00 0 
7fd6db0cc000-7fd6db0d0000 ---p 00000000 00:00 0 
7fd6db0d0000-7fd6dc3ce000 rw-p 00000000 00:00 0 
7fd6dc3ce000-7fd6dc3d2000 ---p 00000000 00:00 0 
7fd6dc3d2000-7fd6dc4cf000 rw-p 00000000 00:00 0 
7fd6dc4cf000-7fd6dc4d3000 ---p 00000000 00:00 0 
7fd6dc4d3000-7fd6dc5d0000 rw-p 00000000 00:00 0 
7fd6dc5d0000-7fd6dc5dd000 r-xp 00000000 08:01 2763385                    /tmp/liblz4-java4619387657272200532.so
7fd6dc5dd000-7fd6dc7dc000 ---p 0000d000 08:01 2763385                    /tmp/liblz4-java4619387657272200532.so
7fd6dc7dc000-7fd6dc7dd000 rw-p 0000c000 08:01 2763385                    /tmp/liblz4-java4619387657272200532.so
7fd6dc7dd000-7fd6dc9dd000 rw-p 00000000 00:00 0 
7fd6dc9dd000-7fd6dcbdd000 rw-p 00000000 00:00 0 
7fd6dcbdd000-7fd6dcbe1000 ---p 00000000 00:00 0 
7fd6dcbe1000-7fd6dccde000 rw-p 00000000 00:00 0 
7fd6dccde000-7fd6dcce2000 ---p 00000000 00:00 0 
7fd6dcce2000-7fd6dcddf000 rw-p 00000000 00:00 0 
7fd6dcddf000-7fd6dcde3000 ---p 00000000 00:00 0 
7fd6dcde3000-7fd6dcee0000 rw-p 00000000 00:00 0 
7fd6dcee0000-7fd6dcee4000 ---p 00000000 00:00 0 
7fd6dcee4000-7fd6dd1e1000 rw-p 00000000 00:00 0 
7fd6dd1e1000-7fd6dd1e5000 ---p 00000000 00:00 0 
7fd6dd1e5000-7fd6dd4e2000 rw-p 00000000 00:00 0 
7fd6dd4e2000-7fd6dd4e6000 ---p 00000000 00:00 0 
7fd6dd4e6000-7fd6dd5e3000 rw-p 00000000 00:00 0 
7fd6dd5e3000-7fd6dd5e7000 ---p 00000000 00:00 0 
7fd6dd5e7000-7fd6dd6e4000 rw-p 00000000 00:00 0 
7fd6dd6e4000-7fd6dd6e8000 ---p 00000000 00:00 0 
7fd6dd6e8000-7fd6dd9e5000 rw-p 00000000 00:00 0 
7fd6dd9e5000-7fd6dd9e9000 ---p 00000000 00:00 0 
7fd6dd9e9000-7fd6ddae6000 rw-p 00000000 00:00 0 
7fd6ddae6000-7fd6ddaea000 ---p 00000000 00:00 0 
7fd6ddaea000-7fd6ddbe7000 rw-p 00000000 00:00 0 
7fd6ddbe7000-7fd6ddbeb000 ---p 00000000 00:00 0 
7fd6ddbeb000-7fd6ddce8000 rw-p 00000000 00:00 0 
7fd6ddce8000-7fd6ddcec000 ---p 00000000 00:00 0 
7fd6ddcec000-7fd6ddde9000 rw-p 00000000 00:00 0 
7fd6ddde9000-7fd6ddded000 ---p 00000000 00:00 0 
7fd6ddded000-7fd6ddeea000 rw-p 00000000 00:00 0 
7fd6ddeea000-7fd6ddeee000 ---p 00000000 00:00 0 
7fd6ddeee000-7fd6ddfeb000 rw-p 00000000 00:00 0 
7fd6ddfeb000-7fd6ddfef000 ---p 00000000 00:00 0 
7fd6ddfef000-7fd6de2ec000 rw-p 00000000 00:00 0 
7fd6de2ec000-7fd6de4ec000 rw-p 00000000 00:00 0 
7fd6de4ec000-7fd6de4f0000 ---p 00000000 00:00 0 
7fd6de4f0000-7fd6de5ed000 rw-p 00000000 00:00 0 
7fd6de5ed000-7fd6de5f1000 ---p 00000000 00:00 0 
7fd6de5f1000-7fd6de6ee000 rw-p 00000000 00:00 0 
7fd6de6ee000-7fd6de6f2000 ---p 00000000 00:00 0 
7fd6de6f2000-7fd6de7ef000 rw-p 00000000 00:00 0 
7fd6de7ef000-7fd6de7f3000 ---p 00000000 00:00 0 
7fd6de7f3000-7fd6de8f0000 rw-p 00000000 00:00 0 
7fd6de8f0000-7fd6de8f4000 ---p 00000000 00:00 0 
7fd6de8f4000-7fd6de9f1000 rw-p 00000000 00:00 0 
7fd6de9f1000-7fd6de9f5000 ---p 00000000 00:00 0 
7fd6de9f5000-7fd6deaf2000 rw-p 00000000 00:00 0 
7fd6deaf2000-7fd6deaf6000 ---p 00000000 00:00 0 
7fd6deaf6000-7fd6debf3000 rw-p 00000000 00:00 0 
7fd6debf3000-7fd6debf7000 ---p 00000000 00:00 0 
7fd6debf7000-7fd6decf4000 rw-p 00000000 00:00 0 
7fd6decf4000-7fd6decf8000 ---p 00000000 00:00 0 
7fd6decf8000-7fd6deff5000 rw-p 00000000 00:00 0 
7fd6deff5000-7fd6deff9000 ---p 00000000 00:00 0 
7fd6deff9000-7fd6df0f6000 rw-p 00000000 00:00 0 
7fd6df0f6000-7fd6df0fa000 ---p 00000000 00:00 0 
7fd6df0fa000-7fd6df1f7000 rw-p 00000000 00:00 0 
7fd6df1f7000-7fd6df1fb000 ---p 00000000 00:00 0 
7fd6df1fb000-7fd6df2f8000 rw-p 00000000 00:00 0 
7fd6df2f8000-7fd6df2fc000 ---p 00000000 00:00 0 
7fd6df2fc000-7fd6df3f9000 rw-p 00000000 00:00 0 
7fd6df3f9000-7fd6df3fd000 ---p 00000000 00:00 0 
7fd6df3fd000-7fd6df4fa000 rw-p 00000000 00:00 0 
7fd6df4fa000-7fd6df4fe000 ---p 00000000 00:00 0 
7fd6df4fe000-7fd6df5fb000 rw-p 00000000 00:00 0 
7fd6df5fb000-7fd6df5ff000 ---p 00000000 00:00 0 
7fd6df5ff000-7fd6df6fc000 rw-p 00000000 00:00 0 
7fd6df6fc000-7fd6df700000 ---p 00000000 00:00 0 
7fd6df700000-7fd6df7fd000 rw-p 00000000 00:00 0 
7fd6df7fd000-7fd6df801000 ---p 00000000 00:00 0 
7fd6df801000-7fd6dfaf1000 rw-p 00000000 00:00 0 
7fd6dfaf1000-7fd6dfafe000 ---p 00000000 00:00 0 
7fd6dfafe000-7fd6dfb02000 ---p 00000000 00:00 0 
7fd6dfb02000-7fd6dfdff000 rw-p 00000000 00:00 0 
7fd6dfdff000-7fd6dfe00000 r-xp 00000000 08:01 2105907                    /usr/lib/jvm/java-9-oracle/lib/libjaas_unix.so
7fd6dfe00000-7fd6dffff000 ---p 00001000 08:01 2105907                    /usr/lib/jvm/java-9-oracle/lib/libjaas_unix.so
7fd6dffff000-7fd6e0000000 rw-p 00000000 08:01 2105907                    /usr/lib/jvm/java-9-oracle/lib/libjaas_unix.so
7fd6e0000000-7fd6e0735000 rw-p 00000000 00:00 0 
7fd6e0735000-7fd6e4000000 ---p 00000000 00:00 0 
7fd6e4000000-7fd6e4021000 rw-p 00000000 00:00 0 
7fd6e4021000-7fd6e8000000 ---p 00000000 00:00 0 
7fd6e8000000-7fd6e8021000 rw-p 00000000 00:00 0 
7fd6e8021000-7fd6ec000000 ---p 00000000 00:00 0 
7fd6ec000000-7fd6ee24b000 rw-p 00000000 00:00 0 
7fd6ee24b000-7fd6f0000000 ---p 00000000 00:00 0 
7fd6f0000000-7fd6f0183000 rw-p 00000000 00:00 0 
7fd6f0183000-7fd6f4000000 ---p 00000000 00:00 0 
7fd6f4000000-7fd6f4033000 rw-p 00000000 00:00 0 
7fd6f4033000-7fd6f8000000 ---p 00000000 00:00 0 
7fd6f8000000-7fd6f90ca000 rw-p 00000000 00:00 0 
7fd6f90ca000-7fd6fc000000 ---p 00000000 00:00 0 
7fd6fc000000-7fd6fc040000 rw-p 00000000 00:00 0 
7fd6fc040000-7fd700000000 ---p 00000000 00:00 0 
7fd7000b4000-7fd7002b4000 rw-p 00000000 00:00 0 
7fd7002b4000-7fd7002b8000 ---p 00000000 00:00 0 
7fd7002b8000-7fd7003b5000 rw-p 00000000 00:00 0 
7fd7003b5000-7fd7003ba000 r-xp 00000000 08:01 2105944                    /usr/lib/jvm/java-9-oracle/lib/libmanagement_ext.so
7fd7003ba000-7fd7005b9000 ---p 00005000 08:01 2105944                    /usr/lib/jvm/java-9-oracle/lib/libmanagement_ext.so
7fd7005b9000-7fd7005ba000 rw-p 00004000 08:01 2105944                    /usr/lib/jvm/java-9-oracle/lib/libmanagement_ext.so
7fd7005ba000-7fd7005be000 r-xp 00000000 08:01 2105945                    /usr/lib/jvm/java-9-oracle/lib/libmanagement.so
7fd7005be000-7fd7007bd000 ---p 00004000 08:01 2105945                    /usr/lib/jvm/java-9-oracle/lib/libmanagement.so
7fd7007bd000-7fd7007be000 rw-p 00003000 08:01 2105945                    /usr/lib/jvm/java-9-oracle/lib/libmanagement.so
7fd7007be000-7fd7009be000 rw-p 00000000 00:00 0 
7fd7009be000-7fd7009c2000 ---p 00000000 00:00 0 
7fd7009c2000-7fd700abf000 rw-p 00000000 00:00 0 
7fd700abf000-7fd700ac3000 ---p 00000000 00:00 0 
7fd700ac3000-7fd700bc0000 rw-p 00000000 00:00 0 
7fd700bc0000-7fd700bc4000 ---p 00000000 00:00 0 
7fd700bc4000-7fd700ec1000 rw-p 00000000 00:00 0 
7fd700ec1000-7fd7010c1000 rw-p 00000000 00:00 0 
7fd7010c1000-7fd7010c5000 ---p 00000000 00:00 0 
7fd7010c5000-7fd7013c2000 rw-p 00000000 00:00 0 
7fd7013c2000-7fd7013ff000 r-xp 00000000 08:01 2105889                    /usr/lib/jvm/java-9-oracle/lib/libsunec.so
7fd7013ff000-7fd7015ff000 ---p 0003d000 08:01 2105889                    /usr/lib/jvm/java-9-oracle/lib/libsunec.so
7fd7015ff000-7fd701606000 rw-p 0003d000 08:01 2105889                    /usr/lib/jvm/java-9-oracle/lib/libsunec.so
7fd701606000-7fd701817000 rw-p 00000000 00:00 0 
7fd701817000-7fd701a17000 rw-p 00000000 00:00 0 
7fd701a17000-7fd701c17000 rw-p 00000000 00:00 0 
7fd701c17000-7fd701c87000 r-xp 00000000 08:01 2888116                    /lib/x86_64-linux-gnu/libpcre.so.3.13.3
7fd701c87000-7fd701e87000 ---p 00070000 08:01 2888116                    /lib/x86_64-linux-gnu/libpcre.so.3.13.3
7fd701e87000-7fd701e88000 r--p 00070000 08:01 2888116                    /lib/x86_64-linux-gnu/libpcre.so.3.13.3
7fd701e88000-7fd701e89000 rw-p 00071000 08:01 2888116                    /lib/x86_64-linux-gnu/libpcre.so.3.13.3
7fd701e89000-7fd701eae000 r-xp 00000000 08:01 2888312                    /lib/x86_64-linux-gnu/libselinux.so.1
7fd701eae000-7fd7020ad000 ---p 00025000 08:01 2888312                    /lib/x86_64-linux-gnu/libselinux.so.1
7fd7020ad000-7fd7020ae000 r--p 00024000 08:01 2888312                    /lib/x86_64-linux-gnu/libselinux.so.1
7fd7020ae000-7fd7020af000 rw-p 00025000 08:01 2888312                    /lib/x86_64-linux-gnu/libselinux.so.1
7fd7020af000-7fd7020b1000 rw-p 00000000 00:00 0 
7fd7020b1000-7fd7020ee000 r-xp 00000000 08:01 2888180                    /lib/x86_64-linux-gnu/libnss_resolve.so.2
7fd7020ee000-7fd7022ed000 ---p 0003d000 08:01 2888180                    /lib/x86_64-linux-gnu/libnss_resolve.so.2
7fd7022ed000-7fd7022f0000 r--p 0003c000 08:01 2888180                    /lib/x86_64-linux-gnu/libnss_resolve.so.2
7fd7022f0000-7fd7022f1000 rw-p 0003f000 08:01 2888180                    /lib/x86_64-linux-gnu/libnss_resolve.so.2
7fd7022f1000-7fd7022f3000 r-xp 00000000 08:01 2888288                    /lib/x86_64-linux-gnu/libnss_mdns4_minimal.so.2
7fd7022f3000-7fd7024f2000 ---p 00002000 08:01 2888288                    /lib/x86_64-linux-gnu/libnss_mdns4_minimal.so.2
7fd7024f2000-7fd7024f3000 r--p 00001000 08:01 2888288                    /lib/x86_64-linux-gnu/libnss_mdns4_minimal.so.2
7fd7024f3000-7fd7024f4000 rw-p 00002000 08:01 2888288                    /lib/x86_64-linux-gnu/libnss_mdns4_minimal.so.2
7fd7024f4000-7fd7026f4000 rw-p 00000000 00:00 0 
7fd7026f4000-7fd7028f4000 rw-p 00000000 00:00 0 
7fd7028f4000-7fd7028f5000 ---p 00000000 00:00 0 
7fd7028f5000-7fd7029f5000 rw-p 00000000 00:00 0 
7fd7029f5000-7fd7029f9000 ---p 00000000 00:00 0 
7fd7029f9000-7fd702af6000 rw-p 00000000 00:00 0 
7fd702af6000-7fd702afa000 ---p 00000000 00:00 0 
7fd702afa000-7fd702bf7000 rw-p 00000000 00:00 0 
7fd702bf7000-7fd702c0d000 r-xp 00000000 08:01 2105909                    /usr/lib/jvm/java-9-oracle/lib/libnet.so
7fd702c0d000-7fd702e0d000 ---p 00016000 08:01 2105909                    /usr/lib/jvm/java-9-oracle/lib/libnet.so
7fd702e0d000-7fd702e0e000 rw-p 00016000 08:01 2105909                    /usr/lib/jvm/java-9-oracle/lib/libnet.so
7fd702e0e000-7fd702e1e000 r-xp 00000000 08:01 2105906                    /usr/lib/jvm/java-9-oracle/lib/libnio.so
7fd702e1e000-7fd70301e000 ---p 00010000 08:01 2105906                    /usr/lib/jvm/java-9-oracle/lib/libnio.so
7fd70301e000-7fd70301f000 rw-p 00010000 08:01 2105906                    /usr/lib/jvm/java-9-oracle/lib/libnio.so
7fd70301f000-7fd703023000 ---p 00000000 00:00 0 
7fd703023000-7fd703120000 rw-p 00000000 00:00 0 
7fd703120000-7fd703124000 ---p 00000000 00:00 0 
7fd703124000-7fd703221000 rw-p 00000000 00:00 0 
7fd703221000-7fd703225000 ---p 00000000 00:00 0 
7fd703225000-7fd703322000 rw-p 00000000 00:00 0 
7fd703322000-7fd703326000 ---p 00000000 00:00 0 
7fd703326000-7fd703423000 rw-p 00000000 00:00 0 
7fd703423000-7fd7036ff000 r--p 00000000 08:01 2098528                    /usr/lib/locale/locale-archive
7fd7036ff000-7fd703703000 ---p 00000000 00:00 0 
7fd703703000-7fd704000000 rw-p 00000000 00:00 0 
7fd704000000-7fd704060000 rw-p 00000000 00:00 0 
7fd704060000-7fd708000000 ---p 00000000 00:00 0 
7fd708000000-7fd70a000000 rwxp 00000000 00:00 0 
7fd70a000000-7fd70a3f4000 rw-p 00000000 00:00 0 
7fd70a3f4000-7fd70b000000 ---p 00000000 00:00 0 
7fd70b000000-7fd70b3f4000 rw-p 00000000 00:00 0 
7fd70b3f4000-7fd70c000000 ---p 00000000 00:00 0 
7fd70c000000-7fd70c104000 rw-p 00000000 00:00 0 
7fd70c104000-7fd710000000 ---p 00000000 00:00 0 
7fd710000000-7fd710077000 rw-p 00000000 00:00 0 
7fd710077000-7fd714000000 ---p 00000000 00:00 0 
7fd714000000-7fd714116000 rw-p 00000000 00:00 0 
7fd714116000-7fd718000000 ---p 00000000 00:00 0 
7fd718000000-7fd718021000 rw-p 00000000 00:00 0 
7fd718021000-7fd71c000000 ---p 00000000 00:00 0 
7fd71c000000-7fd71c371000 rw-p 00000000 00:00 0 
7fd71c371000-7fd720000000 ---p 00000000 00:00 0 
7fd72009b000-7fd72009f000 ---p 00000000 00:00 0 
7fd72009f000-7fd72019c000 rw-p 00000000 00:00 0 
7fd72019c000-7fd72019d000 ---p 00000000 00:00 0 
7fd72019d000-7fd720515000 rw-p 00000000 00:00 0 
7fd720515000-7fd720516000 ---p 00000000 00:00 0 
7fd720516000-7fd720616000 rw-p 00000000 00:00 0 
7fd720616000-7fd720617000 ---p 00000000 00:00 0 
7fd720617000-7fd720796000 rw-p 00000000 00:00 0 
7fd720796000-7fd720917000 ---p 00000000 00:00 0 
7fd720917000-7fd720996000 rw-p 00000000 00:00 0 
7fd720996000-7fd720d17000 ---p 00000000 00:00 0 
7fd720d17000-7fd720d96000 rw-p 00000000 00:00 0 
7fd720d96000-7fd720f17000 ---p 00000000 00:00 0 
7fd720f17000-7fd720f18000 ---p 00000000 00:00 0 
7fd720f18000-7fd721018000 rw-p 00000000 00:00 0 
7fd721018000-7fd721019000 ---p 00000000 00:00 0 
7fd721019000-7fd721119000 rw-p 00000000 00:00 0 
7fd721119000-7fd72111a000 ---p 00000000 00:00 0 
7fd72111a000-7fd72141c000 rw-p 00000000 00:00 0 
7fd72141c000-7fd72141d000 ---p 00000000 00:00 0 
7fd72141d000-7fd72151d000 rw-p 00000000 00:00 0 
7fd72151d000-7fd72151e000 ---p 00000000 00:00 0 
7fd72151e000-7fd721625000 rw-p 00000000 00:00 0 
7fd721625000-7fd721709000 ---p 00000000 00:00 0 
7fd721709000-7fd721979000 rwxp 00000000 00:00 0 
7fd721979000-7fd721c98000 ---p 00000000 00:00 0 
7fd721c98000-7fd722958000 rwxp 00000000 00:00 0 
7fd722958000-7fd7291d0000 ---p 00000000 00:00 0 
7fd7291d0000-7fd7294e0000 rwxp 00000000 00:00 0 
7fd7294e0000-7fd730709000 ---p 00000000 00:00 0 
7fd730709000-7fd73bbcc000 r--s 00000000 08:01 2105808                    /usr/lib/jvm/java-9-oracle/lib/modules
7fd73bbcc000-7fd73bbe6000 r-xp 00000000 08:01 2105911                    /usr/lib/jvm/java-9-oracle/lib/libjimage.so
7fd73bbe6000-7fd73bde5000 ---p 0001a000 08:01 2105911                    /usr/lib/jvm/java-9-oracle/lib/libjimage.so
7fd73bde5000-7fd73bde7000 rw-p 00019000 08:01 2105911                    /usr/lib/jvm/java-9-oracle/lib/libjimage.so
7fd73bde7000-7fd73bdf9000 rw-p 00000000 00:00 0 
7fd73bdf9000-7fd73be00000 r-xp 00000000 08:01 2105952                    /usr/lib/jvm/java-9-oracle/lib/libzip.so
7fd73be00000-7fd73bfff000 ---p 00007000 08:01 2105952                    /usr/lib/jvm/java-9-oracle/lib/libzip.so
7fd73bfff000-7fd73c000000 rw-p 00006000 08:01 2105952                    /usr/lib/jvm/java-9-oracle/lib/libzip.so
7fd73c000000-7fd73d1e1000 rw-p 00000000 00:00 0 
7fd73d1e1000-7fd740000000 ---p 00000000 00:00 0 
7fd74003c000-7fd740040000 ---p 00000000 00:00 0 
7fd740040000-7fd7400d3000 rw-p 00000000 00:00 0 
7fd7400d3000-7fd7401a4000 ---p 00000000 00:00 0 
7fd7401a4000-7fd7401af000 r-xp 00000000 08:01 2891351                    /lib/x86_64-linux-gnu/libnss_files-2.26.so
7fd7401af000-7fd7403ae000 ---p 0000b000 08:01 2891351                    /lib/x86_64-linux-gnu/libnss_files-2.26.so
7fd7403ae000-7fd7403af000 r--p 0000a000 08:01 2891351                    /lib/x86_64-linux-gnu/libnss_files-2.26.so
7fd7403af000-7fd7403b0000 rw-p 0000b000 08:01 2891351                    /lib/x86_64-linux-gnu/libnss_files-2.26.so
7fd7403b0000-7fd7403b6000 rw-p 00000000 00:00 0 
7fd7403b6000-7fd7403c1000 r-xp 00000000 08:01 2891353                    /lib/x86_64-linux-gnu/libnss_nis-2.26.so
7fd7403c1000-7fd7405c0000 ---p 0000b000 08:01 2891353                    /lib/x86_64-linux-gnu/libnss_nis-2.26.so
7fd7405c0000-7fd7405c1000 r--p 0000a000 08:01 2891353                    /lib/x86_64-linux-gnu/libnss_nis-2.26.so
7fd7405c1000-7fd7405c2000 rw-p 0000b000 08:01 2891353                    /lib/x86_64-linux-gnu/libnss_nis-2.26.so
7fd7405c2000-7fd7405d9000 r-xp 00000000 08:01 2891348                    /lib/x86_64-linux-gnu/libnsl-2.26.so
7fd7405d9000-7fd7407d8000 ---p 00017000 08:01 2891348                    /lib/x86_64-linux-gnu/libnsl-2.26.so
7fd7407d8000-7fd7407d9000 r--p 00016000 08:01 2891348                    /lib/x86_64-linux-gnu/libnsl-2.26.so
7fd7407d9000-7fd7407da000 rw-p 00017000 08:01 2891348                    /lib/x86_64-linux-gnu/libnsl-2.26.so
7fd7407da000-7fd7407dc000 rw-p 00000000 00:00 0 
7fd7407dc000-7fd7407e4000 r-xp 00000000 08:01 2891349                    /lib/x86_64-linux-gnu/libnss_compat-2.26.so
7fd7407e4000-7fd7409e3000 ---p 00008000 08:01 2891349                    /lib/x86_64-linux-gnu/libnss_compat-2.26.so
7fd7409e3000-7fd7409e4000 r--p 00007000 08:01 2891349                    /lib/x86_64-linux-gnu/libnss_compat-2.26.so
7fd7409e4000-7fd7409e5000 rw-p 00008000 08:01 2891349                    /lib/x86_64-linux-gnu/libnss_compat-2.26.so
7fd7409e5000-7fd740a10000 r-xp 00000000 08:01 2105877                    /usr/lib/jvm/java-9-oracle/lib/libjava.so
7fd740a10000-7fd740c0f000 ---p 0002b000 08:01 2105877                    /usr/lib/jvm/java-9-oracle/lib/libjava.so
7fd740c0f000-7fd740c11000 rw-p 0002a000 08:01 2105877                    /usr/lib/jvm/java-9-oracle/lib/libjava.so
7fd740c11000-7fd740c1e000 r-xp 00000000 08:01 2105822                    /usr/lib/jvm/java-9-oracle/lib/libverify.so
7fd740c1e000-7fd740e1d000 ---p 0000d000 08:01 2105822                    /usr/lib/jvm/java-9-oracle/lib/libverify.so
7fd740e1d000-7fd740e1f000 rw-p 0000c000 08:01 2105822                    /usr/lib/jvm/java-9-oracle/lib/libverify.so
7fd740e1f000-7fd740e26000 r-xp 00000000 08:01 2891358                    /lib/x86_64-linux-gnu/librt-2.26.so
7fd740e26000-7fd741025000 ---p 00007000 08:01 2891358                    /lib/x86_64-linux-gnu/librt-2.26.so
7fd741025000-7fd741026000 r--p 00006000 08:01 2891358                    /lib/x86_64-linux-gnu/librt-2.26.so
7fd741026000-7fd741027000 rw-p 00007000 08:01 2891358                    /lib/x86_64-linux-gnu/librt-2.26.so
7fd741027000-7fd74117c000 r-xp 00000000 08:01 2891345                    /lib/x86_64-linux-gnu/libm-2.26.so
7fd74117c000-7fd74137b000 ---p 00155000 08:01 2891345                    /lib/x86_64-linux-gnu/libm-2.26.so
7fd74137b000-7fd74137c000 r--p 00154000 08:01 2891345                    /lib/x86_64-linux-gnu/libm-2.26.so
7fd74137c000-7fd74137d000 rw-p 00155000 08:01 2891345                    /lib/x86_64-linux-gnu/libm-2.26.so
7fd74137d000-7fd742391000 r-xp 00000000 08:01 2233367                    /usr/lib/jvm/java-9-oracle/lib/server/libjvm.so
7fd742391000-7fd742591000 ---p 01014000 08:01 2233367                    /usr/lib/jvm/java-9-oracle/lib/server/libjvm.so
7fd742591000-7fd742662000 r--p 01014000 08:01 2233367                    /usr/lib/jvm/java-9-oracle/lib/server/libjvm.so
7fd742662000-7fd742699000 rw-p 010e5000 08:01 2233367                    /usr/lib/jvm/java-9-oracle/lib/server/libjvm.so
7fd742699000-7fd742702000 rw-p 00000000 00:00 0 
7fd742702000-7fd7428d8000 r-xp 00000000 08:01 2891341                    /lib/x86_64-linux-gnu/libc-2.26.so
7fd7428d8000-7fd742ad8000 ---p 001d6000 08:01 2891341                    /lib/x86_64-linux-gnu/libc-2.26.so
7fd742ad8000-7fd742adc000 r--p 001d6000 08:01 2891341                    /lib/x86_64-linux-gnu/libc-2.26.so
7fd742adc000-7fd742ade000 rw-p 001da000 08:01 2891341                    /lib/x86_64-linux-gnu/libc-2.26.so
7fd742ade000-7fd742ae2000 rw-p 00000000 00:00 0 
7fd742ae2000-7fd742ae5000 r-xp 00000000 08:01 2891344                    /lib/x86_64-linux-gnu/libdl-2.26.so
7fd742ae5000-7fd742ce4000 ---p 00003000 08:01 2891344                    /lib/x86_64-linux-gnu/libdl-2.26.so
7fd742ce4000-7fd742ce5000 r--p 00002000 08:01 2891344                    /lib/x86_64-linux-gnu/libdl-2.26.so
7fd742ce5000-7fd742ce6000 rw-p 00003000 08:01 2891344                    /lib/x86_64-linux-gnu/libdl-2.26.so
7fd742ce6000-7fd742cf4000 r-xp 00000000 08:01 2105806                    /usr/lib/jvm/java-9-oracle/lib/jli/libjli.so
7fd742cf4000-7fd742ef4000 ---p 0000e000 08:01 2105806                    /usr/lib/jvm/java-9-oracle/lib/jli/libjli.so
7fd742ef4000-7fd742ef5000 rw-p 0000e000 08:01 2105806                    /usr/lib/jvm/java-9-oracle/lib/jli/libjli.so
7fd742ef5000-7fd742f0f000 r-xp 00000000 08:01 2891356                    /lib/x86_64-linux-gnu/libpthread-2.26.so
7fd742f0f000-7fd74310e000 ---p 0001a000 08:01 2891356                    /lib/x86_64-linux-gnu/libpthread-2.26.so
7fd74310e000-7fd74310f000 r--p 00019000 08:01 2891356                    /lib/x86_64-linux-gnu/libpthread-2.26.so
7fd74310f000-7fd743110000 rw-p 0001a000 08:01 2891356                    /lib/x86_64-linux-gnu/libpthread-2.26.so
7fd743110000-7fd743114000 rw-p 00000000 00:00 0 
7fd743114000-7fd743130000 r-xp 00000000 08:01 2884517                    /lib/x86_64-linux-gnu/libz.so.1.2.11
7fd743130000-7fd74332f000 ---p 0001c000 08:01 2884517                    /lib/x86_64-linux-gnu/libz.so.1.2.11
7fd74332f000-7fd743330000 r--p 0001b000 08:01 2884517                    /lib/x86_64-linux-gnu/libz.so.1.2.11
7fd743330000-7fd743331000 rw-p 0001c000 08:01 2884517                    /lib/x86_64-linux-gnu/libz.so.1.2.11
7fd743331000-7fd743358000 r-xp 00000000 08:01 2884509                    /lib/x86_64-linux-gnu/ld-2.26.so
7fd743377000-7fd743438000 rw-p 00000000 00:00 0 
7fd743438000-7fd74343f000 ---p 00000000 00:00 0 
7fd74343f000-7fd743440000 ---p 00000000 00:00 0 
7fd743440000-7fd743444000 ---p 00000000 00:00 0 
7fd743444000-7fd743544000 rw-p 00000000 00:00 0 
7fd74354d000-7fd74354e000 rw-p 00000000 00:00 0 
7fd74354e000-7fd743556000 rw-s 00000000 08:01 2763384                    /tmp/hsperfdata_rsi-psd-vm/32707
7fd743556000-7fd743557000 rw-p 00000000 00:00 0 
7fd743557000-7fd743558000 ---p 00000000 00:00 0 
7fd743558000-7fd743559000 r--p 00027000 08:01 2884509                    /lib/x86_64-linux-gnu/ld-2.26.so
7fd743559000-7fd74355a000 rw-p 00028000 08:01 2884509                    /lib/x86_64-linux-gnu/ld-2.26.so
7fd74355a000-7fd74355b000 rw-p 00000000 00:00 0 
7ffda3f92000-7ffda3fb3000 rw-p 00000000 00:00 0                          [stack]
7ffda3fc5000-7ffda3fc8000 r--p 00000000 00:00 0                          [vvar]
7ffda3fc8000-7ffda3fca000 r-xp 00000000 00:00 0                          [vdso]
ffffffffff600000-ffffffffff601000 r-xp 00000000 00:00 0                  [vsyscall]

VM Arguments:
jvm_args: -Xmx1g 
java_command: org.apache.spark.deploy.SparkSubmit --master local[4] --queue PyDevSpark2.2.0 --packages org.apache.bahir:spark-streaming-mqtt_2.11:2.2.0 pyspark-shell
java_class_path (initial): $SPARK_HOME/conf:/home/rsi-psd-vm/spark-2.2.0-bin-hadoop2.7/jars/scala-xml_2.11-1.0.2.jar:/home/rsi-psd-vm/spark-2.2.0-bin-hadoop2.7/jars/jersey-common-2.22.2.jar:/home/rsi-psd-vm/spark-2.2.0-bin-hadoop2.7/jars/hadoop-yarn-server-web-proxy-2.7.3.jar:/home/rsi-psd-vm/spark-2.2.0-bin-hadoop2.7/jars/JavaEWAH-0.3.2.jar:/home/rsi-psd-vm/spark-2.2.0-bin-hadoop2.7/jars/parquet-common-1.8.2.jar:/home/rsi-psd-vm/spark-2.2.0-bin-hadoop2.7/jars/hadoop-yarn-server-common-2.7.3.jar:/home/rsi-psd-vm/spark-2.2.0-bin-hadoop2.7/jars/xbean-asm5-shaded-4.4.jar:/home/rsi-psd-vm/spark-2.2.0-bin-hadoop2.7/jars/jackson-mapper-asl-1.9.13.jar:/home/rsi-psd-vm/spark-2.2.0-bin-hadoop2.7/jars/mx4j-3.0.2.jar:/home/rsi-psd-vm/spark-2.2.0-bin-hadoop2.7/jars/commons-cli-1.2.jar:/home/rsi-psd-vm/spark-2.2.0-bin-hadoop2.7/jars/commons-beanutils-1.7.0.jar:/home/rsi-psd-vm/spark-2.2.0-bin-hadoop2.7/jars/curator-client-2.6.0.jar:/home/rsi-psd-vm/spark-2.2.0-bin-hadoop2.7/jars/curator-recipes-2.6.0.jar:/home/rsi-psd-vm/spark-2.2.0-bin-hadoop2.7/jars/hadoop-mapreduce-client-jobclient-2.7.3.jar:/home/rsi-psd-vm/spark-2.2.0-bin-hadoop2.7/jars/osgi-resource-locator-1.0.1.jar:/home/rsi-psd-vm/spark-2.2.0-bin-hadoop2.7/jars/hadoop-yarn-common-2.7.3.jar:/home/rsi-psd-vm/spark-2.2.0-bin-hadoop2.7/jars/ST4-4.0.4.jar:/home/rsi-psd-vm/spark-2.2.0-bin-hadoop2.7/jars/json4s-core_2.11-3.2.11.jar:/home/rsi-psd-vm/spark-2.2.0-bin-hadoop2.7/jars/libfb303-0.9.3.jar:/home/rsi-psd-vm/spark-2.2.0-bin-hadoop2.7/jars/guice-servlet-3.0.jar:/home/rsi-psd-vm/spark-2.2.0-bin-hadoop2.7/jars/hadoop-annotations-2.7.3.jar:/home/rsi-psd-vm/spark-2.2.0-bin-hadoop2.7/jars/commons-io-2.4.jar:/home/rsi-psd-vm/spark-2.2.0-bin-hadoop2.7/jars/ivy-2.4.0.jar:/home/rsi-psd-vm/spark-2.2.0-bin-hadoop2.7/jars/chill_2.11-0.8.0.jar:/home/rsi-psd-vm/spark-2.2.0-bin-hadoop2.7/jars/commons-compress-1.4.1.jar:/home/rsi-psd-vm/spark-2.2.0-bin-hadoop2.7/jars/parquet-jackson-1.8.2.jar:/home/rsi-psd-vm/spark-2.2.0-bin-hadoop2.7/
Launcher Type: SUN_STANDARD

Logging:
Log output configuration:
#0: stdout all=warning uptime,level,tags
#1: stderr all=off uptime,level,tags

Environment Variables:
JAVA_HOME=/usr/lib/jvm/java-9-oracle
PATH=/usr/local/sbin:/usr/local/bin:/usr/sbin:/usr/bin:/sbin:/bin:/usr/games:/usr/local/games:/snap/bin:/usr/lib/jvm/java-9-oracle/bin:/usr/lib/jvm/java-9-oracle/db/bin
SHELL=/bin/bash
DISPLAY=:0

Signal Handlers:
SIGSEGV: [libjvm.so+0xd4ce90], sa_mask[0]=11111111011111111101111111111110, sa_flags=SA_RESTART|SA_SIGINFO
SIGBUS: [libjvm.so+0xd4ce90], sa_mask[0]=11111111011111111101111111111110, sa_flags=SA_RESTART|SA_SIGINFO
SIGFPE: [libjvm.so+0xd4ce90], sa_mask[0]=11111111011111111101111111111110, sa_flags=SA_RESTART|SA_SIGINFO
SIGPIPE: [libjvm.so+0xb64460], sa_mask[0]=11111111011111111101111111111110, sa_flags=SA_RESTART|SA_SIGINFO
SIGXFSZ: [libjvm.so+0xb64460], sa_mask[0]=11111111011111111101111111111110, sa_flags=SA_RESTART|SA_SIGINFO
SIGILL: [libjvm.so+0xd4ce90], sa_mask[0]=11111111011111111101111111111110, sa_flags=SA_RESTART|SA_SIGINFO
SIGUSR2: [libjvm.so+0xb64320], sa_mask[0]=00100000000000000000000000000000, sa_flags=SA_RESTART|SA_SIGINFO
SIGHUP: [libjvm.so+0xb64530], sa_mask[0]=11111111011111111101111111111110, sa_flags=SA_RESTART|SA_SIGINFO
SIGINT: SIG_IGN, sa_mask[0]=00000000000000000000000000000000, sa_flags=none
SIGTERM: [libjvm.so+0xb64530], sa_mask[0]=11111111011111111101111111111110, sa_flags=SA_RESTART|SA_SIGINFO
SIGQUIT: [libjvm.so+0xb64530], sa_mask[0]=11111111011111111101111111111110, sa_flags=SA_RESTART|SA_SIGINFO


---------------  S Y S T E M  ---------------

OS:DISTRIB_ID=Ubuntu
DISTRIB_RELEASE=17.10
DISTRIB_CODENAME=artful
DISTRIB_DESCRIPTION="Ubuntu 17.10"
uname:Linux 4.13.0-46-generic #51-Ubuntu SMP Tue Jun 12 12:36:29 UTC 2018 x86_64
libc:glibc 2.26 NPTL 2.26 
rlimit: STACK 8192k, CORE 0k, NPROC 15184, NOFILE 1048576, AS infinity
load average:26.27 13.90 7.41

/proc/meminfo:
MemTotal:        3941512 kB
MemFree:          101820 kB
MemAvailable:      15108 kB
Buffers:             208 kB
Cached:           143416 kB
SwapCached:        11084 kB
Active:          2668992 kB
Inactive:         990012 kB
Active(anon):    2659416 kB
Inactive(anon):   969920 kB
Active(file):       9576 kB
Inactive(file):    20092 kB
Unevictable:          32 kB
Mlocked:              32 kB
SwapTotal:       2097148 kB
SwapFree:              0 kB
Dirty:                64 kB
Writeback:             0 kB
AnonPages:       3504856 kB
Mapped:           134288 kB
Shmem:            113852 kB
Slab:              85720 kB
SReclaimable:      32672 kB
SUnreclaim:        53048 kB
KernelStack:       16688 kB
PageTables:        47524 kB
NFS_Unstable:          0 kB
Bounce:                0 kB
WritebackTmp:          0 kB
CommitLimit:     4067904 kB
Committed_AS:   11408044 kB
VmallocTotal:   34359738367 kB
VmallocUsed:           0 kB
VmallocChunk:          0 kB
HardwareCorrupted:     0 kB
AnonHugePages:         0 kB
ShmemHugePages:        0 kB
ShmemPmdMapped:        0 kB
CmaTotal:              0 kB
CmaFree:               0 kB
HugePages_Total:       0
HugePages_Free:        0
HugePages_Rsvd:        0
HugePages_Surp:        0
Hugepagesize:       2048 kB
DirectMap4k:      178112 kB
DirectMap2M:     3917824 kB


CPU:total 2 (initial active 2) (2 cores per cpu, 1 threads per core) family 6 model 142 stepping 9, cmov, cx8, fxsr, mmx, sse, sse2, sse3, ssse3, sse4.1, sse4.2, popcnt, avx, avx2, aes, clmul, 3dnowpref, lzcnt, tsc, tscinvbit
CPU Model and flags from /proc/cpuinfo:
model name	: Intel(R) Core(TM) i7-7500U CPU @ 2.70GHz
flags		: fpu vme de pse tsc msr pae mce cx8 apic sep mtrr pge mca cmov pat pse36 clflush mmx fxsr sse sse2 ht syscall nx rdtscp lm constant_tsc rep_good nopl xtopology nonstop_tsc cpuid pni pclmulqdq ssse3 cx16 pcid sse4_1 sse4_2 x2apic movbe popcnt aes xsave avx rdrand hypervisor lahf_lm abm 3dnowprefetch invpcid_single pti retpoline rsb_ctxsw fsgsbase avx2 invpcid rdseed clflushopt

Memory: 4k page, physical 3941512k(104688k free), swap 2097148k(0k free)

vm_info: Java HotSpot(TM) 64-Bit Server VM (9.0.1+11) for linux-amd64 JRE (9.0.1+11), built on Sep 27 2017 20:48:27 by "mach5one" with gcc 4.9.2

END.
