#
# There is insufficient memory for the Java Runtime Environment to continue.
# Native memory allocation (mmap) failed to map 304087040 bytes for committing reserved memory.
# Possible reasons:
#   The system is out of physical RAM or swap space
#   The process is running with CompressedOops enabled, and the Java Heap may be blocking the growth of the native heap
# Possible solutions:
#   Reduce memory load on the system
#   Increase physical memory or swap space
#   Check if swap backing store is full
#   Decrease Java heap size (-Xmx/-Xms)
#   Decrease number of Java threads
#   Decrease Java thread stack sizes (-Xss)
#   Set larger code cache with -XX:ReservedCodeCacheSize=
#   JVM is running with Unscaled Compressed Oops mode in which the Java heap is
#     placed in the first 4GB address space. The Java Heap base address is the
#     maximum limit for the native heap growth. Please use -XX:HeapBaseMinAddress
#     to set the Java Heap base and to place the Java Heap above 4GB virtual address.
# This output file may be truncated or incomplete.
#
#  Out of Memory Error (os_linux.cpp:2647), pid=15363, tid=15392
#
# JRE version: Java(TM) SE Runtime Environment (9.0+11) (build 9.0.1+11)
# Java VM: Java HotSpot(TM) 64-Bit Server VM (9.0.1+11, mixed mode, tiered, compressed oops, g1 gc, linux-amd64)
# Core dump will be written. Default location: Core dumps may be processed with "/usr/share/apport/apport %p %s %c %d %P" (or dumping to /home/rsi-psd-vm/eclipse-workspace/PythonSparkStreamingMQTTWordCountProject/src/core.15363)
#

---------------  S U M M A R Y ------------

Command Line: -Xmx1g org.apache.spark.deploy.SparkSubmit --master local[4] --queue PyDevSpark2.2.0 --packages org.apache.bahir:spark-streaming-mqtt_2.11:2.2.0 pyspark-shell

Host: Intel(R) Core(TM) i7-7500U CPU @ 2.70GHz, 2 cores, 3G, Ubuntu 17.10
Time: Tue Aug  7 18:03:19 2018 +00 elapsed time: 222 seconds (0d 0h 3m 42s)

---------------  T H R E A D  ---------------

Current thread (0x00007f1a9c0e7800):  VMThread "VM Thread" [stack: 0x00007f1aa0262000,0x00007f1aa0362000] [id=15392]

Stack: [0x00007f1aa0262000,0x00007f1aa0362000],  sp=0x00007f1aa0360020,  free space=1016k
Native frames: (J=compiled Java code, A=aot compiled Java code, j=interpreted, Vv=VM code, C=native code)
V  [libjvm.so+0xd4c1e2]  VMError::report_and_die(int, char const*, char const*, __va_list_tag*, Thread*, unsigned char*, void*, void*, char const*, int, unsigned long)+0x162
V  [libjvm.so+0xd4ce4b]  VMError::report_and_die(Thread*, char const*, int, unsigned long, VMErrorType, char const*, __va_list_tag*)+0x2b
V  [libjvm.so+0x6548f8]  report_vm_out_of_memory(char const*, int, unsigned long, VMErrorType, char const*, ...)+0xd8
V  [libjvm.so+0xb67f21]  os::pd_commit_memory_or_exit(char*, unsigned long, unsigned long, bool, char const*)+0x101
V  [libjvm.so+0xb625ad]  os::commit_memory_or_exit(char*, unsigned long, unsigned long, bool, char const*)+0x1d
V  [libjvm.so+0x7632a2]  G1PageBasedVirtualSpace::commit_preferred_pages(unsigned long, unsigned long)+0x62
V  [libjvm.so+0x7635be]  G1PageBasedVirtualSpace::commit(unsigned long, unsigned long)+0x11e
V  [libjvm.so+0x766523]  G1RegionsLargerThanCommitSizeMapper::commit_regions(unsigned int, unsigned long, WorkGang*)+0x43
V  [libjvm.so+0x7f741c]  HeapRegionManager::commit_regions(unsigned int, unsigned long, WorkGang*)+0x7c
V  [libjvm.so+0x7f7fe4]  HeapRegionManager::make_regions_available(unsigned int, unsigned int, WorkGang*)+0x34
V  [libjvm.so+0x7f8501]  HeapRegionManager::expand_by(unsigned int, WorkGang*)+0x71
V  [libjvm.so+0x729897]  G1CollectedHeap::expand(unsigned long, WorkGang*, double*)+0xd7
V  [libjvm.so+0x7307da]  G1CollectedHeap::do_collection_pause_at_safepoint(double)+0x104a
V  [libjvm.so+0xd5dfe2]  VM_G1IncCollectionPause::doit()+0x82
V  [libjvm.so+0xd5d019]  VM_Operation::evaluate()+0x59
V  [libjvm.so+0xd5ad63]  VMThread::evaluate_operation(VM_Operation*)+0xc3
V  [libjvm.so+0xd5b2d0]  VMThread::loop()+0x210
V  [libjvm.so+0xd5b7e2]  VMThread::run()+0x72
V  [libjvm.so+0xb6de12]  thread_native_entry(Thread*)+0xf2

VM_Operation (0x00007f1a38377d40): G1IncCollectionPause, mode: safepoint, requested by thread 0x00007f1a70029800


---------------  P R O C E S S  ---------------

Java Threads: ( => current thread )
  0x00007f1a54166000 JavaThread "serve RDD 542 with partitions 1,2,3" daemon [_thread_blocked, id=17370, stack(0x00007f1a3867e000,0x00007f1a3877f000)]
  0x00007f1a6c0ad800 JavaThread "Worker Monitor for python" daemon [_thread_blocked, id=17369, stack(0x00007f1a3cbbd000,0x00007f1a3ccbe000)]
  0x0000000000ce7800 JavaThread "Worker Monitor for python" daemon [_thread_blocked, id=17367, stack(0x00007f1a39e94000,0x00007f1a39f95000)]
  0x0000000000cf8000 JavaThread "Worker Monitor for python" daemon [_thread_blocked, id=17365, stack(0x00007f1a3a79d000,0x00007f1a3a89e000)]
  0x00007f1a6c0d0800 JavaThread "Worker Monitor for python" daemon [_thread_blocked, id=17363, stack(0x00007f1a3c7b9000,0x00007f1a3c8ba000)]
  0x00007f1a6c0ad000 JavaThread "Worker Monitor for python" daemon [_thread_blocked, id=17361, stack(0x00007f1a3a49a000,0x00007f1a3a59b000)]
  0x00007f1a64009000 JavaThread "Worker Monitor for python" daemon [_thread_blocked, id=17359, stack(0x00007f1a38c84000,0x00007f1a38d85000)]
  0x00007f1a5cfb3800 JavaThread "block-manager-slave-async-thread-pool-29" daemon [_thread_blocked, id=17320, stack(0x00007f1a3a298000,0x00007f1a3a399000)]
  0x00007f1a54156000 JavaThread "block-manager-slave-async-thread-pool-28" daemon [_thread_blocked, id=17319, stack(0x00007f1a3877f000,0x00007f1a38880000)]
  0x00007f1a64063800 JavaThread "block-manager-slave-async-thread-pool-27" daemon [_thread_blocked, id=17318, stack(0x00007f1a3a59b000,0x00007f1a3a69c000)]
  0x00007f1a7000d800 JavaThread "block-manager-slave-async-thread-pool-26" daemon [_thread_blocked, id=17317, stack(0x00007f1a3c8ba000,0x00007f1a3c9bb000)]
  0x00007f1a9ccbe800 JavaThread "block-manager-slave-async-thread-pool-25" daemon [_thread_blocked, id=17316, stack(0x00007f1a3a197000,0x00007f1a3a298000)]
  0x00007f1a740f8800 JavaThread "block-manager-slave-async-thread-pool-24" daemon [_thread_blocked, id=17194, stack(0x00007f1a3aba1000,0x00007f1a3aca2000)]
  0x00007f1a740f7800 JavaThread "block-manager-slave-async-thread-pool-23" daemon [_thread_blocked, id=17193, stack(0x00007f1a39086000,0x00007f1a39187000)]
  0x00007f1a6c0d1000 JavaThread "block-manager-slave-async-thread-pool-22" daemon [_thread_blocked, id=17192, stack(0x00007f1a3968c000,0x00007f1a3978d000)]
  0x00007f1a540a9000 JavaThread "Thread-31" [_thread_blocked, id=17086, stack(0x00007f1a3c9bb000,0x00007f1a3cabc000)]
  0x00007f1a70029800 JavaThread "Executor task launch worker for task 370" daemon [_thread_blocked, id=16605, stack(0x00007f1a3827a000,0x00007f1a3837b000)]
  0x00007f1a540bd000 JavaThread "block-manager-slave-async-thread-pool-20" daemon [_thread_blocked, id=16496, stack(0x00007f1a39288000,0x00007f1a39389000)]
  0x00007f1a540a7000 JavaThread "block-manager-slave-async-thread-pool-21" daemon [_thread_blocked, id=16495, stack(0x00007f1a36f69000,0x00007f1a3706a000)]
  0x00007f1a70091000 JavaThread "block-manager-slave-async-thread-pool-14" daemon [_thread_blocked, id=16494, stack(0x00007f1a3706a000,0x00007f1a3716b000)]
  0x0000000000cef000 JavaThread "block-manager-slave-async-thread-pool-19" daemon [_thread_blocked, id=16493, stack(0x00007f1a3716b000,0x00007f1a3726c000)]
  0x00007f1a740ee000 JavaThread "block-manager-slave-async-thread-pool-18" daemon [_thread_blocked, id=16492, stack(0x00007f1a3726c000,0x00007f1a3736d000)]
  0x00007f1a70082000 JavaThread "block-manager-slave-async-thread-pool-8" daemon [_thread_blocked, id=16483, stack(0x00007f1a37b75000,0x00007f1a37c76000)]
  0x00007f1a54171000 JavaThread "block-manager-slave-async-thread-pool-7" daemon [_thread_blocked, id=16482, stack(0x00007f1a37c76000,0x00007f1a37d77000)]
  0x00007f1a54170000 JavaThread "block-manager-slave-async-thread-pool-6" daemon [_thread_blocked, id=16481, stack(0x00007f1a37d77000,0x00007f1a37e78000)]
  0x00007f1a58019000 JavaThread "block-manager-slave-async-thread-pool-5" daemon [_thread_blocked, id=16099, stack(0x00007f1a3a69c000,0x00007f1a3a79d000)]
  0x00007f1a6c0b9800 JavaThread "Executor task launch worker for task 369" daemon [_thread_blocked, id=15696, stack(0x00007f1a38880000,0x00007f1a38981000)]
  0x00007f1a7c03b000 JavaThread "block-manager-ask-thread-pool-1" daemon [_thread_blocked, id=15590, stack(0x00007f1a39b91000,0x00007f1a39c92000)]
  0x00007f1a740d2800 JavaThread "block-manager-slave-async-thread-pool-2" daemon [_thread_blocked, id=15589, stack(0x00007f1a3988e000,0x00007f1a3998f000)]
  0x00007f1a6c0c8800 JavaThread "block-manager-ask-thread-pool-0" daemon [_thread_blocked, id=15579, stack(0x00007f1a3a99f000,0x00007f1a3aaa0000)]
  0x00007f1a6c05b000 JavaThread "task-result-getter-3" daemon [_thread_blocked, id=15535, stack(0x00007f1a3b3a9000,0x00007f1a3b4aa000)]
  0x00007f1a70063800 JavaThread "task-result-getter-2" daemon [_thread_blocked, id=15530, stack(0x00007f1a3baae000,0x00007f1a3bbaf000)]
  0x00007f1a70063000 JavaThread "task-result-getter-1" daemon [_thread_blocked, id=15529, stack(0x00007f1a3b9ad000,0x00007f1a3baae000)]
  0x00007f1a70062000 JavaThread "task-result-getter-0" daemon [_thread_blocked, id=15528, stack(0x00007f1a3bbaf000,0x00007f1a3bcb0000)]
  0x00007f1a70025800 JavaThread "stderr reader for python" daemon [_thread_in_native, id=15512, stack(0x00007f1a3bcb0000,0x00007f1a3bdb1000)]
  0x00007f1a70022800 JavaThread "stdout reader for python" daemon [_thread_in_native, id=15511, stack(0x00007f1a3bdb1000,0x00007f1a3beb2000)]
  0x00007f1a7001d800 JavaThread "Idle Worker Monitor for python" daemon [_thread_blocked, id=15508, stack(0x00007f1a3beb2000,0x00007f1a3bfb3000)]
  0x00007f1a7001a000 JavaThread "Executor task launch worker for task 367" daemon [_thread_blocked, id=15507, stack(0x00007f1a3bfb3000,0x00007f1a3c0b4000)]
  0x00007f1a70018800 JavaThread "Executor task launch worker for task 366" daemon [_thread_blocked, id=15506, stack(0x00007f1a3c0b4000,0x00007f1a3c1b5000)]
  0x00007f1a9cf04000 JavaThread "streaming-job-executor-0" daemon [_thread_in_native, id=15504, stack(0x00007f1a3c2b6000,0x00007f1a3c3b7000)]
  0x00007f1a540db000 JavaThread "Thread-30" [_thread_blocked, id=15503, stack(0x00007f1a3c5b7000,0x00007f1a3c6b8000)]
  0x00007f1a70014800 JavaThread "wal-batching-thread-pool-0" daemon [_thread_blocked, id=15500, stack(0x00007f1a3c6b8000,0x00007f1a3c7b9000)]
  0x00007f1a68005800 JavaThread "threadDeathWatcher-7-1" daemon [_thread_blocked, id=15484, stack(0x00007f1a3ddc0000,0x00007f1a3dec1000)]
  0x00007f1a78003800 JavaThread "rpc-server-3-2" daemon [_thread_blocked, id=15483, stack(0x00007f1a3f0c2000,0x00007f1a3f1c3000)]
  0x00007f1a440b4000 JavaThread "files-client-6-1" daemon [_thread_blocked, id=15482, stack(0x00007f1a436ff000,0x00007f1a43800000)]
  0x00007f1a6c09c000 JavaThread "Executor task launch worker for task 358" daemon [_thread_blocked, id=15473, stack(0x00007f1a6009e000,0x00007f1a6019f000)]
  0x00007f1a740a1800 JavaThread "RecurringTimer - JobGenerator" daemon [_thread_blocked, id=15462, stack(0x00007f1a3f7d0000,0x00007f1a3f8d1000)]
  0x00007f1a7409d800 JavaThread "ForkJoinPool-1-worker-1" daemon [_thread_blocked, id=15461, stack(0x00007f1a3f8d1000,0x00007f1a3f9d2000)]
  0x00007f1a74058800 JavaThread "JobGenerator" daemon [_thread_in_native, id=15460, stack(0x00007f1a3f9d2000,0x00007f1a3fad3000)]
  0x00007f1a7403d000 JavaThread "JobScheduler" daemon [_thread_blocked, id=15459, stack(0x00007f1a3fad3000,0x00007f1a3fbd4000)]
  0x00007f1a5c9e1000 JavaThread "pool-17-thread-1" [_thread_blocked, id=15457, stack(0x00007f1a3fdd4000,0x00007f1a3fed5000)]
  0x00007f1a5c9c1000 JavaThread "SparkListenerBus" daemon [_thread_blocked, id=15454, stack(0x00007f1a400d5000,0x00007f1a401d6000)]
  0x00007f1a5c9bc800 JavaThread "context-cleaner-periodic-gc" daemon [_thread_blocked, id=15453, stack(0x00007f1a401d6000,0x00007f1a402d7000)]
  0x00007f1a5c9bb000 JavaThread "Spark Context Cleaner" daemon [_thread_blocked, id=15452, stack(0x00007f1a402d7000,0x00007f1a403d8000)]
  0x00007f1a5c918800 JavaThread "shuffle-server-5-1" daemon [_thread_blocked, id=15451, stack(0x00007f1a405d8000,0x00007f1a406d9000)]
  0x00007f1a5c84a000 JavaThread "driver-heartbeater" daemon [_thread_blocked, id=15450, stack(0x00007f1a406d9000,0x00007f1a407da000)]
  0x00007f1a5c837800 JavaThread "dag-scheduler-event-loop" daemon [_thread_blocked, id=15449, stack(0x00007f1a407da000,0x00007f1a408db000)]
  0x00007f1a5009b800 JavaThread "netty-rpc-env-timeout" daemon [_thread_blocked, id=15448, stack(0x00007f1a408db000,0x00007f1a409dc000)]
  0x00007f1a5c81a800 JavaThread "Timer-0" daemon [_thread_blocked, id=15447, stack(0x00007f1a409dc000,0x00007f1a40add000)]
  0x00007f1a6c008000 JavaThread "heartbeat-receiver-event-loop-thread" daemon [_thread_blocked, id=15446, stack(0x00007f1a40add000,0x00007f1a40bde000)]
  0x00007f1a5c7a1800 JavaThread "org.apache.hadoop.fs.FileSystem$Statistics$StatisticsDataReferenceCleaner" daemon [_thread_blocked, id=15437, stack(0x00007f1a40bde000,0x00007f1a40cdf000)]
  0x00007f1a5c638800 JavaThread "SparkUI-42" daemon [_thread_blocked, id=15436, stack(0x00007f1a410df000,0x00007f1a411e0000)]
  0x00007f1a5c636800 JavaThread "SparkUI-41" daemon [_thread_blocked, id=15435, stack(0x00007f1a411e0000,0x00007f1a412e1000)]
  0x00007f1a5c634800 JavaThread "SparkUI-40" daemon [_thread_blocked, id=15434, stack(0x00007f1a412e1000,0x00007f1a413e2000)]
  0x00007f1a5c632800 JavaThread "SparkUI-39" daemon [_thread_blocked, id=15433, stack(0x00007f1a413e2000,0x00007f1a414e3000)]
  0x00007f1a5c630800 JavaThread "SparkUI-38" daemon [_thread_blocked, id=15432, stack(0x00007f1a414e3000,0x00007f1a415e4000)]
  0x00007f1a5c62f000 JavaThread "SparkUI-37" daemon [_thread_blocked, id=15431, stack(0x00007f1a415e4000,0x00007f1a416e5000)]
  0x00007f1a5c62d000 JavaThread "SparkUI-36-acceptor-0@5caca380-ServerConnector@526b4665{HTTP/1.1,[http/1.1]}{172.16.185.64:4040}" daemon [_thread_in_native, id=15430, stack(0x00007f1a416e5000,0x00007f1a417e6000)]
  0x00007f1a5c624800 JavaThread "SparkUI-35" daemon [_thread_in_native, id=15429, stack(0x00007f1a417e6000,0x00007f1a418e7000)]
  0x00007f1a5c59a000 JavaThread "refresh progress" daemon [_thread_blocked, id=15428, stack(0x00007f1a418e7000,0x00007f1a419e8000)]
  0x00007f1a5c40f800 JavaThread "map-output-dispatcher-7" daemon [_thread_blocked, id=15427, stack(0x00007f1a41be8000,0x00007f1a41ce9000)]
  0x00007f1a5c40e000 JavaThread "map-output-dispatcher-6" daemon [_thread_blocked, id=15426, stack(0x00007f1a41ce9000,0x00007f1a41dea000)]
  0x00007f1a5c40c000 JavaThread "map-output-dispatcher-5" daemon [_thread_blocked, id=15425, stack(0x00007f1a41dea000,0x00007f1a41eeb000)]
  0x00007f1a5c40a000 JavaThread "map-output-dispatcher-4" daemon [_thread_blocked, id=15424, stack(0x00007f1a41eeb000,0x00007f1a41fec000)]
  0x00007f1a5c408800 JavaThread "map-output-dispatcher-3" daemon [_thread_blocked, id=15423, stack(0x00007f1a41fec000,0x00007f1a420ed000)]
  0x00007f1a5c406800 JavaThread "map-output-dispatcher-2" daemon [_thread_blocked, id=15422, stack(0x00007f1a420ed000,0x00007f1a421ee000)]
  0x00007f1a5c405000 JavaThread "map-output-dispatcher-1" daemon [_thread_blocked, id=15421, stack(0x00007f1a421ee000,0x00007f1a422ef000)]
  0x00007f1a5c400000 JavaThread "map-output-dispatcher-0" daemon [_thread_blocked, id=15420, stack(0x00007f1a422ef000,0x00007f1a423f0000)]
  0x00007f1a5c3e5000 JavaThread "rpc-server-3-1" daemon [_thread_blocked, id=15419, stack(0x00007f1a423f0000,0x00007f1a424f1000)]
  0x00007f1a5c2f1000 JavaThread "dispatcher-event-loop-1" daemon [_thread_blocked, id=15418, stack(0x00007f1a426f1000,0x00007f1a427f2000)]
  0x00007f1a5c2f0000 JavaThread "dispatcher-event-loop-0" daemon [_thread_blocked, id=15417, stack(0x00007f1a42df3000,0x00007f1a42ef4000)]
  0x00007f1a5c181800 JavaThread "process reaper" daemon [_thread_in_native, id=15415, stack(0x00007f1aa003d000,0x00007f1aa005f000)]
  0x00007f1a54004000 JavaThread "Thread-1" [_thread_blocked, id=15413, stack(0x00007f1a434fd000,0x00007f1a435fe000)]
  0x00007f1a9cef8800 JavaThread "Thread-0" [_thread_in_native, id=15412, stack(0x00007f1a435fe000,0x00007f1a436ff000)]
  0x00007f1a9c1ab800 JavaThread "Service Thread" daemon [_thread_blocked, id=15400, stack(0x00007f1a615d2000,0x00007f1a616d3000)]
  0x00007f1a9c129000 JavaThread "Common-Cleaner" daemon [_thread_blocked, id=15399, stack(0x00007f1a616d3000,0x00007f1a617d4000)]
  0x00007f1a9c11a800 JavaThread "Sweeper thread" daemon [_thread_blocked, id=15398, stack(0x00007f1a61bfc000,0x00007f1a61cfd000)]
  0x00007f1a9c118800 JavaThread "C1 CompilerThread1" daemon [_thread_blocked, id=15397, stack(0x00007f1a61cfd000,0x00007f1a61dfe000)]
  0x00007f1a9c114800 JavaThread "C2 CompilerThread0" daemon [_thread_blocked, id=15396, stack(0x00007f1a61dfe000,0x00007f1a61eff000)]
  0x00007f1a9c116800 JavaThread "Signal Dispatcher" daemon [_thread_blocked, id=15395, stack(0x00007f1a61eff000,0x00007f1a62000000)]
  0x00007f1a9c0f9800 JavaThread "Finalizer" daemon [_thread_blocked, id=15394, stack(0x00007f1aa005f000,0x00007f1aa0160000)]
  0x00007f1a9c0f1000 JavaThread "Reference Handler" daemon [_thread_blocked, id=15393, stack(0x00007f1aa0160000,0x00007f1aa0261000)]
  0x00007f1a9c016800 JavaThread "main" [_thread_in_native, id=15384, stack(0x00007f1aa5fe4000,0x00007f1aa60e4000)]

Other Threads:
=>0x00007f1a9c0e7800 VMThread "VM Thread" [stack: 0x00007f1aa0262000,0x00007f1aa0362000] [id=15392]
  0x00007f1a9c152800 WatcherThread [stack: 0x00007f1a614d2000,0x00007f1a615d2000] [id=15401]
  0x00007f1a9c02e000 GCTaskThread "GC Thread#0" [stack: 0x00007f1aa263e000,0x00007f1aa273e000] [id=15385]
  0x00007f1a9c02f800 GCTaskThread "GC Thread#1" [stack: 0x00007f1aa253d000,0x00007f1aa263d000] [id=15386]
  0x00007f1a9c04a800 ConcurrentGCThread "G1 Main Marker" [stack: 0x00007f1aa0737000,0x00007f1aa0837000] [id=15390]
  0x00007f1a9c04c800 ConcurrentGCThread "G1 Marker#0" [stack: 0x00007f1aa0636000,0x00007f1aa0736000] [id=15391]
  0x00007f1a9c033000 ConcurrentGCThread "G1 Refine#0" [stack: 0x00007f1aa2139000,0x00007f1aa2239000] [id=15388]
  0x00007f1a9c031800 ConcurrentGCThread "G1 Refine#1" [stack: 0x00007f1aa223a000,0x00007f1aa233a000] [id=15387]
  0x00007f1a9c035000 ConcurrentGCThread "G1 Young RemSet Sampling" [stack: 0x00007f1aa2038000,0x00007f1aa2138000] [id=15389]

Threads with active compile tasks:
C1 CompilerThread111353       3       scala.collection.immutable.StringOps::format (6 bytes)
C2 CompilerThread011332   !   4       java.net.URL::<init> (546 bytes)

VM state:at safepoint (normal execution)

VM Mutex/Monitor currently owned by a thread:  ([mutex/lock_event])
[0x00007f1a9c012c60] Threads_lock - owner thread: 0x00007f1a9c0e7800
[0x00007f1a9c013200] Heap_lock - owner thread: 0x00007f1a70029800

Heap address: 0x00000000c0000000, size: 1024 MB, Compressed Oops mode: 32-bit
Narrow klass base: 0x0000000000000000, Narrow klass shift: 3
Compressed class space size: 1073741824 Address: 0x0000000100000000

Heap:
 garbage-first heap   total 536576K, used 78001K [0x00000000c0000000, 0x00000000c0101060, 0x0000000100000000)
  region size 1024K, 1 young (1024K), 1 survivors (1024K)
 Metaspace       used 65277K, capacity 66998K, committed 67148K, reserved 1107968K
  class space    used 8196K, capacity 8530K, committed 8576K, reserved 1048576K
Heap Regions: E=young(eden), S=young(survivor), O=old, HS=humongous(starts), HC=humongous(continues), CS=collection set, F=free, A=archive, TS=gc time stamp, AC=allocation context, TAMS=top-at-mark-start (previous, next)
|   0|0x00000000c0000000, 0x00000000c0100000, 0x00000000c0100000|100%|HS|  |TS  0|AC  0|TAMS 0x00000000c0100000, 0x00000000c0100000|
|   1|0x00000000c0100000, 0x00000000c0200000, 0x00000000c0200000|100%|HS|  |TS  0|AC  0|TAMS 0x00000000c0200000, 0x00000000c0200000|
|   2|0x00000000c0200000, 0x00000000c0300000, 0x00000000c0300000|100%| O|  |TS  0|AC  0|TAMS 0x00000000c0300000, 0x00000000c0300000|
|   3|0x00000000c0300000, 0x00000000c0400000, 0x00000000c0400000|100%|HS|  |TS  0|AC  0|TAMS 0x00000000c0400000, 0x00000000c0400000|
|   4|0x00000000c0400000, 0x00000000c0500000, 0x00000000c0500000|100%|HC|  |TS  0|AC  0|TAMS 0x00000000c0500000, 0x00000000c0500000|
|   5|0x00000000c0500000, 0x00000000c0600000, 0x00000000c0600000|100%| O|  |TS  0|AC  0|TAMS 0x00000000c0600000, 0x00000000c0600000|
|   6|0x00000000c0600000, 0x00000000c0700000, 0x00000000c0700000|100%| O|  |TS  0|AC  0|TAMS 0x00000000c0700000, 0x00000000c0700000|
|   7|0x00000000c0700000, 0x00000000c0800000, 0x00000000c0800000|100%| O|  |TS  0|AC  0|TAMS 0x00000000c0800000, 0x00000000c0800000|
|   8|0x00000000c0800000, 0x00000000c0900000, 0x00000000c0900000|100%| O|  |TS  0|AC  0|TAMS 0x00000000c0900000, 0x00000000c0900000|
|   9|0x00000000c0900000, 0x00000000c0a00000, 0x00000000c0a00000|100%| O|  |TS  0|AC  0|TAMS 0x00000000c0a00000, 0x00000000c0a00000|
|  10|0x00000000c0a00000, 0x00000000c0b00000, 0x00000000c0b00000|100%| O|  |TS  0|AC  0|TAMS 0x00000000c0b00000, 0x00000000c0b00000|
|  11|0x00000000c0b00000, 0x00000000c0c00000, 0x00000000c0c00000|100%|HS|  |TS  0|AC  0|TAMS 0x00000000c0c00000, 0x00000000c0c00000|
|  12|0x00000000c0c00000, 0x00000000c0d00000, 0x00000000c0d00000|100%|HS|  |TS  0|AC  0|TAMS 0x00000000c0d00000, 0x00000000c0d00000|
|  13|0x00000000c0d00000, 0x00000000c0e00000, 0x00000000c0e00000|100%|HS|  |TS  0|AC  0|TAMS 0x00000000c0e00000, 0x00000000c0e00000|
|  14|0x00000000c0e00000, 0x00000000c0f00000, 0x00000000c0f00000|100%| O|  |TS  0|AC  0|TAMS 0x00000000c0f00000, 0x00000000c0f00000|
|  15|0x00000000c0f00000, 0x00000000c1000000, 0x00000000c1000000|100%| O|  |TS  0|AC  0|TAMS 0x00000000c1000000, 0x00000000c1000000|
|  16|0x00000000c1000000, 0x00000000c1100000, 0x00000000c1100000|100%| O|  |TS  0|AC  0|TAMS 0x00000000c1100000, 0x00000000c1100000|
|  17|0x00000000c1100000, 0x00000000c1200000, 0x00000000c1200000|100%| O|  |TS  0|AC  0|TAMS 0x00000000c1200000, 0x00000000c1200000|
|  18|0x00000000c1200000, 0x00000000c1300000, 0x00000000c1300000|100%| O|  |TS  0|AC  0|TAMS 0x00000000c1300000, 0x00000000c1300000|
|  19|0x00000000c1300000, 0x00000000c1400000, 0x00000000c1400000|100%| O|  |TS  0|AC  0|TAMS 0x00000000c1400000, 0x00000000c1400000|
|  20|0x00000000c1400000, 0x00000000c1500000, 0x00000000c1500000|100%| O|  |TS  0|AC  0|TAMS 0x00000000c1500000, 0x00000000c1500000|
|  21|0x00000000c1500000, 0x00000000c1600000, 0x00000000c1600000|100%| O|  |TS  0|AC  0|TAMS 0x00000000c1600000, 0x00000000c1600000|
|  22|0x00000000c1600000, 0x00000000c1700000, 0x00000000c1700000|100%| O|  |TS  0|AC  0|TAMS 0x00000000c1700000, 0x00000000c1700000|
|  23|0x00000000c1700000, 0x00000000c1800000, 0x00000000c1800000|100%| O|  |TS  0|AC  0|TAMS 0x00000000c1800000, 0x00000000c1800000|
|  24|0x00000000c1800000, 0x00000000c1900000, 0x00000000c1900000|100%| O|  |TS  0|AC  0|TAMS 0x00000000c1900000, 0x00000000c1900000|
|  25|0x00000000c1900000, 0x00000000c1a00000, 0x00000000c1a00000|100%| O|  |TS  0|AC  0|TAMS 0x00000000c1a00000, 0x00000000c1a00000|
|  26|0x00000000c1a00000, 0x00000000c1b00000, 0x00000000c1b00000|100%| O|  |TS  0|AC  0|TAMS 0x00000000c1b00000, 0x00000000c1b00000|
|  27|0x00000000c1b00000, 0x00000000c1c00000, 0x00000000c1c00000|100%| O|  |TS  0|AC  0|TAMS 0x00000000c1c00000, 0x00000000c1c00000|
|  28|0x00000000c1c00000, 0x00000000c1d00000, 0x00000000c1d00000|100%| O|  |TS  0|AC  0|TAMS 0x00000000c1d00000, 0x00000000c1d00000|
|  29|0x00000000c1d00000, 0x00000000c1d00000, 0x00000000c1e00000|  0%| F|  |TS  5|AC  0|TAMS 0x00000000c1d00000, 0x00000000c1d00000|
|  30|0x00000000c1e00000, 0x00000000c1e00000, 0x00000000c1f00000|  0%| F|  |TS  5|AC  0|TAMS 0x00000000c1e00000, 0x00000000c1e00000|
|  31|0x00000000c1f00000, 0x00000000c2000000, 0x00000000c2000000|100%| O|  |TS  5|AC  0|TAMS 0x00000000c1f00000, 0x00000000c1f00000|
|  32|0x00000000c2000000, 0x00000000c2046200, 0x00000000c2100000| 27%| O|  |TS  5|AC  0|TAMS 0x00000000c2000000, 0x00000000c2000000|
|  33|0x00000000c2100000, 0x00000000c2200000, 0x00000000c2200000|100%| O|  |TS  0|AC  0|TAMS 0x00000000c2200000, 0x00000000c2200000|
|  34|0x00000000c2200000, 0x00000000c2300000, 0x00000000c2300000|100%| O|  |TS  0|AC  0|TAMS 0x00000000c2300000, 0x00000000c2300000|
|  35|0x00000000c2300000, 0x00000000c2400000, 0x00000000c2400000|100%| O|  |TS  0|AC  0|TAMS 0x00000000c2400000, 0x00000000c2400000|
|  36|0x00000000c2400000, 0x00000000c2500000, 0x00000000c2500000|100%|HS|  |TS  0|AC  0|TAMS 0x00000000c2500000, 0x00000000c2500000|
|  37|0x00000000c2500000, 0x00000000c2600000, 0x00000000c2600000|100%|HC|  |TS  0|AC  0|TAMS 0x00000000c2600000, 0x00000000c2600000|
|  38|0x00000000c2600000, 0x00000000c2700000, 0x00000000c2700000|100%|HC|  |TS  0|AC  0|TAMS 0x00000000c2700000, 0x00000000c2700000|
|  39|0x00000000c2700000, 0x00000000c2800000, 0x00000000c2800000|100%|HC|  |TS  0|AC  0|TAMS 0x00000000c2800000, 0x00000000c2800000|
|  40|0x00000000c2800000, 0x00000000c2900000, 0x00000000c2900000|100%|HC|  |TS  0|AC  0|TAMS 0x00000000c2900000, 0x00000000c2900000|
|  41|0x00000000c2900000, 0x00000000c2a00000, 0x00000000c2a00000|100%|HC|  |TS  0|AC  0|TAMS 0x00000000c2a00000, 0x00000000c2a00000|
|  42|0x00000000c2a00000, 0x00000000c2b00000, 0x00000000c2b00000|100%|HC|  |TS  0|AC  0|TAMS 0x00000000c2b00000, 0x00000000c2b00000|
|  43|0x00000000c2b00000, 0x00000000c2c00000, 0x00000000c2c00000|100%|HC|  |TS  0|AC  0|TAMS 0x00000000c2c00000, 0x00000000c2c00000|
|  44|0x00000000c2c00000, 0x00000000c2d00000, 0x00000000c2d00000|100%|HC|  |TS  0|AC  0|TAMS 0x00000000c2d00000, 0x00000000c2d00000|
|  45|0x00000000c2d00000, 0x00000000c2e00000, 0x00000000c2e00000|100%|HC|  |TS  0|AC  0|TAMS 0x00000000c2e00000, 0x00000000c2e00000|
|  46|0x00000000c2e00000, 0x00000000c2f00000, 0x00000000c2f00000|100%|HC|  |TS  0|AC  0|TAMS 0x00000000c2f00000, 0x00000000c2f00000|
|  47|0x00000000c2f00000, 0x00000000c3000000, 0x00000000c3000000|100%|HC|  |TS  0|AC  0|TAMS 0x00000000c3000000, 0x00000000c3000000|
|  48|0x00000000c3000000, 0x00000000c3100000, 0x00000000c3100000|100%|HC|  |TS  0|AC  0|TAMS 0x00000000c3100000, 0x00000000c3100000|
|  49|0x00000000c3100000, 0x00000000c3200000, 0x00000000c3200000|100%|HC|  |TS  0|AC  0|TAMS 0x00000000c3200000, 0x00000000c3200000|
|  50|0x00000000c3200000, 0x00000000c3300000, 0x00000000c3300000|100%|HC|  |TS  0|AC  0|TAMS 0x00000000c3300000, 0x00000000c3300000|
|  51|0x00000000c3300000, 0x00000000c3400000, 0x00000000c3400000|100%|HC|  |TS  0|AC  0|TAMS 0x00000000c3400000, 0x00000000c3400000|
|  52|0x00000000c3400000, 0x00000000c3500000, 0x00000000c3500000|100%|HC|  |TS  0|AC  0|TAMS 0x00000000c3500000, 0x00000000c3500000|
|  53|0x00000000c3500000, 0x00000000c3500000, 0x00000000c3600000|  0%| F|  |TS  5|AC  0|TAMS 0x00000000c3500000, 0x00000000c3500000|
|  54|0x00000000c3600000, 0x00000000c3600000, 0x00000000c3700000|  0%| F|  |TS  5|AC  0|TAMS 0x00000000c3600000, 0x00000000c3600000|
|  55|0x00000000c3700000, 0x00000000c3700000, 0x00000000c3800000|  0%| F|  |TS  5|AC  0|TAMS 0x00000000c3700000, 0x00000000c3700000|
|  56|0x00000000c3800000, 0x00000000c3800000, 0x00000000c3900000|  0%| F|  |TS  5|AC  0|TAMS 0x00000000c3800000, 0x00000000c3800000|
|  57|0x00000000c3900000, 0x00000000c3900000, 0x00000000c3a00000|  0%| F|  |TS  5|AC  0|TAMS 0x00000000c3900000, 0x00000000c3900000|
|  58|0x00000000c3a00000, 0x00000000c3a00000, 0x00000000c3b00000|  0%| F|  |TS  5|AC  0|TAMS 0x00000000c3a00000, 0x00000000c3a00000|
|  59|0x00000000c3b00000, 0x00000000c3b00000, 0x00000000c3c00000|  0%| F|  |TS  3|AC  0|TAMS 0x00000000c3b00000, 0x00000000c3b00000|
|  60|0x00000000c3c00000, 0x00000000c3c00000, 0x00000000c3d00000|  0%| F|  |TS  0|AC  0|TAMS 0x00000000c3c00000, 0x00000000c3c00000|
|  61|0x00000000c3d00000, 0x00000000c3e00000, 0x00000000c3e00000|100%| O|  |TS  0|AC  0|TAMS 0x00000000c3e00000, 0x00000000c3e00000|
|  62|0x00000000c3e00000, 0x00000000c3f00000, 0x00000000c3f00000|100%| O|  |TS  1|AC  0|TAMS 0x00000000c3e5d000, 0x00000000c3e5d000|
|  63|0x00000000c3f00000, 0x00000000c3f00000, 0x00000000c4000000|  0%| F|  |TS  0|AC  0|TAMS 0x00000000c3f00000, 0x00000000c3f00000|
|  64|0x00000000c4000000, 0x00000000c4000000, 0x00000000c4100000|  0%| F|  |TS  0|AC  0|TAMS 0x00000000c4000000, 0x00000000c4000000|
|  65|0x00000000c4100000, 0x00000000c4200000, 0x00000000c4200000|100%| O|  |TS  0|AC  0|TAMS 0x00000000c4200000, 0x00000000c4200000|
|  66|0x00000000c4200000, 0x00000000c4200000, 0x00000000c4300000|  0%| F|  |TS  0|AC  0|TAMS 0x00000000c4200000, 0x00000000c4200000|
|  67|0x00000000c4300000, 0x00000000c4400000, 0x00000000c4400000|100%| O|  |TS  0|AC  0|TAMS 0x00000000c4400000, 0x00000000c4400000|
|  68|0x00000000c4400000, 0x00000000c4400000, 0x00000000c4500000|  0%| F|  |TS  0|AC  0|TAMS 0x00000000c4400000, 0x00000000c4400000|
|  69|0x00000000c4500000, 0x00000000c4500000, 0x00000000c4600000|  0%| F|  |TS  0|AC  0|TAMS 0x00000000c4500000, 0x00000000c4500000|
|  70|0x00000000c4600000, 0x00000000c4700000, 0x00000000c4700000|100%| O|  |TS  0|AC  0|TAMS 0x00000000c4700000, 0x00000000c4700000|
|  71|0x00000000c4700000, 0x00000000c4800000, 0x00000000c4800000|100%| O|  |TS  0|AC  0|TAMS 0x00000000c4800000, 0x00000000c4800000|
|  72|0x00000000c4800000, 0x00000000c4900000, 0x00000000c4900000|100%| O|  |TS  0|AC  0|TAMS 0x00000000c4900000, 0x00000000c4900000|
|  73|0x00000000c4900000, 0x00000000c4a00000, 0x00000000c4a00000|100%| O|  |TS  0|AC  0|TAMS 0x00000000c4a00000, 0x00000000c4a00000|
|  74|0x00000000c4a00000, 0x00000000c4a00000, 0x00000000c4b00000|  0%| F|  |TS  0|AC  0|TAMS 0x00000000c4a00000, 0x00000000c4a00000|
|  75|0x00000000c4b00000, 0x00000000c4c00000, 0x00000000c4c00000|100%|HS|  |TS  0|AC  0|TAMS 0x00000000c4c00000, 0x00000000c4c00000|
|  76|0x00000000c4c00000, 0x00000000c4d00000, 0x00000000c4d00000|100%|HC|  |TS  0|AC  0|TAMS 0x00000000c4d00000, 0x00000000c4d00000|
|  77|0x00000000c4d00000, 0x00000000c4e00000, 0x00000000c4e00000|100%|HC|  |TS  0|AC  0|TAMS 0x00000000c4e00000, 0x00000000c4e00000|
|  78|0x00000000c4e00000, 0x00000000c4f00000, 0x00000000c4f00000|100%|HC|  |TS  0|AC  0|TAMS 0x00000000c4f00000, 0x00000000c4f00000|
|  79|0x00000000c4f00000, 0x00000000c5000000, 0x00000000c5000000|100%|HC|  |TS  0|AC  0|TAMS 0x00000000c5000000, 0x00000000c5000000|
|  80|0x00000000c5000000, 0x00000000c5100000, 0x00000000c5100000|100%|HC|  |TS  0|AC  0|TAMS 0x00000000c5100000, 0x00000000c5100000|
|  81|0x00000000c5100000, 0x00000000c5200000, 0x00000000c5200000|100%|HC|  |TS  0|AC  0|TAMS 0x00000000c5200000, 0x00000000c5200000|
|  82|0x00000000c5200000, 0x00000000c5300000, 0x00000000c5300000|100%|HC|  |TS  0|AC  0|TAMS 0x00000000c5300000, 0x00000000c5300000|
|  83|0x00000000c5300000, 0x00000000c5400000, 0x00000000c5400000|100%|HC|  |TS  0|AC  0|TAMS 0x00000000c5400000, 0x00000000c5400000|
|  84|0x00000000c5400000, 0x00000000c5500000, 0x00000000c5500000|100%|HC|  |TS  0|AC  0|TAMS 0x00000000c5500000, 0x00000000c5500000|
|  85|0x00000000c5500000, 0x00000000c5600000, 0x00000000c5600000|100%|HC|  |TS  0|AC  0|TAMS 0x00000000c5600000, 0x00000000c5600000|
|  86|0x00000000c5600000, 0x00000000c5700000, 0x00000000c5700000|100%|HC|  |TS  0|AC  0|TAMS 0x00000000c5700000, 0x00000000c5700000|
|  87|0x00000000c5700000, 0x00000000c5800000, 0x00000000c5800000|100%|HC|  |TS  0|AC  0|TAMS 0x00000000c5800000, 0x00000000c5800000|
|  88|0x00000000c5800000, 0x00000000c5900000, 0x00000000c5900000|100%|HC|  |TS  0|AC  0|TAMS 0x00000000c5900000, 0x00000000c5900000|
|  89|0x00000000c5900000, 0x00000000c5a00000, 0x00000000c5a00000|100%|HC|  |TS  0|AC  0|TAMS 0x00000000c5a00000, 0x00000000c5a00000|
|  90|0x00000000c5a00000, 0x00000000c5b00000, 0x00000000c5b00000|100%|HC|  |TS  0|AC  0|TAMS 0x00000000c5b00000, 0x00000000c5b00000|
|  91|0x00000000c5b00000, 0x00000000c5c00000, 0x00000000c5c00000|100%|HC|  |TS  0|AC  0|TAMS 0x00000000c5c00000, 0x00000000c5c00000|
|  92|0x00000000c5c00000, 0x00000000c5c00000, 0x00000000c5d00000|  0%| F|  |TS  5|AC  0|TAMS 0x00000000c5c00000, 0x00000000c5c00000|
|  93|0x00000000c5d00000, 0x00000000c5d00000, 0x00000000c5e00000|  0%| F|  |TS  5|AC  0|TAMS 0x00000000c5d00000, 0x00000000c5d00000|
|  94|0x00000000c5e00000, 0x00000000c5e00000, 0x00000000c5f00000|  0%| F|  |TS  5|AC  0|TAMS 0x00000000c5e00000, 0x00000000c5e00000|
|  95|0x00000000c5f00000, 0x00000000c5f00000, 0x00000000c6000000|  0%| F|  |TS  5|AC  0|TAMS 0x00000000c5f00000, 0x00000000c5f00000|
|  96|0x00000000c6000000, 0x00000000c6000000, 0x00000000c6100000|  0%| F|  |TS  5|AC  0|TAMS 0x00000000c6000000, 0x00000000c6000000|
|  97|0x00000000c6100000, 0x00000000c6100000, 0x00000000c6200000|  0%| F|  |TS  0|AC  0|TAMS 0x00000000c6100000, 0x00000000c6100000|
|  98|0x00000000c6200000, 0x00000000c6200000, 0x00000000c6300000|  0%| F|  |TS  0|AC  0|TAMS 0x00000000c6200000, 0x00000000c6200000|
|  99|0x00000000c6300000, 0x00000000c6300000, 0x00000000c6400000|  0%| F|  |TS  0|AC  0|TAMS 0x00000000c6300000, 0x00000000c6300000|
| 100|0x00000000c6400000, 0x00000000c6400000, 0x00000000c6500000|  0%| F|  |TS  0|AC  0|TAMS 0x00000000c6400000, 0x00000000c6400000|
| 101|0x00000000c6500000, 0x00000000c6500000, 0x00000000c6600000|  0%| F|  |TS  0|AC  0|TAMS 0x00000000c6500000, 0x00000000c6500000|
| 102|0x00000000c6600000, 0x00000000c6600000, 0x00000000c6700000|  0%| F|  |TS  0|AC  0|TAMS 0x00000000c6600000, 0x00000000c6600000|
| 103|0x00000000c6700000, 0x00000000c6700000, 0x00000000c6800000|  0%| F|  |TS  0|AC  0|TAMS 0x00000000c6700000, 0x00000000c6700000|
| 104|0x00000000c6800000, 0x00000000c6800000, 0x00000000c6900000|  0%| F|  |TS  0|AC  0|TAMS 0x00000000c6800000, 0x00000000c6800000|
| 105|0x00000000c6900000, 0x00000000c6900000, 0x00000000c6a00000|  0%| F|  |TS  0|AC  0|TAMS 0x00000000c6900000, 0x00000000c6900000|
| 106|0x00000000c6a00000, 0x00000000c6a00000, 0x00000000c6b00000|  0%| F|  |TS  0|AC  0|TAMS 0x00000000c6a00000, 0x00000000c6a00000|
| 107|0x00000000c6b00000, 0x00000000c6b00000, 0x00000000c6c00000|  0%| F|  |TS  0|AC  0|TAMS 0x00000000c6b00000, 0x00000000c6b00000|
| 108|0x00000000c6c00000, 0x00000000c6c00000, 0x00000000c6d00000|  0%| F|  |TS  0|AC  0|TAMS 0x00000000c6c00000, 0x00000000c6c00000|
| 109|0x00000000c6d00000, 0x00000000c6d00000, 0x00000000c6e00000|  0%| F|  |TS  0|AC  0|TAMS 0x00000000c6d00000, 0x00000000c6d00000|
| 110|0x00000000c6e00000, 0x00000000c6e00000, 0x00000000c6f00000|  0%| F|  |TS  0|AC  0|TAMS 0x00000000c6e00000, 0x00000000c6e00000|
| 111|0x00000000c6f00000, 0x00000000c6f00000, 0x00000000c7000000|  0%| F|  |TS  0|AC  0|TAMS 0x00000000c6f00000, 0x00000000c6f00000|
| 112|0x00000000c7000000, 0x00000000c7000000, 0x00000000c7100000|  0%| F|  |TS  0|AC  0|TAMS 0x00000000c7000000, 0x00000000c7000000|
| 113|0x00000000c7100000, 0x00000000c7100000, 0x00000000c7200000|  0%| F|  |TS  0|AC  0|TAMS 0x00000000c7100000, 0x00000000c7100000|
| 114|0x00000000c7200000, 0x00000000c7200000, 0x00000000c7300000|  0%| F|  |TS  0|AC  0|TAMS 0x00000000c7200000, 0x00000000c7200000|
| 115|0x00000000c7300000, 0x00000000c7300000, 0x00000000c7400000|  0%| F|  |TS  0|AC  0|TAMS 0x00000000c7300000, 0x00000000c7300000|
| 116|0x00000000c7400000, 0x00000000c7400000, 0x00000000c7500000|  0%| F|  |TS  0|AC  0|TAMS 0x00000000c7400000, 0x00000000c7400000|
| 117|0x00000000c7500000, 0x00000000c7500000, 0x00000000c7600000|  0%| F|  |TS  0|AC  0|TAMS 0x00000000c7500000, 0x00000000c7500000|
| 118|0x00000000c7600000, 0x00000000c7600000, 0x00000000c7700000|  0%| F|  |TS  0|AC  0|TAMS 0x00000000c7600000, 0x00000000c7600000|
| 119|0x00000000c7700000, 0x00000000c7700000, 0x00000000c7800000|  0%| F|  |TS  0|AC  0|TAMS 0x00000000c7700000, 0x00000000c7700000|
| 120|0x00000000c7800000, 0x00000000c7800000, 0x00000000c7900000|  0%| F|  |TS  0|AC  0|TAMS 0x00000000c7800000, 0x00000000c7800000|
| 121|0x00000000c7900000, 0x00000000c7900000, 0x00000000c7a00000|  0%| F|  |TS  0|AC  0|TAMS 0x00000000c7900000, 0x00000000c7900000|
| 122|0x00000000c7a00000, 0x00000000c7a00000, 0x00000000c7b00000|  0%| F|  |TS  0|AC  0|TAMS 0x00000000c7a00000, 0x00000000c7a00000|
| 123|0x00000000c7b00000, 0x00000000c7b00000, 0x00000000c7c00000|  0%| F|  |TS  0|AC  0|TAMS 0x00000000c7b00000, 0x00000000c7b00000|
| 124|0x00000000c7c00000, 0x00000000c7c00000, 0x00000000c7d00000|  0%| F|  |TS  0|AC  0|TAMS 0x00000000c7c00000, 0x00000000c7c00000|
| 125|0x00000000c7d00000, 0x00000000c7d00000, 0x00000000c7e00000|  0%| F|  |TS  0|AC  0|TAMS 0x00000000c7d00000, 0x00000000c7d00000|
| 126|0x00000000c7e00000, 0x00000000c7e00000, 0x00000000c7f00000|  0%| F|  |TS  0|AC  0|TAMS 0x00000000c7e00000, 0x00000000c7e00000|
| 127|0x00000000c7f00000, 0x00000000c7f00000, 0x00000000c8000000|  0%| F|  |TS  0|AC  0|TAMS 0x00000000c7f00000, 0x00000000c7f00000|
| 128|0x00000000c8000000, 0x00000000c8000000, 0x00000000c8100000|  0%| F|  |TS  0|AC  0|TAMS 0x00000000c8000000, 0x00000000c8000000|
| 129|0x00000000c8100000, 0x00000000c8100000, 0x00000000c8200000|  0%| F|  |TS  0|AC  0|TAMS 0x00000000c8100000, 0x00000000c8100000|
| 130|0x00000000c8200000, 0x00000000c8200000, 0x00000000c8300000|  0%| F|  |TS  0|AC  0|TAMS 0x00000000c8200000, 0x00000000c8200000|
| 131|0x00000000c8300000, 0x00000000c8300000, 0x00000000c8400000|  0%| F|  |TS  0|AC  0|TAMS 0x00000000c8300000, 0x00000000c8300000|
| 132|0x00000000c8400000, 0x00000000c8400000, 0x00000000c8500000|  0%| F|  |TS  0|AC  0|TAMS 0x00000000c8400000, 0x00000000c8400000|
| 133|0x00000000c8500000, 0x00000000c8500000, 0x00000000c8600000|  0%| F|  |TS  0|AC  0|TAMS 0x00000000c8500000, 0x00000000c8500000|
| 134|0x00000000c8600000, 0x00000000c8600000, 0x00000000c8700000|  0%| F|  |TS  0|AC  0|TAMS 0x00000000c8600000, 0x00000000c8600000|
| 135|0x00000000c8700000, 0x00000000c8700000, 0x00000000c8800000|  0%| F|  |TS  0|AC  0|TAMS 0x00000000c8700000, 0x00000000c8700000|
| 136|0x00000000c8800000, 0x00000000c8800000, 0x00000000c8900000|  0%| F|  |TS  0|AC  0|TAMS 0x00000000c8800000, 0x00000000c8800000|
| 137|0x00000000c8900000, 0x00000000c8900000, 0x00000000c8a00000|  0%| F|  |TS  0|AC  0|TAMS 0x00000000c8900000, 0x00000000c8900000|
| 138|0x00000000c8a00000, 0x00000000c8a00000, 0x00000000c8b00000|  0%| F|  |TS  0|AC  0|TAMS 0x00000000c8a00000, 0x00000000c8a00000|
| 139|0x00000000c8b00000, 0x00000000c8b00000, 0x00000000c8c00000|  0%| F|  |TS  0|AC  0|TAMS 0x00000000c8b00000, 0x00000000c8b00000|
| 140|0x00000000c8c00000, 0x00000000c8c00000, 0x00000000c8d00000|  0%| F|  |TS  0|AC  0|TAMS 0x00000000c8c00000, 0x00000000c8c00000|
| 141|0x00000000c8d00000, 0x00000000c8d00000, 0x00000000c8e00000|  0%| F|  |TS  0|AC  0|TAMS 0x00000000c8d00000, 0x00000000c8d00000|
| 142|0x00000000c8e00000, 0x00000000c8e00000, 0x00000000c8f00000|  0%| F|  |TS  0|AC  0|TAMS 0x00000000c8e00000, 0x00000000c8e00000|
| 143|0x00000000c8f00000, 0x00000000c8f00000, 0x00000000c9000000|  0%| F|  |TS  0|AC  0|TAMS 0x00000000c8f00000, 0x00000000c8f00000|
| 144|0x00000000c9000000, 0x00000000c9000000, 0x00000000c9100000|  0%| F|  |TS  0|AC  0|TAMS 0x00000000c9000000, 0x00000000c9000000|
| 145|0x00000000c9100000, 0x00000000c9100000, 0x00000000c9200000|  0%| F|  |TS  0|AC  0|TAMS 0x00000000c9100000, 0x00000000c9100000|
| 146|0x00000000c9200000, 0x00000000c9200000, 0x00000000c9300000|  0%| F|  |TS  0|AC  0|TAMS 0x00000000c9200000, 0x00000000c9200000|
| 147|0x00000000c9300000, 0x00000000c9300000, 0x00000000c9400000|  0%| F|  |TS  0|AC  0|TAMS 0x00000000c9300000, 0x00000000c9300000|
| 148|0x00000000c9400000, 0x00000000c9400000, 0x00000000c9500000|  0%| F|  |TS  0|AC  0|TAMS 0x00000000c9400000, 0x00000000c9400000|
| 149|0x00000000c9500000, 0x00000000c9500000, 0x00000000c9600000|  0%| F|  |TS  0|AC  0|TAMS 0x00000000c9500000, 0x00000000c9500000|
| 150|0x00000000c9600000, 0x00000000c9600000, 0x00000000c9700000|  0%| F|  |TS  0|AC  0|TAMS 0x00000000c9600000, 0x00000000c9600000|
| 151|0x00000000c9700000, 0x00000000c9700000, 0x00000000c9800000|  0%| F|  |TS  0|AC  0|TAMS 0x00000000c9700000, 0x00000000c9700000|
| 152|0x00000000c9800000, 0x00000000c9800000, 0x00000000c9900000|  0%| F|  |TS  0|AC  0|TAMS 0x00000000c9800000, 0x00000000c9800000|
| 153|0x00000000c9900000, 0x00000000c9900000, 0x00000000c9a00000|  0%| F|  |TS  0|AC  0|TAMS 0x00000000c9900000, 0x00000000c9900000|
| 154|0x00000000c9a00000, 0x00000000c9a00000, 0x00000000c9b00000|  0%| F|  |TS  0|AC  0|TAMS 0x00000000c9a00000, 0x00000000c9a00000|
| 155|0x00000000c9b00000, 0x00000000c9b00000, 0x00000000c9c00000|  0%| F|  |TS  0|AC  0|TAMS 0x00000000c9b00000, 0x00000000c9b00000|
| 156|0x00000000c9c00000, 0x00000000c9c00000, 0x00000000c9d00000|  0%| F|  |TS  0|AC  0|TAMS 0x00000000c9c00000, 0x00000000c9c00000|
| 157|0x00000000c9d00000, 0x00000000c9d00000, 0x00000000c9e00000|  0%| F|  |TS  0|AC  0|TAMS 0x00000000c9d00000, 0x00000000c9d00000|
| 158|0x00000000c9e00000, 0x00000000c9e00000, 0x00000000c9f00000|  0%| F|  |TS  0|AC  0|TAMS 0x00000000c9e00000, 0x00000000c9e00000|
| 159|0x00000000c9f00000, 0x00000000c9f00000, 0x00000000ca000000|  0%| F|  |TS  0|AC  0|TAMS 0x00000000c9f00000, 0x00000000c9f00000|
| 160|0x00000000ca000000, 0x00000000ca000000, 0x00000000ca100000|  0%| F|  |TS  0|AC  0|TAMS 0x00000000ca000000, 0x00000000ca000000|
| 161|0x00000000ca100000, 0x00000000ca100000, 0x00000000ca200000|  0%| F|  |TS  0|AC  0|TAMS 0x00000000ca100000, 0x00000000ca100000|
| 162|0x00000000ca200000, 0x00000000ca200000, 0x00000000ca300000|  0%| F|  |TS  0|AC  0|TAMS 0x00000000ca200000, 0x00000000ca200000|
| 163|0x00000000ca300000, 0x00000000ca300000, 0x00000000ca400000|  0%| F|  |TS  0|AC  0|TAMS 0x00000000ca300000, 0x00000000ca300000|
| 164|0x00000000ca400000, 0x00000000ca400000, 0x00000000ca500000|  0%| F|  |TS  0|AC  0|TAMS 0x00000000ca400000, 0x00000000ca400000|
| 165|0x00000000ca500000, 0x00000000ca500000, 0x00000000ca600000|  0%| F|  |TS  0|AC  0|TAMS 0x00000000ca500000, 0x00000000ca500000|
| 166|0x00000000ca600000, 0x00000000ca600000, 0x00000000ca700000|  0%| F|  |TS  0|AC  0|TAMS 0x00000000ca600000, 0x00000000ca600000|
| 167|0x00000000ca700000, 0x00000000ca700000, 0x00000000ca800000|  0%| F|  |TS  0|AC  0|TAMS 0x00000000ca700000, 0x00000000ca700000|
| 168|0x00000000ca800000, 0x00000000ca800000, 0x00000000ca900000|  0%| F|  |TS  0|AC  0|TAMS 0x00000000ca800000, 0x00000000ca800000|
| 169|0x00000000ca900000, 0x00000000ca900000, 0x00000000caa00000|  0%| F|  |TS  0|AC  0|TAMS 0x00000000ca900000, 0x00000000ca900000|
| 170|0x00000000caa00000, 0x00000000caa00000, 0x00000000cab00000|  0%| F|  |TS  0|AC  0|TAMS 0x00000000caa00000, 0x00000000caa00000|
| 171|0x00000000cab00000, 0x00000000cab00000, 0x00000000cac00000|  0%| F|  |TS  0|AC  0|TAMS 0x00000000cab00000, 0x00000000cab00000|
| 172|0x00000000cac00000, 0x00000000cac00000, 0x00000000cad00000|  0%| F|  |TS  0|AC  0|TAMS 0x00000000cac00000, 0x00000000cac00000|
| 173|0x00000000cad00000, 0x00000000cad00000, 0x00000000cae00000|  0%| F|  |TS  0|AC  0|TAMS 0x00000000cad00000, 0x00000000cad00000|
| 174|0x00000000cae00000, 0x00000000cae00000, 0x00000000caf00000|  0%| F|  |TS  0|AC  0|TAMS 0x00000000cae00000, 0x00000000cae00000|
| 175|0x00000000caf00000, 0x00000000caf00000, 0x00000000cb000000|  0%| F|  |TS  0|AC  0|TAMS 0x00000000caf00000, 0x00000000caf00000|
| 176|0x00000000cb000000, 0x00000000cb000000, 0x00000000cb100000|  0%| F|  |TS  0|AC  0|TAMS 0x00000000cb000000, 0x00000000cb000000|
| 177|0x00000000cb100000, 0x00000000cb100000, 0x00000000cb200000|  0%| F|  |TS  0|AC  0|TAMS 0x00000000cb100000, 0x00000000cb100000|
| 178|0x00000000cb200000, 0x00000000cb200000, 0x00000000cb300000|  0%| F|  |TS  0|AC  0|TAMS 0x00000000cb200000, 0x00000000cb200000|
| 179|0x00000000cb300000, 0x00000000cb300000, 0x00000000cb400000|  0%| F|  |TS  0|AC  0|TAMS 0x00000000cb300000, 0x00000000cb300000|
| 180|0x00000000cb400000, 0x00000000cb400000, 0x00000000cb500000|  0%| F|  |TS  0|AC  0|TAMS 0x00000000cb400000, 0x00000000cb400000|
| 181|0x00000000cb500000, 0x00000000cb500000, 0x00000000cb600000|  0%| F|  |TS  0|AC  0|TAMS 0x00000000cb500000, 0x00000000cb500000|
| 182|0x00000000cb600000, 0x00000000cb600000, 0x00000000cb700000|  0%| F|  |TS  0|AC  0|TAMS 0x00000000cb600000, 0x00000000cb600000|
| 183|0x00000000cb700000, 0x00000000cb700000, 0x00000000cb800000|  0%| F|  |TS  0|AC  0|TAMS 0x00000000cb700000, 0x00000000cb700000|
| 184|0x00000000cb800000, 0x00000000cb800000, 0x00000000cb900000|  0%| F|  |TS  0|AC  0|TAMS 0x00000000cb800000, 0x00000000cb800000|
| 185|0x00000000cb900000, 0x00000000cb900000, 0x00000000cba00000|  0%| F|  |TS  0|AC  0|TAMS 0x00000000cb900000, 0x00000000cb900000|
| 186|0x00000000cba00000, 0x00000000cba00000, 0x00000000cbb00000|  0%| F|  |TS  0|AC  0|TAMS 0x00000000cba00000, 0x00000000cba00000|
| 187|0x00000000cbb00000, 0x00000000cbb00000, 0x00000000cbc00000|  0%| F|  |TS  0|AC  0|TAMS 0x00000000cbb00000, 0x00000000cbb00000|
| 188|0x00000000cbc00000, 0x00000000cbc00000, 0x00000000cbd00000|  0%| F|  |TS  0|AC  0|TAMS 0x00000000cbc00000, 0x00000000cbc00000|
| 189|0x00000000cbd00000, 0x00000000cbd00000, 0x00000000cbe00000|  0%| F|  |TS  0|AC  0|TAMS 0x00000000cbd00000, 0x00000000cbd00000|
| 190|0x00000000cbe00000, 0x00000000cbe00000, 0x00000000cbf00000|  0%| F|  |TS  0|AC  0|TAMS 0x00000000cbe00000, 0x00000000cbe00000|
| 191|0x00000000cbf00000, 0x00000000cbf00000, 0x00000000cc000000|  0%| F|  |TS  0|AC  0|TAMS 0x00000000cbf00000, 0x00000000cbf00000|
| 192|0x00000000cc000000, 0x00000000cc000000, 0x00000000cc100000|  0%| F|  |TS  0|AC  0|TAMS 0x00000000cc000000, 0x00000000cc000000|
| 193|0x00000000cc100000, 0x00000000cc100000, 0x00000000cc200000|  0%| F|  |TS  0|AC  0|TAMS 0x00000000cc100000, 0x00000000cc100000|
| 194|0x00000000cc200000, 0x00000000cc200000, 0x00000000cc300000|  0%| F|  |TS  0|AC  0|TAMS 0x00000000cc200000, 0x00000000cc200000|
| 195|0x00000000cc300000, 0x00000000cc300000, 0x00000000cc400000|  0%| F|  |TS  1|AC  0|TAMS 0x00000000cc300000, 0x00000000cc300000|
| 196|0x00000000cc400000, 0x00000000cc400000, 0x00000000cc500000|  0%| F|  |TS  1|AC  0|TAMS 0x00000000cc400000, 0x00000000cc400000|
| 197|0x00000000cc500000, 0x00000000cc500000, 0x00000000cc600000|  0%| F|  |TS  1|AC  0|TAMS 0x00000000cc500000, 0x00000000cc500000|
| 198|0x00000000cc600000, 0x00000000cc600000, 0x00000000cc700000|  0%| F|  |TS  0|AC  0|TAMS 0x00000000cc600000, 0x00000000cc600000|
| 199|0x00000000cc700000, 0x00000000cc700000, 0x00000000cc800000|  0%| F|  |TS  0|AC  0|TAMS 0x00000000cc700000, 0x00000000cc700000|
| 200|0x00000000cc800000, 0x00000000cc800000, 0x00000000cc900000|  0%| F|  |TS  0|AC  0|TAMS 0x00000000cc800000, 0x00000000cc800000|
| 201|0x00000000cc900000, 0x00000000cc900000, 0x00000000cca00000|  0%| F|  |TS  0|AC  0|TAMS 0x00000000cc900000, 0x00000000cc900000|
| 202|0x00000000cca00000, 0x00000000cca00000, 0x00000000ccb00000|  0%| F|  |TS  0|AC  0|TAMS 0x00000000cca00000, 0x00000000cca00000|
| 203|0x00000000ccb00000, 0x00000000ccb00000, 0x00000000ccc00000|  0%| F|  |TS  0|AC  0|TAMS 0x00000000ccb00000, 0x00000000ccb00000|
| 204|0x00000000ccc00000, 0x00000000ccc00000, 0x00000000ccd00000|  0%| F|  |TS  0|AC  0|TAMS 0x00000000ccc00000, 0x00000000ccc00000|
| 205|0x00000000ccd00000, 0x00000000ccd00000, 0x00000000cce00000|  0%| F|  |TS  0|AC  0|TAMS 0x00000000ccd00000, 0x00000000ccd00000|
| 206|0x00000000cce00000, 0x00000000cce00000, 0x00000000ccf00000|  0%| F|  |TS  0|AC  0|TAMS 0x00000000cce00000, 0x00000000cce00000|
| 207|0x00000000ccf00000, 0x00000000ccf00000, 0x00000000cd000000|  0%| F|  |TS  0|AC  0|TAMS 0x00000000ccf00000, 0x00000000ccf00000|
| 208|0x00000000cd000000, 0x00000000cd000000, 0x00000000cd100000|  0%| F|  |TS  0|AC  0|TAMS 0x00000000cd000000, 0x00000000cd000000|
| 209|0x00000000cd100000, 0x00000000cd100000, 0x00000000cd200000|  0%| F|  |TS  0|AC  0|TAMS 0x00000000cd100000, 0x00000000cd100000|
| 210|0x00000000cd200000, 0x00000000cd200000, 0x00000000cd300000|  0%| F|  |TS  0|AC  0|TAMS 0x00000000cd200000, 0x00000000cd200000|
| 211|0x00000000cd300000, 0x00000000cd300000, 0x00000000cd400000|  0%| F|  |TS  0|AC  0|TAMS 0x00000000cd300000, 0x00000000cd300000|
| 212|0x00000000cd400000, 0x00000000cd400000, 0x00000000cd500000|  0%| F|  |TS  0|AC  0|TAMS 0x00000000cd400000, 0x00000000cd400000|
| 213|0x00000000cd500000, 0x00000000cd500000, 0x00000000cd600000|  0%| F|  |TS  0|AC  0|TAMS 0x00000000cd500000, 0x00000000cd500000|
| 214|0x00000000cd600000, 0x00000000cd600000, 0x00000000cd700000|  0%| F|  |TS  0|AC  0|TAMS 0x00000000cd600000, 0x00000000cd600000|
| 215|0x00000000cd700000, 0x00000000cd700000, 0x00000000cd800000|  0%| F|  |TS  0|AC  0|TAMS 0x00000000cd700000, 0x00000000cd700000|
| 216|0x00000000cd800000, 0x00000000cd800000, 0x00000000cd900000|  0%| F|  |TS  0|AC  0|TAMS 0x00000000cd800000, 0x00000000cd800000|
| 217|0x00000000cd900000, 0x00000000cd900000, 0x00000000cda00000|  0%| F|  |TS  0|AC  0|TAMS 0x00000000cd900000, 0x00000000cd900000|
| 218|0x00000000cda00000, 0x00000000cda00000, 0x00000000cdb00000|  0%| F|  |TS  0|AC  0|TAMS 0x00000000cda00000, 0x00000000cda00000|
| 219|0x00000000cdb00000, 0x00000000cdb00000, 0x00000000cdc00000|  0%| F|  |TS  0|AC  0|TAMS 0x00000000cdb00000, 0x00000000cdb00000|
| 220|0x00000000cdc00000, 0x00000000cdc00000, 0x00000000cdd00000|  0%| F|  |TS  0|AC  0|TAMS 0x00000000cdc00000, 0x00000000cdc00000|
| 221|0x00000000cdd00000, 0x00000000cdd00000, 0x00000000cde00000|  0%| F|  |TS  5|AC  0|TAMS 0x00000000cdd00000, 0x00000000cdd00000|
| 222|0x00000000cde00000, 0x00000000cde00000, 0x00000000cdf00000|  0%| F|  |TS  5|AC  0|TAMS 0x00000000cde00000, 0x00000000cde00000|
| 223|0x00000000cdf00000, 0x00000000cdf00000, 0x00000000ce000000|  0%| F|  |TS  3|AC  0|TAMS 0x00000000cdf00000, 0x00000000cdf00000|
| 224|0x00000000ce000000, 0x00000000ce0e65d8, 0x00000000ce100000| 89%| S|CS|TS  5|AC  0|TAMS 0x00000000ce000000, 0x00000000ce000000|
| 225|0x00000000ce100000, 0x00000000ce100000, 0x00000000ce200000|  0%| F|  |TS  5|AC  0|TAMS 0x00000000ce100000, 0x00000000ce100000|
| 226|0x00000000ce200000, 0x00000000ce200000, 0x00000000ce300000|  0%| F|  |TS  5|AC  0|TAMS 0x00000000ce200000, 0x00000000ce200000|
| 227|0x00000000ce300000, 0x00000000ce300000, 0x00000000ce400000|  0%| F|  |TS  5|AC  0|TAMS 0x00000000ce300000, 0x00000000ce300000|
| 228|0x00000000ce400000, 0x00000000ce400000, 0x00000000ce500000|  0%| F|  |TS  5|AC  0|TAMS 0x00000000ce400000, 0x00000000ce400000|
| 229|0x00000000ce500000, 0x00000000ce500000, 0x00000000ce600000|  0%| F|  |TS  5|AC  0|TAMS 0x00000000ce500000, 0x00000000ce500000|
| 230|0x00000000ce600000, 0x00000000ce600000, 0x00000000ce700000|  0%| F|  |TS  5|AC  0|TAMS 0x00000000ce600000, 0x00000000ce600000|
| 231|0x00000000ce700000, 0x00000000ce700000, 0x00000000ce800000|  0%| F|  |TS  5|AC  0|TAMS 0x00000000ce700000, 0x00000000ce700000|
| 232|0x00000000ce800000, 0x00000000ce800000, 0x00000000ce900000|  0%| F|  |TS  5|AC  0|TAMS 0x00000000ce800000, 0x00000000ce800000|
| 233|0x00000000ce900000, 0x00000000ce900000, 0x00000000cea00000|  0%| F|  |TS  5|AC  0|TAMS 0x00000000ce900000, 0x00000000ce900000|

Card table byte_map: [0x00007f1aa1a37000,0x00007f1aa1c37000] byte_map_base: 0x00007f1aa1437000

Marking Bits (Prev, Next): (CMBitMap*) 0x00007f1a9c049a00, (CMBitMap*) 0x00007f1a9c049a38
 Prev Bits: [0x00007f1aa0837000, 0x00007f1aa1837000)
 Next Bits: [0x00007f1a80b3d000, 0x00007f1a81b3d000)

Polling page: 0x00007f1aa60fb000

CodeHeap 'non-profiled nmethods': size=120036Kb used=5907Kb max_used=5907Kb free=114129Kb
 bounds [0x00007f1a89604000, 0x00007f1a89bd4000, 0x00007f1a90b3d000]
CodeHeap 'profiled nmethods': size=120032Kb used=21686Kb max_used=21750Kb free=98345Kb
 bounds [0x00007f1a820cc000, 0x00007f1a8363c000, 0x00007f1a89604000]
CodeHeap 'non-nmethods': size=5692Kb used=1404Kb max_used=1457Kb free=4287Kb
 bounds [0x00007f1a81b3d000, 0x00007f1a81dad000, 0x00007f1a820cc000]
 total_blobs=14490 nmethods=10567 adapters=600
 compilation: enabled

Compilation events (10 events):
Event: 219.447 Thread 0x00007f1a9c118800 nmethod 11347 0x00007f1a8361ed90 code [0x00007f1a8361fb00, 0x00007f1a8362a3f8]
Event: 219.447 Thread 0x00007f1a9c118800 11348       3       scala.LowPriorityImplicits$$anon$4::apply (7 bytes)
Event: 219.529 Thread 0x00007f1a9c118800 nmethod 11348 0x00007f1a82240a90 code [0x00007f1a82240c60, 0x00007f1a82241028]
Event: 219.529 Thread 0x00007f1a9c118800 11349       3       org.apache.spark.storage.StorageLevel::writeExternal (17 bytes)
Event: 219.552 Thread 0x00007f1a9c118800 nmethod 11349 0x00007f1a822ed990 code [0x00007f1a822edb80, 0x00007f1a822ee108]
Event: 219.552 Thread 0x00007f1a9c118800 11351       1       org.apache.spark.ui.jobs.UIData$ShuffleWriteMetricsUIData$::EMPTY (5 bytes)
Event: 219.552 Thread 0x00007f1a9c118800 nmethod 11351 0x00007f1a89bc9090 code [0x00007f1a89bc9240, 0x00007f1a89bc9350]
Event: 219.703 Thread 0x00007f1a9c118800 11352  s    3       org.apache.spark.storage.BlockInfoManager::get (9 bytes)
Event: 219.704 Thread 0x00007f1a9c118800 nmethod 11352 0x00007f1a822fbd10 code [0x00007f1a822fbf40, 0x00007f1a822fca08]
Event: 221.618 Thread 0x00007f1a9c118800 11353       3       scala.collection.immutable.StringOps::format (6 bytes)

GC Heap History (10 events):
Event: 204.110 GC heap after
{Heap after GC invocations=163 (full 0):
 garbage-first heap   total 199680K, used 78651K [0x00000000c0000000, 0x00000000c0100618, 0x0000000100000000)
  region size 1024K, 4 young (4096K), 4 survivors (4096K)
 Metaspace       used 65215K, capacity 66916K, committed 67148K, reserved 1107968K
  class space    used 8195K, capacity 8527K, committed 8576K, reserved 1048576K
}
Event: 204.987 GC heap before
{Heap before GC invocations=164 (full 0):
 garbage-first heap   total 199680K, used 109371K [0x00000000c0000000, 0x00000000c0100618, 0x0000000100000000)
  region size 1024K, 22 young (22528K), 4 survivors (4096K)
 Metaspace       used 65231K, capacity 66916K, committed 67148K, reserved 1107968K
  class space    used 8195K, capacity 8527K, committed 8576K, reserved 1048576K
}
Event: 205.085 GC heap after
{Heap after GC invocations=165 (full 0):
 garbage-first heap   total 239616K, used 78706K [0x00000000c0000000, 0x00000000c0100750, 0x0000000100000000)
  region size 1024K, 4 young (4096K), 4 survivors (4096K)
 Metaspace       used 65231K, capacity 66916K, committed 67148K, reserved 1107968K
  class space    used 8195K, capacity 8527K, committed 8576K, reserved 1048576K
}
Event: 209.939 GC heap before
{Heap before GC invocations=166 (full 0):
 garbage-first heap   total 239616K, used 147314K [0x00000000c0000000, 0x00000000c0100750, 0x0000000100000000)
  region size 1024K, 40 young (40960K), 4 survivors (4096K)
 Metaspace       used 65267K, capacity 66992K, committed 67148K, reserved 1107968K
  class space    used 8196K, capacity 8529K, committed 8576K, reserved 1048576K
}
Event: 211.261 GC heap after
{Heap after GC invocations=167 (full 0):
 garbage-first heap   total 239616K, used 78196K [0x00000000c0000000, 0x00000000c0100750, 0x0000000100000000)
  region size 1024K, 3 young (3072K), 3 survivors (3072K)
 Metaspace       used 65267K, capacity 66992K, committed 67148K, reserved 1107968K
  class space    used 8196K, capacity 8529K, committed 8576K, reserved 1048576K
}
Event: 214.334 GC heap before
{Heap before GC invocations=168 (full 0):
 garbage-first heap   total 239616K, used 93556K [0x00000000c0000000, 0x00000000c0100750, 0x0000000100000000)
  region size 1024K, 11 young (11264K), 3 survivors (3072K)
 Metaspace       used 65274K, capacity 66998K, committed 67148K, reserved 1107968K
  class space    used 8196K, capacity 8530K, committed 8576K, reserved 1048576K
}
Event: 214.686 GC heap after
{Heap after GC invocations=169 (full 0):
 garbage-first heap   total 239616K, used 77332K [0x00000000c0000000, 0x00000000c0100750, 0x0000000100000000)
  region size 1024K, 1 young (1024K), 1 survivors (1024K)
 Metaspace       used 65274K, capacity 66998K, committed 67148K, reserved 1107968K
  class space    used 8196K, capacity 8530K, committed 8576K, reserved 1048576K
}
Event: 218.884 GC heap before
{Heap before GC invocations=169 (full 0):
 garbage-first heap   total 239616K, used 96788K [0x00000000c0000000, 0x00000000c0100750, 0x0000000100000000)
  region size 1024K, 11 young (11264K), 1 survivors (1024K)
 Metaspace       used 65274K, capacity 66998K, committed 67148K, reserved 1107968K
  class space    used 8196K, capacity 8530K, committed 8576K, reserved 1048576K
}
Event: 219.116 GC heap after
{Heap after GC invocations=170 (full 0):
 garbage-first heap   total 239616K, used 77973K [0x00000000c0000000, 0x00000000c0100750, 0x0000000100000000)
  region size 1024K, 2 young (2048K), 2 survivors (2048K)
 Metaspace       used 65274K, capacity 66998K, committed 67148K, reserved 1107968K
  class space    used 8196K, capacity 8530K, committed 8576K, reserved 1048576K
}
Event: 221.684 GC heap before
{Heap before GC invocations=170 (full 0):
 garbage-first heap   total 239616K, used 100501K [0x00000000c0000000, 0x00000000c0100750, 0x0000000100000000)
  region size 1024K, 11 young (11264K), 2 survivors (2048K)
 Metaspace       used 65277K, capacity 66998K, committed 67148K, reserved 1107968K
  class space    used 8196K, capacity 8530K, committed 8576K, reserved 1048576K
}

Deoptimization events (10 events):
Event: 202.480 Thread 0x00007f1a7001a000 Uncommon trap: reason=class_check action=maybe_recompile pc=0x00007f1a89678c50 method=java.util.concurrent.ConcurrentHashMap.putVal(Ljava/lang/Object;Ljava/lang/Object;Z)Ljava/lang/Object; @ 242 c2
Event: 202.522 Thread 0x00007f1a7001a000 Uncommon trap: reason=bimorphic_or_optimized_type_check action=maybe_recompile pc=0x00007f1a89adbfbc method=org.apache.spark.InterruptibleIterator.hasNext()Z @ 11 c2
Event: 202.522 Thread 0x00007f1a7001a000 Uncommon trap: reason=bimorphic_or_optimized_type_check action=maybe_recompile pc=0x00007f1a89adbfbc method=org.apache.spark.InterruptibleIterator.hasNext()Z @ 11 c2
Event: 203.241 Thread 0x00007f1a5c2f1000 Uncommon trap: reason=class_check action=maybe_recompile pc=0x00007f1a89ab4b50 method=scala.collection.IterableLike$$anonfun$zipWithIndex$1.apply(Ljava/lang/Object;)V @ 22 c2
Event: 203.241 Thread 0x00007f1a5c2f1000 Uncommon trap: reason=bimorphic_or_optimized_type_check action=maybe_recompile pc=0x00007f1a89adcd98 method=scala.collection.IndexedSeqOptimized$class.isEmpty(Lscala/collection/IndexedSeqOptimized;)Z @ 1 c2
Event: 204.529 Thread 0x00007f1a5c2f0000 Uncommon trap: reason=class_check action=maybe_recompile pc=0x00007f1a89ab4b50 method=scala.collection.IterableLike$$anonfun$zipWithIndex$1.apply(Ljava/lang/Object;)V @ 22 c2
Event: 204.529 Thread 0x00007f1a5c2f0000 Uncommon trap: reason=bimorphic_or_optimized_type_check action=maybe_recompile pc=0x00007f1a89adcd98 method=scala.collection.IndexedSeqOptimized$class.isEmpty(Lscala/collection/IndexedSeqOptimized;)Z @ 1 c2
Event: 205.404 Thread 0x00007f1a5c2f0000 Uncommon trap: reason=class_check action=maybe_recompile pc=0x00007f1a89ab55c8 method=scala.collection.IterableLike$$anonfun$zipWithIndex$1.apply(Ljava/lang/Object;)V @ 22 c2
Event: 205.572 Thread 0x00007f1a70017000 Uncommon trap: reason=class_check action=maybe_recompile pc=0x00007f1a89ac3b14 method=scala.collection.mutable.MapLike$class.getOrElseUpdate(Lscala/collection/mutable/MapLike;Ljava/lang/Object;Lscala/Function0;)Ljava/lang/Object; @ 53 c2
Event: 205.572 Thread 0x0000000000cdb800 Uncommon trap: reason=class_check action=maybe_recompile pc=0x00007f1a89ac3b14 method=scala.collection.mutable.MapLike$class.getOrElseUpdate(Lscala/collection/mutable/MapLike;Ljava/lang/Object;Lscala/Function0;)Ljava/lang/Object; @ 53 c2

Classes redefined (0 events):
No events

Internal exceptions (10 events):
Event: 204.908 Thread 0x00007f1a6405b000 Exception <a 'java/net/ConnectException'{0x00000000cb3be9e0}> (0x00000000cb3be9e0) thrown at [/scratch/opt/mach5/mesos/work_dir/slaves/e72b529e-af37-4c00-b29e-141f3b57348c-S1075/frameworks/1735e8a2-a1db-478c-8104-60c8b0af87dd-0196/executors/7e8c6d98-485e-
Event: 204.933 Thread 0x0000000000cdb800 Exception <a 'java/net/ConnectException'{0x00000000cb3d7d50}> (0x00000000cb3d7d50) thrown at [/scratch/opt/mach5/mesos/work_dir/slaves/e72b529e-af37-4c00-b29e-141f3b57348c-S1075/frameworks/1735e8a2-a1db-478c-8104-60c8b0af87dd-0196/executors/7e8c6d98-485e-
Event: 206.115 Thread 0x00007f1a6405b000 Exception <a 'java/net/ConnectException'{0x00000000cd9620c8}> (0x00000000cd9620c8) thrown at [/scratch/opt/mach5/mesos/work_dir/slaves/e72b529e-af37-4c00-b29e-141f3b57348c-S1075/frameworks/1735e8a2-a1db-478c-8104-60c8b0af87dd-0196/executors/7e8c6d98-485e-
Event: 206.130 Thread 0x00007f1a4c009800 Exception <a 'java/net/ConnectException'{0x00000000cd9ff938}> (0x00000000cd9ff938) thrown at [/scratch/opt/mach5/mesos/work_dir/slaves/e72b529e-af37-4c00-b29e-141f3b57348c-S1075/frameworks/1735e8a2-a1db-478c-8104-60c8b0af87dd-0196/executors/7e8c6d98-485e-
Event: 206.881 Thread 0x00007f1a70069000 Exception <a 'java/net/ConnectException'{0x00000000cd2aafc0}> (0x00000000cd2aafc0) thrown at [/scratch/opt/mach5/mesos/work_dir/slaves/e72b529e-af37-4c00-b29e-141f3b57348c-S1075/frameworks/1735e8a2-a1db-478c-8104-60c8b0af87dd-0196/executors/7e8c6d98-485e-
Event: 206.887 Thread 0x00007f1a740fe800 Exception <a 'java/net/ConnectException'{0x00000000cd2bd1b8}> (0x00000000cd2bd1b8) thrown at [/scratch/opt/mach5/mesos/work_dir/slaves/e72b529e-af37-4c00-b29e-141f3b57348c-S1075/frameworks/1735e8a2-a1db-478c-8104-60c8b0af87dd-0196/executors/7e8c6d98-485e-
Event: 208.281 Thread 0x00007f1a70066800 Exception <a 'java/net/ConnectException'{0x00000000cca6c670}> (0x00000000cca6c670) thrown at [/scratch/opt/mach5/mesos/work_dir/slaves/e72b529e-af37-4c00-b29e-141f3b57348c-S1075/frameworks/1735e8a2-a1db-478c-8104-60c8b0af87dd-0196/executors/7e8c6d98-485e-
Event: 208.306 Thread 0x00007f1a5415c000 Exception <a 'java/net/ConnectException'{0x00000000cc900b88}> (0x00000000cc900b88) thrown at [/scratch/opt/mach5/mesos/work_dir/slaves/e72b529e-af37-4c00-b29e-141f3b57348c-S1075/frameworks/1735e8a2-a1db-478c-8104-60c8b0af87dd-0196/executors/7e8c6d98-485e-
Event: 215.576 Thread 0x00007f1a6406f800 Exception <a 'java/net/ConnectException'{0x00000000ce90ca90}> (0x00000000ce90ca90) thrown at [/scratch/opt/mach5/mesos/work_dir/slaves/e72b529e-af37-4c00-b29e-141f3b57348c-S1075/frameworks/1735e8a2-a1db-478c-8104-60c8b0af87dd-0196/executors/7e8c6d98-485e-
Event: 217.796 Thread 0x00007f1a5802b800 Exception <a 'java/net/ConnectException'{0x00000000ce9769d0}> (0x00000000ce9769d0) thrown at [/scratch/opt/mach5/mesos/work_dir/slaves/e72b529e-af37-4c00-b29e-141f3b57348c-S1075/frameworks/1735e8a2-a1db-478c-8104-60c8b0af87dd-0196/executors/7e8c6d98-485e-

Events (10 events):
Event: 221.202 loading class org/apache/spark/api/java/PythonPartitioner
Event: 221.518 loading class org/apache/spark/api/java/PythonPartitioner done
Event: 221.193 Thread 0x00007f1a5c541800 Thread exited: 0x00007f1a5c541800
Event: 221.193 Thread 0x0000000000cf2800 Thread exited: 0x0000000000cf2800
Event: 221.193 Thread 0x00007f1a70017000 Thread exited: 0x00007f1a70017000
Event: 221.193 Thread 0x00007f1a5c542800 Thread exited: 0x00007f1a5c542800
Event: 221.193 Thread 0x00007f1a6c0e1000 Thread exited: 0x00007f1a6c0e1000
Event: 221.193 Thread 0x00007f1a64042800 Thread exited: 0x00007f1a64042800
Event: 221.502 Thread 0x00007f1a54166000 Thread added: 0x00007f1a54166000
Event: 221.520 Thread 0x00007f1a70066800 Thread exited: 0x00007f1a70066800


Dynamic libraries:
00400000-00401000 r-xp 00000000 08:01 2105579                            /usr/lib/jvm/java-9-oracle/bin/java
00600000-00601000 rw-p 00000000 08:01 2105579                            /usr/lib/jvm/java-9-oracle/bin/java
00cd7000-00d19000 rw-p 00000000 00:00 0                                  [heap]
c0000000-cea00000 rw-p 00000000 00:00 0 
e0c00000-100000000 ---p 00000000 00:00 0 
100000000-100860000 rw-p 00000000 00:00 0 
100860000-140000000 ---p 00000000 00:00 0 
7f1a36d67000-7f1a36d6b000 ---p 00000000 00:00 0 
7f1a36d6b000-7f1a36e68000 rw-p 00000000 00:00 0 
7f1a36f69000-7f1a36f6d000 ---p 00000000 00:00 0 
7f1a36f6d000-7f1a3706a000 rw-p 00000000 00:00 0 
7f1a3706a000-7f1a3706e000 ---p 00000000 00:00 0 
7f1a3706e000-7f1a3716b000 rw-p 00000000 00:00 0 
7f1a3716b000-7f1a3716f000 ---p 00000000 00:00 0 
7f1a3716f000-7f1a3726c000 rw-p 00000000 00:00 0 
7f1a3726c000-7f1a37270000 ---p 00000000 00:00 0 
7f1a37270000-7f1a3736d000 rw-p 00000000 00:00 0 
7f1a37b75000-7f1a37b79000 ---p 00000000 00:00 0 
7f1a37b79000-7f1a37c76000 rw-p 00000000 00:00 0 
7f1a37c76000-7f1a37c7a000 ---p 00000000 00:00 0 
7f1a37c7a000-7f1a37d77000 rw-p 00000000 00:00 0 
7f1a37d77000-7f1a37d7b000 ---p 00000000 00:00 0 
7f1a37d7b000-7f1a37fb8000 rw-p 00000000 00:00 0 
7f1a37fb8000-7f1a3807c000 ---p 00000000 00:00 0 
7f1a3807c000-7f1a38179000 rw-p 00000000 00:00 0 
7f1a38179000-7f1a3817d000 ---p 00000000 00:00 0 
7f1a3817d000-7f1a3827a000 rw-p 00000000 00:00 0 
7f1a3827a000-7f1a3827e000 ---p 00000000 00:00 0 
7f1a3827e000-7f1a3837b000 rw-p 00000000 00:00 0 
7f1a3847c000-7f1a38480000 ---p 00000000 00:00 0 
7f1a38480000-7f1a3857d000 rw-p 00000000 00:00 0 
7f1a3857d000-7f1a38581000 ---p 00000000 00:00 0 
7f1a38581000-7f1a3867e000 rw-p 00000000 00:00 0 
7f1a3867e000-7f1a38682000 ---p 00000000 00:00 0 
7f1a38682000-7f1a3877f000 rw-p 00000000 00:00 0 
7f1a3877f000-7f1a38783000 ---p 00000000 00:00 0 
7f1a38783000-7f1a38880000 rw-p 00000000 00:00 0 
7f1a38880000-7f1a38884000 ---p 00000000 00:00 0 
7f1a38884000-7f1a38981000 rw-p 00000000 00:00 0 
7f1a38981000-7f1a38985000 ---p 00000000 00:00 0 
7f1a38985000-7f1a38a82000 rw-p 00000000 00:00 0 
7f1a38a82000-7f1a38a86000 ---p 00000000 00:00 0 
7f1a38a86000-7f1a38b83000 rw-p 00000000 00:00 0 
7f1a38b83000-7f1a38b87000 ---p 00000000 00:00 0 
7f1a38b87000-7f1a38c84000 rw-p 00000000 00:00 0 
7f1a38c84000-7f1a38c88000 ---p 00000000 00:00 0 
7f1a38c88000-7f1a38f85000 rw-p 00000000 00:00 0 
7f1a38f85000-7f1a38f89000 ---p 00000000 00:00 0 
7f1a38f89000-7f1a39086000 rw-p 00000000 00:00 0 
7f1a39086000-7f1a3908a000 ---p 00000000 00:00 0 
7f1a3908a000-7f1a39187000 rw-p 00000000 00:00 0 
7f1a39288000-7f1a3928c000 ---p 00000000 00:00 0 
7f1a3928c000-7f1a39389000 rw-p 00000000 00:00 0 
7f1a39389000-7f1a3938d000 ---p 00000000 00:00 0 
7f1a3938d000-7f1a3948a000 rw-p 00000000 00:00 0 
7f1a3948a000-7f1a3948e000 ---p 00000000 00:00 0 
7f1a3948e000-7f1a3958b000 rw-p 00000000 00:00 0 
7f1a3958b000-7f1a3958f000 ---p 00000000 00:00 0 
7f1a3958f000-7f1a3968c000 rw-p 00000000 00:00 0 
7f1a3968c000-7f1a39690000 ---p 00000000 00:00 0 
7f1a39690000-7f1a3978d000 rw-p 00000000 00:00 0 
7f1a3988e000-7f1a39892000 ---p 00000000 00:00 0 
7f1a39892000-7f1a3998f000 rw-p 00000000 00:00 0 
7f1a39a90000-7f1a39a94000 ---p 00000000 00:00 0 
7f1a39a94000-7f1a39b91000 rw-p 00000000 00:00 0 
7f1a39b91000-7f1a39b95000 ---p 00000000 00:00 0 
7f1a39b95000-7f1a39c92000 rw-p 00000000 00:00 0 
7f1a39c92000-7f1a39c96000 ---p 00000000 00:00 0 
7f1a39c96000-7f1a39d93000 rw-p 00000000 00:00 0 
7f1a39e94000-7f1a39e98000 ---p 00000000 00:00 0 
7f1a39e98000-7f1a39f95000 rw-p 00000000 00:00 0 
7f1a39f95000-7f1a39f99000 ---p 00000000 00:00 0 
7f1a39f99000-7f1a3a096000 rw-p 00000000 00:00 0 
7f1a3a096000-7f1a3a09a000 ---p 00000000 00:00 0 
7f1a3a09a000-7f1a3a197000 rw-p 00000000 00:00 0 
7f1a3a197000-7f1a3a19b000 ---p 00000000 00:00 0 
7f1a3a19b000-7f1a3a298000 rw-p 00000000 00:00 0 
7f1a3a298000-7f1a3a29c000 ---p 00000000 00:00 0 
7f1a3a29c000-7f1a3a399000 rw-p 00000000 00:00 0 
7f1a3a399000-7f1a3a39d000 ---p 00000000 00:00 0 
7f1a3a39d000-7f1a3a49a000 rw-p 00000000 00:00 0 
7f1a3a49a000-7f1a3a49e000 ---p 00000000 00:00 0 
7f1a3a49e000-7f1a3a59b000 rw-p 00000000 00:00 0 
7f1a3a59b000-7f1a3a59f000 ---p 00000000 00:00 0 
7f1a3a59f000-7f1a3a69c000 rw-p 00000000 00:00 0 
7f1a3a69c000-7f1a3a6a0000 ---p 00000000 00:00 0 
7f1a3a6a0000-7f1a3a79d000 rw-p 00000000 00:00 0 
7f1a3a79d000-7f1a3a7a1000 ---p 00000000 00:00 0 
7f1a3a7a1000-7f1a3a89e000 rw-p 00000000 00:00 0 
7f1a3a89e000-7f1a3a8a2000 ---p 00000000 00:00 0 
7f1a3a8a2000-7f1a3a99f000 rw-p 00000000 00:00 0 
7f1a3a99f000-7f1a3a9a3000 ---p 00000000 00:00 0 
7f1a3a9a3000-7f1a3aaa0000 rw-p 00000000 00:00 0 
7f1a3aba1000-7f1a3aba5000 ---p 00000000 00:00 0 
7f1a3aba5000-7f1a3aca2000 rw-p 00000000 00:00 0 
7f1a3afa5000-7f1a3afa9000 ---p 00000000 00:00 0 
7f1a3afa9000-7f1a3b0a6000 rw-p 00000000 00:00 0 
7f1a3b1a7000-7f1a3b1ab000 ---p 00000000 00:00 0 
7f1a3b1ab000-7f1a3b2a8000 rw-p 00000000 00:00 0 
7f1a3b2a8000-7f1a3b2ac000 ---p 00000000 00:00 0 
7f1a3b2ac000-7f1a3b3a9000 rw-p 00000000 00:00 0 
7f1a3b3a9000-7f1a3b3ad000 ---p 00000000 00:00 0 
7f1a3b3ad000-7f1a3b6aa000 rw-p 00000000 00:00 0 
7f1a3b6aa000-7f1a3b6ae000 ---p 00000000 00:00 0 
7f1a3b6ae000-7f1a3b7ab000 rw-p 00000000 00:00 0 
7f1a3b7ab000-7f1a3b7af000 ---p 00000000 00:00 0 
7f1a3b7af000-7f1a3b8ac000 rw-p 00000000 00:00 0 
7f1a3b9ad000-7f1a3b9b1000 ---p 00000000 00:00 0 
7f1a3b9b1000-7f1a3baae000 rw-p 00000000 00:00 0 
7f1a3baae000-7f1a3bab2000 ---p 00000000 00:00 0 
7f1a3bab2000-7f1a3bbaf000 rw-p 00000000 00:00 0 
7f1a3bbaf000-7f1a3bbb3000 ---p 00000000 00:00 0 
7f1a3bbb3000-7f1a3bcb0000 rw-p 00000000 00:00 0 
7f1a3bcb0000-7f1a3bcb4000 ---p 00000000 00:00 0 
7f1a3bcb4000-7f1a3bdb1000 rw-p 00000000 00:00 0 
7f1a3bdb1000-7f1a3bdb5000 ---p 00000000 00:00 0 
7f1a3bdb5000-7f1a3beb2000 rw-p 00000000 00:00 0 
7f1a3beb2000-7f1a3beb6000 ---p 00000000 00:00 0 
7f1a3beb6000-7f1a3bfb3000 rw-p 00000000 00:00 0 
7f1a3bfb3000-7f1a3bfb7000 ---p 00000000 00:00 0 
7f1a3bfb7000-7f1a3c0b4000 rw-p 00000000 00:00 0 
7f1a3c0b4000-7f1a3c0b8000 ---p 00000000 00:00 0 
7f1a3c0b8000-7f1a3c1b5000 rw-p 00000000 00:00 0 
7f1a3c1b5000-7f1a3c1b9000 ---p 00000000 00:00 0 
7f1a3c1b9000-7f1a3c2b6000 rw-p 00000000 00:00 0 
7f1a3c2b6000-7f1a3c2ba000 ---p 00000000 00:00 0 
7f1a3c2ba000-7f1a3c5b7000 rw-p 00000000 00:00 0 
7f1a3c5b7000-7f1a3c5bb000 ---p 00000000 00:00 0 
7f1a3c5bb000-7f1a3c6b8000 rw-p 00000000 00:00 0 
7f1a3c6b8000-7f1a3c6bc000 ---p 00000000 00:00 0 
7f1a3c6bc000-7f1a3c7b9000 rw-p 00000000 00:00 0 
7f1a3c7b9000-7f1a3c7bd000 ---p 00000000 00:00 0 
7f1a3c7bd000-7f1a3c8ba000 rw-p 00000000 00:00 0 
7f1a3c8ba000-7f1a3c8be000 ---p 00000000 00:00 0 
7f1a3c8be000-7f1a3c9bb000 rw-p 00000000 00:00 0 
7f1a3c9bb000-7f1a3c9bf000 ---p 00000000 00:00 0 
7f1a3c9bf000-7f1a3cabc000 rw-p 00000000 00:00 0 
7f1a3cabc000-7f1a3cac0000 ---p 00000000 00:00 0 
7f1a3cac0000-7f1a3cbbd000 rw-p 00000000 00:00 0 
7f1a3cbbd000-7f1a3cbc1000 ---p 00000000 00:00 0 
7f1a3cbc1000-7f1a3ccbe000 rw-p 00000000 00:00 0 
7f1a3ccbe000-7f1a3ccc2000 ---p 00000000 00:00 0 
7f1a3ccc2000-7f1a3ddc0000 rw-p 00000000 00:00 0 
7f1a3ddc0000-7f1a3ddc4000 ---p 00000000 00:00 0 
7f1a3ddc4000-7f1a3f0c2000 rw-p 00000000 00:00 0 
7f1a3f0c2000-7f1a3f0c6000 ---p 00000000 00:00 0 
7f1a3f0c6000-7f1a3f1c3000 rw-p 00000000 00:00 0 
7f1a3f1c3000-7f1a3f1d0000 r-xp 00000000 08:01 2763482                    /tmp/liblz4-java732209966864730012.so
7f1a3f1d0000-7f1a3f3cf000 ---p 0000d000 08:01 2763482                    /tmp/liblz4-java732209966864730012.so
7f1a3f3cf000-7f1a3f3d0000 rw-p 0000c000 08:01 2763482                    /tmp/liblz4-java732209966864730012.so
7f1a3f3d0000-7f1a3f5d0000 rw-p 00000000 00:00 0 
7f1a3f5d0000-7f1a3f7d0000 rw-p 00000000 00:00 0 
7f1a3f7d0000-7f1a3f7d4000 ---p 00000000 00:00 0 
7f1a3f7d4000-7f1a3f8d1000 rw-p 00000000 00:00 0 
7f1a3f8d1000-7f1a3f8d5000 ---p 00000000 00:00 0 
7f1a3f8d5000-7f1a3f9d2000 rw-p 00000000 00:00 0 
7f1a3f9d2000-7f1a3f9d6000 ---p 00000000 00:00 0 
7f1a3f9d6000-7f1a3fad3000 rw-p 00000000 00:00 0 
7f1a3fad3000-7f1a3fad7000 ---p 00000000 00:00 0 
7f1a3fad7000-7f1a3fdd4000 rw-p 00000000 00:00 0 
7f1a3fdd4000-7f1a3fdd8000 ---p 00000000 00:00 0 
7f1a3fdd8000-7f1a400d5000 rw-p 00000000 00:00 0 
7f1a400d5000-7f1a400d9000 ---p 00000000 00:00 0 
7f1a400d9000-7f1a401d6000 rw-p 00000000 00:00 0 
7f1a401d6000-7f1a401da000 ---p 00000000 00:00 0 
7f1a401da000-7f1a402d7000 rw-p 00000000 00:00 0 
7f1a402d7000-7f1a402db000 ---p 00000000 00:00 0 
7f1a402db000-7f1a405d8000 rw-p 00000000 00:00 0 
7f1a405d8000-7f1a405dc000 ---p 00000000 00:00 0 
7f1a405dc000-7f1a406d9000 rw-p 00000000 00:00 0 
7f1a406d9000-7f1a406dd000 ---p 00000000 00:00 0 
7f1a406dd000-7f1a407da000 rw-p 00000000 00:00 0 
7f1a407da000-7f1a407de000 ---p 00000000 00:00 0 
7f1a407de000-7f1a408db000 rw-p 00000000 00:00 0 
7f1a408db000-7f1a408df000 ---p 00000000 00:00 0 
7f1a408df000-7f1a409dc000 rw-p 00000000 00:00 0 
7f1a409dc000-7f1a409e0000 ---p 00000000 00:00 0 
7f1a409e0000-7f1a40add000 rw-p 00000000 00:00 0 
7f1a40add000-7f1a40ae1000 ---p 00000000 00:00 0 
7f1a40ae1000-7f1a40bde000 rw-p 00000000 00:00 0 
7f1a40bde000-7f1a40be2000 ---p 00000000 00:00 0 
7f1a40be2000-7f1a40edf000 rw-p 00000000 00:00 0 
7f1a40edf000-7f1a410df000 rw-p 00000000 00:00 0 
7f1a410df000-7f1a410e3000 ---p 00000000 00:00 0 
7f1a410e3000-7f1a411e0000 rw-p 00000000 00:00 0 
7f1a411e0000-7f1a411e4000 ---p 00000000 00:00 0 
7f1a411e4000-7f1a412e1000 rw-p 00000000 00:00 0 
7f1a412e1000-7f1a412e5000 ---p 00000000 00:00 0 
7f1a412e5000-7f1a413e2000 rw-p 00000000 00:00 0 
7f1a413e2000-7f1a413e6000 ---p 00000000 00:00 0 
7f1a413e6000-7f1a414e3000 rw-p 00000000 00:00 0 
7f1a414e3000-7f1a414e7000 ---p 00000000 00:00 0 
7f1a414e7000-7f1a415e4000 rw-p 00000000 00:00 0 
7f1a415e4000-7f1a415e8000 ---p 00000000 00:00 0 
7f1a415e8000-7f1a416e5000 rw-p 00000000 00:00 0 
7f1a416e5000-7f1a416e9000 ---p 00000000 00:00 0 
7f1a416e9000-7f1a417e6000 rw-p 00000000 00:00 0 
7f1a417e6000-7f1a417ea000 ---p 00000000 00:00 0 
7f1a417ea000-7f1a418e7000 rw-p 00000000 00:00 0 
7f1a418e7000-7f1a418eb000 ---p 00000000 00:00 0 
7f1a418eb000-7f1a41be8000 rw-p 00000000 00:00 0 
7f1a41be8000-7f1a41bec000 ---p 00000000 00:00 0 
7f1a41bec000-7f1a41ce9000 rw-p 00000000 00:00 0 
7f1a41ce9000-7f1a41ced000 ---p 00000000 00:00 0 
7f1a41ced000-7f1a41dea000 rw-p 00000000 00:00 0 
7f1a41dea000-7f1a41dee000 ---p 00000000 00:00 0 
7f1a41dee000-7f1a41eeb000 rw-p 00000000 00:00 0 
7f1a41eeb000-7f1a41eef000 ---p 00000000 00:00 0 
7f1a41eef000-7f1a41fec000 rw-p 00000000 00:00 0 
7f1a41fec000-7f1a41ff0000 ---p 00000000 00:00 0 
7f1a41ff0000-7f1a420ed000 rw-p 00000000 00:00 0 
7f1a420ed000-7f1a420f1000 ---p 00000000 00:00 0 
7f1a420f1000-7f1a421ee000 rw-p 00000000 00:00 0 
7f1a421ee000-7f1a421f2000 ---p 00000000 00:00 0 
7f1a421f2000-7f1a422ef000 rw-p 00000000 00:00 0 
7f1a422ef000-7f1a422f3000 ---p 00000000 00:00 0 
7f1a422f3000-7f1a423f0000 rw-p 00000000 00:00 0 
7f1a423f0000-7f1a423f4000 ---p 00000000 00:00 0 
7f1a423f4000-7f1a426e4000 rw-p 00000000 00:00 0 
7f1a426e4000-7f1a426f1000 ---p 00000000 00:00 0 
7f1a426f1000-7f1a426f5000 ---p 00000000 00:00 0 
7f1a426f5000-7f1a429f2000 rw-p 00000000 00:00 0 
7f1a429f2000-7f1a429f3000 r-xp 00000000 08:01 2105907                    /usr/lib/jvm/java-9-oracle/lib/libjaas_unix.so
7f1a429f3000-7f1a42bf2000 ---p 00001000 08:01 2105907                    /usr/lib/jvm/java-9-oracle/lib/libjaas_unix.so
7f1a42bf2000-7f1a42bf3000 rw-p 00000000 08:01 2105907                    /usr/lib/jvm/java-9-oracle/lib/libjaas_unix.so
7f1a42bf3000-7f1a42df3000 rw-p 00000000 00:00 0 
7f1a42df3000-7f1a42df7000 ---p 00000000 00:00 0 
7f1a42df7000-7f1a42ef4000 rw-p 00000000 00:00 0 
7f1a42ef4000-7f1a42ef9000 r-xp 00000000 08:01 2105944                    /usr/lib/jvm/java-9-oracle/lib/libmanagement_ext.so
7f1a42ef9000-7f1a430f8000 ---p 00005000 08:01 2105944                    /usr/lib/jvm/java-9-oracle/lib/libmanagement_ext.so
7f1a430f8000-7f1a430f9000 rw-p 00004000 08:01 2105944                    /usr/lib/jvm/java-9-oracle/lib/libmanagement_ext.so
7f1a430f9000-7f1a430fd000 r-xp 00000000 08:01 2105945                    /usr/lib/jvm/java-9-oracle/lib/libmanagement.so
7f1a430fd000-7f1a432fc000 ---p 00004000 08:01 2105945                    /usr/lib/jvm/java-9-oracle/lib/libmanagement.so
7f1a432fc000-7f1a432fd000 rw-p 00003000 08:01 2105945                    /usr/lib/jvm/java-9-oracle/lib/libmanagement.so
7f1a432fd000-7f1a434fd000 rw-p 00000000 00:00 0 
7f1a434fd000-7f1a43501000 ---p 00000000 00:00 0 
7f1a43501000-7f1a435fe000 rw-p 00000000 00:00 0 
7f1a435fe000-7f1a43602000 ---p 00000000 00:00 0 
7f1a43602000-7f1a436ff000 rw-p 00000000 00:00 0 
7f1a436ff000-7f1a43703000 ---p 00000000 00:00 0 
7f1a43703000-7f1a43a00000 rw-p 00000000 00:00 0 
7f1a43a00000-7f1a43c00000 rw-p 00000000 00:00 0 
7f1a43c00000-7f1a43e00000 rw-p 00000000 00:00 0 
7f1a43e00000-7f1a44000000 rw-p 00000000 00:00 0 
7f1a44000000-7f1a449d4000 rw-p 00000000 00:00 0 
7f1a449d4000-7f1a48000000 ---p 00000000 00:00 0 
7f1a48000000-7f1a4802d000 rw-p 00000000 00:00 0 
7f1a4802d000-7f1a4c000000 ---p 00000000 00:00 0 
7f1a4c000000-7f1a4c021000 rw-p 00000000 00:00 0 
7f1a4c021000-7f1a50000000 ---p 00000000 00:00 0 
7f1a50000000-7f1a522ce000 rw-p 00000000 00:00 0 
7f1a522ce000-7f1a54000000 ---p 00000000 00:00 0 
7f1a54000000-7f1a541bf000 rw-p 00000000 00:00 0 
7f1a541bf000-7f1a58000000 ---p 00000000 00:00 0 
7f1a58000000-7f1a5803a000 rw-p 00000000 00:00 0 
7f1a5803a000-7f1a5c000000 ---p 00000000 00:00 0 
7f1a5c000000-7f1a5d222000 rw-p 00000000 00:00 0 
7f1a5d222000-7f1a60000000 ---p 00000000 00:00 0 
7f1a6009e000-7f1a600a2000 ---p 00000000 00:00 0 
7f1a600a2000-7f1a6019f000 rw-p 00000000 00:00 0 
7f1a6019f000-7f1a601dc000 r-xp 00000000 08:01 2105889                    /usr/lib/jvm/java-9-oracle/lib/libsunec.so
7f1a601dc000-7f1a603dc000 ---p 0003d000 08:01 2105889                    /usr/lib/jvm/java-9-oracle/lib/libsunec.so
7f1a603dc000-7f1a603e3000 rw-p 0003d000 08:01 2105889                    /usr/lib/jvm/java-9-oracle/lib/libsunec.so
7f1a603e3000-7f1a605f4000 rw-p 00000000 00:00 0 
7f1a605f4000-7f1a607f4000 rw-p 00000000 00:00 0 
7f1a607f4000-7f1a60864000 r-xp 00000000 08:01 2888116                    /lib/x86_64-linux-gnu/libpcre.so.3.13.3
7f1a60864000-7f1a60a64000 ---p 00070000 08:01 2888116                    /lib/x86_64-linux-gnu/libpcre.so.3.13.3
7f1a60a64000-7f1a60a65000 r--p 00070000 08:01 2888116                    /lib/x86_64-linux-gnu/libpcre.so.3.13.3
7f1a60a65000-7f1a60a66000 rw-p 00071000 08:01 2888116                    /lib/x86_64-linux-gnu/libpcre.so.3.13.3
7f1a60a66000-7f1a60a8b000 r-xp 00000000 08:01 2888312                    /lib/x86_64-linux-gnu/libselinux.so.1
7f1a60a8b000-7f1a60c8a000 ---p 00025000 08:01 2888312                    /lib/x86_64-linux-gnu/libselinux.so.1
7f1a60c8a000-7f1a60c8b000 r--p 00024000 08:01 2888312                    /lib/x86_64-linux-gnu/libselinux.so.1
7f1a60c8b000-7f1a60c8c000 rw-p 00025000 08:01 2888312                    /lib/x86_64-linux-gnu/libselinux.so.1
7f1a60c8c000-7f1a60c8e000 rw-p 00000000 00:00 0 
7f1a60c8e000-7f1a60ccb000 r-xp 00000000 08:01 2888180                    /lib/x86_64-linux-gnu/libnss_resolve.so.2
7f1a60ccb000-7f1a60eca000 ---p 0003d000 08:01 2888180                    /lib/x86_64-linux-gnu/libnss_resolve.so.2
7f1a60eca000-7f1a60ecd000 r--p 0003c000 08:01 2888180                    /lib/x86_64-linux-gnu/libnss_resolve.so.2
7f1a60ecd000-7f1a60ece000 rw-p 0003f000 08:01 2888180                    /lib/x86_64-linux-gnu/libnss_resolve.so.2
7f1a60ece000-7f1a60ed0000 r-xp 00000000 08:01 2888288                    /lib/x86_64-linux-gnu/libnss_mdns4_minimal.so.2
7f1a60ed0000-7f1a610cf000 ---p 00002000 08:01 2888288                    /lib/x86_64-linux-gnu/libnss_mdns4_minimal.so.2
7f1a610cf000-7f1a610d0000 r--p 00001000 08:01 2888288                    /lib/x86_64-linux-gnu/libnss_mdns4_minimal.so.2
7f1a610d0000-7f1a610d1000 rw-p 00002000 08:01 2888288                    /lib/x86_64-linux-gnu/libnss_mdns4_minimal.so.2
7f1a610d1000-7f1a612d1000 rw-p 00000000 00:00 0 
7f1a612d1000-7f1a614d1000 rw-p 00000000 00:00 0 
7f1a614d1000-7f1a614d2000 ---p 00000000 00:00 0 
7f1a614d2000-7f1a615d2000 rw-p 00000000 00:00 0 
7f1a615d2000-7f1a615d6000 ---p 00000000 00:00 0 
7f1a615d6000-7f1a616d3000 rw-p 00000000 00:00 0 
7f1a616d3000-7f1a616d7000 ---p 00000000 00:00 0 
7f1a616d7000-7f1a617d4000 rw-p 00000000 00:00 0 
7f1a617d4000-7f1a617ea000 r-xp 00000000 08:01 2105909                    /usr/lib/jvm/java-9-oracle/lib/libnet.so
7f1a617ea000-7f1a619ea000 ---p 00016000 08:01 2105909                    /usr/lib/jvm/java-9-oracle/lib/libnet.so
7f1a619ea000-7f1a619eb000 rw-p 00016000 08:01 2105909                    /usr/lib/jvm/java-9-oracle/lib/libnet.so
7f1a619eb000-7f1a619fb000 r-xp 00000000 08:01 2105906                    /usr/lib/jvm/java-9-oracle/lib/libnio.so
7f1a619fb000-7f1a61bfb000 ---p 00010000 08:01 2105906                    /usr/lib/jvm/java-9-oracle/lib/libnio.so
7f1a61bfb000-7f1a61bfc000 rw-p 00010000 08:01 2105906                    /usr/lib/jvm/java-9-oracle/lib/libnio.so
7f1a61bfc000-7f1a61c00000 ---p 00000000 00:00 0 
7f1a61c00000-7f1a61cfd000 rw-p 00000000 00:00 0 
7f1a61cfd000-7f1a61d01000 ---p 00000000 00:00 0 
7f1a61d01000-7f1a61dfe000 rw-p 00000000 00:00 0 
7f1a61dfe000-7f1a61e02000 ---p 00000000 00:00 0 
7f1a61e02000-7f1a61eff000 rw-p 00000000 00:00 0 
7f1a61eff000-7f1a61f03000 ---p 00000000 00:00 0 
7f1a61f03000-7f1a62000000 rw-p 00000000 00:00 0 
7f1a62000000-7f1a64000000 rwxp 00000000 00:00 0 
7f1a64000000-7f1a64080000 rw-p 00000000 00:00 0 
7f1a64080000-7f1a68000000 ---p 00000000 00:00 0 
7f1a68000000-7f1a68098000 rw-p 00000000 00:00 0 
7f1a68098000-7f1a6c000000 ---p 00000000 00:00 0 
7f1a6c000000-7f1a6c13c000 rw-p 00000000 00:00 0 
7f1a6c13c000-7f1a70000000 ---p 00000000 00:00 0 
7f1a70000000-7f1a700d6000 rw-p 00000000 00:00 0 
7f1a700d6000-7f1a74000000 ---p 00000000 00:00 0 
7f1a74000000-7f1a7410a000 rw-p 00000000 00:00 0 
7f1a7410a000-7f1a78000000 ---p 00000000 00:00 0 
7f1a78000000-7f1a78053000 rw-p 00000000 00:00 0 
7f1a78053000-7f1a7c000000 ---p 00000000 00:00 0 
7f1a7c000000-7f1a7c37c000 rw-p 00000000 00:00 0 
7f1a7c37c000-7f1a80000000 ---p 00000000 00:00 0 
7f1a80061000-7f1a8033d000 r--p 00000000 08:01 2098528                    /usr/lib/locale/locale-archive
7f1a8033d000-7f1a80ee5000 rw-p 00000000 00:00 0 
7f1a80ee5000-7f1a81b3d000 ---p 00000000 00:00 0 
7f1a81b3d000-7f1a81dad000 rwxp 00000000 00:00 0 
7f1a81dad000-7f1a820cc000 ---p 00000000 00:00 0 
7f1a820cc000-7f1a8363c000 rwxp 00000000 00:00 0 
7f1a8363c000-7f1a89604000 ---p 00000000 00:00 0 
7f1a89604000-7f1a89bd4000 rwxp 00000000 00:00 0 
7f1a89bd4000-7f1a90b3d000 ---p 00000000 00:00 0 
7f1a90b3d000-7f1a9c000000 r--s 00000000 08:01 2105808                    /usr/lib/jvm/java-9-oracle/lib/modules
7f1a9c000000-7f1a9d17c000 rw-p 00000000 00:00 0 
7f1a9d17c000-7f1aa0000000 ---p 00000000 00:00 0 
7f1aa003d000-7f1aa0041000 ---p 00000000 00:00 0 
7f1aa0041000-7f1aa005f000 rw-p 00000000 00:00 0 
7f1aa005f000-7f1aa0063000 ---p 00000000 00:00 0 
7f1aa0063000-7f1aa0160000 rw-p 00000000 00:00 0 
7f1aa0160000-7f1aa0164000 ---p 00000000 00:00 0 
7f1aa0164000-7f1aa0261000 rw-p 00000000 00:00 0 
7f1aa0261000-7f1aa0262000 ---p 00000000 00:00 0 
7f1aa0262000-7f1aa0635000 rw-p 00000000 00:00 0 
7f1aa0635000-7f1aa0636000 ---p 00000000 00:00 0 
7f1aa0636000-7f1aa0736000 rw-p 00000000 00:00 0 
7f1aa0736000-7f1aa0737000 ---p 00000000 00:00 0 
7f1aa0737000-7f1aa0bdf000 rw-p 00000000 00:00 0 
7f1aa0bdf000-7f1aa1837000 ---p 00000000 00:00 0 
7f1aa1837000-7f1aa18ac000 rw-p 00000000 00:00 0 
7f1aa18ac000-7f1aa1a37000 ---p 00000000 00:00 0 
7f1aa1a37000-7f1aa1aac000 rw-p 00000000 00:00 0 
7f1aa1aac000-7f1aa1e37000 ---p 00000000 00:00 0 
7f1aa1e37000-7f1aa1eac000 rw-p 00000000 00:00 0 
7f1aa1eac000-7f1aa2037000 ---p 00000000 00:00 0 
7f1aa2037000-7f1aa2038000 ---p 00000000 00:00 0 
7f1aa2038000-7f1aa2138000 rw-p 00000000 00:00 0 
7f1aa2138000-7f1aa2139000 ---p 00000000 00:00 0 
7f1aa2139000-7f1aa2239000 rw-p 00000000 00:00 0 
7f1aa2239000-7f1aa223a000 ---p 00000000 00:00 0 
7f1aa223a000-7f1aa253c000 rw-p 00000000 00:00 0 
7f1aa253c000-7f1aa253d000 ---p 00000000 00:00 0 
7f1aa253d000-7f1aa263d000 rw-p 00000000 00:00 0 
7f1aa263d000-7f1aa263e000 ---p 00000000 00:00 0 
7f1aa263e000-7f1aa274a000 rw-p 00000000 00:00 0 
7f1aa274a000-7f1aa2829000 ---p 00000000 00:00 0 
7f1aa2829000-7f1aa2854000 rw-p 00000000 00:00 0 
7f1aa2854000-7f1aa2914000 ---p 00000000 00:00 0 
7f1aa2914000-7f1aa292e000 r-xp 00000000 08:01 2105911                    /usr/lib/jvm/java-9-oracle/lib/libjimage.so
7f1aa292e000-7f1aa2b2d000 ---p 0001a000 08:01 2105911                    /usr/lib/jvm/java-9-oracle/lib/libjimage.so
7f1aa2b2d000-7f1aa2b2f000 rw-p 00019000 08:01 2105911                    /usr/lib/jvm/java-9-oracle/lib/libjimage.so
7f1aa2b2f000-7f1aa2b41000 rw-p 00000000 00:00 0 
7f1aa2b41000-7f1aa2b48000 r-xp 00000000 08:01 2105952                    /usr/lib/jvm/java-9-oracle/lib/libzip.so
7f1aa2b48000-7f1aa2d47000 ---p 00007000 08:01 2105952                    /usr/lib/jvm/java-9-oracle/lib/libzip.so
7f1aa2d47000-7f1aa2d48000 rw-p 00006000 08:01 2105952                    /usr/lib/jvm/java-9-oracle/lib/libzip.so
7f1aa2d48000-7f1aa2d53000 r-xp 00000000 08:01 2891351                    /lib/x86_64-linux-gnu/libnss_files-2.26.so
7f1aa2d53000-7f1aa2f52000 ---p 0000b000 08:01 2891351                    /lib/x86_64-linux-gnu/libnss_files-2.26.so
7f1aa2f52000-7f1aa2f53000 r--p 0000a000 08:01 2891351                    /lib/x86_64-linux-gnu/libnss_files-2.26.so
7f1aa2f53000-7f1aa2f54000 rw-p 0000b000 08:01 2891351                    /lib/x86_64-linux-gnu/libnss_files-2.26.so
7f1aa2f54000-7f1aa2f5a000 rw-p 00000000 00:00 0 
7f1aa2f5a000-7f1aa2f65000 r-xp 00000000 08:01 2891353                    /lib/x86_64-linux-gnu/libnss_nis-2.26.so
7f1aa2f65000-7f1aa3164000 ---p 0000b000 08:01 2891353                    /lib/x86_64-linux-gnu/libnss_nis-2.26.so
7f1aa3164000-7f1aa3165000 r--p 0000a000 08:01 2891353                    /lib/x86_64-linux-gnu/libnss_nis-2.26.so
7f1aa3165000-7f1aa3166000 rw-p 0000b000 08:01 2891353                    /lib/x86_64-linux-gnu/libnss_nis-2.26.so
7f1aa3166000-7f1aa317d000 r-xp 00000000 08:01 2891348                    /lib/x86_64-linux-gnu/libnsl-2.26.so
7f1aa317d000-7f1aa337c000 ---p 00017000 08:01 2891348                    /lib/x86_64-linux-gnu/libnsl-2.26.so
7f1aa337c000-7f1aa337d000 r--p 00016000 08:01 2891348                    /lib/x86_64-linux-gnu/libnsl-2.26.so
7f1aa337d000-7f1aa337e000 rw-p 00017000 08:01 2891348                    /lib/x86_64-linux-gnu/libnsl-2.26.so
7f1aa337e000-7f1aa3380000 rw-p 00000000 00:00 0 
7f1aa3380000-7f1aa3388000 r-xp 00000000 08:01 2891349                    /lib/x86_64-linux-gnu/libnss_compat-2.26.so
7f1aa3388000-7f1aa3587000 ---p 00008000 08:01 2891349                    /lib/x86_64-linux-gnu/libnss_compat-2.26.so
7f1aa3587000-7f1aa3588000 r--p 00007000 08:01 2891349                    /lib/x86_64-linux-gnu/libnss_compat-2.26.so
7f1aa3588000-7f1aa3589000 rw-p 00008000 08:01 2891349                    /lib/x86_64-linux-gnu/libnss_compat-2.26.so
7f1aa3589000-7f1aa35b4000 r-xp 00000000 08:01 2105877                    /usr/lib/jvm/java-9-oracle/lib/libjava.so
7f1aa35b4000-7f1aa37b3000 ---p 0002b000 08:01 2105877                    /usr/lib/jvm/java-9-oracle/lib/libjava.so
7f1aa37b3000-7f1aa37b5000 rw-p 0002a000 08:01 2105877                    /usr/lib/jvm/java-9-oracle/lib/libjava.so
7f1aa37b5000-7f1aa37c2000 r-xp 00000000 08:01 2105822                    /usr/lib/jvm/java-9-oracle/lib/libverify.so
7f1aa37c2000-7f1aa39c1000 ---p 0000d000 08:01 2105822                    /usr/lib/jvm/java-9-oracle/lib/libverify.so
7f1aa39c1000-7f1aa39c3000 rw-p 0000c000 08:01 2105822                    /usr/lib/jvm/java-9-oracle/lib/libverify.so
7f1aa39c3000-7f1aa39ca000 r-xp 00000000 08:01 2891358                    /lib/x86_64-linux-gnu/librt-2.26.so
7f1aa39ca000-7f1aa3bc9000 ---p 00007000 08:01 2891358                    /lib/x86_64-linux-gnu/librt-2.26.so
7f1aa3bc9000-7f1aa3bca000 r--p 00006000 08:01 2891358                    /lib/x86_64-linux-gnu/librt-2.26.so
7f1aa3bca000-7f1aa3bcb000 rw-p 00007000 08:01 2891358                    /lib/x86_64-linux-gnu/librt-2.26.so
7f1aa3bcb000-7f1aa3d20000 r-xp 00000000 08:01 2891345                    /lib/x86_64-linux-gnu/libm-2.26.so
7f1aa3d20000-7f1aa3f1f000 ---p 00155000 08:01 2891345                    /lib/x86_64-linux-gnu/libm-2.26.so
7f1aa3f1f000-7f1aa3f20000 r--p 00154000 08:01 2891345                    /lib/x86_64-linux-gnu/libm-2.26.so
7f1aa3f20000-7f1aa3f21000 rw-p 00155000 08:01 2891345                    /lib/x86_64-linux-gnu/libm-2.26.so
7f1aa3f21000-7f1aa4f35000 r-xp 00000000 08:01 2233367                    /usr/lib/jvm/java-9-oracle/lib/server/libjvm.so
7f1aa4f35000-7f1aa5135000 ---p 01014000 08:01 2233367                    /usr/lib/jvm/java-9-oracle/lib/server/libjvm.so
7f1aa5135000-7f1aa5206000 r--p 01014000 08:01 2233367                    /usr/lib/jvm/java-9-oracle/lib/server/libjvm.so
7f1aa5206000-7f1aa523d000 rw-p 010e5000 08:01 2233367                    /usr/lib/jvm/java-9-oracle/lib/server/libjvm.so
7f1aa523d000-7f1aa52a6000 rw-p 00000000 00:00 0 
7f1aa52a6000-7f1aa547c000 r-xp 00000000 08:01 2891341                    /lib/x86_64-linux-gnu/libc-2.26.so
7f1aa547c000-7f1aa567c000 ---p 001d6000 08:01 2891341                    /lib/x86_64-linux-gnu/libc-2.26.so
7f1aa567c000-7f1aa5680000 r--p 001d6000 08:01 2891341                    /lib/x86_64-linux-gnu/libc-2.26.so
7f1aa5680000-7f1aa5682000 rw-p 001da000 08:01 2891341                    /lib/x86_64-linux-gnu/libc-2.26.so
7f1aa5682000-7f1aa5686000 rw-p 00000000 00:00 0 
7f1aa5686000-7f1aa5689000 r-xp 00000000 08:01 2891344                    /lib/x86_64-linux-gnu/libdl-2.26.so
7f1aa5689000-7f1aa5888000 ---p 00003000 08:01 2891344                    /lib/x86_64-linux-gnu/libdl-2.26.so
7f1aa5888000-7f1aa5889000 r--p 00002000 08:01 2891344                    /lib/x86_64-linux-gnu/libdl-2.26.so
7f1aa5889000-7f1aa588a000 rw-p 00003000 08:01 2891344                    /lib/x86_64-linux-gnu/libdl-2.26.so
7f1aa588a000-7f1aa5898000 r-xp 00000000 08:01 2105806                    /usr/lib/jvm/java-9-oracle/lib/jli/libjli.so
7f1aa5898000-7f1aa5a98000 ---p 0000e000 08:01 2105806                    /usr/lib/jvm/java-9-oracle/lib/jli/libjli.so
7f1aa5a98000-7f1aa5a99000 rw-p 0000e000 08:01 2105806                    /usr/lib/jvm/java-9-oracle/lib/jli/libjli.so
7f1aa5a99000-7f1aa5ab3000 r-xp 00000000 08:01 2891356                    /lib/x86_64-linux-gnu/libpthread-2.26.so
7f1aa5ab3000-7f1aa5cb2000 ---p 0001a000 08:01 2891356                    /lib/x86_64-linux-gnu/libpthread-2.26.so
7f1aa5cb2000-7f1aa5cb3000 r--p 00019000 08:01 2891356                    /lib/x86_64-linux-gnu/libpthread-2.26.so
7f1aa5cb3000-7f1aa5cb4000 rw-p 0001a000 08:01 2891356                    /lib/x86_64-linux-gnu/libpthread-2.26.so
7f1aa5cb4000-7f1aa5cb8000 rw-p 00000000 00:00 0 
7f1aa5cb8000-7f1aa5cd4000 r-xp 00000000 08:01 2884517                    /lib/x86_64-linux-gnu/libz.so.1.2.11
7f1aa5cd4000-7f1aa5ed3000 ---p 0001c000 08:01 2884517                    /lib/x86_64-linux-gnu/libz.so.1.2.11
7f1aa5ed3000-7f1aa5ed4000 r--p 0001b000 08:01 2884517                    /lib/x86_64-linux-gnu/libz.so.1.2.11
7f1aa5ed4000-7f1aa5ed5000 rw-p 0001c000 08:01 2884517                    /lib/x86_64-linux-gnu/libz.so.1.2.11
7f1aa5ed5000-7f1aa5efc000 r-xp 00000000 08:01 2884509                    /lib/x86_64-linux-gnu/ld-2.26.so
7f1aa5f1b000-7f1aa5fdc000 rw-p 00000000 00:00 0 
7f1aa5fdc000-7f1aa5fe3000 ---p 00000000 00:00 0 
7f1aa5fe3000-7f1aa5fe4000 ---p 00000000 00:00 0 
7f1aa5fe4000-7f1aa5fe8000 ---p 00000000 00:00 0 
7f1aa5fe8000-7f1aa60e8000 rw-p 00000000 00:00 0 
7f1aa60f1000-7f1aa60f2000 rw-p 00000000 00:00 0 
7f1aa60f2000-7f1aa60fa000 rw-s 00000000 08:01 2895372                    /tmp/hsperfdata_rsi-psd-vm/15363
7f1aa60fa000-7f1aa60fb000 rw-p 00000000 00:00 0 
7f1aa60fb000-7f1aa60fc000 ---p 00000000 00:00 0 
7f1aa60fc000-7f1aa60fd000 r--p 00027000 08:01 2884509                    /lib/x86_64-linux-gnu/ld-2.26.so
7f1aa60fd000-7f1aa60fe000 rw-p 00028000 08:01 2884509                    /lib/x86_64-linux-gnu/ld-2.26.so
7f1aa60fe000-7f1aa60ff000 rw-p 00000000 00:00 0 
7fff0fc22000-7fff0fc43000 rw-p 00000000 00:00 0                          [stack]
7fff0fd8b000-7fff0fd8e000 r--p 00000000 00:00 0                          [vvar]
7fff0fd8e000-7fff0fd90000 r-xp 00000000 00:00 0                          [vdso]
ffffffffff600000-ffffffffff601000 r-xp 00000000 00:00 0                  [vsyscall]

VM Arguments:
jvm_args: -Xmx1g 
java_command: org.apache.spark.deploy.SparkSubmit --master local[4] --queue PyDevSpark2.2.0 --packages org.apache.bahir:spark-streaming-mqtt_2.11:2.2.0 pyspark-shell
java_class_path (initial): $SPARK_HOME/conf:/home/rsi-psd-vm/spark-2.2.0-bin-hadoop2.7/jars/scala-xml_2.11-1.0.2.jar:/home/rsi-psd-vm/spark-2.2.0-bin-hadoop2.7/jars/jersey-common-2.22.2.jar:/home/rsi-psd-vm/spark-2.2.0-bin-hadoop2.7/jars/hadoop-yarn-server-web-proxy-2.7.3.jar:/home/rsi-psd-vm/spark-2.2.0-bin-hadoop2.7/jars/JavaEWAH-0.3.2.jar:/home/rsi-psd-vm/spark-2.2.0-bin-hadoop2.7/jars/parquet-common-1.8.2.jar:/home/rsi-psd-vm/spark-2.2.0-bin-hadoop2.7/jars/hadoop-yarn-server-common-2.7.3.jar:/home/rsi-psd-vm/spark-2.2.0-bin-hadoop2.7/jars/xbean-asm5-shaded-4.4.jar:/home/rsi-psd-vm/spark-2.2.0-bin-hadoop2.7/jars/jackson-mapper-asl-1.9.13.jar:/home/rsi-psd-vm/spark-2.2.0-bin-hadoop2.7/jars/mx4j-3.0.2.jar:/home/rsi-psd-vm/spark-2.2.0-bin-hadoop2.7/jars/commons-cli-1.2.jar:/home/rsi-psd-vm/spark-2.2.0-bin-hadoop2.7/jars/commons-beanutils-1.7.0.jar:/home/rsi-psd-vm/spark-2.2.0-bin-hadoop2.7/jars/curator-client-2.6.0.jar:/home/rsi-psd-vm/spark-2.2.0-bin-hadoop2.7/jars/curator-recipes-2.6.0.jar:/home/rsi-psd-vm/spark-2.2.0-bin-hadoop2.7/jars/hadoop-mapreduce-client-jobclient-2.7.3.jar:/home/rsi-psd-vm/spark-2.2.0-bin-hadoop2.7/jars/osgi-resource-locator-1.0.1.jar:/home/rsi-psd-vm/spark-2.2.0-bin-hadoop2.7/jars/hadoop-yarn-common-2.7.3.jar:/home/rsi-psd-vm/spark-2.2.0-bin-hadoop2.7/jars/ST4-4.0.4.jar:/home/rsi-psd-vm/spark-2.2.0-bin-hadoop2.7/jars/json4s-core_2.11-3.2.11.jar:/home/rsi-psd-vm/spark-2.2.0-bin-hadoop2.7/jars/libfb303-0.9.3.jar:/home/rsi-psd-vm/spark-2.2.0-bin-hadoop2.7/jars/guice-servlet-3.0.jar:/home/rsi-psd-vm/spark-2.2.0-bin-hadoop2.7/jars/hadoop-annotations-2.7.3.jar:/home/rsi-psd-vm/spark-2.2.0-bin-hadoop2.7/jars/commons-io-2.4.jar:/home/rsi-psd-vm/spark-2.2.0-bin-hadoop2.7/jars/ivy-2.4.0.jar:/home/rsi-psd-vm/spark-2.2.0-bin-hadoop2.7/jars/chill_2.11-0.8.0.jar:/home/rsi-psd-vm/spark-2.2.0-bin-hadoop2.7/jars/commons-compress-1.4.1.jar:/home/rsi-psd-vm/spark-2.2.0-bin-hadoop2.7/jars/parquet-jackson-1.8.2.jar:/home/rsi-psd-vm/spark-2.2.0-bin-hadoop2.7/
Launcher Type: SUN_STANDARD

Logging:
Log output configuration:
#0: stdout all=warning uptime,level,tags
#1: stderr all=off uptime,level,tags

Environment Variables:
JAVA_HOME=/usr/lib/jvm/java-9-oracle
PATH=/usr/local/sbin:/usr/local/bin:/usr/sbin:/usr/bin:/sbin:/bin:/usr/games:/usr/local/games:/snap/bin:/usr/lib/jvm/java-9-oracle/bin:/usr/lib/jvm/java-9-oracle/db/bin
SHELL=/bin/bash
DISPLAY=:0

Signal Handlers:
SIGSEGV: [libjvm.so+0xd4ce90], sa_mask[0]=11111111011111111101111111111110, sa_flags=SA_RESTART|SA_SIGINFO
SIGBUS: [libjvm.so+0xd4ce90], sa_mask[0]=11111111011111111101111111111110, sa_flags=SA_RESTART|SA_SIGINFO
SIGFPE: [libjvm.so+0xd4ce90], sa_mask[0]=11111111011111111101111111111110, sa_flags=SA_RESTART|SA_SIGINFO
SIGPIPE: [libjvm.so+0xb64460], sa_mask[0]=11111111011111111101111111111110, sa_flags=SA_RESTART|SA_SIGINFO
SIGXFSZ: [libjvm.so+0xb64460], sa_mask[0]=11111111011111111101111111111110, sa_flags=SA_RESTART|SA_SIGINFO
SIGILL: [libjvm.so+0xd4ce90], sa_mask[0]=11111111011111111101111111111110, sa_flags=SA_RESTART|SA_SIGINFO
SIGUSR2: [libjvm.so+0xb64320], sa_mask[0]=00100000000000000000000000000000, sa_flags=SA_RESTART|SA_SIGINFO
SIGHUP: [libjvm.so+0xb64530], sa_mask[0]=11111111011111111101111111111110, sa_flags=SA_RESTART|SA_SIGINFO
SIGINT: SIG_IGN, sa_mask[0]=00000000000000000000000000000000, sa_flags=none
SIGTERM: [libjvm.so+0xb64530], sa_mask[0]=11111111011111111101111111111110, sa_flags=SA_RESTART|SA_SIGINFO
SIGQUIT: [libjvm.so+0xb64530], sa_mask[0]=11111111011111111101111111111110, sa_flags=SA_RESTART|SA_SIGINFO


---------------  S Y S T E M  ---------------

OS:DISTRIB_ID=Ubuntu
DISTRIB_RELEASE=17.10
DISTRIB_CODENAME=artful
DISTRIB_DESCRIPTION="Ubuntu 17.10"
uname:Linux 4.13.0-46-generic #51-Ubuntu SMP Tue Jun 12 12:36:29 UTC 2018 x86_64
libc:glibc 2.26 NPTL 2.26 
rlimit: STACK 8192k, CORE 0k, NPROC 15184, NOFILE 1048576, AS infinity
load average:9.01 5.56 3.01

/proc/meminfo:
MemTotal:        3941512 kB
MemFree:          113196 kB
MemAvailable:      26764 kB
Buffers:             460 kB
Cached:           101788 kB
SwapCached:         3816 kB
Active:          2526676 kB
Inactive:        1106624 kB
Active(anon):    2515668 kB
Inactive(anon):  1085812 kB
Active(file):      11008 kB
Inactive(file):    20812 kB
Unevictable:           0 kB
Mlocked:               0 kB
SwapTotal:       2097148 kB
SwapFree:              0 kB
Dirty:               112 kB
Writeback:             0 kB
AnonPages:       3527712 kB
Mapped:            94896 kB
Shmem:             70336 kB
Slab:              83816 kB
SReclaimable:      31076 kB
SUnreclaim:        52740 kB
KernelStack:       16128 kB
PageTables:        54280 kB
NFS_Unstable:          0 kB
Bounce:                0 kB
WritebackTmp:          0 kB
CommitLimit:     4067904 kB
Committed_AS:   11583028 kB
VmallocTotal:   34359738367 kB
VmallocUsed:           0 kB
VmallocChunk:          0 kB
HardwareCorrupted:     0 kB
AnonHugePages:         0 kB
ShmemHugePages:        0 kB
ShmemPmdMapped:        0 kB
CmaTotal:              0 kB
CmaFree:               0 kB
HugePages_Total:       0
HugePages_Free:        0
HugePages_Rsvd:        0
HugePages_Surp:        0
Hugepagesize:       2048 kB
DirectMap4k:      190400 kB
DirectMap2M:     3905536 kB


CPU:total 2 (initial active 2) (2 cores per cpu, 1 threads per core) family 6 model 142 stepping 9, cmov, cx8, fxsr, mmx, sse, sse2, sse3, ssse3, sse4.1, sse4.2, popcnt, avx, avx2, aes, clmul, 3dnowpref, lzcnt, tsc, tscinvbit
CPU Model and flags from /proc/cpuinfo:
model name	: Intel(R) Core(TM) i7-7500U CPU @ 2.70GHz
flags		: fpu vme de pse tsc msr pae mce cx8 apic sep mtrr pge mca cmov pat pse36 clflush mmx fxsr sse sse2 ht syscall nx rdtscp lm constant_tsc rep_good nopl xtopology nonstop_tsc cpuid pni pclmulqdq ssse3 cx16 pcid sse4_1 sse4_2 x2apic movbe popcnt aes xsave avx rdrand hypervisor lahf_lm abm 3dnowprefetch invpcid_single pti retpoline rsb_ctxsw fsgsbase avx2 invpcid rdseed clflushopt

Memory: 4k page, physical 3941512k(113196k free), swap 2097148k(0k free)

vm_info: Java HotSpot(TM) 64-Bit Server VM (9.0.1+11) for linux-amd64 JRE (9.0.1+11), built on Sep 27 2017 20:48:27 by "mach5one" with gcc 4.9.2

END.
